<html>
<head>
<title>TestNG:  HRMSAutomationCoreHrmsSelfcare</title>
<link href="../testng.css" rel="stylesheet" type="text/css" />
<link href="../my-testng.css" rel="stylesheet" type="text/css" />

<style type="text/css">
.log { display: none;} 
.stack-trace { display: none;} 
</style>
<script type="text/javascript">
<!--
function flip(e) {
  current = e.style.display;
  if (current == 'block') {
    e.style.display = 'none';
    return 0;
  }
  else {
    e.style.display = 'block';
    return 1;
  }
}

function toggleBox(szDivId, elem, msg1, msg2)
{
  var res = -1;  if (document.getElementById) {
    res = flip(document.getElementById(szDivId));
  }
  else if (document.all) {
    // this is the way old msie versions work
    res = flip(document.all[szDivId]);
  }
  if(elem) {
    if(res == 0) elem.innerHTML = msg1; else elem.innerHTML = msg2;
  }

}

function toggleAllBoxes() {
  if (document.getElementsByTagName) {
    d = document.getElementsByTagName('div');
    for (i = 0; i < d.length; i++) {
      if (d[i].className == 'log') {
        flip(d[i]);
      }
    }
  }
}

// -->
</script>

</head>
<body>
<h2 align='center'>HRMSAutomationCoreHrmsSelfcare</h2><table border='1' align="center">
<tr>
<td>Tests passed/Failed/Skipped:</td><td>108/8/0</td>
</tr><tr>
<td>Started on:</td><td>Thu Feb 02 10:41:51 IST 2023</td>
</tr>
<tr><td>Total time:</td><td>5434 seconds (5434232 ms)</td>
</tr><tr>
<td>Included groups:</td><td></td>
</tr><tr>
<td>Excluded groups:</td><td></td>
</tr>
</table><p/>
<small><i>(Hover the method name to see the test class name)</i></small><p/>
<table width='100%' border='1' class='invocation-failed'>
<tr><td colspan='4' align='center'><b>FAILED TESTS</b></td></tr>
<tr><td><b>Test method</b></td>
<td width="30%"><b>Exception</b></td>
<td width="10%"><b>Time (seconds)</b></td>
<td><b>Instance</b></td>
</tr>
<tr>
<td title='com.hrmscorehrmsselfcare.testcases.SlfTeamFailObjectsTest.TeamFailTimeIOEmpty()'><b>TeamFailTimeIOEmpty</b><br>Test class: com.hrmscorehrmsselfcare.testcases.SlfTeamFailObjectsTest</td>
<td><div><pre>org.openqa.selenium.ElementNotInteractableException: element not interactable
  (Session info: chrome=109.0.5414.120)
Build info: version: &apos;4.1.0&apos;, revision: &apos;87802e897b&apos;
System info: host: &apos;ANGAPPARAJA&apos;, ip: &apos;192.168.100.41&apos;, os.name: &apos;Windows 10&apos;, os.arch: &apos;amd64&apos;, os.version: &apos;10.0&apos;, java.version: &apos;11.0.9&apos;
Driver info: org.openqa.selenium.chrome.ChromeDriver
Command: [147f2be43e20698ac83909e616850d68, clickElement {id=97c38792-84c2-4078-9206-d68cba56f4f4}]
Capabilities {acceptInsecureCerts: false, browserName: chrome, browserVersion: 109.0.5414.120, chrome: {chromedriverVersion: 109.0.5414.74 (e7c5703604da..., userDataDir: C:\Users\angap\AppData\Loca...}, goog:chromeOptions: {debuggerAddress: localhost:60224}, javascriptEnabled: true, networkConnectionEnabled: false, pageLoadStrategy: normal, platform: WINDOWS, platformName: WINDOWS, proxy: Proxy(), se:cdp: ws://localhost:60224/devtoo..., se:cdpVersion: 109.0.5414.120, setWindowRect: true, strictFileInteractability: false, timeouts: {implicit: 0, pageLoad: 300000, script: 30000}, unhandledPromptBehavior: dismiss and notify, webauthn:extension:credBlob: true, webauthn:extension:largeBlob: true, webauthn:virtualAuthenticators: true}
Element: [[ChromeDriver: chrome on WINDOWS (147f2be43e20698ac83909e616850d68)] -&gt; xpath: //button[text()=&apos;TEAM&apos;]]
Session ID: 147f2be43e20698ac83909e616850d68
	at org.openqa.selenium.remote.codec.w3c.W3CHttpResponseCodec.createException(W3CHttpResponseCodec.java:200)
	at org.openqa.selenium.remote.codec.w3c.W3CHttpResponseCodec.decode(W3CHttpResponseCodec.java:133)
	at org.openqa.selenium.remote.codec.w3c.W3CHttpResponseCodec.decode(W3CHttpResponseCodec.java:53)
	at org.openqa.selenium.remote.HttpCommandExecutor.execute(HttpCommandExecutor.java:184)
	at org.openqa.selenium.remote.service.DriverCommandExecutor.invokeExecute(DriverCommandExecutor.java:164)
	at org.openqa.selenium.remote.service.DriverCommandExecutor.execute(DriverCommandExecutor.java:139)
	at org.openqa.selenium.remote.RemoteWebDriver.execute(RemoteWebDriver.java:559)
	at org.openqa.selenium.remote.RemoteWebElement.execute(RemoteWebElement.java:251)
	at org.openqa.selenium.remote.RemoteWebElement.click(RemoteWebElement.java:77)
	at org.openqa.selenium.support.events.EventFiringWebDriver$EventFiringWebElement.lambda$new$0(EventFiringWebDriver.java:414)
	at com.sun.proxy.$Proxy24.click(Unknown Source)
	at org.openqa.selenium.support.events.EventFiringWebDriver$EventFiringWebElement.click(EventFiringWebDriver.java:427)
	at org.openqa.selenium.support.pagefactory.internal.LocatingElementHandler.invoke(LocatingElementHandler.java:52)
	at com.sun.proxy.$Proxy22.click(Unknown Source)
	at com.hrms.corehrms.selfcare.SlfTeamFailObjects.emptyAddTeamFailIO(SlfTeamFailObjects.java:147)
	at com.hrmscorehrmsselfcare.testcases.SlfTeamFailObjectsTest.TeamFailTimeIOEmpty(SlfTeamFailObjectsTest.java:96)
	at java.base/java.util.ArrayList.forEach(ArrayList.java:1541)
... Removed 37 stack frames</pre></div><a href='#' onClick='toggleBox("stack-trace1033603003", this, "Click to show all stack frames", "Click to hide stack frames")'>Click to show all stack frames</a>
<div class='stack-trace' id='stack-trace1033603003'><pre>org.openqa.selenium.ElementNotInteractableException: element not interactable
  (Session info: chrome=109.0.5414.120)
Build info: version: &apos;4.1.0&apos;, revision: &apos;87802e897b&apos;
System info: host: &apos;ANGAPPARAJA&apos;, ip: &apos;192.168.100.41&apos;, os.name: &apos;Windows 10&apos;, os.arch: &apos;amd64&apos;, os.version: &apos;10.0&apos;, java.version: &apos;11.0.9&apos;
Driver info: org.openqa.selenium.chrome.ChromeDriver
Command: [147f2be43e20698ac83909e616850d68, clickElement {id=97c38792-84c2-4078-9206-d68cba56f4f4}]
Capabilities {acceptInsecureCerts: false, browserName: chrome, browserVersion: 109.0.5414.120, chrome: {chromedriverVersion: 109.0.5414.74 (e7c5703604da..., userDataDir: C:\Users\angap\AppData\Loca...}, goog:chromeOptions: {debuggerAddress: localhost:60224}, javascriptEnabled: true, networkConnectionEnabled: false, pageLoadStrategy: normal, platform: WINDOWS, platformName: WINDOWS, proxy: Proxy(), se:cdp: ws://localhost:60224/devtoo..., se:cdpVersion: 109.0.5414.120, setWindowRect: true, strictFileInteractability: false, timeouts: {implicit: 0, pageLoad: 300000, script: 30000}, unhandledPromptBehavior: dismiss and notify, webauthn:extension:credBlob: true, webauthn:extension:largeBlob: true, webauthn:virtualAuthenticators: true}
Element: [[ChromeDriver: chrome on WINDOWS (147f2be43e20698ac83909e616850d68)] -&gt; xpath: //button[text()=&apos;TEAM&apos;]]
Session ID: 147f2be43e20698ac83909e616850d68
	at java.base/jdk.internal.reflect.NativeConstructorAccessorImpl.newInstance0(Native Method)
	at java.base/jdk.internal.reflect.NativeConstructorAccessorImpl.newInstance(NativeConstructorAccessorImpl.java:62)
	at java.base/jdk.internal.reflect.DelegatingConstructorAccessorImpl.newInstance(DelegatingConstructorAccessorImpl.java:45)
	at java.base/java.lang.reflect.Constructor.newInstance(Constructor.java:490)
	at org.openqa.selenium.remote.codec.w3c.W3CHttpResponseCodec.createException(W3CHttpResponseCodec.java:200)
	at org.openqa.selenium.remote.codec.w3c.W3CHttpResponseCodec.decode(W3CHttpResponseCodec.java:133)
	at org.openqa.selenium.remote.codec.w3c.W3CHttpResponseCodec.decode(W3CHttpResponseCodec.java:53)
	at org.openqa.selenium.remote.HttpCommandExecutor.execute(HttpCommandExecutor.java:184)
	at org.openqa.selenium.remote.service.DriverCommandExecutor.invokeExecute(DriverCommandExecutor.java:164)
	at org.openqa.selenium.remote.service.DriverCommandExecutor.execute(DriverCommandExecutor.java:139)
	at org.openqa.selenium.remote.RemoteWebDriver.execute(RemoteWebDriver.java:559)
	at org.openqa.selenium.remote.RemoteWebElement.execute(RemoteWebElement.java:251)
	at org.openqa.selenium.remote.RemoteWebElement.click(RemoteWebElement.java:77)
	at jdk.internal.reflect.GeneratedMethodAccessor4.invoke(Unknown Source)
	at java.base/jdk.internal.reflect.DelegatingMethodAccessorImpl.invoke(DelegatingMethodAccessorImpl.java:43)
	at java.base/java.lang.reflect.Method.invoke(Method.java:566)
	at org.openqa.selenium.support.events.EventFiringWebDriver$EventFiringWebElement.lambda$new$0(EventFiringWebDriver.java:414)
	at com.sun.proxy.$Proxy24.click(Unknown Source)
	at org.openqa.selenium.support.events.EventFiringWebDriver$EventFiringWebElement.click(EventFiringWebDriver.java:427)
	at jdk.internal.reflect.GeneratedMethodAccessor4.invoke(Unknown Source)
	at java.base/jdk.internal.reflect.DelegatingMethodAccessorImpl.invoke(DelegatingMethodAccessorImpl.java:43)
	at java.base/java.lang.reflect.Method.invoke(Method.java:566)
	at org.openqa.selenium.support.pagefactory.internal.LocatingElementHandler.invoke(LocatingElementHandler.java:52)
	at com.sun.proxy.$Proxy22.click(Unknown Source)
	at com.hrms.corehrms.selfcare.SlfTeamFailObjects.emptyAddTeamFailIO(SlfTeamFailObjects.java:147)
	at com.hrmscorehrmsselfcare.testcases.SlfTeamFailObjectsTest.TeamFailTimeIOEmpty(SlfTeamFailObjectsTest.java:96)
	at java.base/jdk.internal.reflect.NativeMethodAccessorImpl.invoke0(Native Method)
	at java.base/jdk.internal.reflect.NativeMethodAccessorImpl.invoke(NativeMethodAccessorImpl.java:62)
	at java.base/jdk.internal.reflect.DelegatingMethodAccessorImpl.invoke(DelegatingMethodAccessorImpl.java:43)
	at java.base/java.lang.reflect.Method.invoke(Method.java:566)
	at org.testng.internal.MethodInvocationHelper.invokeMethod(MethodInvocationHelper.java:133)
	at org.testng.internal.TestInvoker.invokeMethod(TestInvoker.java:598)
	at org.testng.internal.TestInvoker.invokeTestMethod(TestInvoker.java:173)
	at org.testng.internal.MethodRunner.runInSequence(MethodRunner.java:46)
	at org.testng.internal.TestInvoker$MethodInvocationAgent.invoke(TestInvoker.java:824)
	at org.testng.internal.TestInvoker.invokeTestMethods(TestInvoker.java:146)
	at org.testng.internal.TestMethodWorker.invokeTestMethods(TestMethodWorker.java:146)
	at org.testng.internal.TestMethodWorker.run(TestMethodWorker.java:128)
	at java.base/java.util.ArrayList.forEach(ArrayList.java:1541)
	at org.testng.TestRunner.privateRun(TestRunner.java:794)
	at org.testng.TestRunner.run(TestRunner.java:596)
	at org.testng.SuiteRunner.runTest(SuiteRunner.java:377)
	at org.testng.SuiteRunner.runSequentially(SuiteRunner.java:371)
	at org.testng.SuiteRunner.privateRun(SuiteRunner.java:332)
	at org.testng.SuiteRunner.run(SuiteRunner.java:276)
	at org.testng.SuiteRunnerWorker.runSuite(SuiteRunnerWorker.java:53)
	at org.testng.SuiteRunnerWorker.run(SuiteRunnerWorker.java:96)
	at org.testng.TestNG.runSuitesSequentially(TestNG.java:1212)
	at org.testng.TestNG.runSuitesLocally(TestNG.java:1134)
	at org.testng.TestNG.runSuites(TestNG.java:1063)
	at org.testng.TestNG.run(TestNG.java:1031)
	at org.testng.remote.AbstractRemoteTestNG.run(AbstractRemoteTestNG.java:115)
	at org.testng.remote.RemoteTestNG.initAndRun(RemoteTestNG.java:251)
	at org.testng.remote.RemoteTestNG.main(RemoteTestNG.java:77)
</pre></div></td>
<td>61</td>
<td>com.hrmscorehrmsselfcare.testcases.SlfTeamFailObjectsTest@dc7df28</td></tr>
<tr>
<td title='com.hrmscorehrmsselfcare.testcases.SlfTeamRstdayObjectsTest.rdTeamChgeEmp()'><b>rdTeamChgeEmp</b><br>Test class: com.hrmscorehrmsselfcare.testcases.SlfTeamRstdayObjectsTest</td>
<td><div><pre>org.openqa.selenium.ElementNotInteractableException: element not interactable
  (Session info: chrome=109.0.5414.120)
Build info: version: &apos;4.1.0&apos;, revision: &apos;87802e897b&apos;
System info: host: &apos;ANGAPPARAJA&apos;, ip: &apos;192.168.100.41&apos;, os.name: &apos;Windows 10&apos;, os.arch: &apos;amd64&apos;, os.version: &apos;10.0&apos;, java.version: &apos;11.0.9&apos;
Driver info: org.openqa.selenium.chrome.ChromeDriver
Command: [6af49eaf2faca93c29a0a2aae33a0ebe, clickElement {id=43e1feb6-66b4-47c8-9424-662f67c2ea31}]
Capabilities {acceptInsecureCerts: false, browserName: chrome, browserVersion: 109.0.5414.120, chrome: {chromedriverVersion: 109.0.5414.74 (e7c5703604da..., userDataDir: C:\Users\angap\AppData\Loca...}, goog:chromeOptions: {debuggerAddress: localhost:60067}, javascriptEnabled: true, networkConnectionEnabled: false, pageLoadStrategy: normal, platform: WINDOWS, platformName: WINDOWS, proxy: Proxy(), se:cdp: ws://localhost:60067/devtoo..., se:cdpVersion: 109.0.5414.120, setWindowRect: true, strictFileInteractability: false, timeouts: {implicit: 0, pageLoad: 300000, script: 30000}, unhandledPromptBehavior: dismiss and notify, webauthn:extension:credBlob: true, webauthn:extension:largeBlob: true, webauthn:virtualAuthenticators: true}
Element: [[ChromeDriver: chrome on WINDOWS (6af49eaf2faca93c29a0a2aae33a0ebe)] -&gt; xpath: //button[text()=&apos;TEAM&apos;]]
Session ID: 6af49eaf2faca93c29a0a2aae33a0ebe
	at org.openqa.selenium.remote.codec.w3c.W3CHttpResponseCodec.createException(W3CHttpResponseCodec.java:200)
	at org.openqa.selenium.remote.codec.w3c.W3CHttpResponseCodec.decode(W3CHttpResponseCodec.java:133)
	at org.openqa.selenium.remote.codec.w3c.W3CHttpResponseCodec.decode(W3CHttpResponseCodec.java:53)
	at org.openqa.selenium.remote.HttpCommandExecutor.execute(HttpCommandExecutor.java:184)
	at org.openqa.selenium.remote.service.DriverCommandExecutor.invokeExecute(DriverCommandExecutor.java:164)
	at org.openqa.selenium.remote.service.DriverCommandExecutor.execute(DriverCommandExecutor.java:139)
	at org.openqa.selenium.remote.RemoteWebDriver.execute(RemoteWebDriver.java:559)
	at org.openqa.selenium.remote.RemoteWebElement.execute(RemoteWebElement.java:251)
	at org.openqa.selenium.remote.RemoteWebElement.click(RemoteWebElement.java:77)
	at org.openqa.selenium.support.events.EventFiringWebDriver$EventFiringWebElement.lambda$new$0(EventFiringWebDriver.java:414)
	at com.sun.proxy.$Proxy24.click(Unknown Source)
	at org.openqa.selenium.support.events.EventFiringWebDriver$EventFiringWebElement.click(EventFiringWebDriver.java:427)
	at org.openqa.selenium.support.pagefactory.internal.LocatingElementHandler.invoke(LocatingElementHandler.java:52)
	at com.sun.proxy.$Proxy22.click(Unknown Source)
	at com.hrms.corehrms.selfcare.SlfTeamRstdayObjects.rdemptyAddchge(SlfTeamRstdayObjects.java:184)
	at com.hrmscorehrmsselfcare.testcases.SlfTeamRstdayObjectsTest.rdTeamChgeEmp(SlfTeamRstdayObjectsTest.java:106)
	at java.base/java.util.ArrayList.forEach(ArrayList.java:1541)
... Removed 37 stack frames</pre></div><a href='#' onClick='toggleBox("stack-trace2098772605", this, "Click to show all stack frames", "Click to hide stack frames")'>Click to show all stack frames</a>
<div class='stack-trace' id='stack-trace2098772605'><pre>org.openqa.selenium.ElementNotInteractableException: element not interactable
  (Session info: chrome=109.0.5414.120)
Build info: version: &apos;4.1.0&apos;, revision: &apos;87802e897b&apos;
System info: host: &apos;ANGAPPARAJA&apos;, ip: &apos;192.168.100.41&apos;, os.name: &apos;Windows 10&apos;, os.arch: &apos;amd64&apos;, os.version: &apos;10.0&apos;, java.version: &apos;11.0.9&apos;
Driver info: org.openqa.selenium.chrome.ChromeDriver
Command: [6af49eaf2faca93c29a0a2aae33a0ebe, clickElement {id=43e1feb6-66b4-47c8-9424-662f67c2ea31}]
Capabilities {acceptInsecureCerts: false, browserName: chrome, browserVersion: 109.0.5414.120, chrome: {chromedriverVersion: 109.0.5414.74 (e7c5703604da..., userDataDir: C:\Users\angap\AppData\Loca...}, goog:chromeOptions: {debuggerAddress: localhost:60067}, javascriptEnabled: true, networkConnectionEnabled: false, pageLoadStrategy: normal, platform: WINDOWS, platformName: WINDOWS, proxy: Proxy(), se:cdp: ws://localhost:60067/devtoo..., se:cdpVersion: 109.0.5414.120, setWindowRect: true, strictFileInteractability: false, timeouts: {implicit: 0, pageLoad: 300000, script: 30000}, unhandledPromptBehavior: dismiss and notify, webauthn:extension:credBlob: true, webauthn:extension:largeBlob: true, webauthn:virtualAuthenticators: true}
Element: [[ChromeDriver: chrome on WINDOWS (6af49eaf2faca93c29a0a2aae33a0ebe)] -&gt; xpath: //button[text()=&apos;TEAM&apos;]]
Session ID: 6af49eaf2faca93c29a0a2aae33a0ebe
	at java.base/jdk.internal.reflect.NativeConstructorAccessorImpl.newInstance0(Native Method)
	at java.base/jdk.internal.reflect.NativeConstructorAccessorImpl.newInstance(NativeConstructorAccessorImpl.java:62)
	at java.base/jdk.internal.reflect.DelegatingConstructorAccessorImpl.newInstance(DelegatingConstructorAccessorImpl.java:45)
	at java.base/java.lang.reflect.Constructor.newInstance(Constructor.java:490)
	at org.openqa.selenium.remote.codec.w3c.W3CHttpResponseCodec.createException(W3CHttpResponseCodec.java:200)
	at org.openqa.selenium.remote.codec.w3c.W3CHttpResponseCodec.decode(W3CHttpResponseCodec.java:133)
	at org.openqa.selenium.remote.codec.w3c.W3CHttpResponseCodec.decode(W3CHttpResponseCodec.java:53)
	at org.openqa.selenium.remote.HttpCommandExecutor.execute(HttpCommandExecutor.java:184)
	at org.openqa.selenium.remote.service.DriverCommandExecutor.invokeExecute(DriverCommandExecutor.java:164)
	at org.openqa.selenium.remote.service.DriverCommandExecutor.execute(DriverCommandExecutor.java:139)
	at org.openqa.selenium.remote.RemoteWebDriver.execute(RemoteWebDriver.java:559)
	at org.openqa.selenium.remote.RemoteWebElement.execute(RemoteWebElement.java:251)
	at org.openqa.selenium.remote.RemoteWebElement.click(RemoteWebElement.java:77)
	at jdk.internal.reflect.GeneratedMethodAccessor4.invoke(Unknown Source)
	at java.base/jdk.internal.reflect.DelegatingMethodAccessorImpl.invoke(DelegatingMethodAccessorImpl.java:43)
	at java.base/java.lang.reflect.Method.invoke(Method.java:566)
	at org.openqa.selenium.support.events.EventFiringWebDriver$EventFiringWebElement.lambda$new$0(EventFiringWebDriver.java:414)
	at com.sun.proxy.$Proxy24.click(Unknown Source)
	at org.openqa.selenium.support.events.EventFiringWebDriver$EventFiringWebElement.click(EventFiringWebDriver.java:427)
	at jdk.internal.reflect.GeneratedMethodAccessor4.invoke(Unknown Source)
	at java.base/jdk.internal.reflect.DelegatingMethodAccessorImpl.invoke(DelegatingMethodAccessorImpl.java:43)
	at java.base/java.lang.reflect.Method.invoke(Method.java:566)
	at org.openqa.selenium.support.pagefactory.internal.LocatingElementHandler.invoke(LocatingElementHandler.java:52)
	at com.sun.proxy.$Proxy22.click(Unknown Source)
	at com.hrms.corehrms.selfcare.SlfTeamRstdayObjects.rdemptyAddchge(SlfTeamRstdayObjects.java:184)
	at com.hrmscorehrmsselfcare.testcases.SlfTeamRstdayObjectsTest.rdTeamChgeEmp(SlfTeamRstdayObjectsTest.java:106)
	at java.base/jdk.internal.reflect.NativeMethodAccessorImpl.invoke0(Native Method)
	at java.base/jdk.internal.reflect.NativeMethodAccessorImpl.invoke(NativeMethodAccessorImpl.java:62)
	at java.base/jdk.internal.reflect.DelegatingMethodAccessorImpl.invoke(DelegatingMethodAccessorImpl.java:43)
	at java.base/java.lang.reflect.Method.invoke(Method.java:566)
	at org.testng.internal.MethodInvocationHelper.invokeMethod(MethodInvocationHelper.java:133)
	at org.testng.internal.TestInvoker.invokeMethod(TestInvoker.java:598)
	at org.testng.internal.TestInvoker.invokeTestMethod(TestInvoker.java:173)
	at org.testng.internal.MethodRunner.runInSequence(MethodRunner.java:46)
	at org.testng.internal.TestInvoker$MethodInvocationAgent.invoke(TestInvoker.java:824)
	at org.testng.internal.TestInvoker.invokeTestMethods(TestInvoker.java:146)
	at org.testng.internal.TestMethodWorker.invokeTestMethods(TestMethodWorker.java:146)
	at org.testng.internal.TestMethodWorker.run(TestMethodWorker.java:128)
	at java.base/java.util.ArrayList.forEach(ArrayList.java:1541)
	at org.testng.TestRunner.privateRun(TestRunner.java:794)
	at org.testng.TestRunner.run(TestRunner.java:596)
	at org.testng.SuiteRunner.runTest(SuiteRunner.java:377)
	at org.testng.SuiteRunner.runSequentially(SuiteRunner.java:371)
	at org.testng.SuiteRunner.privateRun(SuiteRunner.java:332)
	at org.testng.SuiteRunner.run(SuiteRunner.java:276)
	at org.testng.SuiteRunnerWorker.runSuite(SuiteRunnerWorker.java:53)
	at org.testng.SuiteRunnerWorker.run(SuiteRunnerWorker.java:96)
	at org.testng.TestNG.runSuitesSequentially(TestNG.java:1212)
	at org.testng.TestNG.runSuitesLocally(TestNG.java:1134)
	at org.testng.TestNG.runSuites(TestNG.java:1063)
	at org.testng.TestNG.run(TestNG.java:1031)
	at org.testng.remote.AbstractRemoteTestNG.run(AbstractRemoteTestNG.java:115)
	at org.testng.remote.RemoteTestNG.initAndRun(RemoteTestNG.java:251)
	at org.testng.remote.RemoteTestNG.main(RemoteTestNG.java:77)
</pre></div></td>
<td>61</td>
<td>com.hrmscorehrmsselfcare.testcases.SlfTeamRstdayObjectsTest@55de24cc</td></tr>
<tr>
<td title='com.hrmscorehrmsselfcare.testcases.SlfTeamotObjectsTest.SlfTeamotEmpty()'><b>SlfTeamotEmpty</b><br>Test class: com.hrmscorehrmsselfcare.testcases.SlfTeamotObjectsTest</td>
<td><div><pre>org.openqa.selenium.ElementNotInteractableException: element not interactable
  (Session info: chrome=109.0.5414.120)
Build info: version: &apos;4.1.0&apos;, revision: &apos;87802e897b&apos;
System info: host: &apos;ANGAPPARAJA&apos;, ip: &apos;192.168.100.41&apos;, os.name: &apos;Windows 10&apos;, os.arch: &apos;amd64&apos;, os.version: &apos;10.0&apos;, java.version: &apos;11.0.9&apos;
Driver info: org.openqa.selenium.chrome.ChromeDriver
Command: [41283273ecbd9a4a1137f6d3a827ad92, clickElement {id=3f14922a-968f-4064-b326-771b2ed14b40}]
Capabilities {acceptInsecureCerts: false, browserName: chrome, browserVersion: 109.0.5414.120, chrome: {chromedriverVersion: 109.0.5414.74 (e7c5703604da..., userDataDir: C:\Users\angap\AppData\Loca...}, goog:chromeOptions: {debuggerAddress: localhost:59920}, javascriptEnabled: true, networkConnectionEnabled: false, pageLoadStrategy: normal, platform: WINDOWS, platformName: WINDOWS, proxy: Proxy(), se:cdp: ws://localhost:59920/devtoo..., se:cdpVersion: 109.0.5414.120, setWindowRect: true, strictFileInteractability: false, timeouts: {implicit: 0, pageLoad: 300000, script: 30000}, unhandledPromptBehavior: dismiss and notify, webauthn:extension:credBlob: true, webauthn:extension:largeBlob: true, webauthn:virtualAuthenticators: true}
Element: [[ChromeDriver: chrome on WINDOWS (41283273ecbd9a4a1137f6d3a827ad92)] -&gt; xpath: //button[text()=&apos;TEAM&apos;]]
Session ID: 41283273ecbd9a4a1137f6d3a827ad92
	at org.openqa.selenium.remote.codec.w3c.W3CHttpResponseCodec.createException(W3CHttpResponseCodec.java:200)
	at org.openqa.selenium.remote.codec.w3c.W3CHttpResponseCodec.decode(W3CHttpResponseCodec.java:133)
	at org.openqa.selenium.remote.codec.w3c.W3CHttpResponseCodec.decode(W3CHttpResponseCodec.java:53)
	at org.openqa.selenium.remote.HttpCommandExecutor.execute(HttpCommandExecutor.java:184)
	at org.openqa.selenium.remote.service.DriverCommandExecutor.invokeExecute(DriverCommandExecutor.java:164)
	at org.openqa.selenium.remote.service.DriverCommandExecutor.execute(DriverCommandExecutor.java:139)
	at org.openqa.selenium.remote.RemoteWebDriver.execute(RemoteWebDriver.java:559)
	at org.openqa.selenium.remote.RemoteWebElement.execute(RemoteWebElement.java:251)
	at org.openqa.selenium.remote.RemoteWebElement.click(RemoteWebElement.java:77)
	at org.openqa.selenium.support.events.EventFiringWebDriver$EventFiringWebElement.lambda$new$0(EventFiringWebDriver.java:414)
	at com.sun.proxy.$Proxy24.click(Unknown Source)
	at org.openqa.selenium.support.events.EventFiringWebDriver$EventFiringWebElement.click(EventFiringWebDriver.java:427)
	at org.openqa.selenium.support.pagefactory.internal.LocatingElementHandler.invoke(LocatingElementHandler.java:52)
	at com.sun.proxy.$Proxy22.click(Unknown Source)
	at com.hrms.corehrms.selfcare.SlfTeamotObjects.emptyAddteamot(SlfTeamotObjects.java:164)
	at com.hrmscorehrmsselfcare.testcases.SlfTeamotObjectsTest.SlfTeamotEmpty(SlfTeamotObjectsTest.java:90)
	at java.base/java.util.ArrayList.forEach(ArrayList.java:1541)
... Removed 37 stack frames</pre></div><a href='#' onClick='toggleBox("stack-trace603635821", this, "Click to show all stack frames", "Click to hide stack frames")'>Click to show all stack frames</a>
<div class='stack-trace' id='stack-trace603635821'><pre>org.openqa.selenium.ElementNotInteractableException: element not interactable
  (Session info: chrome=109.0.5414.120)
Build info: version: &apos;4.1.0&apos;, revision: &apos;87802e897b&apos;
System info: host: &apos;ANGAPPARAJA&apos;, ip: &apos;192.168.100.41&apos;, os.name: &apos;Windows 10&apos;, os.arch: &apos;amd64&apos;, os.version: &apos;10.0&apos;, java.version: &apos;11.0.9&apos;
Driver info: org.openqa.selenium.chrome.ChromeDriver
Command: [41283273ecbd9a4a1137f6d3a827ad92, clickElement {id=3f14922a-968f-4064-b326-771b2ed14b40}]
Capabilities {acceptInsecureCerts: false, browserName: chrome, browserVersion: 109.0.5414.120, chrome: {chromedriverVersion: 109.0.5414.74 (e7c5703604da..., userDataDir: C:\Users\angap\AppData\Loca...}, goog:chromeOptions: {debuggerAddress: localhost:59920}, javascriptEnabled: true, networkConnectionEnabled: false, pageLoadStrategy: normal, platform: WINDOWS, platformName: WINDOWS, proxy: Proxy(), se:cdp: ws://localhost:59920/devtoo..., se:cdpVersion: 109.0.5414.120, setWindowRect: true, strictFileInteractability: false, timeouts: {implicit: 0, pageLoad: 300000, script: 30000}, unhandledPromptBehavior: dismiss and notify, webauthn:extension:credBlob: true, webauthn:extension:largeBlob: true, webauthn:virtualAuthenticators: true}
Element: [[ChromeDriver: chrome on WINDOWS (41283273ecbd9a4a1137f6d3a827ad92)] -&gt; xpath: //button[text()=&apos;TEAM&apos;]]
Session ID: 41283273ecbd9a4a1137f6d3a827ad92
	at java.base/jdk.internal.reflect.NativeConstructorAccessorImpl.newInstance0(Native Method)
	at java.base/jdk.internal.reflect.NativeConstructorAccessorImpl.newInstance(NativeConstructorAccessorImpl.java:62)
	at java.base/jdk.internal.reflect.DelegatingConstructorAccessorImpl.newInstance(DelegatingConstructorAccessorImpl.java:45)
	at java.base/java.lang.reflect.Constructor.newInstance(Constructor.java:490)
	at org.openqa.selenium.remote.codec.w3c.W3CHttpResponseCodec.createException(W3CHttpResponseCodec.java:200)
	at org.openqa.selenium.remote.codec.w3c.W3CHttpResponseCodec.decode(W3CHttpResponseCodec.java:133)
	at org.openqa.selenium.remote.codec.w3c.W3CHttpResponseCodec.decode(W3CHttpResponseCodec.java:53)
	at org.openqa.selenium.remote.HttpCommandExecutor.execute(HttpCommandExecutor.java:184)
	at org.openqa.selenium.remote.service.DriverCommandExecutor.invokeExecute(DriverCommandExecutor.java:164)
	at org.openqa.selenium.remote.service.DriverCommandExecutor.execute(DriverCommandExecutor.java:139)
	at org.openqa.selenium.remote.RemoteWebDriver.execute(RemoteWebDriver.java:559)
	at org.openqa.selenium.remote.RemoteWebElement.execute(RemoteWebElement.java:251)
	at org.openqa.selenium.remote.RemoteWebElement.click(RemoteWebElement.java:77)
	at jdk.internal.reflect.GeneratedMethodAccessor4.invoke(Unknown Source)
	at java.base/jdk.internal.reflect.DelegatingMethodAccessorImpl.invoke(DelegatingMethodAccessorImpl.java:43)
	at java.base/java.lang.reflect.Method.invoke(Method.java:566)
	at org.openqa.selenium.support.events.EventFiringWebDriver$EventFiringWebElement.lambda$new$0(EventFiringWebDriver.java:414)
	at com.sun.proxy.$Proxy24.click(Unknown Source)
	at org.openqa.selenium.support.events.EventFiringWebDriver$EventFiringWebElement.click(EventFiringWebDriver.java:427)
	at jdk.internal.reflect.GeneratedMethodAccessor4.invoke(Unknown Source)
	at java.base/jdk.internal.reflect.DelegatingMethodAccessorImpl.invoke(DelegatingMethodAccessorImpl.java:43)
	at java.base/java.lang.reflect.Method.invoke(Method.java:566)
	at org.openqa.selenium.support.pagefactory.internal.LocatingElementHandler.invoke(LocatingElementHandler.java:52)
	at com.sun.proxy.$Proxy22.click(Unknown Source)
	at com.hrms.corehrms.selfcare.SlfTeamotObjects.emptyAddteamot(SlfTeamotObjects.java:164)
	at com.hrmscorehrmsselfcare.testcases.SlfTeamotObjectsTest.SlfTeamotEmpty(SlfTeamotObjectsTest.java:90)
	at java.base/jdk.internal.reflect.NativeMethodAccessorImpl.invoke0(Native Method)
	at java.base/jdk.internal.reflect.NativeMethodAccessorImpl.invoke(NativeMethodAccessorImpl.java:62)
	at java.base/jdk.internal.reflect.DelegatingMethodAccessorImpl.invoke(DelegatingMethodAccessorImpl.java:43)
	at java.base/java.lang.reflect.Method.invoke(Method.java:566)
	at org.testng.internal.MethodInvocationHelper.invokeMethod(MethodInvocationHelper.java:133)
	at org.testng.internal.TestInvoker.invokeMethod(TestInvoker.java:598)
	at org.testng.internal.TestInvoker.invokeTestMethod(TestInvoker.java:173)
	at org.testng.internal.MethodRunner.runInSequence(MethodRunner.java:46)
	at org.testng.internal.TestInvoker$MethodInvocationAgent.invoke(TestInvoker.java:824)
	at org.testng.internal.TestInvoker.invokeTestMethods(TestInvoker.java:146)
	at org.testng.internal.TestMethodWorker.invokeTestMethods(TestMethodWorker.java:146)
	at org.testng.internal.TestMethodWorker.run(TestMethodWorker.java:128)
	at java.base/java.util.ArrayList.forEach(ArrayList.java:1541)
	at org.testng.TestRunner.privateRun(TestRunner.java:794)
	at org.testng.TestRunner.run(TestRunner.java:596)
	at org.testng.SuiteRunner.runTest(SuiteRunner.java:377)
	at org.testng.SuiteRunner.runSequentially(SuiteRunner.java:371)
	at org.testng.SuiteRunner.privateRun(SuiteRunner.java:332)
	at org.testng.SuiteRunner.run(SuiteRunner.java:276)
	at org.testng.SuiteRunnerWorker.runSuite(SuiteRunnerWorker.java:53)
	at org.testng.SuiteRunnerWorker.run(SuiteRunnerWorker.java:96)
	at org.testng.TestNG.runSuitesSequentially(TestNG.java:1212)
	at org.testng.TestNG.runSuitesLocally(TestNG.java:1134)
	at org.testng.TestNG.runSuites(TestNG.java:1063)
	at org.testng.TestNG.run(TestNG.java:1031)
	at org.testng.remote.AbstractRemoteTestNG.run(AbstractRemoteTestNG.java:115)
	at org.testng.remote.RemoteTestNG.initAndRun(RemoteTestNG.java:251)
	at org.testng.remote.RemoteTestNG.main(RemoteTestNG.java:77)
</pre></div></td>
<td>60</td>
<td>com.hrmscorehrmsselfcare.testcases.SlfTeamotObjectsTest@333d4a8c</td></tr>
<tr>
<td title='com.hrmscorehrmsselfcare.testcases.SlfTeamPermObjectsTest.Aprvlhstry()'><b>Aprvlhstry</b><br>Test class: com.hrmscorehrmsselfcare.testcases.SlfTeamPermObjectsTest</td>
<td><div><pre>org.openqa.selenium.ElementNotInteractableException: element not interactable
  (Session info: chrome=109.0.5414.120)
Build info: version: &apos;4.1.0&apos;, revision: &apos;87802e897b&apos;
System info: host: &apos;ANGAPPARAJA&apos;, ip: &apos;192.168.100.41&apos;, os.name: &apos;Windows 10&apos;, os.arch: &apos;amd64&apos;, os.version: &apos;10.0&apos;, java.version: &apos;11.0.9&apos;
Driver info: org.openqa.selenium.chrome.ChromeDriver
Command: [3c3941f1e949ab345bceff282f49cac3, clickElement {id=08fa2052-3aa7-46ab-9ede-eeb769327883}]
Capabilities {acceptInsecureCerts: false, browserName: chrome, browserVersion: 109.0.5414.120, chrome: {chromedriverVersion: 109.0.5414.74 (e7c5703604da..., userDataDir: C:\Users\angap\AppData\Loca...}, goog:chromeOptions: {debuggerAddress: localhost:60701}, javascriptEnabled: true, networkConnectionEnabled: false, pageLoadStrategy: normal, platform: WINDOWS, platformName: WINDOWS, proxy: Proxy(), se:cdp: ws://localhost:60701/devtoo..., se:cdpVersion: 109.0.5414.120, setWindowRect: true, strictFileInteractability: false, timeouts: {implicit: 0, pageLoad: 300000, script: 30000}, unhandledPromptBehavior: dismiss and notify, webauthn:extension:credBlob: true, webauthn:extension:largeBlob: true, webauthn:virtualAuthenticators: true}
Element: [[ChromeDriver: chrome on WINDOWS (3c3941f1e949ab345bceff282f49cac3)] -&gt; xpath: //button[text()=&apos;TEAM&apos;]]
Session ID: 3c3941f1e949ab345bceff282f49cac3
	at org.openqa.selenium.remote.codec.w3c.W3CHttpResponseCodec.createException(W3CHttpResponseCodec.java:200)
	at org.openqa.selenium.remote.codec.w3c.W3CHttpResponseCodec.decode(W3CHttpResponseCodec.java:133)
	at org.openqa.selenium.remote.codec.w3c.W3CHttpResponseCodec.decode(W3CHttpResponseCodec.java:53)
	at org.openqa.selenium.remote.HttpCommandExecutor.execute(HttpCommandExecutor.java:184)
	at org.openqa.selenium.remote.service.DriverCommandExecutor.invokeExecute(DriverCommandExecutor.java:164)
	at org.openqa.selenium.remote.service.DriverCommandExecutor.execute(DriverCommandExecutor.java:139)
	at org.openqa.selenium.remote.RemoteWebDriver.execute(RemoteWebDriver.java:559)
	at org.openqa.selenium.remote.RemoteWebElement.execute(RemoteWebElement.java:251)
	at org.openqa.selenium.remote.RemoteWebElement.click(RemoteWebElement.java:77)
	at org.openqa.selenium.support.events.EventFiringWebDriver$EventFiringWebElement.lambda$new$0(EventFiringWebDriver.java:414)
	at com.sun.proxy.$Proxy24.click(Unknown Source)
	at org.openqa.selenium.support.events.EventFiringWebDriver$EventFiringWebElement.click(EventFiringWebDriver.java:427)
	at org.openqa.selenium.support.pagefactory.internal.LocatingElementHandler.invoke(LocatingElementHandler.java:52)
	at com.sun.proxy.$Proxy22.click(Unknown Source)
	at com.hrms.corehrms.selfcare.SlfTeamPermObjects.Aprvlhstry(SlfTeamPermObjects.java:209)
	at com.hrmscorehrmsselfcare.testcases.SlfTeamPermObjectsTest.Aprvlhstry(SlfTeamPermObjectsTest.java:112)
	at java.base/java.util.ArrayList.forEach(ArrayList.java:1541)
... Removed 37 stack frames</pre></div><a href='#' onClick='toggleBox("stack-trace1018094825", this, "Click to show all stack frames", "Click to hide stack frames")'>Click to show all stack frames</a>
<div class='stack-trace' id='stack-trace1018094825'><pre>org.openqa.selenium.ElementNotInteractableException: element not interactable
  (Session info: chrome=109.0.5414.120)
Build info: version: &apos;4.1.0&apos;, revision: &apos;87802e897b&apos;
System info: host: &apos;ANGAPPARAJA&apos;, ip: &apos;192.168.100.41&apos;, os.name: &apos;Windows 10&apos;, os.arch: &apos;amd64&apos;, os.version: &apos;10.0&apos;, java.version: &apos;11.0.9&apos;
Driver info: org.openqa.selenium.chrome.ChromeDriver
Command: [3c3941f1e949ab345bceff282f49cac3, clickElement {id=08fa2052-3aa7-46ab-9ede-eeb769327883}]
Capabilities {acceptInsecureCerts: false, browserName: chrome, browserVersion: 109.0.5414.120, chrome: {chromedriverVersion: 109.0.5414.74 (e7c5703604da..., userDataDir: C:\Users\angap\AppData\Loca...}, goog:chromeOptions: {debuggerAddress: localhost:60701}, javascriptEnabled: true, networkConnectionEnabled: false, pageLoadStrategy: normal, platform: WINDOWS, platformName: WINDOWS, proxy: Proxy(), se:cdp: ws://localhost:60701/devtoo..., se:cdpVersion: 109.0.5414.120, setWindowRect: true, strictFileInteractability: false, timeouts: {implicit: 0, pageLoad: 300000, script: 30000}, unhandledPromptBehavior: dismiss and notify, webauthn:extension:credBlob: true, webauthn:extension:largeBlob: true, webauthn:virtualAuthenticators: true}
Element: [[ChromeDriver: chrome on WINDOWS (3c3941f1e949ab345bceff282f49cac3)] -&gt; xpath: //button[text()=&apos;TEAM&apos;]]
Session ID: 3c3941f1e949ab345bceff282f49cac3
	at java.base/jdk.internal.reflect.NativeConstructorAccessorImpl.newInstance0(Native Method)
	at java.base/jdk.internal.reflect.NativeConstructorAccessorImpl.newInstance(NativeConstructorAccessorImpl.java:62)
	at java.base/jdk.internal.reflect.DelegatingConstructorAccessorImpl.newInstance(DelegatingConstructorAccessorImpl.java:45)
	at java.base/java.lang.reflect.Constructor.newInstance(Constructor.java:490)
	at org.openqa.selenium.remote.codec.w3c.W3CHttpResponseCodec.createException(W3CHttpResponseCodec.java:200)
	at org.openqa.selenium.remote.codec.w3c.W3CHttpResponseCodec.decode(W3CHttpResponseCodec.java:133)
	at org.openqa.selenium.remote.codec.w3c.W3CHttpResponseCodec.decode(W3CHttpResponseCodec.java:53)
	at org.openqa.selenium.remote.HttpCommandExecutor.execute(HttpCommandExecutor.java:184)
	at org.openqa.selenium.remote.service.DriverCommandExecutor.invokeExecute(DriverCommandExecutor.java:164)
	at org.openqa.selenium.remote.service.DriverCommandExecutor.execute(DriverCommandExecutor.java:139)
	at org.openqa.selenium.remote.RemoteWebDriver.execute(RemoteWebDriver.java:559)
	at org.openqa.selenium.remote.RemoteWebElement.execute(RemoteWebElement.java:251)
	at org.openqa.selenium.remote.RemoteWebElement.click(RemoteWebElement.java:77)
	at jdk.internal.reflect.GeneratedMethodAccessor4.invoke(Unknown Source)
	at java.base/jdk.internal.reflect.DelegatingMethodAccessorImpl.invoke(DelegatingMethodAccessorImpl.java:43)
	at java.base/java.lang.reflect.Method.invoke(Method.java:566)
	at org.openqa.selenium.support.events.EventFiringWebDriver$EventFiringWebElement.lambda$new$0(EventFiringWebDriver.java:414)
	at com.sun.proxy.$Proxy24.click(Unknown Source)
	at org.openqa.selenium.support.events.EventFiringWebDriver$EventFiringWebElement.click(EventFiringWebDriver.java:427)
	at jdk.internal.reflect.GeneratedMethodAccessor4.invoke(Unknown Source)
	at java.base/jdk.internal.reflect.DelegatingMethodAccessorImpl.invoke(DelegatingMethodAccessorImpl.java:43)
	at java.base/java.lang.reflect.Method.invoke(Method.java:566)
	at org.openqa.selenium.support.pagefactory.internal.LocatingElementHandler.invoke(LocatingElementHandler.java:52)
	at com.sun.proxy.$Proxy22.click(Unknown Source)
	at com.hrms.corehrms.selfcare.SlfTeamPermObjects.Aprvlhstry(SlfTeamPermObjects.java:209)
	at com.hrmscorehrmsselfcare.testcases.SlfTeamPermObjectsTest.Aprvlhstry(SlfTeamPermObjectsTest.java:112)
	at java.base/jdk.internal.reflect.NativeMethodAccessorImpl.invoke0(Native Method)
	at java.base/jdk.internal.reflect.NativeMethodAccessorImpl.invoke(NativeMethodAccessorImpl.java:62)
	at java.base/jdk.internal.reflect.DelegatingMethodAccessorImpl.invoke(DelegatingMethodAccessorImpl.java:43)
	at java.base/java.lang.reflect.Method.invoke(Method.java:566)
	at org.testng.internal.MethodInvocationHelper.invokeMethod(MethodInvocationHelper.java:133)
	at org.testng.internal.TestInvoker.invokeMethod(TestInvoker.java:598)
	at org.testng.internal.TestInvoker.invokeTestMethod(TestInvoker.java:173)
	at org.testng.internal.MethodRunner.runInSequence(MethodRunner.java:46)
	at org.testng.internal.TestInvoker$MethodInvocationAgent.invoke(TestInvoker.java:824)
	at org.testng.internal.TestInvoker.invokeTestMethods(TestInvoker.java:146)
	at org.testng.internal.TestMethodWorker.invokeTestMethods(TestMethodWorker.java:146)
	at org.testng.internal.TestMethodWorker.run(TestMethodWorker.java:128)
	at java.base/java.util.ArrayList.forEach(ArrayList.java:1541)
	at org.testng.TestRunner.privateRun(TestRunner.java:794)
	at org.testng.TestRunner.run(TestRunner.java:596)
	at org.testng.SuiteRunner.runTest(SuiteRunner.java:377)
	at org.testng.SuiteRunner.runSequentially(SuiteRunner.java:371)
	at org.testng.SuiteRunner.privateRun(SuiteRunner.java:332)
	at org.testng.SuiteRunner.run(SuiteRunner.java:276)
	at org.testng.SuiteRunnerWorker.runSuite(SuiteRunnerWorker.java:53)
	at org.testng.SuiteRunnerWorker.run(SuiteRunnerWorker.java:96)
	at org.testng.TestNG.runSuitesSequentially(TestNG.java:1212)
	at org.testng.TestNG.runSuitesLocally(TestNG.java:1134)
	at org.testng.TestNG.runSuites(TestNG.java:1063)
	at org.testng.TestNG.run(TestNG.java:1031)
	at org.testng.remote.AbstractRemoteTestNG.run(AbstractRemoteTestNG.java:115)
	at org.testng.remote.RemoteTestNG.initAndRun(RemoteTestNG.java:251)
	at org.testng.remote.RemoteTestNG.main(RemoteTestNG.java:77)
</pre></div></td>
<td>60</td>
<td>com.hrmscorehrmsselfcare.testcases.SlfTeamPermObjectsTest@4d14b6c2</td></tr>
<tr>
<td title='com.hrmscorehrmsselfcare.testcases.SlfTeamOBTObjectsTest.TeamOBTEmp()'><b>TeamOBTEmp</b><br>Test class: com.hrmscorehrmsselfcare.testcases.SlfTeamOBTObjectsTest</td>
<td><div><pre>org.openqa.selenium.ElementNotInteractableException: element not interactable
  (Session info: chrome=109.0.5414.120)
Build info: version: &apos;4.1.0&apos;, revision: &apos;87802e897b&apos;
System info: host: &apos;ANGAPPARAJA&apos;, ip: &apos;192.168.100.41&apos;, os.name: &apos;Windows 10&apos;, os.arch: &apos;amd64&apos;, os.version: &apos;10.0&apos;, java.version: &apos;11.0.9&apos;
Driver info: org.openqa.selenium.chrome.ChromeDriver
Command: [3a671037b480db56bcf686ccae30a39c, clickElement {id=ebe43096-2217-427e-a568-c52dd6b36b64}]
Capabilities {acceptInsecureCerts: false, browserName: chrome, browserVersion: 109.0.5414.120, chrome: {chromedriverVersion: 109.0.5414.74 (e7c5703604da..., userDataDir: C:\Users\angap\AppData\Loca...}, goog:chromeOptions: {debuggerAddress: localhost:60327}, javascriptEnabled: true, networkConnectionEnabled: false, pageLoadStrategy: normal, platform: WINDOWS, platformName: WINDOWS, proxy: Proxy(), se:cdp: ws://localhost:60327/devtoo..., se:cdpVersion: 109.0.5414.120, setWindowRect: true, strictFileInteractability: false, timeouts: {implicit: 0, pageLoad: 300000, script: 30000}, unhandledPromptBehavior: dismiss and notify, webauthn:extension:credBlob: true, webauthn:extension:largeBlob: true, webauthn:virtualAuthenticators: true}
Element: [[ChromeDriver: chrome on WINDOWS (3a671037b480db56bcf686ccae30a39c)] -&gt; xpath: //button[text()=&apos;TEAM&apos;]]
Session ID: 3a671037b480db56bcf686ccae30a39c
	at org.openqa.selenium.remote.codec.w3c.W3CHttpResponseCodec.createException(W3CHttpResponseCodec.java:200)
	at org.openqa.selenium.remote.codec.w3c.W3CHttpResponseCodec.decode(W3CHttpResponseCodec.java:133)
	at org.openqa.selenium.remote.codec.w3c.W3CHttpResponseCodec.decode(W3CHttpResponseCodec.java:53)
	at org.openqa.selenium.remote.HttpCommandExecutor.execute(HttpCommandExecutor.java:184)
	at org.openqa.selenium.remote.service.DriverCommandExecutor.invokeExecute(DriverCommandExecutor.java:164)
	at org.openqa.selenium.remote.service.DriverCommandExecutor.execute(DriverCommandExecutor.java:139)
	at org.openqa.selenium.remote.RemoteWebDriver.execute(RemoteWebDriver.java:559)
	at org.openqa.selenium.remote.RemoteWebElement.execute(RemoteWebElement.java:251)
	at org.openqa.selenium.remote.RemoteWebElement.click(RemoteWebElement.java:77)
	at org.openqa.selenium.support.events.EventFiringWebDriver$EventFiringWebElement.lambda$new$0(EventFiringWebDriver.java:414)
	at com.sun.proxy.$Proxy24.click(Unknown Source)
	at org.openqa.selenium.support.events.EventFiringWebDriver$EventFiringWebElement.click(EventFiringWebDriver.java:427)
	at org.openqa.selenium.support.pagefactory.internal.LocatingElementHandler.invoke(LocatingElementHandler.java:52)
	at com.sun.proxy.$Proxy22.click(Unknown Source)
	at com.hrms.corehrms.selfcare.SlfTeamOBTObjects.emptyAddTeamOBT(SlfTeamOBTObjects.java:146)
	at com.hrmscorehrmsselfcare.testcases.SlfTeamOBTObjectsTest.TeamOBTEmp(SlfTeamOBTObjectsTest.java:99)
	at java.base/java.util.ArrayList.forEach(ArrayList.java:1541)
... Removed 37 stack frames</pre></div><a href='#' onClick='toggleBox("stack-trace640643047", this, "Click to show all stack frames", "Click to hide stack frames")'>Click to show all stack frames</a>
<div class='stack-trace' id='stack-trace640643047'><pre>org.openqa.selenium.ElementNotInteractableException: element not interactable
  (Session info: chrome=109.0.5414.120)
Build info: version: &apos;4.1.0&apos;, revision: &apos;87802e897b&apos;
System info: host: &apos;ANGAPPARAJA&apos;, ip: &apos;192.168.100.41&apos;, os.name: &apos;Windows 10&apos;, os.arch: &apos;amd64&apos;, os.version: &apos;10.0&apos;, java.version: &apos;11.0.9&apos;
Driver info: org.openqa.selenium.chrome.ChromeDriver
Command: [3a671037b480db56bcf686ccae30a39c, clickElement {id=ebe43096-2217-427e-a568-c52dd6b36b64}]
Capabilities {acceptInsecureCerts: false, browserName: chrome, browserVersion: 109.0.5414.120, chrome: {chromedriverVersion: 109.0.5414.74 (e7c5703604da..., userDataDir: C:\Users\angap\AppData\Loca...}, goog:chromeOptions: {debuggerAddress: localhost:60327}, javascriptEnabled: true, networkConnectionEnabled: false, pageLoadStrategy: normal, platform: WINDOWS, platformName: WINDOWS, proxy: Proxy(), se:cdp: ws://localhost:60327/devtoo..., se:cdpVersion: 109.0.5414.120, setWindowRect: true, strictFileInteractability: false, timeouts: {implicit: 0, pageLoad: 300000, script: 30000}, unhandledPromptBehavior: dismiss and notify, webauthn:extension:credBlob: true, webauthn:extension:largeBlob: true, webauthn:virtualAuthenticators: true}
Element: [[ChromeDriver: chrome on WINDOWS (3a671037b480db56bcf686ccae30a39c)] -&gt; xpath: //button[text()=&apos;TEAM&apos;]]
Session ID: 3a671037b480db56bcf686ccae30a39c
	at java.base/jdk.internal.reflect.NativeConstructorAccessorImpl.newInstance0(Native Method)
	at java.base/jdk.internal.reflect.NativeConstructorAccessorImpl.newInstance(NativeConstructorAccessorImpl.java:62)
	at java.base/jdk.internal.reflect.DelegatingConstructorAccessorImpl.newInstance(DelegatingConstructorAccessorImpl.java:45)
	at java.base/java.lang.reflect.Constructor.newInstance(Constructor.java:490)
	at org.openqa.selenium.remote.codec.w3c.W3CHttpResponseCodec.createException(W3CHttpResponseCodec.java:200)
	at org.openqa.selenium.remote.codec.w3c.W3CHttpResponseCodec.decode(W3CHttpResponseCodec.java:133)
	at org.openqa.selenium.remote.codec.w3c.W3CHttpResponseCodec.decode(W3CHttpResponseCodec.java:53)
	at org.openqa.selenium.remote.HttpCommandExecutor.execute(HttpCommandExecutor.java:184)
	at org.openqa.selenium.remote.service.DriverCommandExecutor.invokeExecute(DriverCommandExecutor.java:164)
	at org.openqa.selenium.remote.service.DriverCommandExecutor.execute(DriverCommandExecutor.java:139)
	at org.openqa.selenium.remote.RemoteWebDriver.execute(RemoteWebDriver.java:559)
	at org.openqa.selenium.remote.RemoteWebElement.execute(RemoteWebElement.java:251)
	at org.openqa.selenium.remote.RemoteWebElement.click(RemoteWebElement.java:77)
	at jdk.internal.reflect.GeneratedMethodAccessor4.invoke(Unknown Source)
	at java.base/jdk.internal.reflect.DelegatingMethodAccessorImpl.invoke(DelegatingMethodAccessorImpl.java:43)
	at java.base/java.lang.reflect.Method.invoke(Method.java:566)
	at org.openqa.selenium.support.events.EventFiringWebDriver$EventFiringWebElement.lambda$new$0(EventFiringWebDriver.java:414)
	at com.sun.proxy.$Proxy24.click(Unknown Source)
	at org.openqa.selenium.support.events.EventFiringWebDriver$EventFiringWebElement.click(EventFiringWebDriver.java:427)
	at jdk.internal.reflect.GeneratedMethodAccessor4.invoke(Unknown Source)
	at java.base/jdk.internal.reflect.DelegatingMethodAccessorImpl.invoke(DelegatingMethodAccessorImpl.java:43)
	at java.base/java.lang.reflect.Method.invoke(Method.java:566)
	at org.openqa.selenium.support.pagefactory.internal.LocatingElementHandler.invoke(LocatingElementHandler.java:52)
	at com.sun.proxy.$Proxy22.click(Unknown Source)
	at com.hrms.corehrms.selfcare.SlfTeamOBTObjects.emptyAddTeamOBT(SlfTeamOBTObjects.java:146)
	at com.hrmscorehrmsselfcare.testcases.SlfTeamOBTObjectsTest.TeamOBTEmp(SlfTeamOBTObjectsTest.java:99)
	at java.base/jdk.internal.reflect.NativeMethodAccessorImpl.invoke0(Native Method)
	at java.base/jdk.internal.reflect.NativeMethodAccessorImpl.invoke(NativeMethodAccessorImpl.java:62)
	at java.base/jdk.internal.reflect.DelegatingMethodAccessorImpl.invoke(DelegatingMethodAccessorImpl.java:43)
	at java.base/java.lang.reflect.Method.invoke(Method.java:566)
	at org.testng.internal.MethodInvocationHelper.invokeMethod(MethodInvocationHelper.java:133)
	at org.testng.internal.TestInvoker.invokeMethod(TestInvoker.java:598)
	at org.testng.internal.TestInvoker.invokeTestMethod(TestInvoker.java:173)
	at org.testng.internal.MethodRunner.runInSequence(MethodRunner.java:46)
	at org.testng.internal.TestInvoker$MethodInvocationAgent.invoke(TestInvoker.java:824)
	at org.testng.internal.TestInvoker.invokeTestMethods(TestInvoker.java:146)
	at org.testng.internal.TestMethodWorker.invokeTestMethods(TestMethodWorker.java:146)
	at org.testng.internal.TestMethodWorker.run(TestMethodWorker.java:128)
	at java.base/java.util.ArrayList.forEach(ArrayList.java:1541)
	at org.testng.TestRunner.privateRun(TestRunner.java:794)
	at org.testng.TestRunner.run(TestRunner.java:596)
	at org.testng.SuiteRunner.runTest(SuiteRunner.java:377)
	at org.testng.SuiteRunner.runSequentially(SuiteRunner.java:371)
	at org.testng.SuiteRunner.privateRun(SuiteRunner.java:332)
	at org.testng.SuiteRunner.run(SuiteRunner.java:276)
	at org.testng.SuiteRunnerWorker.runSuite(SuiteRunnerWorker.java:53)
	at org.testng.SuiteRunnerWorker.run(SuiteRunnerWorker.java:96)
	at org.testng.TestNG.runSuitesSequentially(TestNG.java:1212)
	at org.testng.TestNG.runSuitesLocally(TestNG.java:1134)
	at org.testng.TestNG.runSuites(TestNG.java:1063)
	at org.testng.TestNG.run(TestNG.java:1031)
	at org.testng.remote.AbstractRemoteTestNG.run(AbstractRemoteTestNG.java:115)
	at org.testng.remote.RemoteTestNG.initAndRun(RemoteTestNG.java:251)
	at org.testng.remote.RemoteTestNG.main(RemoteTestNG.java:77)
</pre></div></td>
<td>61</td>
<td>com.hrmscorehrmsselfcare.testcases.SlfTeamOBTObjectsTest@30f842ca</td></tr>
<tr>
<td title='com.hrmscorehrmsselfcare.testcases.SlfTeamRstdayObjectsTest.rdTeamrmvEmp()'><b>rdTeamrmvEmp</b><br>Test class: com.hrmscorehrmsselfcare.testcases.SlfTeamRstdayObjectsTest</td>
<td><div><pre>org.openqa.selenium.ElementNotInteractableException: element not interactable
  (Session info: chrome=109.0.5414.120)
Build info: version: &apos;4.1.0&apos;, revision: &apos;87802e897b&apos;
System info: host: &apos;ANGAPPARAJA&apos;, ip: &apos;192.168.100.41&apos;, os.name: &apos;Windows 10&apos;, os.arch: &apos;amd64&apos;, os.version: &apos;10.0&apos;, java.version: &apos;11.0.9&apos;
Driver info: org.openqa.selenium.chrome.ChromeDriver
Command: [843d771fab390df6396f3b8c15c15a44, clickElement {id=bbdf77e1-4e0b-4e2b-825c-999b333fffef}]
Capabilities {acceptInsecureCerts: false, browserName: chrome, browserVersion: 109.0.5414.120, chrome: {chromedriverVersion: 109.0.5414.74 (e7c5703604da..., userDataDir: C:\Users\angap\AppData\Loca...}, goog:chromeOptions: {debuggerAddress: localhost:60116}, javascriptEnabled: true, networkConnectionEnabled: false, pageLoadStrategy: normal, platform: WINDOWS, platformName: WINDOWS, proxy: Proxy(), se:cdp: ws://localhost:60116/devtoo..., se:cdpVersion: 109.0.5414.120, setWindowRect: true, strictFileInteractability: false, timeouts: {implicit: 0, pageLoad: 300000, script: 30000}, unhandledPromptBehavior: dismiss and notify, webauthn:extension:credBlob: true, webauthn:extension:largeBlob: true, webauthn:virtualAuthenticators: true}
Element: [[ChromeDriver: chrome on WINDOWS (843d771fab390df6396f3b8c15c15a44)] -&gt; xpath: //button[text()=&apos;TEAM&apos;]]
Session ID: 843d771fab390df6396f3b8c15c15a44
	at org.openqa.selenium.remote.codec.w3c.W3CHttpResponseCodec.createException(W3CHttpResponseCodec.java:200)
	at org.openqa.selenium.remote.codec.w3c.W3CHttpResponseCodec.decode(W3CHttpResponseCodec.java:133)
	at org.openqa.selenium.remote.codec.w3c.W3CHttpResponseCodec.decode(W3CHttpResponseCodec.java:53)
	at org.openqa.selenium.remote.HttpCommandExecutor.execute(HttpCommandExecutor.java:184)
	at org.openqa.selenium.remote.service.DriverCommandExecutor.invokeExecute(DriverCommandExecutor.java:164)
	at org.openqa.selenium.remote.service.DriverCommandExecutor.execute(DriverCommandExecutor.java:139)
	at org.openqa.selenium.remote.RemoteWebDriver.execute(RemoteWebDriver.java:559)
	at org.openqa.selenium.remote.RemoteWebElement.execute(RemoteWebElement.java:251)
	at org.openqa.selenium.remote.RemoteWebElement.click(RemoteWebElement.java:77)
	at org.openqa.selenium.support.events.EventFiringWebDriver$EventFiringWebElement.lambda$new$0(EventFiringWebDriver.java:414)
	at com.sun.proxy.$Proxy24.click(Unknown Source)
	at org.openqa.selenium.support.events.EventFiringWebDriver$EventFiringWebElement.click(EventFiringWebDriver.java:427)
	at org.openqa.selenium.support.pagefactory.internal.LocatingElementHandler.invoke(LocatingElementHandler.java:52)
	at com.sun.proxy.$Proxy22.click(Unknown Source)
	at com.hrms.corehrms.selfcare.SlfTeamRstdayObjects.rdemptyAddchge(SlfTeamRstdayObjects.java:184)
	at com.hrmscorehrmsselfcare.testcases.SlfTeamRstdayObjectsTest.rdTeamrmvEmp(SlfTeamRstdayObjectsTest.java:116)
	at java.base/java.util.ArrayList.forEach(ArrayList.java:1541)
... Removed 37 stack frames</pre></div><a href='#' onClick='toggleBox("stack-trace853794506", this, "Click to show all stack frames", "Click to hide stack frames")'>Click to show all stack frames</a>
<div class='stack-trace' id='stack-trace853794506'><pre>org.openqa.selenium.ElementNotInteractableException: element not interactable
  (Session info: chrome=109.0.5414.120)
Build info: version: &apos;4.1.0&apos;, revision: &apos;87802e897b&apos;
System info: host: &apos;ANGAPPARAJA&apos;, ip: &apos;192.168.100.41&apos;, os.name: &apos;Windows 10&apos;, os.arch: &apos;amd64&apos;, os.version: &apos;10.0&apos;, java.version: &apos;11.0.9&apos;
Driver info: org.openqa.selenium.chrome.ChromeDriver
Command: [843d771fab390df6396f3b8c15c15a44, clickElement {id=bbdf77e1-4e0b-4e2b-825c-999b333fffef}]
Capabilities {acceptInsecureCerts: false, browserName: chrome, browserVersion: 109.0.5414.120, chrome: {chromedriverVersion: 109.0.5414.74 (e7c5703604da..., userDataDir: C:\Users\angap\AppData\Loca...}, goog:chromeOptions: {debuggerAddress: localhost:60116}, javascriptEnabled: true, networkConnectionEnabled: false, pageLoadStrategy: normal, platform: WINDOWS, platformName: WINDOWS, proxy: Proxy(), se:cdp: ws://localhost:60116/devtoo..., se:cdpVersion: 109.0.5414.120, setWindowRect: true, strictFileInteractability: false, timeouts: {implicit: 0, pageLoad: 300000, script: 30000}, unhandledPromptBehavior: dismiss and notify, webauthn:extension:credBlob: true, webauthn:extension:largeBlob: true, webauthn:virtualAuthenticators: true}
Element: [[ChromeDriver: chrome on WINDOWS (843d771fab390df6396f3b8c15c15a44)] -&gt; xpath: //button[text()=&apos;TEAM&apos;]]
Session ID: 843d771fab390df6396f3b8c15c15a44
	at java.base/jdk.internal.reflect.NativeConstructorAccessorImpl.newInstance0(Native Method)
	at java.base/jdk.internal.reflect.NativeConstructorAccessorImpl.newInstance(NativeConstructorAccessorImpl.java:62)
	at java.base/jdk.internal.reflect.DelegatingConstructorAccessorImpl.newInstance(DelegatingConstructorAccessorImpl.java:45)
	at java.base/java.lang.reflect.Constructor.newInstance(Constructor.java:490)
	at org.openqa.selenium.remote.codec.w3c.W3CHttpResponseCodec.createException(W3CHttpResponseCodec.java:200)
	at org.openqa.selenium.remote.codec.w3c.W3CHttpResponseCodec.decode(W3CHttpResponseCodec.java:133)
	at org.openqa.selenium.remote.codec.w3c.W3CHttpResponseCodec.decode(W3CHttpResponseCodec.java:53)
	at org.openqa.selenium.remote.HttpCommandExecutor.execute(HttpCommandExecutor.java:184)
	at org.openqa.selenium.remote.service.DriverCommandExecutor.invokeExecute(DriverCommandExecutor.java:164)
	at org.openqa.selenium.remote.service.DriverCommandExecutor.execute(DriverCommandExecutor.java:139)
	at org.openqa.selenium.remote.RemoteWebDriver.execute(RemoteWebDriver.java:559)
	at org.openqa.selenium.remote.RemoteWebElement.execute(RemoteWebElement.java:251)
	at org.openqa.selenium.remote.RemoteWebElement.click(RemoteWebElement.java:77)
	at jdk.internal.reflect.GeneratedMethodAccessor4.invoke(Unknown Source)
	at java.base/jdk.internal.reflect.DelegatingMethodAccessorImpl.invoke(DelegatingMethodAccessorImpl.java:43)
	at java.base/java.lang.reflect.Method.invoke(Method.java:566)
	at org.openqa.selenium.support.events.EventFiringWebDriver$EventFiringWebElement.lambda$new$0(EventFiringWebDriver.java:414)
	at com.sun.proxy.$Proxy24.click(Unknown Source)
	at org.openqa.selenium.support.events.EventFiringWebDriver$EventFiringWebElement.click(EventFiringWebDriver.java:427)
	at jdk.internal.reflect.GeneratedMethodAccessor4.invoke(Unknown Source)
	at java.base/jdk.internal.reflect.DelegatingMethodAccessorImpl.invoke(DelegatingMethodAccessorImpl.java:43)
	at java.base/java.lang.reflect.Method.invoke(Method.java:566)
	at org.openqa.selenium.support.pagefactory.internal.LocatingElementHandler.invoke(LocatingElementHandler.java:52)
	at com.sun.proxy.$Proxy22.click(Unknown Source)
	at com.hrms.corehrms.selfcare.SlfTeamRstdayObjects.rdemptyAddchge(SlfTeamRstdayObjects.java:184)
	at com.hrmscorehrmsselfcare.testcases.SlfTeamRstdayObjectsTest.rdTeamrmvEmp(SlfTeamRstdayObjectsTest.java:116)
	at java.base/jdk.internal.reflect.NativeMethodAccessorImpl.invoke0(Native Method)
	at java.base/jdk.internal.reflect.NativeMethodAccessorImpl.invoke(NativeMethodAccessorImpl.java:62)
	at java.base/jdk.internal.reflect.DelegatingMethodAccessorImpl.invoke(DelegatingMethodAccessorImpl.java:43)
	at java.base/java.lang.reflect.Method.invoke(Method.java:566)
	at org.testng.internal.MethodInvocationHelper.invokeMethod(MethodInvocationHelper.java:133)
	at org.testng.internal.TestInvoker.invokeMethod(TestInvoker.java:598)
	at org.testng.internal.TestInvoker.invokeTestMethod(TestInvoker.java:173)
	at org.testng.internal.MethodRunner.runInSequence(MethodRunner.java:46)
	at org.testng.internal.TestInvoker$MethodInvocationAgent.invoke(TestInvoker.java:824)
	at org.testng.internal.TestInvoker.invokeTestMethods(TestInvoker.java:146)
	at org.testng.internal.TestMethodWorker.invokeTestMethods(TestMethodWorker.java:146)
	at org.testng.internal.TestMethodWorker.run(TestMethodWorker.java:128)
	at java.base/java.util.ArrayList.forEach(ArrayList.java:1541)
	at org.testng.TestRunner.privateRun(TestRunner.java:794)
	at org.testng.TestRunner.run(TestRunner.java:596)
	at org.testng.SuiteRunner.runTest(SuiteRunner.java:377)
	at org.testng.SuiteRunner.runSequentially(SuiteRunner.java:371)
	at org.testng.SuiteRunner.privateRun(SuiteRunner.java:332)
	at org.testng.SuiteRunner.run(SuiteRunner.java:276)
	at org.testng.SuiteRunnerWorker.runSuite(SuiteRunnerWorker.java:53)
	at org.testng.SuiteRunnerWorker.run(SuiteRunnerWorker.java:96)
	at org.testng.TestNG.runSuitesSequentially(TestNG.java:1212)
	at org.testng.TestNG.runSuitesLocally(TestNG.java:1134)
	at org.testng.TestNG.runSuites(TestNG.java:1063)
	at org.testng.TestNG.run(TestNG.java:1031)
	at org.testng.remote.AbstractRemoteTestNG.run(AbstractRemoteTestNG.java:115)
	at org.testng.remote.RemoteTestNG.initAndRun(RemoteTestNG.java:251)
	at org.testng.remote.RemoteTestNG.main(RemoteTestNG.java:77)
</pre></div></td>
<td>61</td>
<td>com.hrmscorehrmsselfcare.testcases.SlfTeamRstdayObjectsTest@55de24cc</td></tr>
<tr>
<td title='com.hrmscorehrmsselfcare.testcases.SlfTeamPermObjectsTest.EmptyAdd()'><b>EmptyAdd</b><br>Test class: com.hrmscorehrmsselfcare.testcases.SlfTeamPermObjectsTest</td>
<td><div><pre>org.openqa.selenium.ElementClickInterceptedException: element click intercepted: Element &lt;li onclick=&quot;horizontalmenu(&apos;permissionApprove&apos;)&quot; id=&quot;permissionApprove&quot; class=&quot;menu_default team&quot;&gt;...&lt;/li&gt; is not clickable at point (876, 180). Other element would receive the click: &lt;div class=&quot;popup&quot; style=&quot;width: 550px;&quot;&gt;...&lt;/div&gt;
  (Session info: chrome=109.0.5414.120)
Build info: version: &apos;4.1.0&apos;, revision: &apos;87802e897b&apos;
System info: host: &apos;ANGAPPARAJA&apos;, ip: &apos;192.168.100.41&apos;, os.name: &apos;Windows 10&apos;, os.arch: &apos;amd64&apos;, os.version: &apos;10.0&apos;, java.version: &apos;11.0.9&apos;
Driver info: org.openqa.selenium.chrome.ChromeDriver
Command: [3be7a1628c5c399ddbcd2fda2e70239b, clickElement {id=01f87eb4-b12d-49e0-be22-7b6771751b7b}]
Capabilities {acceptInsecureCerts: false, browserName: chrome, browserVersion: 109.0.5414.120, chrome: {chromedriverVersion: 109.0.5414.74 (e7c5703604da..., userDataDir: C:\Users\angap\AppData\Loca...}, goog:chromeOptions: {debuggerAddress: localhost:60634}, javascriptEnabled: true, networkConnectionEnabled: false, pageLoadStrategy: normal, platform: WINDOWS, platformName: WINDOWS, proxy: Proxy(), se:cdp: ws://localhost:60634/devtoo..., se:cdpVersion: 109.0.5414.120, setWindowRect: true, strictFileInteractability: false, timeouts: {implicit: 0, pageLoad: 300000, script: 30000}, unhandledPromptBehavior: dismiss and notify, webauthn:extension:credBlob: true, webauthn:extension:largeBlob: true, webauthn:virtualAuthenticators: true}
Element: [[ChromeDriver: chrome on WINDOWS (3be7a1628c5c399ddbcd2fda2e70239b)] -&gt; xpath: (//ul)[2]//li[contains(@class,&apos;team&apos;)]]
Session ID: 3be7a1628c5c399ddbcd2fda2e70239b
	at org.openqa.selenium.remote.codec.w3c.W3CHttpResponseCodec.createException(W3CHttpResponseCodec.java:200)
	at org.openqa.selenium.remote.codec.w3c.W3CHttpResponseCodec.decode(W3CHttpResponseCodec.java:133)
	at org.openqa.selenium.remote.codec.w3c.W3CHttpResponseCodec.decode(W3CHttpResponseCodec.java:53)
	at org.openqa.selenium.remote.HttpCommandExecutor.execute(HttpCommandExecutor.java:184)
	at org.openqa.selenium.remote.service.DriverCommandExecutor.invokeExecute(DriverCommandExecutor.java:164)
	at org.openqa.selenium.remote.service.DriverCommandExecutor.execute(DriverCommandExecutor.java:139)
	at org.openqa.selenium.remote.RemoteWebDriver.execute(RemoteWebDriver.java:559)
	at org.openqa.selenium.remote.RemoteWebElement.execute(RemoteWebElement.java:251)
	at org.openqa.selenium.remote.RemoteWebElement.click(RemoteWebElement.java:77)
	at org.openqa.selenium.support.events.EventFiringWebDriver$EventFiringWebElement.lambda$new$0(EventFiringWebDriver.java:414)
	at com.sun.proxy.$Proxy24.click(Unknown Source)
	at org.openqa.selenium.support.events.EventFiringWebDriver$EventFiringWebElement.click(EventFiringWebDriver.java:427)
	at com.hrms.corehrms.selfcare.SlfTeamPermObjects.EmptyAddTeamPerm(SlfTeamPermObjects.java:108)
	at com.hrmscorehrmsselfcare.testcases.SlfTeamPermObjectsTest.EmptyAdd(SlfTeamPermObjectsTest.java:102)
	at java.base/java.util.ArrayList.forEach(ArrayList.java:1541)
... Removed 34 stack frames</pre></div><a href='#' onClick='toggleBox("stack-trace597155355", this, "Click to show all stack frames", "Click to hide stack frames")'>Click to show all stack frames</a>
<div class='stack-trace' id='stack-trace597155355'><pre>org.openqa.selenium.ElementClickInterceptedException: element click intercepted: Element &lt;li onclick=&quot;horizontalmenu(&apos;permissionApprove&apos;)&quot; id=&quot;permissionApprove&quot; class=&quot;menu_default team&quot;&gt;...&lt;/li&gt; is not clickable at point (876, 180). Other element would receive the click: &lt;div class=&quot;popup&quot; style=&quot;width: 550px;&quot;&gt;...&lt;/div&gt;
  (Session info: chrome=109.0.5414.120)
Build info: version: &apos;4.1.0&apos;, revision: &apos;87802e897b&apos;
System info: host: &apos;ANGAPPARAJA&apos;, ip: &apos;192.168.100.41&apos;, os.name: &apos;Windows 10&apos;, os.arch: &apos;amd64&apos;, os.version: &apos;10.0&apos;, java.version: &apos;11.0.9&apos;
Driver info: org.openqa.selenium.chrome.ChromeDriver
Command: [3be7a1628c5c399ddbcd2fda2e70239b, clickElement {id=01f87eb4-b12d-49e0-be22-7b6771751b7b}]
Capabilities {acceptInsecureCerts: false, browserName: chrome, browserVersion: 109.0.5414.120, chrome: {chromedriverVersion: 109.0.5414.74 (e7c5703604da..., userDataDir: C:\Users\angap\AppData\Loca...}, goog:chromeOptions: {debuggerAddress: localhost:60634}, javascriptEnabled: true, networkConnectionEnabled: false, pageLoadStrategy: normal, platform: WINDOWS, platformName: WINDOWS, proxy: Proxy(), se:cdp: ws://localhost:60634/devtoo..., se:cdpVersion: 109.0.5414.120, setWindowRect: true, strictFileInteractability: false, timeouts: {implicit: 0, pageLoad: 300000, script: 30000}, unhandledPromptBehavior: dismiss and notify, webauthn:extension:credBlob: true, webauthn:extension:largeBlob: true, webauthn:virtualAuthenticators: true}
Element: [[ChromeDriver: chrome on WINDOWS (3be7a1628c5c399ddbcd2fda2e70239b)] -&gt; xpath: (//ul)[2]//li[contains(@class,&apos;team&apos;)]]
Session ID: 3be7a1628c5c399ddbcd2fda2e70239b
	at java.base/jdk.internal.reflect.NativeConstructorAccessorImpl.newInstance0(Native Method)
	at java.base/jdk.internal.reflect.NativeConstructorAccessorImpl.newInstance(NativeConstructorAccessorImpl.java:62)
	at java.base/jdk.internal.reflect.DelegatingConstructorAccessorImpl.newInstance(DelegatingConstructorAccessorImpl.java:45)
	at java.base/java.lang.reflect.Constructor.newInstance(Constructor.java:490)
	at org.openqa.selenium.remote.codec.w3c.W3CHttpResponseCodec.createException(W3CHttpResponseCodec.java:200)
	at org.openqa.selenium.remote.codec.w3c.W3CHttpResponseCodec.decode(W3CHttpResponseCodec.java:133)
	at org.openqa.selenium.remote.codec.w3c.W3CHttpResponseCodec.decode(W3CHttpResponseCodec.java:53)
	at org.openqa.selenium.remote.HttpCommandExecutor.execute(HttpCommandExecutor.java:184)
	at org.openqa.selenium.remote.service.DriverCommandExecutor.invokeExecute(DriverCommandExecutor.java:164)
	at org.openqa.selenium.remote.service.DriverCommandExecutor.execute(DriverCommandExecutor.java:139)
	at org.openqa.selenium.remote.RemoteWebDriver.execute(RemoteWebDriver.java:559)
	at org.openqa.selenium.remote.RemoteWebElement.execute(RemoteWebElement.java:251)
	at org.openqa.selenium.remote.RemoteWebElement.click(RemoteWebElement.java:77)
	at jdk.internal.reflect.GeneratedMethodAccessor4.invoke(Unknown Source)
	at java.base/jdk.internal.reflect.DelegatingMethodAccessorImpl.invoke(DelegatingMethodAccessorImpl.java:43)
	at java.base/java.lang.reflect.Method.invoke(Method.java:566)
	at org.openqa.selenium.support.events.EventFiringWebDriver$EventFiringWebElement.lambda$new$0(EventFiringWebDriver.java:414)
	at com.sun.proxy.$Proxy24.click(Unknown Source)
	at org.openqa.selenium.support.events.EventFiringWebDriver$EventFiringWebElement.click(EventFiringWebDriver.java:427)
	at com.hrms.corehrms.selfcare.SlfTeamPermObjects.EmptyAddTeamPerm(SlfTeamPermObjects.java:108)
	at com.hrmscorehrmsselfcare.testcases.SlfTeamPermObjectsTest.EmptyAdd(SlfTeamPermObjectsTest.java:102)
	at java.base/jdk.internal.reflect.NativeMethodAccessorImpl.invoke0(Native Method)
	at java.base/jdk.internal.reflect.NativeMethodAccessorImpl.invoke(NativeMethodAccessorImpl.java:62)
	at java.base/jdk.internal.reflect.DelegatingMethodAccessorImpl.invoke(DelegatingMethodAccessorImpl.java:43)
	at java.base/java.lang.reflect.Method.invoke(Method.java:566)
	at org.testng.internal.MethodInvocationHelper.invokeMethod(MethodInvocationHelper.java:133)
	at org.testng.internal.TestInvoker.invokeMethod(TestInvoker.java:598)
	at org.testng.internal.TestInvoker.invokeTestMethod(TestInvoker.java:173)
	at org.testng.internal.MethodRunner.runInSequence(MethodRunner.java:46)
	at org.testng.internal.TestInvoker$MethodInvocationAgent.invoke(TestInvoker.java:824)
	at org.testng.internal.TestInvoker.invokeTestMethods(TestInvoker.java:146)
	at org.testng.internal.TestMethodWorker.invokeTestMethods(TestMethodWorker.java:146)
	at org.testng.internal.TestMethodWorker.run(TestMethodWorker.java:128)
	at java.base/java.util.ArrayList.forEach(ArrayList.java:1541)
	at org.testng.TestRunner.privateRun(TestRunner.java:794)
	at org.testng.TestRunner.run(TestRunner.java:596)
	at org.testng.SuiteRunner.runTest(SuiteRunner.java:377)
	at org.testng.SuiteRunner.runSequentially(SuiteRunner.java:371)
	at org.testng.SuiteRunner.privateRun(SuiteRunner.java:332)
	at org.testng.SuiteRunner.run(SuiteRunner.java:276)
	at org.testng.SuiteRunnerWorker.runSuite(SuiteRunnerWorker.java:53)
	at org.testng.SuiteRunnerWorker.run(SuiteRunnerWorker.java:96)
	at org.testng.TestNG.runSuitesSequentially(TestNG.java:1212)
	at org.testng.TestNG.runSuitesLocally(TestNG.java:1134)
	at org.testng.TestNG.runSuites(TestNG.java:1063)
	at org.testng.TestNG.run(TestNG.java:1031)
	at org.testng.remote.AbstractRemoteTestNG.run(AbstractRemoteTestNG.java:115)
	at org.testng.remote.RemoteTestNG.initAndRun(RemoteTestNG.java:251)
	at org.testng.remote.RemoteTestNG.main(RemoteTestNG.java:77)
</pre></div></td>
<td>9</td>
<td>com.hrmscorehrmsselfcare.testcases.SlfTeamPermObjectsTest@4d14b6c2</td></tr>
<tr>
<td title='com.hrmscorehrmsselfcare.testcases.SlfTeamRstdayObjectsTest.rdTeamAddEmpAdd()'><b>rdTeamAddEmpAdd</b><br>Test class: com.hrmscorehrmsselfcare.testcases.SlfTeamRstdayObjectsTest</td>
<td><div><pre>org.openqa.selenium.ElementNotInteractableException: element not interactable
  (Session info: chrome=109.0.5414.120)
Build info: version: &apos;4.1.0&apos;, revision: &apos;87802e897b&apos;
System info: host: &apos;ANGAPPARAJA&apos;, ip: &apos;192.168.100.41&apos;, os.name: &apos;Windows 10&apos;, os.arch: &apos;amd64&apos;, os.version: &apos;10.0&apos;, java.version: &apos;11.0.9&apos;
Driver info: org.openqa.selenium.chrome.ChromeDriver
Command: [7c1051079d311b7d5ccf180d57b5bdb2, clickElement {id=148389a4-1d48-4930-a4a0-0165594a2a6a}]
Capabilities {acceptInsecureCerts: false, browserName: chrome, browserVersion: 109.0.5414.120, chrome: {chromedriverVersion: 109.0.5414.74 (e7c5703604da..., userDataDir: C:\Users\angap\AppData\Loca...}, goog:chromeOptions: {debuggerAddress: localhost:60016}, javascriptEnabled: true, networkConnectionEnabled: false, pageLoadStrategy: normal, platform: WINDOWS, platformName: WINDOWS, proxy: Proxy(), se:cdp: ws://localhost:60016/devtoo..., se:cdpVersion: 109.0.5414.120, setWindowRect: true, strictFileInteractability: false, timeouts: {implicit: 0, pageLoad: 300000, script: 30000}, unhandledPromptBehavior: dismiss and notify, webauthn:extension:credBlob: true, webauthn:extension:largeBlob: true, webauthn:virtualAuthenticators: true}
Element: [[ChromeDriver: chrome on WINDOWS (7c1051079d311b7d5ccf180d57b5bdb2)] -&gt; xpath: //button[text()=&apos;TEAM&apos;]]
Session ID: 7c1051079d311b7d5ccf180d57b5bdb2
	at org.openqa.selenium.remote.codec.w3c.W3CHttpResponseCodec.createException(W3CHttpResponseCodec.java:200)
	at org.openqa.selenium.remote.codec.w3c.W3CHttpResponseCodec.decode(W3CHttpResponseCodec.java:133)
	at org.openqa.selenium.remote.codec.w3c.W3CHttpResponseCodec.decode(W3CHttpResponseCodec.java:53)
	at org.openqa.selenium.remote.HttpCommandExecutor.execute(HttpCommandExecutor.java:184)
	at org.openqa.selenium.remote.service.DriverCommandExecutor.invokeExecute(DriverCommandExecutor.java:164)
	at org.openqa.selenium.remote.service.DriverCommandExecutor.execute(DriverCommandExecutor.java:139)
	at org.openqa.selenium.remote.RemoteWebDriver.execute(RemoteWebDriver.java:559)
	at org.openqa.selenium.remote.RemoteWebElement.execute(RemoteWebElement.java:251)
	at org.openqa.selenium.remote.RemoteWebElement.click(RemoteWebElement.java:77)
	at org.openqa.selenium.support.events.EventFiringWebDriver$EventFiringWebElement.lambda$new$0(EventFiringWebDriver.java:414)
	at com.sun.proxy.$Proxy24.click(Unknown Source)
	at org.openqa.selenium.support.events.EventFiringWebDriver$EventFiringWebElement.click(EventFiringWebDriver.java:427)
	at org.openqa.selenium.support.pagefactory.internal.LocatingElementHandler.invoke(LocatingElementHandler.java:52)
	at com.sun.proxy.$Proxy22.click(Unknown Source)
	at com.hrms.corehrms.selfcare.SlfTeamRstdayObjects.emptyAddrdTeam(SlfTeamRstdayObjects.java:114)
	at com.hrmscorehrmsselfcare.testcases.SlfTeamRstdayObjectsTest.rdTeamAddEmpAdd(SlfTeamRstdayObjectsTest.java:96)
	at java.base/java.util.ArrayList.forEach(ArrayList.java:1541)
... Removed 37 stack frames</pre></div><a href='#' onClick='toggleBox("stack-trace2124668206", this, "Click to show all stack frames", "Click to hide stack frames")'>Click to show all stack frames</a>
<div class='stack-trace' id='stack-trace2124668206'><pre>org.openqa.selenium.ElementNotInteractableException: element not interactable
  (Session info: chrome=109.0.5414.120)
Build info: version: &apos;4.1.0&apos;, revision: &apos;87802e897b&apos;
System info: host: &apos;ANGAPPARAJA&apos;, ip: &apos;192.168.100.41&apos;, os.name: &apos;Windows 10&apos;, os.arch: &apos;amd64&apos;, os.version: &apos;10.0&apos;, java.version: &apos;11.0.9&apos;
Driver info: org.openqa.selenium.chrome.ChromeDriver
Command: [7c1051079d311b7d5ccf180d57b5bdb2, clickElement {id=148389a4-1d48-4930-a4a0-0165594a2a6a}]
Capabilities {acceptInsecureCerts: false, browserName: chrome, browserVersion: 109.0.5414.120, chrome: {chromedriverVersion: 109.0.5414.74 (e7c5703604da..., userDataDir: C:\Users\angap\AppData\Loca...}, goog:chromeOptions: {debuggerAddress: localhost:60016}, javascriptEnabled: true, networkConnectionEnabled: false, pageLoadStrategy: normal, platform: WINDOWS, platformName: WINDOWS, proxy: Proxy(), se:cdp: ws://localhost:60016/devtoo..., se:cdpVersion: 109.0.5414.120, setWindowRect: true, strictFileInteractability: false, timeouts: {implicit: 0, pageLoad: 300000, script: 30000}, unhandledPromptBehavior: dismiss and notify, webauthn:extension:credBlob: true, webauthn:extension:largeBlob: true, webauthn:virtualAuthenticators: true}
Element: [[ChromeDriver: chrome on WINDOWS (7c1051079d311b7d5ccf180d57b5bdb2)] -&gt; xpath: //button[text()=&apos;TEAM&apos;]]
Session ID: 7c1051079d311b7d5ccf180d57b5bdb2
	at java.base/jdk.internal.reflect.NativeConstructorAccessorImpl.newInstance0(Native Method)
	at java.base/jdk.internal.reflect.NativeConstructorAccessorImpl.newInstance(NativeConstructorAccessorImpl.java:62)
	at java.base/jdk.internal.reflect.DelegatingConstructorAccessorImpl.newInstance(DelegatingConstructorAccessorImpl.java:45)
	at java.base/java.lang.reflect.Constructor.newInstance(Constructor.java:490)
	at org.openqa.selenium.remote.codec.w3c.W3CHttpResponseCodec.createException(W3CHttpResponseCodec.java:200)
	at org.openqa.selenium.remote.codec.w3c.W3CHttpResponseCodec.decode(W3CHttpResponseCodec.java:133)
	at org.openqa.selenium.remote.codec.w3c.W3CHttpResponseCodec.decode(W3CHttpResponseCodec.java:53)
	at org.openqa.selenium.remote.HttpCommandExecutor.execute(HttpCommandExecutor.java:184)
	at org.openqa.selenium.remote.service.DriverCommandExecutor.invokeExecute(DriverCommandExecutor.java:164)
	at org.openqa.selenium.remote.service.DriverCommandExecutor.execute(DriverCommandExecutor.java:139)
	at org.openqa.selenium.remote.RemoteWebDriver.execute(RemoteWebDriver.java:559)
	at org.openqa.selenium.remote.RemoteWebElement.execute(RemoteWebElement.java:251)
	at org.openqa.selenium.remote.RemoteWebElement.click(RemoteWebElement.java:77)
	at jdk.internal.reflect.GeneratedMethodAccessor4.invoke(Unknown Source)
	at java.base/jdk.internal.reflect.DelegatingMethodAccessorImpl.invoke(DelegatingMethodAccessorImpl.java:43)
	at java.base/java.lang.reflect.Method.invoke(Method.java:566)
	at org.openqa.selenium.support.events.EventFiringWebDriver$EventFiringWebElement.lambda$new$0(EventFiringWebDriver.java:414)
	at com.sun.proxy.$Proxy24.click(Unknown Source)
	at org.openqa.selenium.support.events.EventFiringWebDriver$EventFiringWebElement.click(EventFiringWebDriver.java:427)
	at jdk.internal.reflect.GeneratedMethodAccessor4.invoke(Unknown Source)
	at java.base/jdk.internal.reflect.DelegatingMethodAccessorImpl.invoke(DelegatingMethodAccessorImpl.java:43)
	at java.base/java.lang.reflect.Method.invoke(Method.java:566)
	at org.openqa.selenium.support.pagefactory.internal.LocatingElementHandler.invoke(LocatingElementHandler.java:52)
	at com.sun.proxy.$Proxy22.click(Unknown Source)
	at com.hrms.corehrms.selfcare.SlfTeamRstdayObjects.emptyAddrdTeam(SlfTeamRstdayObjects.java:114)
	at com.hrmscorehrmsselfcare.testcases.SlfTeamRstdayObjectsTest.rdTeamAddEmpAdd(SlfTeamRstdayObjectsTest.java:96)
	at java.base/jdk.internal.reflect.NativeMethodAccessorImpl.invoke0(Native Method)
	at java.base/jdk.internal.reflect.NativeMethodAccessorImpl.invoke(NativeMethodAccessorImpl.java:62)
	at java.base/jdk.internal.reflect.DelegatingMethodAccessorImpl.invoke(DelegatingMethodAccessorImpl.java:43)
	at java.base/java.lang.reflect.Method.invoke(Method.java:566)
	at org.testng.internal.MethodInvocationHelper.invokeMethod(MethodInvocationHelper.java:133)
	at org.testng.internal.TestInvoker.invokeMethod(TestInvoker.java:598)
	at org.testng.internal.TestInvoker.invokeTestMethod(TestInvoker.java:173)
	at org.testng.internal.MethodRunner.runInSequence(MethodRunner.java:46)
	at org.testng.internal.TestInvoker$MethodInvocationAgent.invoke(TestInvoker.java:824)
	at org.testng.internal.TestInvoker.invokeTestMethods(TestInvoker.java:146)
	at org.testng.internal.TestMethodWorker.invokeTestMethods(TestMethodWorker.java:146)
	at org.testng.internal.TestMethodWorker.run(TestMethodWorker.java:128)
	at java.base/java.util.ArrayList.forEach(ArrayList.java:1541)
	at org.testng.TestRunner.privateRun(TestRunner.java:794)
	at org.testng.TestRunner.run(TestRunner.java:596)
	at org.testng.SuiteRunner.runTest(SuiteRunner.java:377)
	at org.testng.SuiteRunner.runSequentially(SuiteRunner.java:371)
	at org.testng.SuiteRunner.privateRun(SuiteRunner.java:332)
	at org.testng.SuiteRunner.run(SuiteRunner.java:276)
	at org.testng.SuiteRunnerWorker.runSuite(SuiteRunnerWorker.java:53)
	at org.testng.SuiteRunnerWorker.run(SuiteRunnerWorker.java:96)
	at org.testng.TestNG.runSuitesSequentially(TestNG.java:1212)
	at org.testng.TestNG.runSuitesLocally(TestNG.java:1134)
	at org.testng.TestNG.runSuites(TestNG.java:1063)
	at org.testng.TestNG.run(TestNG.java:1031)
	at org.testng.remote.AbstractRemoteTestNG.run(AbstractRemoteTestNG.java:115)
	at org.testng.remote.RemoteTestNG.initAndRun(RemoteTestNG.java:251)
	at org.testng.remote.RemoteTestNG.main(RemoteTestNG.java:77)
</pre></div></td>
<td>61</td>
<td>com.hrmscorehrmsselfcare.testcases.SlfTeamRstdayObjectsTest@55de24cc</td></tr>
</table><p>
<table width='100%' border='1' class='invocation-passed'>
<tr><td colspan='4' align='center'><b>PASSED TESTS</b></td></tr>
<tr><td><b>Test method</b></td>
<td width="30%"><b>Exception</b></td>
<td width="10%"><b>Time (seconds)</b></td>
<td><b>Instance</b></td>
</tr>
<tr>
<td title='com.hrmscorehrmsselfcare.testcases.ShiftCodeObjectsTest.CmpdAprval()'><b>CmpdAprval</b><br>Test class: com.hrmscorehrmsselfcare.testcases.ShiftCodeObjectsTest</td>
<td></td>
<td>3</td>
<td>com.hrmscorehrmsselfcare.testcases.ShiftCodeObjectsTest@5c7933ad</td></tr>
<tr>
<td title='com.hrmscorehrmsselfcare.testcases.ShiftCodeObjectsTest.CmpdTableValidation()'><b>CmpdTableValidation</b><br>Test class: com.hrmscorehrmsselfcare.testcases.ShiftCodeObjectsTest</td>
<td></td>
<td>38</td>
<td>com.hrmscorehrmsselfcare.testcases.ShiftCodeObjectsTest@5c7933ad</td></tr>
<tr>
<td title='com.hrmscorehrmsselfcare.testcases.SlfClaimObjectsTest.ClaimSearch()'><b>ClaimSearch</b><br>Test class: com.hrmscorehrmsselfcare.testcases.SlfClaimObjectsTest</td>
<td></td>
<td>6</td>
<td>com.hrmscorehrmsselfcare.testcases.SlfClaimObjectsTest@14fc5f04</td></tr>
<tr>
<td title='com.hrmscorehrmsselfcare.testcases.SlfClaimObjectsTest.ClaimCancel()'><b>ClaimCancel</b><br>Test class: com.hrmscorehrmsselfcare.testcases.SlfClaimObjectsTest</td>
<td></td>
<td>56</td>
<td>com.hrmscorehrmsselfcare.testcases.SlfClaimObjectsTest@14fc5f04</td></tr>
<tr>
<td title='com.hrmscorehrmsselfcare.testcases.OverTimeObjectsTest.Search()'><b>Search</b><br>Test class: com.hrmscorehrmsselfcare.testcases.OverTimeObjectsTest</td>
<td></td>
<td>16</td>
<td>com.hrmscorehrmsselfcare.testcases.OverTimeObjectsTest@43df23d3</td></tr>
<tr>
<td title='com.hrmscorehrmsselfcare.testcases.RestDayTest.SearchChange()'><b>SearchChange</b><br>Test class: com.hrmscorehrmsselfcare.testcases.RestDayTest</td>
<td></td>
<td>0</td>
<td>com.hrmscorehrmsselfcare.testcases.RestDayTest@38467116</td></tr>
<tr>
<td title='com.hrmscorehrmsselfcare.testcases.ShiftCodeObjectsTest.SingleSearch()'><b>SingleSearch</b><br>Test class: com.hrmscorehrmsselfcare.testcases.ShiftCodeObjectsTest</td>
<td></td>
<td>17</td>
<td>com.hrmscorehrmsselfcare.testcases.ShiftCodeObjectsTest@5c7933ad</td></tr>
<tr>
<td title='com.hrmscorehrmsselfcare.testcases.HolidayObjectsTest.Delete()'><b>Delete</b><br>Test class: com.hrmscorehrmsselfcare.testcases.HolidayObjectsTest</td>
<td></td>
<td>25</td>
<td>com.hrmscorehrmsselfcare.testcases.HolidayObjectsTest@5fb759d6</td></tr>
<tr>
<td title='com.hrmscorehrmsselfcare.testcases.SlfRstDayObjectsTest.AplyAprveScreen()'><b>AplyAprveScreen</b><br>Test class: com.hrmscorehrmsselfcare.testcases.SlfRstDayObjectsTest</td>
<td></td>
<td>68</td>
<td>com.hrmscorehrmsselfcare.testcases.SlfRstDayObjectsTest@68c9d179</td></tr>
<tr>
<td title='com.hrmscorehrmsselfcare.testcases.SlfTakecompObjectsTest.Datatablevalidation()'><b>Datatablevalidation</b><br>Test class: com.hrmscorehrmsselfcare.testcases.SlfTakecompObjectsTest</td>
<td></td>
<td>12</td>
<td>com.hrmscorehrmsselfcare.testcases.SlfTakecompObjectsTest@6e2829c7</td></tr>
<tr>
<td title='com.hrmscorehrmsselfcare.testcases.AttendanceTest.Attendancemdle()'><b>Attendancemdle</b><br>Test class: com.hrmscorehrmsselfcare.testcases.AttendanceTest</td>
<td></td>
<td>8</td>
<td>com.hrmscorehrmsselfcare.testcases.AttendanceTest@3feb2dda</td></tr>
<tr>
<td title='com.hrmscorehrmsselfcare.testcases.ClaimObjectsTest.Empty()'><b>Empty</b><br>Test class: com.hrmscorehrmsselfcare.testcases.ClaimObjectsTest</td>
<td></td>
<td>14</td>
<td>com.hrmscorehrmsselfcare.testcases.ClaimObjectsTest@4b8d604b</td></tr>
<tr>
<td title='com.hrmscorehrmsselfcare.testcases.SlfShftCodeObjectsTest.cmpEdit()'><b>cmpEdit</b><br>Test class: com.hrmscorehrmsselfcare.testcases.SlfShftCodeObjectsTest</td>
<td></td>
<td>120</td>
<td>com.hrmscorehrmsselfcare.testcases.SlfShftCodeObjectsTest@15888343</td></tr>
<tr>
<td title='com.hrmscorehrmsselfcare.testcases.SlfFailObjectsTest.ApplyApprove()'><b>ApplyApprove</b><br>Test class: com.hrmscorehrmsselfcare.testcases.SlfFailObjectsTest</td>
<td></td>
<td>80</td>
<td>com.hrmscorehrmsselfcare.testcases.SlfFailObjectsTest@d554c5f</td></tr>
<tr>
<td title='com.hrmscorehrmsselfcare.testcases.RestDayTest.SearchRemove()'><b>SearchRemove</b><br>Test class: com.hrmscorehrmsselfcare.testcases.RestDayTest</td>
<td></td>
<td>0</td>
<td>com.hrmscorehrmsselfcare.testcases.RestDayTest@38467116</td></tr>
<tr>
<td title='com.hrmscorehrmsselfcare.testcases.OverTimeObjectsTest.ApprovalScreen()'><b>ApprovalScreen</b><br>Test class: com.hrmscorehrmsselfcare.testcases.OverTimeObjectsTest</td>
<td></td>
<td>115</td>
<td>com.hrmscorehrmsselfcare.testcases.OverTimeObjectsTest@43df23d3</td></tr>
<tr>
<td title='com.hrmscorehrmsselfcare.testcases.SlfShftCodeObjectsTest.sgleView()'><b>sgleView</b><br>Test class: com.hrmscorehrmsselfcare.testcases.SlfShftCodeObjectsTest</td>
<td></td>
<td>3</td>
<td>com.hrmscorehrmsselfcare.testcases.SlfShftCodeObjectsTest@15888343</td></tr>
<tr>
<td title='com.hrmscorehrmsselfcare.testcases.FailuretimeinoutObjectsTest.emptyAdd()'><b>emptyAdd</b><br>Test class: com.hrmscorehrmsselfcare.testcases.FailuretimeinoutObjectsTest</td>
<td></td>
<td>33</td>
<td>com.hrmscorehrmsselfcare.testcases.FailuretimeinoutObjectsTest@5b7a7f33</td></tr>
<tr>
<td title='com.hrmscorehrmsselfcare.testcases.SlfTakecompObjectsTest.Takecancel()'><b>Takecancel</b><br>Test class: com.hrmscorehrmsselfcare.testcases.SlfTakecompObjectsTest</td>
<td></td>
<td>6</td>
<td>com.hrmscorehrmsselfcare.testcases.SlfTakecompObjectsTest@6e2829c7</td></tr>
<tr>
<td title='com.hrmscorehrmsselfcare.testcases.SlfTakecompObjectsTest.TakeView()'><b>TakeView</b><br>Test class: com.hrmscorehrmsselfcare.testcases.SlfTakecompObjectsTest</td>
<td></td>
<td>7</td>
<td>com.hrmscorehrmsselfcare.testcases.SlfTakecompObjectsTest@6e2829c7</td></tr>
<tr>
<td title='com.hrmscorehrmsselfcare.testcases.SlfShftCodeObjectsTest.cmpView()'><b>cmpView</b><br>Test class: com.hrmscorehrmsselfcare.testcases.SlfShftCodeObjectsTest</td>
<td></td>
<td>4</td>
<td>com.hrmscorehrmsselfcare.testcases.SlfShftCodeObjectsTest@15888343</td></tr>
<tr>
<td title='com.hrmscorehrmsselfcare.testcases.SlfShftCodeObjectsTest.cmpEmpty()'><b>cmpEmpty</b><br>Test class: com.hrmscorehrmsselfcare.testcases.SlfShftCodeObjectsTest</td>
<td></td>
<td>14</td>
<td>com.hrmscorehrmsselfcare.testcases.SlfShftCodeObjectsTest@15888343</td></tr>
<tr>
<td title='com.hrmscorehrmsselfcare.testcases.PermsnAplyObjectsTest.TableValidation()'><b>TableValidation</b><br>Test class: com.hrmscorehrmsselfcare.testcases.PermsnAplyObjectsTest</td>
<td></td>
<td>18</td>
<td>com.hrmscorehrmsselfcare.testcases.PermsnAplyObjectsTest@57bc27f5</td></tr>
<tr>
<td title='com.hrmscorehrmsselfcare.testcases.MissedPunchObjectsTest.missedPunch()'><b>missedPunch</b><br>Test class: com.hrmscorehrmsselfcare.testcases.MissedPunchObjectsTest</td>
<td></td>
<td>13</td>
<td>com.hrmscorehrmsselfcare.testcases.MissedPunchObjectsTest@1c742ed4</td></tr>
<tr>
<td title='com.hrmscorehrmsselfcare.testcases.SlfFailObjectsTest.Edit()'><b>Edit</b><br>Test class: com.hrmscorehrmsselfcare.testcases.SlfFailObjectsTest</td>
<td></td>
<td>123</td>
<td>com.hrmscorehrmsselfcare.testcases.SlfFailObjectsTest@d554c5f</td></tr>
<tr>
<td title='com.hrmscorehrmsselfcare.testcases.SlfPermissionObjectsTest.Search()'><b>Search</b><br>Test class: com.hrmscorehrmsselfcare.testcases.SlfPermissionObjectsTest</td>
<td></td>
<td>1</td>
<td>com.hrmscorehrmsselfcare.testcases.SlfPermissionObjectsTest@33ecda92</td></tr>
<tr>
<td title='com.hrmscorehrmsselfcare.testcases.SlfTeamSCObjectsTest.CmpdEmptyAdd()'><b>CmpdEmptyAdd</b><br>Test class: com.hrmscorehrmsselfcare.testcases.SlfTeamSCObjectsTest</td>
<td></td>
<td>9</td>
<td>com.hrmscorehrmsselfcare.testcases.SlfTeamSCObjectsTest@69c81773</td></tr>
<tr>
<td title='com.hrmscorehrmsselfcare.testcases.SlfRstDayObjectsTest.rvmeEmptyAdd()'><b>rvmeEmptyAdd</b><br>Test class: com.hrmscorehrmsselfcare.testcases.SlfRstDayObjectsTest</td>
<td></td>
<td>9</td>
<td>com.hrmscorehrmsselfcare.testcases.SlfRstDayObjectsTest@68c9d179</td></tr>
<tr>
<td title='com.hrmscorehrmsselfcare.testcases.SlfObtObjectsTest.View()'><b>View</b><br>Test class: com.hrmscorehrmsselfcare.testcases.SlfObtObjectsTest</td>
<td></td>
<td>3</td>
<td>com.hrmscorehrmsselfcare.testcases.SlfObtObjectsTest@2dfaea86</td></tr>
<tr>
<td title='com.hrmscorehrmsselfcare.testcases.RestDayTest.SearchAdd()'><b>SearchAdd</b><br>Test class: com.hrmscorehrmsselfcare.testcases.RestDayTest</td>
<td></td>
<td>0</td>
<td>com.hrmscorehrmsselfcare.testcases.RestDayTest@38467116</td></tr>
<tr>
<td title='com.hrmscorehrmsselfcare.testcases.ShiftCodeObjectsTest.SingleCancel()'><b>SingleCancel</b><br>Test class: com.hrmscorehrmsselfcare.testcases.ShiftCodeObjectsTest</td>
<td></td>
<td>22</td>
<td>com.hrmscorehrmsselfcare.testcases.ShiftCodeObjectsTest@5c7933ad</td></tr>
<tr>
<td title='com.hrmscorehrmsselfcare.testcases.FailuretimeinoutObjectsTest.Cancel()'><b>Cancel</b><br>Test class: com.hrmscorehrmsselfcare.testcases.FailuretimeinoutObjectsTest</td>
<td></td>
<td>25</td>
<td>com.hrmscorehrmsselfcare.testcases.FailuretimeinoutObjectsTest@5b7a7f33</td></tr>
<tr>
<td title='com.hrmscorehrmsselfcare.testcases.OfficialBTObjectsTest.Approval()'><b>Approval</b><br>Test class: com.hrmscorehrmsselfcare.testcases.OfficialBTObjectsTest</td>
<td></td>
<td>4</td>
<td>com.hrmscorehrmsselfcare.testcases.OfficialBTObjectsTest@790da477</td></tr>
<tr>
<td title='com.hrmscorehrmsselfcare.testcases.PermsnAplyObjectsTest.Search()'><b>Search</b><br>Test class: com.hrmscorehrmsselfcare.testcases.PermsnAplyObjectsTest</td>
<td></td>
<td>16</td>
<td>com.hrmscorehrmsselfcare.testcases.PermsnAplyObjectsTest@57bc27f5</td></tr>
<tr>
<td title='com.hrmscorehrmsselfcare.testcases.SlfRstDayObjectsTest.AddrstdayEdit()'><b>AddrstdayEdit</b><br>Test class: com.hrmscorehrmsselfcare.testcases.SlfRstDayObjectsTest</td>
<td></td>
<td>6</td>
<td>com.hrmscorehrmsselfcare.testcases.SlfRstDayObjectsTest@68c9d179</td></tr>
<tr>
<td title='com.hrmscorehrmsselfcare.testcases.SlfShftCodeObjectsTest.sglevalisdation()'><b>sglevalisdation</b><br>Test class: com.hrmscorehrmsselfcare.testcases.SlfShftCodeObjectsTest</td>
<td></td>
<td>7</td>
<td>com.hrmscorehrmsselfcare.testcases.SlfShftCodeObjectsTest@15888343</td></tr>
<tr>
<td title='com.hrmscorehrmsselfcare.testcases.SlfObtObjectsTest.ApplyApproval()'><b>ApplyApproval</b><br>Test class: com.hrmscorehrmsselfcare.testcases.SlfObtObjectsTest</td>
<td></td>
<td>76</td>
<td>com.hrmscorehrmsselfcare.testcases.SlfObtObjectsTest@2dfaea86</td></tr>
<tr>
<td title='com.hrmscorehrmsselfcare.testcases.RestDayTest.EmptyAdd()'><b>EmptyAdd</b><br>Test class: com.hrmscorehrmsselfcare.testcases.RestDayTest</td>
<td></td>
<td>26</td>
<td>com.hrmscorehrmsselfcare.testcases.RestDayTest@38467116</td></tr>
<tr>
<td title='com.hrmscorehrmsselfcare.testcases.SlfFailObjectsTest.EmptyAdd()'><b>EmptyAdd</b><br>Test class: com.hrmscorehrmsselfcare.testcases.SlfFailObjectsTest</td>
<td></td>
<td>19</td>
<td>com.hrmscorehrmsselfcare.testcases.SlfFailObjectsTest@d554c5f</td></tr>
<tr>
<td title='com.hrmscorehrmsselfcare.testcases.SlfShftCodeObjectsTest.sgleEdit()'><b>sgleEdit</b><br>Test class: com.hrmscorehrmsselfcare.testcases.SlfShftCodeObjectsTest</td>
<td></td>
<td>118</td>
<td>com.hrmscorehrmsselfcare.testcases.SlfShftCodeObjectsTest@15888343</td></tr>
<tr>
<td title='com.hrmscorehrmsselfcare.testcases.SlfPermissionObjectsTest.Edit()'><b>Edit</b><br>Test class: com.hrmscorehrmsselfcare.testcases.SlfPermissionObjectsTest</td>
<td></td>
<td>14</td>
<td>com.hrmscorehrmsselfcare.testcases.SlfPermissionObjectsTest@33ecda92</td></tr>
<tr>
<td title='com.hrmscorehrmsselfcare.testcases.RestDayTest.CancelChange()'><b>CancelChange</b><br>Test class: com.hrmscorehrmsselfcare.testcases.RestDayTest</td>
<td></td>
<td>17</td>
<td>com.hrmscorehrmsselfcare.testcases.RestDayTest@38467116</td></tr>
<tr>
<td title='com.hrmscorehrmsselfcare.testcases.SlfObtObjectsTest.TableValidation()'><b>TableValidation</b><br>Test class: com.hrmscorehrmsselfcare.testcases.SlfObtObjectsTest</td>
<td></td>
<td>5</td>
<td>com.hrmscorehrmsselfcare.testcases.SlfObtObjectsTest@2dfaea86</td></tr>
<tr>
<td title='com.hrmscorehrmsselfcare.testcases.SlfRstDayObjectsTest.Search()'><b>Search</b><br>Test class: com.hrmscorehrmsselfcare.testcases.SlfRstDayObjectsTest</td>
<td></td>
<td>2</td>
<td>com.hrmscorehrmsselfcare.testcases.SlfRstDayObjectsTest@68c9d179</td></tr>
<tr>
<td title='com.hrmscorehrmsselfcare.testcases.SlfPermissionObjectsTest.TableValidation()'><b>TableValidation</b><br>Test class: com.hrmscorehrmsselfcare.testcases.SlfPermissionObjectsTest</td>
<td></td>
<td>3</td>
<td>com.hrmscorehrmsselfcare.testcases.SlfPermissionObjectsTest@33ecda92</td></tr>
<tr>
<td title='com.hrmscorehrmsselfcare.testcases.ShiftCodeObjectsTest.SingleApproval()'><b>SingleApproval</b><br>Test class: com.hrmscorehrmsselfcare.testcases.ShiftCodeObjectsTest</td>
<td></td>
<td>3</td>
<td>com.hrmscorehrmsselfcare.testcases.ShiftCodeObjectsTest@5c7933ad</td></tr>
<tr>
<td title='com.hrmscorehrmsselfcare.testcases.SlfTeamFailObjectsTest.FailioTeamAprvHstry()'><b>FailioTeamAprvHstry</b><br>Test class: com.hrmscorehrmsselfcare.testcases.SlfTeamFailObjectsTest</td>
<td></td>
<td>60</td>
<td>com.hrmscorehrmsselfcare.testcases.SlfTeamFailObjectsTest@dc7df28</td></tr>
<tr>
<td title='com.hrmscorehrmsselfcare.testcases.OverTimeObjectsTest.DataValidation()'><b>DataValidation</b><br>Test class: com.hrmscorehrmsselfcare.testcases.OverTimeObjectsTest</td>
<td></td>
<td>16</td>
<td>com.hrmscorehrmsselfcare.testcases.OverTimeObjectsTest@43df23d3</td></tr>
<tr>
<td title='com.hrmscorehrmsselfcare.testcases.SlfTeamRstdayObjectsTest.rdTeamAprvHstry()'><b>rdTeamAprvHstry</b><br>Test class: com.hrmscorehrmsselfcare.testcases.SlfTeamRstdayObjectsTest</td>
<td></td>
<td>60</td>
<td>com.hrmscorehrmsselfcare.testcases.SlfTeamRstdayObjectsTest@55de24cc</td></tr>
<tr>
<td title='com.hrmscorehrmsselfcare.testcases.FailuretimeinoutObjectsTest.Approval()'><b>Approval</b><br>Test class: com.hrmscorehrmsselfcare.testcases.FailuretimeinoutObjectsTest</td>
<td></td>
<td>114</td>
<td>com.hrmscorehrmsselfcare.testcases.FailuretimeinoutObjectsTest@5b7a7f33</td></tr>
<tr>
<td title='com.hrmscorehrmsselfcare.testcases.SlfRstDayObjectsTest.RestdayValidation()'><b>RestdayValidation</b><br>Test class: com.hrmscorehrmsselfcare.testcases.SlfRstDayObjectsTest</td>
<td></td>
<td>7</td>
<td>com.hrmscorehrmsselfcare.testcases.SlfRstDayObjectsTest@68c9d179</td></tr>
<tr>
<td title='com.hrmscorehrmsselfcare.testcases.OfficialBTObjectsTest.Search()'><b>Search</b><br>Test class: com.hrmscorehrmsselfcare.testcases.OfficialBTObjectsTest</td>
<td></td>
<td>16</td>
<td>com.hrmscorehrmsselfcare.testcases.OfficialBTObjectsTest@790da477</td></tr>
<tr>
<td title='com.hrmscorehrmsselfcare.testcases.SlfObtObjectsTest.Edit()'><b>Edit</b><br>Test class: com.hrmscorehrmsselfcare.testcases.SlfObtObjectsTest</td>
<td></td>
<td>12</td>
<td>com.hrmscorehrmsselfcare.testcases.SlfObtObjectsTest@2dfaea86</td></tr>
<tr>
<td title='com.hrmscorehrmsselfcare.testcases.SlfTeamSCObjectsTest.SingleEmptyAdd()'><b>SingleEmptyAdd</b><br>Test class: com.hrmscorehrmsselfcare.testcases.SlfTeamSCObjectsTest</td>
<td></td>
<td>9</td>
<td>com.hrmscorehrmsselfcare.testcases.SlfTeamSCObjectsTest@69c81773</td></tr>
<tr>
<td title='com.hrmscorehrmsselfcare.testcases.SlfTeamSCObjectsTest.sgleAprvlHstry()'><b>sgleAprvlHstry</b><br>Test class: com.hrmscorehrmsselfcare.testcases.SlfTeamSCObjectsTest</td>
<td></td>
<td>60</td>
<td>com.hrmscorehrmsselfcare.testcases.SlfTeamSCObjectsTest@69c81773</td></tr>
<tr>
<td title='com.hrmscorehrmsselfcare.testcases.OfficialBTObjectsTest.DataValidation()'><b>DataValidation</b><br>Test class: com.hrmscorehrmsselfcare.testcases.OfficialBTObjectsTest</td>
<td></td>
<td>20</td>
<td>com.hrmscorehrmsselfcare.testcases.OfficialBTObjectsTest@790da477</td></tr>
<tr>
<td title='com.hrmscorehrmsselfcare.testcases.SlfClaimObjectsTest.Claimdatatable()'><b>Claimdatatable</b><br>Test class: com.hrmscorehrmsselfcare.testcases.SlfClaimObjectsTest</td>
<td></td>
<td>12</td>
<td>com.hrmscorehrmsselfcare.testcases.SlfClaimObjectsTest@14fc5f04</td></tr>
<tr>
<td title='com.hrmscorehrmsselfcare.testcases.RestDayTest.CancelRemove()'><b>CancelRemove</b><br>Test class: com.hrmscorehrmsselfcare.testcases.RestDayTest</td>
<td></td>
<td>18</td>
<td>com.hrmscorehrmsselfcare.testcases.RestDayTest@38467116</td></tr>
<tr>
<td title='com.hrmscorehrmsselfcare.testcases.SlfShftCodeObjectsTest.sgleemptyAdd()'><b>sgleemptyAdd</b><br>Test class: com.hrmscorehrmsselfcare.testcases.SlfShftCodeObjectsTest</td>
<td></td>
<td>19</td>
<td>com.hrmscorehrmsselfcare.testcases.SlfShftCodeObjectsTest@15888343</td></tr>
<tr>
<td title='com.hrmscorehrmsselfcare.testcases.RawlogObjectsTest.rawlogs()'><b>rawlogs</b><br>Test class: com.hrmscorehrmsselfcare.testcases.RawlogObjectsTest</td>
<td></td>
<td>8</td>
<td>com.hrmscorehrmsselfcare.testcases.RawlogObjectsTest@6a8658ff</td></tr>
<tr>
<td title='com.hrmscorehrmsselfcare.testcases.SlfRstDayObjectsTest.ChgerstdayEdit()'><b>ChgerstdayEdit</b><br>Test class: com.hrmscorehrmsselfcare.testcases.SlfRstDayObjectsTest</td>
<td></td>
<td>10</td>
<td>com.hrmscorehrmsselfcare.testcases.SlfRstDayObjectsTest@68c9d179</td></tr>
<tr>
<td title='com.hrmscorehrmsselfcare.testcases.SlfShftCodeObjectsTest.cmpvalidation()'><b>cmpvalidation</b><br>Test class: com.hrmscorehrmsselfcare.testcases.SlfShftCodeObjectsTest</td>
<td></td>
<td>6</td>
<td>com.hrmscorehrmsselfcare.testcases.SlfShftCodeObjectsTest@15888343</td></tr>
<tr>
<td title='com.hrmscorehrmsselfcare.testcases.ShiftCodeObjectsTest.CmpdSearch()'><b>CmpdSearch</b><br>Test class: com.hrmscorehrmsselfcare.testcases.ShiftCodeObjectsTest</td>
<td></td>
<td>17</td>
<td>com.hrmscorehrmsselfcare.testcases.ShiftCodeObjectsTest@5c7933ad</td></tr>
<tr>
<td title='com.hrmscorehrmsselfcare.testcases.SlfRstDayObjectsTest.rmverstdayEdit()'><b>rmverstdayEdit</b><br>Test class: com.hrmscorehrmsselfcare.testcases.SlfRstDayObjectsTest</td>
<td></td>
<td>6</td>
<td>com.hrmscorehrmsselfcare.testcases.SlfRstDayObjectsTest@68c9d179</td></tr>
<tr>
<td title='com.hrmscorehrmsselfcare.testcases.PermsnAplyObjectsTest.EmptyAdd()'><b>EmptyAdd</b><br>Test class: com.hrmscorehrmsselfcare.testcases.PermsnAplyObjectsTest</td>
<td></td>
<td>37</td>
<td>com.hrmscorehrmsselfcare.testcases.PermsnAplyObjectsTest@57bc27f5</td></tr>
<tr>
<td title='com.hrmscorehrmsselfcare.testcases.SlfTakecompObjectsTest.Takesearch()'><b>Takesearch</b><br>Test class: com.hrmscorehrmsselfcare.testcases.SlfTakecompObjectsTest</td>
<td></td>
<td>6</td>
<td>com.hrmscorehrmsselfcare.testcases.SlfTakecompObjectsTest@6e2829c7</td></tr>
<tr>
<td title='com.hrmscorehrmsselfcare.testcases.SlfShftCodeObjectsTest.cmpAdd()'><b>cmpAdd</b><br>Test class: com.hrmscorehrmsselfcare.testcases.SlfShftCodeObjectsTest</td>
<td></td>
<td>5</td>
<td>com.hrmscorehrmsselfcare.testcases.SlfShftCodeObjectsTest@15888343</td></tr>
<tr>
<td title='com.hrmscorehrmsselfcare.testcases.OverTimeObjectsTest.Cancel()'><b>Cancel</b><br>Test class: com.hrmscorehrmsselfcare.testcases.OverTimeObjectsTest</td>
<td></td>
<td>24</td>
<td>com.hrmscorehrmsselfcare.testcases.OverTimeObjectsTest@43df23d3</td></tr>
<tr>
<td title='com.hrmscorehrmsselfcare.testcases.SlfObtObjectsTest.EmptyAdd()'><b>EmptyAdd</b><br>Test class: com.hrmscorehrmsselfcare.testcases.SlfObtObjectsTest</td>
<td></td>
<td>20</td>
<td>com.hrmscorehrmsselfcare.testcases.SlfObtObjectsTest@2dfaea86</td></tr>
<tr>
<td title='com.hrmscorehrmsselfcare.testcases.SlfTakecompObjectsTest.EmptyTake()'><b>EmptyTake</b><br>Test class: com.hrmscorehrmsselfcare.testcases.SlfTakecompObjectsTest</td>
<td></td>
<td>66</td>
<td>com.hrmscorehrmsselfcare.testcases.SlfTakecompObjectsTest@6e2829c7</td></tr>
<tr>
<td title='com.hrmscorehrmsselfcare.testcases.SlfShftCodeObjectsTest.sgleSearch()'><b>sgleSearch</b><br>Test class: com.hrmscorehrmsselfcare.testcases.SlfShftCodeObjectsTest</td>
<td></td>
<td>2</td>
<td>com.hrmscorehrmsselfcare.testcases.SlfShftCodeObjectsTest@15888343</td></tr>
<tr>
<td title='com.hrmscorehrmsselfcare.testcases.RestDayTest.EmptyAddChange()'><b>EmptyAddChange</b><br>Test class: com.hrmscorehrmsselfcare.testcases.RestDayTest</td>
<td></td>
<td>30</td>
<td>com.hrmscorehrmsselfcare.testcases.RestDayTest@38467116</td></tr>
<tr>
<td title='com.hrmscorehrmsselfcare.testcases.SlfPermissionObjectsTest.AplyAprvl()'><b>AplyAprvl</b><br>Test class: com.hrmscorehrmsselfcare.testcases.SlfPermissionObjectsTest</td>
<td></td>
<td>134</td>
<td>com.hrmscorehrmsselfcare.testcases.SlfPermissionObjectsTest@33ecda92</td></tr>
<tr>
<td title='com.hrmscorehrmsselfcare.testcases.HolidayObjectsTest.Search()'><b>Search</b><br>Test class: com.hrmscorehrmsselfcare.testcases.HolidayObjectsTest</td>
<td></td>
<td>16</td>
<td>com.hrmscorehrmsselfcare.testcases.HolidayObjectsTest@5fb759d6</td></tr>
<tr>
<td title='com.hrmscorehrmsselfcare.testcases.RestDayTest.DataValidation()'><b>DataValidation</b><br>Test class: com.hrmscorehrmsselfcare.testcases.RestDayTest</td>
<td></td>
<td>16</td>
<td>com.hrmscorehrmsselfcare.testcases.RestDayTest@38467116</td></tr>
<tr>
<td title='com.hrmscorehrmsselfcare.testcases.ShiftCodeObjectsTest.SingleDataValidation()'><b>SingleDataValidation</b><br>Test class: com.hrmscorehrmsselfcare.testcases.ShiftCodeObjectsTest</td>
<td></td>
<td>38</td>
<td>com.hrmscorehrmsselfcare.testcases.ShiftCodeObjectsTest@5c7933ad</td></tr>
<tr>
<td title='com.hrmscorehrmsselfcare.testcases.RestDayTest.EmptyAddRemove()'><b>EmptyAddRemove</b><br>Test class: com.hrmscorehrmsselfcare.testcases.RestDayTest</td>
<td></td>
<td>25</td>
<td>com.hrmscorehrmsselfcare.testcases.RestDayTest@38467116</td></tr>
<tr>
<td title='com.hrmscorehrmsselfcare.testcases.PermsnAplyObjectsTest.Cancel()'><b>Cancel</b><br>Test class: com.hrmscorehrmsselfcare.testcases.PermsnAplyObjectsTest</td>
<td></td>
<td>19</td>
<td>com.hrmscorehrmsselfcare.testcases.PermsnAplyObjectsTest@57bc27f5</td></tr>
<tr>
<td title='com.hrmscorehrmsselfcare.testcases.OfficialBTObjectsTest.EmptyAdd()'><b>EmptyAdd</b><br>Test class: com.hrmscorehrmsselfcare.testcases.OfficialBTObjectsTest</td>
<td></td>
<td>35</td>
<td>com.hrmscorehrmsselfcare.testcases.OfficialBTObjectsTest@790da477</td></tr>
<tr>
<td title='com.hrmscorehrmsselfcare.testcases.SlfPermissionObjectsTest.ViewIcon()'><b>ViewIcon</b><br>Test class: com.hrmscorehrmsselfcare.testcases.SlfPermissionObjectsTest</td>
<td></td>
<td>3</td>
<td>com.hrmscorehrmsselfcare.testcases.SlfPermissionObjectsTest@33ecda92</td></tr>
<tr>
<td title='com.hrmscorehrmsselfcare.testcases.ShiftCodeObjectsTest.CmpdEmpAdd()'><b>CmpdEmpAdd</b><br>Test class: com.hrmscorehrmsselfcare.testcases.ShiftCodeObjectsTest</td>
<td></td>
<td>22</td>
<td>com.hrmscorehrmsselfcare.testcases.ShiftCodeObjectsTest@5c7933ad</td></tr>
<tr>
<td title='com.hrmscorehrmsselfcare.testcases.TeamtakeCompobjectsTest.Flow()'><b>Flow</b><br>Test class: com.hrmscorehrmsselfcare.testcases.TeamtakeCompobjectsTest</td>
<td></td>
<td>30</td>
<td>com.hrmscorehrmsselfcare.testcases.TeamtakeCompobjectsTest@7e990ed7</td></tr>
<tr>
<td title='com.hrmscorehrmsselfcare.testcases.ShiftCodeObjectsTest.CmpdCancel()'><b>CmpdCancel</b><br>Test class: com.hrmscorehrmsselfcare.testcases.ShiftCodeObjectsTest</td>
<td></td>
<td>25</td>
<td>com.hrmscorehrmsselfcare.testcases.ShiftCodeObjectsTest@5c7933ad</td></tr>
<tr>
<td title='com.hrmscorehrmsselfcare.testcases.SlfClaimObjectsTest.Emptyclaim()'><b>Emptyclaim</b><br>Test class: com.hrmscorehrmsselfcare.testcases.SlfClaimObjectsTest</td>
<td></td>
<td>10</td>
<td>com.hrmscorehrmsselfcare.testcases.SlfClaimObjectsTest@14fc5f04</td></tr>
<tr>
<td title='com.hrmscorehrmsselfcare.testcases.SlfTeamSCObjectsTest.CmpdshiftAdd()'><b>CmpdshiftAdd</b><br>Test class: com.hrmscorehrmsselfcare.testcases.SlfTeamSCObjectsTest</td>
<td></td>
<td>9</td>
<td>com.hrmscorehrmsselfcare.testcases.SlfTeamSCObjectsTest@69c81773</td></tr>
<tr>
<td title='com.hrmscorehrmsselfcare.testcases.TakecompObjectsTest.TakeoffEmpty()'><b>TakeoffEmpty</b><br>Test class: com.hrmscorehrmsselfcare.testcases.TakecompObjectsTest</td>
<td></td>
<td>67</td>
<td>com.hrmscorehrmsselfcare.testcases.TakecompObjectsTest@5e7cd6cc</td></tr>
<tr>
<td title='com.hrmscorehrmsselfcare.testcases.ClaimObjectsTest.ClaimoffSearch()'><b>ClaimoffSearch</b><br>Test class: com.hrmscorehrmsselfcare.testcases.ClaimObjectsTest</td>
<td></td>
<td>12</td>
<td>com.hrmscorehrmsselfcare.testcases.ClaimObjectsTest@4b8d604b</td></tr>
<tr>
<td title='com.hrmscorehrmsselfcare.testcases.HolidayObjectsTest.EmptyAdd()'><b>EmptyAdd</b><br>Test class: com.hrmscorehrmsselfcare.testcases.HolidayObjectsTest</td>
<td></td>
<td>27</td>
<td>com.hrmscorehrmsselfcare.testcases.HolidayObjectsTest@5fb759d6</td></tr>
<tr>
<td title='com.hrmscorehrmsselfcare.testcases.TakecompObjectsTest.TakeoffSearch()'><b>TakeoffSearch</b><br>Test class: com.hrmscorehrmsselfcare.testcases.TakecompObjectsTest</td>
<td></td>
<td>11</td>
<td>com.hrmscorehrmsselfcare.testcases.TakecompObjectsTest@5e7cd6cc</td></tr>
<tr>
<td title='com.hrmscorehrmsselfcare.testcases.SlfObtObjectsTest.Search()'><b>Search</b><br>Test class: com.hrmscorehrmsselfcare.testcases.SlfObtObjectsTest</td>
<td></td>
<td>1</td>
<td>com.hrmscorehrmsselfcare.testcases.SlfObtObjectsTest@2dfaea86</td></tr>
<tr>
<td title='com.hrmscorehrmsselfcare.testcases.SlfClaimObjectsTest.ClaimView()'><b>ClaimView</b><br>Test class: com.hrmscorehrmsselfcare.testcases.SlfClaimObjectsTest</td>
<td></td>
<td>3</td>
<td>com.hrmscorehrmsselfcare.testcases.SlfClaimObjectsTest@14fc5f04</td></tr>
<tr>
<td title='com.hrmscorehrmsselfcare.testcases.SlfRstDayObjectsTest.ChgEmptyAdd()'><b>ChgEmptyAdd</b><br>Test class: com.hrmscorehrmsselfcare.testcases.SlfRstDayObjectsTest</td>
<td></td>
<td>10</td>
<td>com.hrmscorehrmsselfcare.testcases.SlfRstDayObjectsTest@68c9d179</td></tr>
<tr>
<td title='com.hrmscorehrmsselfcare.testcases.ShiftCodeObjectsTest.EmptyAdd()'><b>EmptyAdd</b><br>Test class: com.hrmscorehrmsselfcare.testcases.ShiftCodeObjectsTest</td>
<td></td>
<td>29</td>
<td>com.hrmscorehrmsselfcare.testcases.ShiftCodeObjectsTest@5c7933ad</td></tr>
<tr>
<td title='com.hrmscorehrmsselfcare.testcases.SlfFailObjectsTest.view()'><b>view</b><br>Test class: com.hrmscorehrmsselfcare.testcases.SlfFailObjectsTest</td>
<td></td>
<td>2</td>
<td>com.hrmscorehrmsselfcare.testcases.SlfFailObjectsTest@d554c5f</td></tr>
<tr>
<td title='com.hrmscorehrmsselfcare.testcases.OfficialBTObjectsTest.Cancel()'><b>Cancel</b><br>Test class: com.hrmscorehrmsselfcare.testcases.OfficialBTObjectsTest</td>
<td></td>
<td>17</td>
<td>com.hrmscorehrmsselfcare.testcases.OfficialBTObjectsTest@790da477</td></tr>
<tr>
<td title='com.hrmscorehrmsselfcare.testcases.SlfRstDayObjectsTest.AddEmptyAdd()'><b>AddEmptyAdd</b><br>Test class: com.hrmscorehrmsselfcare.testcases.SlfRstDayObjectsTest</td>
<td></td>
<td>12</td>
<td>com.hrmscorehrmsselfcare.testcases.SlfRstDayObjectsTest@68c9d179</td></tr>
<tr>
<td title='com.hrmscorehrmsselfcare.testcases.FailuretimeinoutObjectsTest.TableValidation()'><b>TableValidation</b><br>Test class: com.hrmscorehrmsselfcare.testcases.FailuretimeinoutObjectsTest</td>
<td></td>
<td>23</td>
<td>com.hrmscorehrmsselfcare.testcases.FailuretimeinoutObjectsTest@5b7a7f33</td></tr>
<tr>
<td title='com.hrmscorehrmsselfcare.testcases.SlfTeamotObjectsTest.SlfTeamotAprvhstry()'><b>SlfTeamotAprvhstry</b><br>Test class: com.hrmscorehrmsselfcare.testcases.SlfTeamotObjectsTest</td>
<td></td>
<td>60</td>
<td>com.hrmscorehrmsselfcare.testcases.SlfTeamotObjectsTest@333d4a8c</td></tr>
<tr>
<td title='com.hrmscorehrmsselfcare.testcases.ClaimObjectsTest.Apply()'><b>Apply</b><br>Test class: com.hrmscorehrmsselfcare.testcases.ClaimObjectsTest</td>
<td></td>
<td>12</td>
<td>com.hrmscorehrmsselfcare.testcases.ClaimObjectsTest@4b8d604b</td></tr>
<tr>
<td title='com.hrmscorehrmsselfcare.testcases.SlfFailObjectsTest.Tablevalidation()'><b>Tablevalidation</b><br>Test class: com.hrmscorehrmsselfcare.testcases.SlfFailObjectsTest</td>
<td></td>
<td>6</td>
<td>com.hrmscorehrmsselfcare.testcases.SlfFailObjectsTest@d554c5f</td></tr>
<tr>
<td title='com.hrmscorehrmsselfcare.testcases.SlfTeamOBTObjectsTest.OBTteamAprvhstry()'><b>OBTteamAprvhstry</b><br>Test class: com.hrmscorehrmsselfcare.testcases.SlfTeamOBTObjectsTest</td>
<td></td>
<td>60</td>
<td>com.hrmscorehrmsselfcare.testcases.SlfTeamOBTObjectsTest@30f842ca</td></tr>
<tr>
<td title='com.hrmscorehrmsselfcare.testcases.RestDayTest.CancelAdd()'><b>CancelAdd</b><br>Test class: com.hrmscorehrmsselfcare.testcases.RestDayTest</td>
<td></td>
<td>18</td>
<td>com.hrmscorehrmsselfcare.testcases.RestDayTest@38467116</td></tr>
<tr>
<td title='com.hrmscorehrmsselfcare.testcases.FailuretimeinoutObjectsTest.Search()'><b>Search</b><br>Test class: com.hrmscorehrmsselfcare.testcases.FailuretimeinoutObjectsTest</td>
<td></td>
<td>17</td>
<td>com.hrmscorehrmsselfcare.testcases.FailuretimeinoutObjectsTest@5b7a7f33</td></tr>
<tr>
<td title='com.hrmscorehrmsselfcare.testcases.SlfPermissionObjectsTest.EmptyAdd()'><b>EmptyAdd</b><br>Test class: com.hrmscorehrmsselfcare.testcases.SlfPermissionObjectsTest</td>
<td></td>
<td>19</td>
<td>com.hrmscorehrmsselfcare.testcases.SlfPermissionObjectsTest@33ecda92</td></tr>
<tr>
<td title='com.hrmscorehrmsselfcare.testcases.OverTimeObjectsTest.OTEmptyAdd()'><b>OTEmptyAdd</b><br>Test class: com.hrmscorehrmsselfcare.testcases.OverTimeObjectsTest</td>
<td></td>
<td>19</td>
<td>com.hrmscorehrmsselfcare.testcases.OverTimeObjectsTest@43df23d3</td></tr>
<tr>
<td title='com.hrmscorehrmsselfcare.testcases.SlfShftCodeObjectsTest.cmpSearch()'><b>cmpSearch</b><br>Test class: com.hrmscorehrmsselfcare.testcases.SlfShftCodeObjectsTest</td>
<td></td>
<td>56</td>
<td>com.hrmscorehrmsselfcare.testcases.SlfShftCodeObjectsTest@15888343</td></tr>
<tr>
<td title='com.hrmscorehrmsselfcare.testcases.SlfRstDayObjectsTest.ViewPage()'><b>ViewPage</b><br>Test class: com.hrmscorehrmsselfcare.testcases.SlfRstDayObjectsTest</td>
<td></td>
<td>4</td>
<td>com.hrmscorehrmsselfcare.testcases.SlfRstDayObjectsTest@68c9d179</td></tr>
<tr>
<td title='com.hrmscorehrmsselfcare.testcases.SlfFailObjectsTest.Search()'><b>Search</b><br>Test class: com.hrmscorehrmsselfcare.testcases.SlfFailObjectsTest</td>
<td></td>
<td>1</td>
<td>com.hrmscorehrmsselfcare.testcases.SlfFailObjectsTest@d554c5f</td></tr>
</table><p>
</body>
</html>