<html>
<head>
<title>TestNG:  HRMSAutomationReports</title>
<link href="../testng.css" rel="stylesheet" type="text/css" />
<link href="../my-testng.css" rel="stylesheet" type="text/css" />

<style type="text/css">
.log { display: none;} 
.stack-trace { display: none;} 
</style>
<script type="text/javascript">
<!--
function flip(e) {
  current = e.style.display;
  if (current == 'block') {
    e.style.display = 'none';
    return 0;
  }
  else {
    e.style.display = 'block';
    return 1;
  }
}

function toggleBox(szDivId, elem, msg1, msg2)
{
  var res = -1;  if (document.getElementById) {
    res = flip(document.getElementById(szDivId));
  }
  else if (document.all) {
    // this is the way old msie versions work
    res = flip(document.all[szDivId]);
  }
  if(elem) {
    if(res == 0) elem.innerHTML = msg1; else elem.innerHTML = msg2;
  }

}

function toggleAllBoxes() {
  if (document.getElementsByTagName) {
    d = document.getElementsByTagName('div');
    for (i = 0; i < d.length; i++) {
      if (d[i].className == 'log') {
        flip(d[i]);
      }
    }
  }
}

// -->
</script>

</head>
<body>
<h2 align='center'>HRMSAutomationReports</h2><table border='1' align="center">
<tr>
<td>Tests passed/Failed/Skipped:</td><td>240/23/0</td>
</tr><tr>
<td>Started on:</td><td>Thu Feb 02 16:34:09 IST 2023</td>
</tr>
<tr><td>Total time:</td><td>10249 seconds (10249207 ms)</td>
</tr><tr>
<td>Included groups:</td><td></td>
</tr><tr>
<td>Excluded groups:</td><td></td>
</tr>
</table><p/>
<small><i>(Hover the method name to see the test class name)</i></small><p/>
<table width='100%' border='1' class='invocation-failed'>
<tr><td colspan='4' align='center'><b>FAILED TESTS</b></td></tr>
<tr><td><b>Test method</b></td>
<td width="30%"><b>Exception</b></td>
<td width="10%"><b>Time (seconds)</b></td>
<td><b>Instance</b></td>
</tr>
<tr>
<td title='com.hrmsreports.testcases.ReportStandardProfileSalaryYearsOfServiceTest.verifyReportProfileSalaryYearofServiceCheckDownloadExcel()'><b>verifyReportProfileSalaryYearofServiceCheckDownloadExcel</b><br>Test class: com.hrmsreports.testcases.ReportStandardProfileSalaryYearsOfServiceTest</td>
<td><div><pre>java.lang.AssertionError: expected [true] but found [false]
	at com.hrmsreports.testcases.ReportStandardProfileSalaryYearsOfServiceTest.verifyReportProfileSalaryYearofServiceCheckDownloadExcel(ReportStandardProfileSalaryYearsOfServiceTest.java:96)
	at java.base/java.util.ArrayList.forEach(ArrayList.java:1541)
... Removed 31 stack frames</pre></div><a href='#' onClick='toggleBox("stack-trace1785316488", this, "Click to show all stack frames", "Click to hide stack frames")'>Click to show all stack frames</a>
<div class='stack-trace' id='stack-trace1785316488'><pre>java.lang.AssertionError: expected [true] but found [false]
	at org.testng.Assert.fail(Assert.java:99)
	at org.testng.Assert.failNotEquals(Assert.java:1037)
	at org.testng.Assert.assertTrue(Assert.java:45)
	at org.testng.Assert.assertTrue(Assert.java:55)
	at com.hrmsreports.testcases.ReportStandardProfileSalaryYearsOfServiceTest.verifyReportProfileSalaryYearofServiceCheckDownloadExcel(ReportStandardProfileSalaryYearsOfServiceTest.java:96)
	at java.base/jdk.internal.reflect.NativeMethodAccessorImpl.invoke0(Native Method)
	at java.base/jdk.internal.reflect.NativeMethodAccessorImpl.invoke(NativeMethodAccessorImpl.java:62)
	at java.base/jdk.internal.reflect.DelegatingMethodAccessorImpl.invoke(DelegatingMethodAccessorImpl.java:43)
	at java.base/java.lang.reflect.Method.invoke(Method.java:566)
	at org.testng.internal.MethodInvocationHelper.invokeMethod(MethodInvocationHelper.java:133)
	at org.testng.internal.TestInvoker.invokeMethod(TestInvoker.java:598)
	at org.testng.internal.TestInvoker.invokeTestMethod(TestInvoker.java:173)
	at org.testng.internal.MethodRunner.runInSequence(MethodRunner.java:46)
	at org.testng.internal.TestInvoker$MethodInvocationAgent.invoke(TestInvoker.java:824)
	at org.testng.internal.TestInvoker.invokeTestMethods(TestInvoker.java:146)
	at org.testng.internal.TestMethodWorker.invokeTestMethods(TestMethodWorker.java:146)
	at org.testng.internal.TestMethodWorker.run(TestMethodWorker.java:128)
	at java.base/java.util.ArrayList.forEach(ArrayList.java:1541)
	at org.testng.TestRunner.privateRun(TestRunner.java:794)
	at org.testng.TestRunner.run(TestRunner.java:596)
	at org.testng.SuiteRunner.runTest(SuiteRunner.java:377)
	at org.testng.SuiteRunner.runSequentially(SuiteRunner.java:371)
	at org.testng.SuiteRunner.privateRun(SuiteRunner.java:332)
	at org.testng.SuiteRunner.run(SuiteRunner.java:276)
	at org.testng.SuiteRunnerWorker.runSuite(SuiteRunnerWorker.java:53)
	at org.testng.SuiteRunnerWorker.run(SuiteRunnerWorker.java:96)
	at org.testng.TestNG.runSuitesSequentially(TestNG.java:1212)
	at org.testng.TestNG.runSuitesLocally(TestNG.java:1134)
	at org.testng.TestNG.runSuites(TestNG.java:1063)
	at org.testng.TestNG.run(TestNG.java:1031)
	at org.testng.remote.AbstractRemoteTestNG.run(AbstractRemoteTestNG.java:115)
	at org.testng.remote.RemoteTestNG.initAndRun(RemoteTestNG.java:251)
	at org.testng.remote.RemoteTestNG.main(RemoteTestNG.java:77)
</pre></div></td>
<td>58</td>
<td>com.hrmsreports.testcases.ReportStandardProfileSalaryYearsOfServiceTest@19835e64</td></tr>
<tr>
<td title='com.hrmsreports.testcases.ReportsStandardProfileSalaryRetirableTest.verifyReportProfileSalaryRetirableCheckDownloadExcel()'><b>verifyReportProfileSalaryRetirableCheckDownloadExcel</b><br>Test class: com.hrmsreports.testcases.ReportsStandardProfileSalaryRetirableTest</td>
<td><div><pre>java.lang.AssertionError: expected [true] but found [false]
	at com.hrmsreports.testcases.ReportsStandardProfileSalaryRetirableTest.verifyReportProfileSalaryRetirableCheckDownloadExcel(ReportsStandardProfileSalaryRetirableTest.java:96)
	at java.base/java.util.ArrayList.forEach(ArrayList.java:1541)
... Removed 31 stack frames</pre></div><a href='#' onClick='toggleBox("stack-trace750558719", this, "Click to show all stack frames", "Click to hide stack frames")'>Click to show all stack frames</a>
<div class='stack-trace' id='stack-trace750558719'><pre>java.lang.AssertionError: expected [true] but found [false]
	at org.testng.Assert.fail(Assert.java:99)
	at org.testng.Assert.failNotEquals(Assert.java:1037)
	at org.testng.Assert.assertTrue(Assert.java:45)
	at org.testng.Assert.assertTrue(Assert.java:55)
	at com.hrmsreports.testcases.ReportsStandardProfileSalaryRetirableTest.verifyReportProfileSalaryRetirableCheckDownloadExcel(ReportsStandardProfileSalaryRetirableTest.java:96)
	at java.base/jdk.internal.reflect.NativeMethodAccessorImpl.invoke0(Native Method)
	at java.base/jdk.internal.reflect.NativeMethodAccessorImpl.invoke(NativeMethodAccessorImpl.java:62)
	at java.base/jdk.internal.reflect.DelegatingMethodAccessorImpl.invoke(DelegatingMethodAccessorImpl.java:43)
	at java.base/java.lang.reflect.Method.invoke(Method.java:566)
	at org.testng.internal.MethodInvocationHelper.invokeMethod(MethodInvocationHelper.java:133)
	at org.testng.internal.TestInvoker.invokeMethod(TestInvoker.java:598)
	at org.testng.internal.TestInvoker.invokeTestMethod(TestInvoker.java:173)
	at org.testng.internal.MethodRunner.runInSequence(MethodRunner.java:46)
	at org.testng.internal.TestInvoker$MethodInvocationAgent.invoke(TestInvoker.java:824)
	at org.testng.internal.TestInvoker.invokeTestMethods(TestInvoker.java:146)
	at org.testng.internal.TestMethodWorker.invokeTestMethods(TestMethodWorker.java:146)
	at org.testng.internal.TestMethodWorker.run(TestMethodWorker.java:128)
	at java.base/java.util.ArrayList.forEach(ArrayList.java:1541)
	at org.testng.TestRunner.privateRun(TestRunner.java:794)
	at org.testng.TestRunner.run(TestRunner.java:596)
	at org.testng.SuiteRunner.runTest(SuiteRunner.java:377)
	at org.testng.SuiteRunner.runSequentially(SuiteRunner.java:371)
	at org.testng.SuiteRunner.privateRun(SuiteRunner.java:332)
	at org.testng.SuiteRunner.run(SuiteRunner.java:276)
	at org.testng.SuiteRunnerWorker.runSuite(SuiteRunnerWorker.java:53)
	at org.testng.SuiteRunnerWorker.run(SuiteRunnerWorker.java:96)
	at org.testng.TestNG.runSuitesSequentially(TestNG.java:1212)
	at org.testng.TestNG.runSuitesLocally(TestNG.java:1134)
	at org.testng.TestNG.runSuites(TestNG.java:1063)
	at org.testng.TestNG.run(TestNG.java:1031)
	at org.testng.remote.AbstractRemoteTestNG.run(AbstractRemoteTestNG.java:115)
	at org.testng.remote.RemoteTestNG.initAndRun(RemoteTestNG.java:251)
	at org.testng.remote.RemoteTestNG.main(RemoteTestNG.java:77)
</pre></div></td>
<td>58</td>
<td>com.hrmsreports.testcases.ReportsStandardProfileSalaryRetirableTest@68b32e3e</td></tr>
<tr>
<td title='com.hrmsreports.testcases.ReportsStandardProfileSalaryEndOfConTractTest.verifyReportProfileSalaryEndOfConTractCheckDownloadPDF()'><b>verifyReportProfileSalaryEndOfConTractCheckDownloadPDF</b><br>Test class: com.hrmsreports.testcases.ReportsStandardProfileSalaryEndOfConTractTest</td>
<td><div><pre>java.lang.AssertionError: expected [true] but found [false]
	at com.hrmsreports.testcases.ReportsStandardProfileSalaryEndOfConTractTest.verifyReportProfileSalaryEndOfConTractCheckDownloadPDF(ReportsStandardProfileSalaryEndOfConTractTest.java:101)
	at java.base/java.util.ArrayList.forEach(ArrayList.java:1541)
... Removed 31 stack frames</pre></div><a href='#' onClick='toggleBox("stack-trace1373323743", this, "Click to show all stack frames", "Click to hide stack frames")'>Click to show all stack frames</a>
<div class='stack-trace' id='stack-trace1373323743'><pre>java.lang.AssertionError: expected [true] but found [false]
	at org.testng.Assert.fail(Assert.java:99)
	at org.testng.Assert.failNotEquals(Assert.java:1037)
	at org.testng.Assert.assertTrue(Assert.java:45)
	at org.testng.Assert.assertTrue(Assert.java:55)
	at com.hrmsreports.testcases.ReportsStandardProfileSalaryEndOfConTractTest.verifyReportProfileSalaryEndOfConTractCheckDownloadPDF(ReportsStandardProfileSalaryEndOfConTractTest.java:101)
	at java.base/jdk.internal.reflect.NativeMethodAccessorImpl.invoke0(Native Method)
	at java.base/jdk.internal.reflect.NativeMethodAccessorImpl.invoke(NativeMethodAccessorImpl.java:62)
	at java.base/jdk.internal.reflect.DelegatingMethodAccessorImpl.invoke(DelegatingMethodAccessorImpl.java:43)
	at java.base/java.lang.reflect.Method.invoke(Method.java:566)
	at org.testng.internal.MethodInvocationHelper.invokeMethod(MethodInvocationHelper.java:133)
	at org.testng.internal.TestInvoker.invokeMethod(TestInvoker.java:598)
	at org.testng.internal.TestInvoker.invokeTestMethod(TestInvoker.java:173)
	at org.testng.internal.MethodRunner.runInSequence(MethodRunner.java:46)
	at org.testng.internal.TestInvoker$MethodInvocationAgent.invoke(TestInvoker.java:824)
	at org.testng.internal.TestInvoker.invokeTestMethods(TestInvoker.java:146)
	at org.testng.internal.TestMethodWorker.invokeTestMethods(TestMethodWorker.java:146)
	at org.testng.internal.TestMethodWorker.run(TestMethodWorker.java:128)
	at java.base/java.util.ArrayList.forEach(ArrayList.java:1541)
	at org.testng.TestRunner.privateRun(TestRunner.java:794)
	at org.testng.TestRunner.run(TestRunner.java:596)
	at org.testng.SuiteRunner.runTest(SuiteRunner.java:377)
	at org.testng.SuiteRunner.runSequentially(SuiteRunner.java:371)
	at org.testng.SuiteRunner.privateRun(SuiteRunner.java:332)
	at org.testng.SuiteRunner.run(SuiteRunner.java:276)
	at org.testng.SuiteRunnerWorker.runSuite(SuiteRunnerWorker.java:53)
	at org.testng.SuiteRunnerWorker.run(SuiteRunnerWorker.java:96)
	at org.testng.TestNG.runSuitesSequentially(TestNG.java:1212)
	at org.testng.TestNG.runSuitesLocally(TestNG.java:1134)
	at org.testng.TestNG.runSuites(TestNG.java:1063)
	at org.testng.TestNG.run(TestNG.java:1031)
	at org.testng.remote.AbstractRemoteTestNG.run(AbstractRemoteTestNG.java:115)
	at org.testng.remote.RemoteTestNG.initAndRun(RemoteTestNG.java:251)
	at org.testng.remote.RemoteTestNG.main(RemoteTestNG.java:77)
</pre></div></td>
<td>58</td>
<td>com.hrmsreports.testcases.ReportsStandardProfileSalaryEndOfConTractTest@30af5b6b</td></tr>
<tr>
<td title='com.hrmsreports.testcases.ReportsStandardProfileSalaryCoeWithCompensationTest.verifyReportProfileSalarycoeWithCompensationRefreshCheck()'><b>verifyReportProfileSalarycoeWithCompensationRefreshCheck</b><br>Test class: com.hrmsreports.testcases.ReportsStandardProfileSalaryCoeWithCompensationTest</td>
<td><div><pre>java.lang.AssertionError: expected [true] but found [false]
	at com.hrmsreports.testcases.ReportsStandardProfileSalaryCoeWithCompensationTest.verifyReportProfileSalarycoeWithCompensationRefreshCheck(ReportsStandardProfileSalaryCoeWithCompensationTest.java:102)
	at java.base/java.util.ArrayList.forEach(ArrayList.java:1541)
... Removed 31 stack frames</pre></div><a href='#' onClick='toggleBox("stack-trace1186095382", this, "Click to show all stack frames", "Click to hide stack frames")'>Click to show all stack frames</a>
<div class='stack-trace' id='stack-trace1186095382'><pre>java.lang.AssertionError: expected [true] but found [false]
	at org.testng.Assert.fail(Assert.java:99)
	at org.testng.Assert.failNotEquals(Assert.java:1037)
	at org.testng.Assert.assertTrue(Assert.java:45)
	at org.testng.Assert.assertTrue(Assert.java:55)
	at com.hrmsreports.testcases.ReportsStandardProfileSalaryCoeWithCompensationTest.verifyReportProfileSalarycoeWithCompensationRefreshCheck(ReportsStandardProfileSalaryCoeWithCompensationTest.java:102)
	at java.base/jdk.internal.reflect.NativeMethodAccessorImpl.invoke0(Native Method)
	at java.base/jdk.internal.reflect.NativeMethodAccessorImpl.invoke(NativeMethodAccessorImpl.java:62)
	at java.base/jdk.internal.reflect.DelegatingMethodAccessorImpl.invoke(DelegatingMethodAccessorImpl.java:43)
	at java.base/java.lang.reflect.Method.invoke(Method.java:566)
	at org.testng.internal.MethodInvocationHelper.invokeMethod(MethodInvocationHelper.java:133)
	at org.testng.internal.TestInvoker.invokeMethod(TestInvoker.java:598)
	at org.testng.internal.TestInvoker.invokeTestMethod(TestInvoker.java:173)
	at org.testng.internal.MethodRunner.runInSequence(MethodRunner.java:46)
	at org.testng.internal.TestInvoker$MethodInvocationAgent.invoke(TestInvoker.java:824)
	at org.testng.internal.TestInvoker.invokeTestMethods(TestInvoker.java:146)
	at org.testng.internal.TestMethodWorker.invokeTestMethods(TestMethodWorker.java:146)
	at org.testng.internal.TestMethodWorker.run(TestMethodWorker.java:128)
	at java.base/java.util.ArrayList.forEach(ArrayList.java:1541)
	at org.testng.TestRunner.privateRun(TestRunner.java:794)
	at org.testng.TestRunner.run(TestRunner.java:596)
	at org.testng.SuiteRunner.runTest(SuiteRunner.java:377)
	at org.testng.SuiteRunner.runSequentially(SuiteRunner.java:371)
	at org.testng.SuiteRunner.privateRun(SuiteRunner.java:332)
	at org.testng.SuiteRunner.run(SuiteRunner.java:276)
	at org.testng.SuiteRunnerWorker.runSuite(SuiteRunnerWorker.java:53)
	at org.testng.SuiteRunnerWorker.run(SuiteRunnerWorker.java:96)
	at org.testng.TestNG.runSuitesSequentially(TestNG.java:1212)
	at org.testng.TestNG.runSuitesLocally(TestNG.java:1134)
	at org.testng.TestNG.runSuites(TestNG.java:1063)
	at org.testng.TestNG.run(TestNG.java:1031)
	at org.testng.remote.AbstractRemoteTestNG.run(AbstractRemoteTestNG.java:115)
	at org.testng.remote.RemoteTestNG.initAndRun(RemoteTestNG.java:251)
	at org.testng.remote.RemoteTestNG.main(RemoteTestNG.java:77)
</pre></div></td>
<td>58</td>
<td>com.hrmsreports.testcases.ReportsStandardProfileSalaryCoeWithCompensationTest@41709512</td></tr>
<tr>
<td title='com.hrmsreports.testcases.ReportsStandardProfileSalaryRetirableTest.verifyReportProfileSalaryRetirableCheckDownloadPDF()'><b>verifyReportProfileSalaryRetirableCheckDownloadPDF</b><br>Test class: com.hrmsreports.testcases.ReportsStandardProfileSalaryRetirableTest</td>
<td><div><pre>java.lang.AssertionError: expected [true] but found [false]
	at com.hrmsreports.testcases.ReportsStandardProfileSalaryRetirableTest.verifyReportProfileSalaryRetirableCheckDownloadPDF(ReportsStandardProfileSalaryRetirableTest.java:105)
	at java.base/java.util.ArrayList.forEach(ArrayList.java:1541)
... Removed 31 stack frames</pre></div><a href='#' onClick='toggleBox("stack-trace2069334993", this, "Click to show all stack frames", "Click to hide stack frames")'>Click to show all stack frames</a>
<div class='stack-trace' id='stack-trace2069334993'><pre>java.lang.AssertionError: expected [true] but found [false]
	at org.testng.Assert.fail(Assert.java:99)
	at org.testng.Assert.failNotEquals(Assert.java:1037)
	at org.testng.Assert.assertTrue(Assert.java:45)
	at org.testng.Assert.assertTrue(Assert.java:55)
	at com.hrmsreports.testcases.ReportsStandardProfileSalaryRetirableTest.verifyReportProfileSalaryRetirableCheckDownloadPDF(ReportsStandardProfileSalaryRetirableTest.java:105)
	at java.base/jdk.internal.reflect.NativeMethodAccessorImpl.invoke0(Native Method)
	at java.base/jdk.internal.reflect.NativeMethodAccessorImpl.invoke(NativeMethodAccessorImpl.java:62)
	at java.base/jdk.internal.reflect.DelegatingMethodAccessorImpl.invoke(DelegatingMethodAccessorImpl.java:43)
	at java.base/java.lang.reflect.Method.invoke(Method.java:566)
	at org.testng.internal.MethodInvocationHelper.invokeMethod(MethodInvocationHelper.java:133)
	at org.testng.internal.TestInvoker.invokeMethod(TestInvoker.java:598)
	at org.testng.internal.TestInvoker.invokeTestMethod(TestInvoker.java:173)
	at org.testng.internal.MethodRunner.runInSequence(MethodRunner.java:46)
	at org.testng.internal.TestInvoker$MethodInvocationAgent.invoke(TestInvoker.java:824)
	at org.testng.internal.TestInvoker.invokeTestMethods(TestInvoker.java:146)
	at org.testng.internal.TestMethodWorker.invokeTestMethods(TestMethodWorker.java:146)
	at org.testng.internal.TestMethodWorker.run(TestMethodWorker.java:128)
	at java.base/java.util.ArrayList.forEach(ArrayList.java:1541)
	at org.testng.TestRunner.privateRun(TestRunner.java:794)
	at org.testng.TestRunner.run(TestRunner.java:596)
	at org.testng.SuiteRunner.runTest(SuiteRunner.java:377)
	at org.testng.SuiteRunner.runSequentially(SuiteRunner.java:371)
	at org.testng.SuiteRunner.privateRun(SuiteRunner.java:332)
	at org.testng.SuiteRunner.run(SuiteRunner.java:276)
	at org.testng.SuiteRunnerWorker.runSuite(SuiteRunnerWorker.java:53)
	at org.testng.SuiteRunnerWorker.run(SuiteRunnerWorker.java:96)
	at org.testng.TestNG.runSuitesSequentially(TestNG.java:1212)
	at org.testng.TestNG.runSuitesLocally(TestNG.java:1134)
	at org.testng.TestNG.runSuites(TestNG.java:1063)
	at org.testng.TestNG.run(TestNG.java:1031)
	at org.testng.remote.AbstractRemoteTestNG.run(AbstractRemoteTestNG.java:115)
	at org.testng.remote.RemoteTestNG.initAndRun(RemoteTestNG.java:251)
	at org.testng.remote.RemoteTestNG.main(RemoteTestNG.java:77)
</pre></div></td>
<td>58</td>
<td>com.hrmsreports.testcases.ReportsStandardProfileSalaryRetirableTest@68b32e3e</td></tr>
<tr>
<td title='com.hrmsreports.testcases.ReportsStandardProfileSalaryResignedEmployeesTest.verifyReportProfileSalaryresignedempEmployeesFromDateMandatoryFieldCheck()'><b>verifyReportProfileSalaryresignedempEmployeesFromDateMandatoryFieldCheck</b><br>Test class: com.hrmsreports.testcases.ReportsStandardProfileSalaryResignedEmployeesTest</td>
<td><div><pre>java.lang.AssertionError: expected [null] but found [Please select from date]
	at com.hrmsreports.testcases.ReportsStandardProfileSalaryResignedEmployeesTest.verifyReportProfileSalaryresignedempEmployeesFromDateMandatoryFieldCheck(ReportsStandardProfileSalaryResignedEmployeesTest.java:108)
	at java.base/java.util.ArrayList.forEach(ArrayList.java:1541)
... Removed 33 stack frames</pre></div><a href='#' onClick='toggleBox("stack-trace1807684216", this, "Click to show all stack frames", "Click to hide stack frames")'>Click to show all stack frames</a>
<div class='stack-trace' id='stack-trace1807684216'><pre>java.lang.AssertionError: expected [null] but found [Please select from date]
	at org.testng.Assert.fail(Assert.java:99)
	at org.testng.Assert.failNotEquals(Assert.java:1037)
	at org.testng.Assert.assertEqualsImpl(Assert.java:140)
	at org.testng.Assert.assertEquals(Assert.java:122)
	at org.testng.Assert.assertEquals(Assert.java:629)
	at org.testng.Assert.assertEquals(Assert.java:639)
	at com.hrmsreports.testcases.ReportsStandardProfileSalaryResignedEmployeesTest.verifyReportProfileSalaryresignedempEmployeesFromDateMandatoryFieldCheck(ReportsStandardProfileSalaryResignedEmployeesTest.java:108)
	at java.base/jdk.internal.reflect.NativeMethodAccessorImpl.invoke0(Native Method)
	at java.base/jdk.internal.reflect.NativeMethodAccessorImpl.invoke(NativeMethodAccessorImpl.java:62)
	at java.base/jdk.internal.reflect.DelegatingMethodAccessorImpl.invoke(DelegatingMethodAccessorImpl.java:43)
	at java.base/java.lang.reflect.Method.invoke(Method.java:566)
	at org.testng.internal.MethodInvocationHelper.invokeMethod(MethodInvocationHelper.java:133)
	at org.testng.internal.TestInvoker.invokeMethod(TestInvoker.java:598)
	at org.testng.internal.TestInvoker.invokeTestMethod(TestInvoker.java:173)
	at org.testng.internal.MethodRunner.runInSequence(MethodRunner.java:46)
	at org.testng.internal.TestInvoker$MethodInvocationAgent.invoke(TestInvoker.java:824)
	at org.testng.internal.TestInvoker.invokeTestMethods(TestInvoker.java:146)
	at org.testng.internal.TestMethodWorker.invokeTestMethods(TestMethodWorker.java:146)
	at org.testng.internal.TestMethodWorker.run(TestMethodWorker.java:128)
	at java.base/java.util.ArrayList.forEach(ArrayList.java:1541)
	at org.testng.TestRunner.privateRun(TestRunner.java:794)
	at org.testng.TestRunner.run(TestRunner.java:596)
	at org.testng.SuiteRunner.runTest(SuiteRunner.java:377)
	at org.testng.SuiteRunner.runSequentially(SuiteRunner.java:371)
	at org.testng.SuiteRunner.privateRun(SuiteRunner.java:332)
	at org.testng.SuiteRunner.run(SuiteRunner.java:276)
	at org.testng.SuiteRunnerWorker.runSuite(SuiteRunnerWorker.java:53)
	at org.testng.SuiteRunnerWorker.run(SuiteRunnerWorker.java:96)
	at org.testng.TestNG.runSuitesSequentially(TestNG.java:1212)
	at org.testng.TestNG.runSuitesLocally(TestNG.java:1134)
	at org.testng.TestNG.runSuites(TestNG.java:1063)
	at org.testng.TestNG.run(TestNG.java:1031)
	at org.testng.remote.AbstractRemoteTestNG.run(AbstractRemoteTestNG.java:115)
	at org.testng.remote.RemoteTestNG.initAndRun(RemoteTestNG.java:251)
	at org.testng.remote.RemoteTestNG.main(RemoteTestNG.java:77)
</pre></div></td>
<td>58</td>
<td>com.hrmsreports.testcases.ReportsStandardProfileSalaryResignedEmployeesTest@8ad6665</td></tr>
<tr>
<td title='com.hrmsreports.testcases.ReportsStandardProfileSalaryCoeWithCompensationTest.verifyReportProfileSalarycoeWithCompensationEmployeeMandatoryFieldCheck()'><b>verifyReportProfileSalarycoeWithCompensationEmployeeMandatoryFieldCheck</b><br>Test class: com.hrmsreports.testcases.ReportsStandardProfileSalaryCoeWithCompensationTest</td>
<td><div><pre>java.lang.AssertionError: expected [null] but found [Please Select a Employee]
	at com.hrmsreports.testcases.ReportsStandardProfileSalaryCoeWithCompensationTest.verifyReportProfileSalarycoeWithCompensationEmployeeMandatoryFieldCheck(ReportsStandardProfileSalaryCoeWithCompensationTest.java:111)
	at java.base/java.util.ArrayList.forEach(ArrayList.java:1541)
... Removed 33 stack frames</pre></div><a href='#' onClick='toggleBox("stack-trace635687012", this, "Click to show all stack frames", "Click to hide stack frames")'>Click to show all stack frames</a>
<div class='stack-trace' id='stack-trace635687012'><pre>java.lang.AssertionError: expected [null] but found [Please Select a Employee]
	at org.testng.Assert.fail(Assert.java:99)
	at org.testng.Assert.failNotEquals(Assert.java:1037)
	at org.testng.Assert.assertEqualsImpl(Assert.java:140)
	at org.testng.Assert.assertEquals(Assert.java:122)
	at org.testng.Assert.assertEquals(Assert.java:629)
	at org.testng.Assert.assertEquals(Assert.java:639)
	at com.hrmsreports.testcases.ReportsStandardProfileSalaryCoeWithCompensationTest.verifyReportProfileSalarycoeWithCompensationEmployeeMandatoryFieldCheck(ReportsStandardProfileSalaryCoeWithCompensationTest.java:111)
	at java.base/jdk.internal.reflect.NativeMethodAccessorImpl.invoke0(Native Method)
	at java.base/jdk.internal.reflect.NativeMethodAccessorImpl.invoke(NativeMethodAccessorImpl.java:62)
	at java.base/jdk.internal.reflect.DelegatingMethodAccessorImpl.invoke(DelegatingMethodAccessorImpl.java:43)
	at java.base/java.lang.reflect.Method.invoke(Method.java:566)
	at org.testng.internal.MethodInvocationHelper.invokeMethod(MethodInvocationHelper.java:133)
	at org.testng.internal.TestInvoker.invokeMethod(TestInvoker.java:598)
	at org.testng.internal.TestInvoker.invokeTestMethod(TestInvoker.java:173)
	at org.testng.internal.MethodRunner.runInSequence(MethodRunner.java:46)
	at org.testng.internal.TestInvoker$MethodInvocationAgent.invoke(TestInvoker.java:824)
	at org.testng.internal.TestInvoker.invokeTestMethods(TestInvoker.java:146)
	at org.testng.internal.TestMethodWorker.invokeTestMethods(TestMethodWorker.java:146)
	at org.testng.internal.TestMethodWorker.run(TestMethodWorker.java:128)
	at java.base/java.util.ArrayList.forEach(ArrayList.java:1541)
	at org.testng.TestRunner.privateRun(TestRunner.java:794)
	at org.testng.TestRunner.run(TestRunner.java:596)
	at org.testng.SuiteRunner.runTest(SuiteRunner.java:377)
	at org.testng.SuiteRunner.runSequentially(SuiteRunner.java:371)
	at org.testng.SuiteRunner.privateRun(SuiteRunner.java:332)
	at org.testng.SuiteRunner.run(SuiteRunner.java:276)
	at org.testng.SuiteRunnerWorker.runSuite(SuiteRunnerWorker.java:53)
	at org.testng.SuiteRunnerWorker.run(SuiteRunnerWorker.java:96)
	at org.testng.TestNG.runSuitesSequentially(TestNG.java:1212)
	at org.testng.TestNG.runSuitesLocally(TestNG.java:1134)
	at org.testng.TestNG.runSuites(TestNG.java:1063)
	at org.testng.TestNG.run(TestNG.java:1031)
	at org.testng.remote.AbstractRemoteTestNG.run(AbstractRemoteTestNG.java:115)
	at org.testng.remote.RemoteTestNG.initAndRun(RemoteTestNG.java:251)
	at org.testng.remote.RemoteTestNG.main(RemoteTestNG.java:77)
</pre></div></td>
<td>58</td>
<td>com.hrmsreports.testcases.ReportsStandardProfileSalaryCoeWithCompensationTest@41709512</td></tr>
<tr>
<td title='com.hrmsreports.testcases.ReportsStandardProfileSalaryResignedEmployeesTest.verifyReportProfileSalaryresignedempEmployeesCheckDownloadExcel()'><b>verifyReportProfileSalaryresignedempEmployeesCheckDownloadExcel</b><br>Test class: com.hrmsreports.testcases.ReportsStandardProfileSalaryResignedEmployeesTest</td>
<td><div><pre>java.lang.AssertionError: expected [true] but found [false]
	at com.hrmsreports.testcases.ReportsStandardProfileSalaryResignedEmployeesTest.verifyReportProfileSalaryresignedempEmployeesCheckDownloadExcel(ReportsStandardProfileSalaryResignedEmployeesTest.java:89)
	at java.base/java.util.ArrayList.forEach(ArrayList.java:1541)
... Removed 31 stack frames</pre></div><a href='#' onClick='toggleBox("stack-trace1768314159", this, "Click to show all stack frames", "Click to hide stack frames")'>Click to show all stack frames</a>
<div class='stack-trace' id='stack-trace1768314159'><pre>java.lang.AssertionError: expected [true] but found [false]
	at org.testng.Assert.fail(Assert.java:99)
	at org.testng.Assert.failNotEquals(Assert.java:1037)
	at org.testng.Assert.assertTrue(Assert.java:45)
	at org.testng.Assert.assertTrue(Assert.java:55)
	at com.hrmsreports.testcases.ReportsStandardProfileSalaryResignedEmployeesTest.verifyReportProfileSalaryresignedempEmployeesCheckDownloadExcel(ReportsStandardProfileSalaryResignedEmployeesTest.java:89)
	at java.base/jdk.internal.reflect.NativeMethodAccessorImpl.invoke0(Native Method)
	at java.base/jdk.internal.reflect.NativeMethodAccessorImpl.invoke(NativeMethodAccessorImpl.java:62)
	at java.base/jdk.internal.reflect.DelegatingMethodAccessorImpl.invoke(DelegatingMethodAccessorImpl.java:43)
	at java.base/java.lang.reflect.Method.invoke(Method.java:566)
	at org.testng.internal.MethodInvocationHelper.invokeMethod(MethodInvocationHelper.java:133)
	at org.testng.internal.TestInvoker.invokeMethod(TestInvoker.java:598)
	at org.testng.internal.TestInvoker.invokeTestMethod(TestInvoker.java:173)
	at org.testng.internal.MethodRunner.runInSequence(MethodRunner.java:46)
	at org.testng.internal.TestInvoker$MethodInvocationAgent.invoke(TestInvoker.java:824)
	at org.testng.internal.TestInvoker.invokeTestMethods(TestInvoker.java:146)
	at org.testng.internal.TestMethodWorker.invokeTestMethods(TestMethodWorker.java:146)
	at org.testng.internal.TestMethodWorker.run(TestMethodWorker.java:128)
	at java.base/java.util.ArrayList.forEach(ArrayList.java:1541)
	at org.testng.TestRunner.privateRun(TestRunner.java:794)
	at org.testng.TestRunner.run(TestRunner.java:596)
	at org.testng.SuiteRunner.runTest(SuiteRunner.java:377)
	at org.testng.SuiteRunner.runSequentially(SuiteRunner.java:371)
	at org.testng.SuiteRunner.privateRun(SuiteRunner.java:332)
	at org.testng.SuiteRunner.run(SuiteRunner.java:276)
	at org.testng.SuiteRunnerWorker.runSuite(SuiteRunnerWorker.java:53)
	at org.testng.SuiteRunnerWorker.run(SuiteRunnerWorker.java:96)
	at org.testng.TestNG.runSuitesSequentially(TestNG.java:1212)
	at org.testng.TestNG.runSuitesLocally(TestNG.java:1134)
	at org.testng.TestNG.runSuites(TestNG.java:1063)
	at org.testng.TestNG.run(TestNG.java:1031)
	at org.testng.remote.AbstractRemoteTestNG.run(AbstractRemoteTestNG.java:115)
	at org.testng.remote.RemoteTestNG.initAndRun(RemoteTestNG.java:251)
	at org.testng.remote.RemoteTestNG.main(RemoteTestNG.java:77)
</pre></div></td>
<td>58</td>
<td>com.hrmsreports.testcases.ReportsStandardProfileSalaryResignedEmployeesTest@8ad6665</td></tr>
<tr>
<td title='com.hrmsreports.testcases.ReportsStandardProfileSalaryEndOfConTractTest.verifyReportProfileSalaryEndOfConTractCheckDownloadExcel()'><b>verifyReportProfileSalaryEndOfConTractCheckDownloadExcel</b><br>Test class: com.hrmsreports.testcases.ReportsStandardProfileSalaryEndOfConTractTest</td>
<td><div><pre>java.lang.AssertionError: expected [true] but found [false]
	at com.hrmsreports.testcases.ReportsStandardProfileSalaryEndOfConTractTest.verifyReportProfileSalaryEndOfConTractCheckDownloadExcel(ReportsStandardProfileSalaryEndOfConTractTest.java:92)
	at java.base/java.util.ArrayList.forEach(ArrayList.java:1541)
... Removed 31 stack frames</pre></div><a href='#' onClick='toggleBox("stack-trace179587869", this, "Click to show all stack frames", "Click to hide stack frames")'>Click to show all stack frames</a>
<div class='stack-trace' id='stack-trace179587869'><pre>java.lang.AssertionError: expected [true] but found [false]
	at org.testng.Assert.fail(Assert.java:99)
	at org.testng.Assert.failNotEquals(Assert.java:1037)
	at org.testng.Assert.assertTrue(Assert.java:45)
	at org.testng.Assert.assertTrue(Assert.java:55)
	at com.hrmsreports.testcases.ReportsStandardProfileSalaryEndOfConTractTest.verifyReportProfileSalaryEndOfConTractCheckDownloadExcel(ReportsStandardProfileSalaryEndOfConTractTest.java:92)
	at java.base/jdk.internal.reflect.NativeMethodAccessorImpl.invoke0(Native Method)
	at java.base/jdk.internal.reflect.NativeMethodAccessorImpl.invoke(NativeMethodAccessorImpl.java:62)
	at java.base/jdk.internal.reflect.DelegatingMethodAccessorImpl.invoke(DelegatingMethodAccessorImpl.java:43)
	at java.base/java.lang.reflect.Method.invoke(Method.java:566)
	at org.testng.internal.MethodInvocationHelper.invokeMethod(MethodInvocationHelper.java:133)
	at org.testng.internal.TestInvoker.invokeMethod(TestInvoker.java:598)
	at org.testng.internal.TestInvoker.invokeTestMethod(TestInvoker.java:173)
	at org.testng.internal.MethodRunner.runInSequence(MethodRunner.java:46)
	at org.testng.internal.TestInvoker$MethodInvocationAgent.invoke(TestInvoker.java:824)
	at org.testng.internal.TestInvoker.invokeTestMethods(TestInvoker.java:146)
	at org.testng.internal.TestMethodWorker.invokeTestMethods(TestMethodWorker.java:146)
	at org.testng.internal.TestMethodWorker.run(TestMethodWorker.java:128)
	at java.base/java.util.ArrayList.forEach(ArrayList.java:1541)
	at org.testng.TestRunner.privateRun(TestRunner.java:794)
	at org.testng.TestRunner.run(TestRunner.java:596)
	at org.testng.SuiteRunner.runTest(SuiteRunner.java:377)
	at org.testng.SuiteRunner.runSequentially(SuiteRunner.java:371)
	at org.testng.SuiteRunner.privateRun(SuiteRunner.java:332)
	at org.testng.SuiteRunner.run(SuiteRunner.java:276)
	at org.testng.SuiteRunnerWorker.runSuite(SuiteRunnerWorker.java:53)
	at org.testng.SuiteRunnerWorker.run(SuiteRunnerWorker.java:96)
	at org.testng.TestNG.runSuitesSequentially(TestNG.java:1212)
	at org.testng.TestNG.runSuitesLocally(TestNG.java:1134)
	at org.testng.TestNG.runSuites(TestNG.java:1063)
	at org.testng.TestNG.run(TestNG.java:1031)
	at org.testng.remote.AbstractRemoteTestNG.run(AbstractRemoteTestNG.java:115)
	at org.testng.remote.RemoteTestNG.initAndRun(RemoteTestNG.java:251)
	at org.testng.remote.RemoteTestNG.main(RemoteTestNG.java:77)
</pre></div></td>
<td>58</td>
<td>com.hrmsreports.testcases.ReportsStandardProfileSalaryEndOfConTractTest@30af5b6b</td></tr>
<tr>
<td title='com.hrmsreports.testcases.ReportsStandardProfileSalaryEmployeeMovementTest.verifyReportProfileSalaryEmpMovementFromDateMandatoryFieldCheck()'><b>verifyReportProfileSalaryEmpMovementFromDateMandatoryFieldCheck</b><br>Test class: com.hrmsreports.testcases.ReportsStandardProfileSalaryEmployeeMovementTest</td>
<td><div><pre>java.lang.AssertionError: expected [null] but found [Please select from date]
	at com.hrmsreports.testcases.ReportsStandardProfileSalaryEmployeeMovementTest.verifyReportProfileSalaryEmpMovementFromDateMandatoryFieldCheck(ReportsStandardProfileSalaryEmployeeMovementTest.java:93)
	at java.base/java.util.ArrayList.forEach(ArrayList.java:1541)
... Removed 33 stack frames</pre></div><a href='#' onClick='toggleBox("stack-trace1788654709", this, "Click to show all stack frames", "Click to hide stack frames")'>Click to show all stack frames</a>
<div class='stack-trace' id='stack-trace1788654709'><pre>java.lang.AssertionError: expected [null] but found [Please select from date]
	at org.testng.Assert.fail(Assert.java:99)
	at org.testng.Assert.failNotEquals(Assert.java:1037)
	at org.testng.Assert.assertEqualsImpl(Assert.java:140)
	at org.testng.Assert.assertEquals(Assert.java:122)
	at org.testng.Assert.assertEquals(Assert.java:629)
	at org.testng.Assert.assertEquals(Assert.java:639)
	at com.hrmsreports.testcases.ReportsStandardProfileSalaryEmployeeMovementTest.verifyReportProfileSalaryEmpMovementFromDateMandatoryFieldCheck(ReportsStandardProfileSalaryEmployeeMovementTest.java:93)
	at java.base/jdk.internal.reflect.NativeMethodAccessorImpl.invoke0(Native Method)
	at java.base/jdk.internal.reflect.NativeMethodAccessorImpl.invoke(NativeMethodAccessorImpl.java:62)
	at java.base/jdk.internal.reflect.DelegatingMethodAccessorImpl.invoke(DelegatingMethodAccessorImpl.java:43)
	at java.base/java.lang.reflect.Method.invoke(Method.java:566)
	at org.testng.internal.MethodInvocationHelper.invokeMethod(MethodInvocationHelper.java:133)
	at org.testng.internal.TestInvoker.invokeMethod(TestInvoker.java:598)
	at org.testng.internal.TestInvoker.invokeTestMethod(TestInvoker.java:173)
	at org.testng.internal.MethodRunner.runInSequence(MethodRunner.java:46)
	at org.testng.internal.TestInvoker$MethodInvocationAgent.invoke(TestInvoker.java:824)
	at org.testng.internal.TestInvoker.invokeTestMethods(TestInvoker.java:146)
	at org.testng.internal.TestMethodWorker.invokeTestMethods(TestMethodWorker.java:146)
	at org.testng.internal.TestMethodWorker.run(TestMethodWorker.java:128)
	at java.base/java.util.ArrayList.forEach(ArrayList.java:1541)
	at org.testng.TestRunner.privateRun(TestRunner.java:794)
	at org.testng.TestRunner.run(TestRunner.java:596)
	at org.testng.SuiteRunner.runTest(SuiteRunner.java:377)
	at org.testng.SuiteRunner.runSequentially(SuiteRunner.java:371)
	at org.testng.SuiteRunner.privateRun(SuiteRunner.java:332)
	at org.testng.SuiteRunner.run(SuiteRunner.java:276)
	at org.testng.SuiteRunnerWorker.runSuite(SuiteRunnerWorker.java:53)
	at org.testng.SuiteRunnerWorker.run(SuiteRunnerWorker.java:96)
	at org.testng.TestNG.runSuitesSequentially(TestNG.java:1212)
	at org.testng.TestNG.runSuitesLocally(TestNG.java:1134)
	at org.testng.TestNG.runSuites(TestNG.java:1063)
	at org.testng.TestNG.run(TestNG.java:1031)
	at org.testng.remote.AbstractRemoteTestNG.run(AbstractRemoteTestNG.java:115)
	at org.testng.remote.RemoteTestNG.initAndRun(RemoteTestNG.java:251)
	at org.testng.remote.RemoteTestNG.main(RemoteTestNG.java:77)
</pre></div></td>
<td>58</td>
<td>com.hrmsreports.testcases.ReportsStandardProfileSalaryEmployeeMovementTest@bcef303</td></tr>
<tr>
<td title='com.hrmsreports.testcases.ReportStandardProfileSalaryTerminatedEmployeesTest.verifyReportProfileSalaryTerminateEmployeesCheckDownloadExcel()'><b>verifyReportProfileSalaryTerminateEmployeesCheckDownloadExcel</b><br>Test class: com.hrmsreports.testcases.ReportStandardProfileSalaryTerminatedEmployeesTest</td>
<td><div><pre>java.lang.AssertionError: expected [true] but found [false]
	at com.hrmsreports.testcases.ReportStandardProfileSalaryTerminatedEmployeesTest.verifyReportProfileSalaryTerminateEmployeesCheckDownloadExcel(ReportStandardProfileSalaryTerminatedEmployeesTest.java:87)
	at java.base/java.util.ArrayList.forEach(ArrayList.java:1541)
... Removed 31 stack frames</pre></div><a href='#' onClick='toggleBox("stack-trace972281625", this, "Click to show all stack frames", "Click to hide stack frames")'>Click to show all stack frames</a>
<div class='stack-trace' id='stack-trace972281625'><pre>java.lang.AssertionError: expected [true] but found [false]
	at org.testng.Assert.fail(Assert.java:99)
	at org.testng.Assert.failNotEquals(Assert.java:1037)
	at org.testng.Assert.assertTrue(Assert.java:45)
	at org.testng.Assert.assertTrue(Assert.java:55)
	at com.hrmsreports.testcases.ReportStandardProfileSalaryTerminatedEmployeesTest.verifyReportProfileSalaryTerminateEmployeesCheckDownloadExcel(ReportStandardProfileSalaryTerminatedEmployeesTest.java:87)
	at java.base/jdk.internal.reflect.NativeMethodAccessorImpl.invoke0(Native Method)
	at java.base/jdk.internal.reflect.NativeMethodAccessorImpl.invoke(NativeMethodAccessorImpl.java:62)
	at java.base/jdk.internal.reflect.DelegatingMethodAccessorImpl.invoke(DelegatingMethodAccessorImpl.java:43)
	at java.base/java.lang.reflect.Method.invoke(Method.java:566)
	at org.testng.internal.MethodInvocationHelper.invokeMethod(MethodInvocationHelper.java:133)
	at org.testng.internal.TestInvoker.invokeMethod(TestInvoker.java:598)
	at org.testng.internal.TestInvoker.invokeTestMethod(TestInvoker.java:173)
	at org.testng.internal.MethodRunner.runInSequence(MethodRunner.java:46)
	at org.testng.internal.TestInvoker$MethodInvocationAgent.invoke(TestInvoker.java:824)
	at org.testng.internal.TestInvoker.invokeTestMethods(TestInvoker.java:146)
	at org.testng.internal.TestMethodWorker.invokeTestMethods(TestMethodWorker.java:146)
	at org.testng.internal.TestMethodWorker.run(TestMethodWorker.java:128)
	at java.base/java.util.ArrayList.forEach(ArrayList.java:1541)
	at org.testng.TestRunner.privateRun(TestRunner.java:794)
	at org.testng.TestRunner.run(TestRunner.java:596)
	at org.testng.SuiteRunner.runTest(SuiteRunner.java:377)
	at org.testng.SuiteRunner.runSequentially(SuiteRunner.java:371)
	at org.testng.SuiteRunner.privateRun(SuiteRunner.java:332)
	at org.testng.SuiteRunner.run(SuiteRunner.java:276)
	at org.testng.SuiteRunnerWorker.runSuite(SuiteRunnerWorker.java:53)
	at org.testng.SuiteRunnerWorker.run(SuiteRunnerWorker.java:96)
	at org.testng.TestNG.runSuitesSequentially(TestNG.java:1212)
	at org.testng.TestNG.runSuitesLocally(TestNG.java:1134)
	at org.testng.TestNG.runSuites(TestNG.java:1063)
	at org.testng.TestNG.run(TestNG.java:1031)
	at org.testng.remote.AbstractRemoteTestNG.run(AbstractRemoteTestNG.java:115)
	at org.testng.remote.RemoteTestNG.initAndRun(RemoteTestNG.java:251)
	at org.testng.remote.RemoteTestNG.main(RemoteTestNG.java:77)
</pre></div></td>
<td>58</td>
<td>com.hrmsreports.testcases.ReportStandardProfileSalaryTerminatedEmployeesTest@6ed3f258</td></tr>
<tr>
<td title='com.hrmsreports.testcases.ReportStandardProfileSalaryTerminatedEmployeesTest.verifyReportProfileSalaryTerminateEmployeesFromDateMandatoryFieldCheck()'><b>verifyReportProfileSalaryTerminateEmployeesFromDateMandatoryFieldCheck</b><br>Test class: com.hrmsreports.testcases.ReportStandardProfileSalaryTerminatedEmployeesTest</td>
<td><div><pre>java.lang.AssertionError: expected [null] but found [Please select from date]
	at com.hrmsreports.testcases.ReportStandardProfileSalaryTerminatedEmployeesTest.verifyReportProfileSalaryTerminateEmployeesFromDateMandatoryFieldCheck(ReportStandardProfileSalaryTerminatedEmployeesTest.java:106)
	at java.base/java.util.ArrayList.forEach(ArrayList.java:1541)
... Removed 33 stack frames</pre></div><a href='#' onClick='toggleBox("stack-trace649053444", this, "Click to show all stack frames", "Click to hide stack frames")'>Click to show all stack frames</a>
<div class='stack-trace' id='stack-trace649053444'><pre>java.lang.AssertionError: expected [null] but found [Please select from date]
	at org.testng.Assert.fail(Assert.java:99)
	at org.testng.Assert.failNotEquals(Assert.java:1037)
	at org.testng.Assert.assertEqualsImpl(Assert.java:140)
	at org.testng.Assert.assertEquals(Assert.java:122)
	at org.testng.Assert.assertEquals(Assert.java:629)
	at org.testng.Assert.assertEquals(Assert.java:639)
	at com.hrmsreports.testcases.ReportStandardProfileSalaryTerminatedEmployeesTest.verifyReportProfileSalaryTerminateEmployeesFromDateMandatoryFieldCheck(ReportStandardProfileSalaryTerminatedEmployeesTest.java:106)
	at java.base/jdk.internal.reflect.NativeMethodAccessorImpl.invoke0(Native Method)
	at java.base/jdk.internal.reflect.NativeMethodAccessorImpl.invoke(NativeMethodAccessorImpl.java:62)
	at java.base/jdk.internal.reflect.DelegatingMethodAccessorImpl.invoke(DelegatingMethodAccessorImpl.java:43)
	at java.base/java.lang.reflect.Method.invoke(Method.java:566)
	at org.testng.internal.MethodInvocationHelper.invokeMethod(MethodInvocationHelper.java:133)
	at org.testng.internal.TestInvoker.invokeMethod(TestInvoker.java:598)
	at org.testng.internal.TestInvoker.invokeTestMethod(TestInvoker.java:173)
	at org.testng.internal.MethodRunner.runInSequence(MethodRunner.java:46)
	at org.testng.internal.TestInvoker$MethodInvocationAgent.invoke(TestInvoker.java:824)
	at org.testng.internal.TestInvoker.invokeTestMethods(TestInvoker.java:146)
	at org.testng.internal.TestMethodWorker.invokeTestMethods(TestMethodWorker.java:146)
	at org.testng.internal.TestMethodWorker.run(TestMethodWorker.java:128)
	at java.base/java.util.ArrayList.forEach(ArrayList.java:1541)
	at org.testng.TestRunner.privateRun(TestRunner.java:794)
	at org.testng.TestRunner.run(TestRunner.java:596)
	at org.testng.SuiteRunner.runTest(SuiteRunner.java:377)
	at org.testng.SuiteRunner.runSequentially(SuiteRunner.java:371)
	at org.testng.SuiteRunner.privateRun(SuiteRunner.java:332)
	at org.testng.SuiteRunner.run(SuiteRunner.java:276)
	at org.testng.SuiteRunnerWorker.runSuite(SuiteRunnerWorker.java:53)
	at org.testng.SuiteRunnerWorker.run(SuiteRunnerWorker.java:96)
	at org.testng.TestNG.runSuitesSequentially(TestNG.java:1212)
	at org.testng.TestNG.runSuitesLocally(TestNG.java:1134)
	at org.testng.TestNG.runSuites(TestNG.java:1063)
	at org.testng.TestNG.run(TestNG.java:1031)
	at org.testng.remote.AbstractRemoteTestNG.run(AbstractRemoteTestNG.java:115)
	at org.testng.remote.RemoteTestNG.initAndRun(RemoteTestNG.java:251)
	at org.testng.remote.RemoteTestNG.main(RemoteTestNG.java:77)
</pre></div></td>
<td>59</td>
<td>com.hrmsreports.testcases.ReportStandardProfileSalaryTerminatedEmployeesTest@6ed3f258</td></tr>
<tr>
<td title='com.hrmsreports.testcases.ReportsStandardProfileSalaryEndOfConTractTest.verifyReportProfileSalaryEndOfConTractFromDateMandatoryFieldCheck()'><b>verifyReportProfileSalaryEndOfConTractFromDateMandatoryFieldCheck</b><br>Test class: com.hrmsreports.testcases.ReportsStandardProfileSalaryEndOfConTractTest</td>
<td><div><pre>java.lang.AssertionError: expected [null] but found [Please select from date]
	at com.hrmsreports.testcases.ReportsStandardProfileSalaryEndOfConTractTest.verifyReportProfileSalaryEndOfConTractFromDateMandatoryFieldCheck(ReportsStandardProfileSalaryEndOfConTractTest.java:111)
	at java.base/java.util.ArrayList.forEach(ArrayList.java:1541)
... Removed 33 stack frames</pre></div><a href='#' onClick='toggleBox("stack-trace1870407602", this, "Click to show all stack frames", "Click to hide stack frames")'>Click to show all stack frames</a>
<div class='stack-trace' id='stack-trace1870407602'><pre>java.lang.AssertionError: expected [null] but found [Please select from date]
	at org.testng.Assert.fail(Assert.java:99)
	at org.testng.Assert.failNotEquals(Assert.java:1037)
	at org.testng.Assert.assertEqualsImpl(Assert.java:140)
	at org.testng.Assert.assertEquals(Assert.java:122)
	at org.testng.Assert.assertEquals(Assert.java:629)
	at org.testng.Assert.assertEquals(Assert.java:639)
	at com.hrmsreports.testcases.ReportsStandardProfileSalaryEndOfConTractTest.verifyReportProfileSalaryEndOfConTractFromDateMandatoryFieldCheck(ReportsStandardProfileSalaryEndOfConTractTest.java:111)
	at java.base/jdk.internal.reflect.NativeMethodAccessorImpl.invoke0(Native Method)
	at java.base/jdk.internal.reflect.NativeMethodAccessorImpl.invoke(NativeMethodAccessorImpl.java:62)
	at java.base/jdk.internal.reflect.DelegatingMethodAccessorImpl.invoke(DelegatingMethodAccessorImpl.java:43)
	at java.base/java.lang.reflect.Method.invoke(Method.java:566)
	at org.testng.internal.MethodInvocationHelper.invokeMethod(MethodInvocationHelper.java:133)
	at org.testng.internal.TestInvoker.invokeMethod(TestInvoker.java:598)
	at org.testng.internal.TestInvoker.invokeTestMethod(TestInvoker.java:173)
	at org.testng.internal.MethodRunner.runInSequence(MethodRunner.java:46)
	at org.testng.internal.TestInvoker$MethodInvocationAgent.invoke(TestInvoker.java:824)
	at org.testng.internal.TestInvoker.invokeTestMethods(TestInvoker.java:146)
	at org.testng.internal.TestMethodWorker.invokeTestMethods(TestMethodWorker.java:146)
	at org.testng.internal.TestMethodWorker.run(TestMethodWorker.java:128)
	at java.base/java.util.ArrayList.forEach(ArrayList.java:1541)
	at org.testng.TestRunner.privateRun(TestRunner.java:794)
	at org.testng.TestRunner.run(TestRunner.java:596)
	at org.testng.SuiteRunner.runTest(SuiteRunner.java:377)
	at org.testng.SuiteRunner.runSequentially(SuiteRunner.java:371)
	at org.testng.SuiteRunner.privateRun(SuiteRunner.java:332)
	at org.testng.SuiteRunner.run(SuiteRunner.java:276)
	at org.testng.SuiteRunnerWorker.runSuite(SuiteRunnerWorker.java:53)
	at org.testng.SuiteRunnerWorker.run(SuiteRunnerWorker.java:96)
	at org.testng.TestNG.runSuitesSequentially(TestNG.java:1212)
	at org.testng.TestNG.runSuitesLocally(TestNG.java:1134)
	at org.testng.TestNG.runSuites(TestNG.java:1063)
	at org.testng.TestNG.run(TestNG.java:1031)
	at org.testng.remote.AbstractRemoteTestNG.run(AbstractRemoteTestNG.java:115)
	at org.testng.remote.RemoteTestNG.initAndRun(RemoteTestNG.java:251)
	at org.testng.remote.RemoteTestNG.main(RemoteTestNG.java:77)
</pre></div></td>
<td>58</td>
<td>com.hrmsreports.testcases.ReportsStandardProfileSalaryEndOfConTractTest@30af5b6b</td></tr>
<tr>
<td title='com.hrmsreports.testcases.ReportsStandardProfileSalaryEndOfConTractTest.verifyReportProfileSalaryEndOfConTractCheck()'><b>verifyReportProfileSalaryEndOfConTractCheck</b><br>Test class: com.hrmsreports.testcases.ReportsStandardProfileSalaryEndOfConTractTest</td>
<td><div><pre>java.lang.AssertionError: expected [true] but found [false]
	at com.hrmsreports.testcases.ReportsStandardProfileSalaryEndOfConTractTest.verifyReportProfileSalaryEndOfConTractCheck(ReportsStandardProfileSalaryEndOfConTractTest.java:84)
	at java.base/java.util.ArrayList.forEach(ArrayList.java:1541)
... Removed 31 stack frames</pre></div><a href='#' onClick='toggleBox("stack-trace279661499", this, "Click to show all stack frames", "Click to hide stack frames")'>Click to show all stack frames</a>
<div class='stack-trace' id='stack-trace279661499'><pre>java.lang.AssertionError: expected [true] but found [false]
	at org.testng.Assert.fail(Assert.java:99)
	at org.testng.Assert.failNotEquals(Assert.java:1037)
	at org.testng.Assert.assertTrue(Assert.java:45)
	at org.testng.Assert.assertTrue(Assert.java:55)
	at com.hrmsreports.testcases.ReportsStandardProfileSalaryEndOfConTractTest.verifyReportProfileSalaryEndOfConTractCheck(ReportsStandardProfileSalaryEndOfConTractTest.java:84)
	at java.base/jdk.internal.reflect.NativeMethodAccessorImpl.invoke0(Native Method)
	at java.base/jdk.internal.reflect.NativeMethodAccessorImpl.invoke(NativeMethodAccessorImpl.java:62)
	at java.base/jdk.internal.reflect.DelegatingMethodAccessorImpl.invoke(DelegatingMethodAccessorImpl.java:43)
	at java.base/java.lang.reflect.Method.invoke(Method.java:566)
	at org.testng.internal.MethodInvocationHelper.invokeMethod(MethodInvocationHelper.java:133)
	at org.testng.internal.TestInvoker.invokeMethod(TestInvoker.java:598)
	at org.testng.internal.TestInvoker.invokeTestMethod(TestInvoker.java:173)
	at org.testng.internal.MethodRunner.runInSequence(MethodRunner.java:46)
	at org.testng.internal.TestInvoker$MethodInvocationAgent.invoke(TestInvoker.java:824)
	at org.testng.internal.TestInvoker.invokeTestMethods(TestInvoker.java:146)
	at org.testng.internal.TestMethodWorker.invokeTestMethods(TestMethodWorker.java:146)
	at org.testng.internal.TestMethodWorker.run(TestMethodWorker.java:128)
	at java.base/java.util.ArrayList.forEach(ArrayList.java:1541)
	at org.testng.TestRunner.privateRun(TestRunner.java:794)
	at org.testng.TestRunner.run(TestRunner.java:596)
	at org.testng.SuiteRunner.runTest(SuiteRunner.java:377)
	at org.testng.SuiteRunner.runSequentially(SuiteRunner.java:371)
	at org.testng.SuiteRunner.privateRun(SuiteRunner.java:332)
	at org.testng.SuiteRunner.run(SuiteRunner.java:276)
	at org.testng.SuiteRunnerWorker.runSuite(SuiteRunnerWorker.java:53)
	at org.testng.SuiteRunnerWorker.run(SuiteRunnerWorker.java:96)
	at org.testng.TestNG.runSuitesSequentially(TestNG.java:1212)
	at org.testng.TestNG.runSuitesLocally(TestNG.java:1134)
	at org.testng.TestNG.runSuites(TestNG.java:1063)
	at org.testng.TestNG.run(TestNG.java:1031)
	at org.testng.remote.AbstractRemoteTestNG.run(AbstractRemoteTestNG.java:115)
	at org.testng.remote.RemoteTestNG.initAndRun(RemoteTestNG.java:251)
	at org.testng.remote.RemoteTestNG.main(RemoteTestNG.java:77)
</pre></div></td>
<td>58</td>
<td>com.hrmsreports.testcases.ReportsStandardProfileSalaryEndOfConTractTest@30af5b6b</td></tr>
<tr>
<td title='com.hrmsreports.testcases.ReportsStandardProfileSalaryResignedEmployeesTest.verifyReportProfileSalaryResignedEmployeesCheck()'><b>verifyReportProfileSalaryResignedEmployeesCheck</b><br>Test class: com.hrmsreports.testcases.ReportsStandardProfileSalaryResignedEmployeesTest</td>
<td><div><pre>java.lang.AssertionError: expected [true] but found [false]
	at com.hrmsreports.testcases.ReportsStandardProfileSalaryResignedEmployeesTest.verifyReportProfileSalaryResignedEmployeesCheck(ReportsStandardProfileSalaryResignedEmployeesTest.java:81)
	at java.base/java.util.ArrayList.forEach(ArrayList.java:1541)
... Removed 31 stack frames</pre></div><a href='#' onClick='toggleBox("stack-trace1675017991", this, "Click to show all stack frames", "Click to hide stack frames")'>Click to show all stack frames</a>
<div class='stack-trace' id='stack-trace1675017991'><pre>java.lang.AssertionError: expected [true] but found [false]
	at org.testng.Assert.fail(Assert.java:99)
	at org.testng.Assert.failNotEquals(Assert.java:1037)
	at org.testng.Assert.assertTrue(Assert.java:45)
	at org.testng.Assert.assertTrue(Assert.java:55)
	at com.hrmsreports.testcases.ReportsStandardProfileSalaryResignedEmployeesTest.verifyReportProfileSalaryResignedEmployeesCheck(ReportsStandardProfileSalaryResignedEmployeesTest.java:81)
	at java.base/jdk.internal.reflect.NativeMethodAccessorImpl.invoke0(Native Method)
	at java.base/jdk.internal.reflect.NativeMethodAccessorImpl.invoke(NativeMethodAccessorImpl.java:62)
	at java.base/jdk.internal.reflect.DelegatingMethodAccessorImpl.invoke(DelegatingMethodAccessorImpl.java:43)
	at java.base/java.lang.reflect.Method.invoke(Method.java:566)
	at org.testng.internal.MethodInvocationHelper.invokeMethod(MethodInvocationHelper.java:133)
	at org.testng.internal.TestInvoker.invokeMethod(TestInvoker.java:598)
	at org.testng.internal.TestInvoker.invokeTestMethod(TestInvoker.java:173)
	at org.testng.internal.MethodRunner.runInSequence(MethodRunner.java:46)
	at org.testng.internal.TestInvoker$MethodInvocationAgent.invoke(TestInvoker.java:824)
	at org.testng.internal.TestInvoker.invokeTestMethods(TestInvoker.java:146)
	at org.testng.internal.TestMethodWorker.invokeTestMethods(TestMethodWorker.java:146)
	at org.testng.internal.TestMethodWorker.run(TestMethodWorker.java:128)
	at java.base/java.util.ArrayList.forEach(ArrayList.java:1541)
	at org.testng.TestRunner.privateRun(TestRunner.java:794)
	at org.testng.TestRunner.run(TestRunner.java:596)
	at org.testng.SuiteRunner.runTest(SuiteRunner.java:377)
	at org.testng.SuiteRunner.runSequentially(SuiteRunner.java:371)
	at org.testng.SuiteRunner.privateRun(SuiteRunner.java:332)
	at org.testng.SuiteRunner.run(SuiteRunner.java:276)
	at org.testng.SuiteRunnerWorker.runSuite(SuiteRunnerWorker.java:53)
	at org.testng.SuiteRunnerWorker.run(SuiteRunnerWorker.java:96)
	at org.testng.TestNG.runSuitesSequentially(TestNG.java:1212)
	at org.testng.TestNG.runSuitesLocally(TestNG.java:1134)
	at org.testng.TestNG.runSuites(TestNG.java:1063)
	at org.testng.TestNG.run(TestNG.java:1031)
	at org.testng.remote.AbstractRemoteTestNG.run(AbstractRemoteTestNG.java:115)
	at org.testng.remote.RemoteTestNG.initAndRun(RemoteTestNG.java:251)
	at org.testng.remote.RemoteTestNG.main(RemoteTestNG.java:77)
</pre></div></td>
<td>58</td>
<td>com.hrmsreports.testcases.ReportsStandardProfileSalaryResignedEmployeesTest@8ad6665</td></tr>
<tr>
<td title='com.hrmsreports.testcases.ReportsStandardProfileSalaryRetirableTest.verifyReportProfileSalaryRetirableFromDateMandatoryFieldCheck()'><b>verifyReportProfileSalaryRetirableFromDateMandatoryFieldCheck</b><br>Test class: com.hrmsreports.testcases.ReportsStandardProfileSalaryRetirableTest</td>
<td><div><pre>java.lang.AssertionError: expected [null] but found [Please select to date]
	at com.hrmsreports.testcases.ReportsStandardProfileSalaryRetirableTest.verifyReportProfileSalaryRetirableFromDateMandatoryFieldCheck(ReportsStandardProfileSalaryRetirableTest.java:115)
	at java.base/java.util.ArrayList.forEach(ArrayList.java:1541)
... Removed 33 stack frames</pre></div><a href='#' onClick='toggleBox("stack-trace238936620", this, "Click to show all stack frames", "Click to hide stack frames")'>Click to show all stack frames</a>
<div class='stack-trace' id='stack-trace238936620'><pre>java.lang.AssertionError: expected [null] but found [Please select to date]
	at org.testng.Assert.fail(Assert.java:99)
	at org.testng.Assert.failNotEquals(Assert.java:1037)
	at org.testng.Assert.assertEqualsImpl(Assert.java:140)
	at org.testng.Assert.assertEquals(Assert.java:122)
	at org.testng.Assert.assertEquals(Assert.java:629)
	at org.testng.Assert.assertEquals(Assert.java:639)
	at com.hrmsreports.testcases.ReportsStandardProfileSalaryRetirableTest.verifyReportProfileSalaryRetirableFromDateMandatoryFieldCheck(ReportsStandardProfileSalaryRetirableTest.java:115)
	at java.base/jdk.internal.reflect.NativeMethodAccessorImpl.invoke0(Native Method)
	at java.base/jdk.internal.reflect.NativeMethodAccessorImpl.invoke(NativeMethodAccessorImpl.java:62)
	at java.base/jdk.internal.reflect.DelegatingMethodAccessorImpl.invoke(DelegatingMethodAccessorImpl.java:43)
	at java.base/java.lang.reflect.Method.invoke(Method.java:566)
	at org.testng.internal.MethodInvocationHelper.invokeMethod(MethodInvocationHelper.java:133)
	at org.testng.internal.TestInvoker.invokeMethod(TestInvoker.java:598)
	at org.testng.internal.TestInvoker.invokeTestMethod(TestInvoker.java:173)
	at org.testng.internal.MethodRunner.runInSequence(MethodRunner.java:46)
	at org.testng.internal.TestInvoker$MethodInvocationAgent.invoke(TestInvoker.java:824)
	at org.testng.internal.TestInvoker.invokeTestMethods(TestInvoker.java:146)
	at org.testng.internal.TestMethodWorker.invokeTestMethods(TestMethodWorker.java:146)
	at org.testng.internal.TestMethodWorker.run(TestMethodWorker.java:128)
	at java.base/java.util.ArrayList.forEach(ArrayList.java:1541)
	at org.testng.TestRunner.privateRun(TestRunner.java:794)
	at org.testng.TestRunner.run(TestRunner.java:596)
	at org.testng.SuiteRunner.runTest(SuiteRunner.java:377)
	at org.testng.SuiteRunner.runSequentially(SuiteRunner.java:371)
	at org.testng.SuiteRunner.privateRun(SuiteRunner.java:332)
	at org.testng.SuiteRunner.run(SuiteRunner.java:276)
	at org.testng.SuiteRunnerWorker.runSuite(SuiteRunnerWorker.java:53)
	at org.testng.SuiteRunnerWorker.run(SuiteRunnerWorker.java:96)
	at org.testng.TestNG.runSuitesSequentially(TestNG.java:1212)
	at org.testng.TestNG.runSuitesLocally(TestNG.java:1134)
	at org.testng.TestNG.runSuites(TestNG.java:1063)
	at org.testng.TestNG.run(TestNG.java:1031)
	at org.testng.remote.AbstractRemoteTestNG.run(AbstractRemoteTestNG.java:115)
	at org.testng.remote.RemoteTestNG.initAndRun(RemoteTestNG.java:251)
	at org.testng.remote.RemoteTestNG.main(RemoteTestNG.java:77)
</pre></div></td>
<td>59</td>
<td>com.hrmsreports.testcases.ReportsStandardProfileSalaryRetirableTest@68b32e3e</td></tr>
<tr>
<td title='com.hrmsreports.testcases.ReportsStandardProfileSalaryRetirableTest.verifyReportProfileSalaryRetirableCheck()'><b>verifyReportProfileSalaryRetirableCheck</b><br>Test class: com.hrmsreports.testcases.ReportsStandardProfileSalaryRetirableTest</td>
<td><div><pre>java.lang.AssertionError: expected [true] but found [false]
	at com.hrmsreports.testcases.ReportsStandardProfileSalaryRetirableTest.verifyReportProfileSalaryRetirableCheck(ReportsStandardProfileSalaryRetirableTest.java:88)
	at java.base/java.util.ArrayList.forEach(ArrayList.java:1541)
... Removed 31 stack frames</pre></div><a href='#' onClick='toggleBox("stack-trace178332627", this, "Click to show all stack frames", "Click to hide stack frames")'>Click to show all stack frames</a>
<div class='stack-trace' id='stack-trace178332627'><pre>java.lang.AssertionError: expected [true] but found [false]
	at org.testng.Assert.fail(Assert.java:99)
	at org.testng.Assert.failNotEquals(Assert.java:1037)
	at org.testng.Assert.assertTrue(Assert.java:45)
	at org.testng.Assert.assertTrue(Assert.java:55)
	at com.hrmsreports.testcases.ReportsStandardProfileSalaryRetirableTest.verifyReportProfileSalaryRetirableCheck(ReportsStandardProfileSalaryRetirableTest.java:88)
	at java.base/jdk.internal.reflect.NativeMethodAccessorImpl.invoke0(Native Method)
	at java.base/jdk.internal.reflect.NativeMethodAccessorImpl.invoke(NativeMethodAccessorImpl.java:62)
	at java.base/jdk.internal.reflect.DelegatingMethodAccessorImpl.invoke(DelegatingMethodAccessorImpl.java:43)
	at java.base/java.lang.reflect.Method.invoke(Method.java:566)
	at org.testng.internal.MethodInvocationHelper.invokeMethod(MethodInvocationHelper.java:133)
	at org.testng.internal.TestInvoker.invokeMethod(TestInvoker.java:598)
	at org.testng.internal.TestInvoker.invokeTestMethod(TestInvoker.java:173)
	at org.testng.internal.MethodRunner.runInSequence(MethodRunner.java:46)
	at org.testng.internal.TestInvoker$MethodInvocationAgent.invoke(TestInvoker.java:824)
	at org.testng.internal.TestInvoker.invokeTestMethods(TestInvoker.java:146)
	at org.testng.internal.TestMethodWorker.invokeTestMethods(TestMethodWorker.java:146)
	at org.testng.internal.TestMethodWorker.run(TestMethodWorker.java:128)
	at java.base/java.util.ArrayList.forEach(ArrayList.java:1541)
	at org.testng.TestRunner.privateRun(TestRunner.java:794)
	at org.testng.TestRunner.run(TestRunner.java:596)
	at org.testng.SuiteRunner.runTest(SuiteRunner.java:377)
	at org.testng.SuiteRunner.runSequentially(SuiteRunner.java:371)
	at org.testng.SuiteRunner.privateRun(SuiteRunner.java:332)
	at org.testng.SuiteRunner.run(SuiteRunner.java:276)
	at org.testng.SuiteRunnerWorker.runSuite(SuiteRunnerWorker.java:53)
	at org.testng.SuiteRunnerWorker.run(SuiteRunnerWorker.java:96)
	at org.testng.TestNG.runSuitesSequentially(TestNG.java:1212)
	at org.testng.TestNG.runSuitesLocally(TestNG.java:1134)
	at org.testng.TestNG.runSuites(TestNG.java:1063)
	at org.testng.TestNG.run(TestNG.java:1031)
	at org.testng.remote.AbstractRemoteTestNG.run(AbstractRemoteTestNG.java:115)
	at org.testng.remote.RemoteTestNG.initAndRun(RemoteTestNG.java:251)
	at org.testng.remote.RemoteTestNG.main(RemoteTestNG.java:77)
</pre></div></td>
<td>58</td>
<td>com.hrmsreports.testcases.ReportsStandardProfileSalaryRetirableTest@68b32e3e</td></tr>
<tr>
<td title='com.hrmsreports.testcases.ReportsStandardProfileSalaryEmployeeMovementTest.verifyReportProfileSalaryEmpMovementTypeOfChangeMandatoryFieldCheck()'><b>verifyReportProfileSalaryEmpMovementTypeOfChangeMandatoryFieldCheck</b><br>Test class: com.hrmsreports.testcases.ReportsStandardProfileSalaryEmployeeMovementTest</td>
<td><div><pre>java.lang.AssertionError: expected [null] but found [Please select Type Of Change]
	at com.hrmsreports.testcases.ReportsStandardProfileSalaryEmployeeMovementTest.verifyReportProfileSalaryEmpMovementTypeOfChangeMandatoryFieldCheck(ReportsStandardProfileSalaryEmployeeMovementTest.java:103)
	at java.base/java.util.ArrayList.forEach(ArrayList.java:1541)
... Removed 33 stack frames</pre></div><a href='#' onClick='toggleBox("stack-trace1739910401", this, "Click to show all stack frames", "Click to hide stack frames")'>Click to show all stack frames</a>
<div class='stack-trace' id='stack-trace1739910401'><pre>java.lang.AssertionError: expected [null] but found [Please select Type Of Change]
	at org.testng.Assert.fail(Assert.java:99)
	at org.testng.Assert.failNotEquals(Assert.java:1037)
	at org.testng.Assert.assertEqualsImpl(Assert.java:140)
	at org.testng.Assert.assertEquals(Assert.java:122)
	at org.testng.Assert.assertEquals(Assert.java:629)
	at org.testng.Assert.assertEquals(Assert.java:639)
	at com.hrmsreports.testcases.ReportsStandardProfileSalaryEmployeeMovementTest.verifyReportProfileSalaryEmpMovementTypeOfChangeMandatoryFieldCheck(ReportsStandardProfileSalaryEmployeeMovementTest.java:103)
	at java.base/jdk.internal.reflect.NativeMethodAccessorImpl.invoke0(Native Method)
	at java.base/jdk.internal.reflect.NativeMethodAccessorImpl.invoke(NativeMethodAccessorImpl.java:62)
	at java.base/jdk.internal.reflect.DelegatingMethodAccessorImpl.invoke(DelegatingMethodAccessorImpl.java:43)
	at java.base/java.lang.reflect.Method.invoke(Method.java:566)
	at org.testng.internal.MethodInvocationHelper.invokeMethod(MethodInvocationHelper.java:133)
	at org.testng.internal.TestInvoker.invokeMethod(TestInvoker.java:598)
	at org.testng.internal.TestInvoker.invokeTestMethod(TestInvoker.java:173)
	at org.testng.internal.MethodRunner.runInSequence(MethodRunner.java:46)
	at org.testng.internal.TestInvoker$MethodInvocationAgent.invoke(TestInvoker.java:824)
	at org.testng.internal.TestInvoker.invokeTestMethods(TestInvoker.java:146)
	at org.testng.internal.TestMethodWorker.invokeTestMethods(TestMethodWorker.java:146)
	at org.testng.internal.TestMethodWorker.run(TestMethodWorker.java:128)
	at java.base/java.util.ArrayList.forEach(ArrayList.java:1541)
	at org.testng.TestRunner.privateRun(TestRunner.java:794)
	at org.testng.TestRunner.run(TestRunner.java:596)
	at org.testng.SuiteRunner.runTest(SuiteRunner.java:377)
	at org.testng.SuiteRunner.runSequentially(SuiteRunner.java:371)
	at org.testng.SuiteRunner.privateRun(SuiteRunner.java:332)
	at org.testng.SuiteRunner.run(SuiteRunner.java:276)
	at org.testng.SuiteRunnerWorker.runSuite(SuiteRunnerWorker.java:53)
	at org.testng.SuiteRunnerWorker.run(SuiteRunnerWorker.java:96)
	at org.testng.TestNG.runSuitesSequentially(TestNG.java:1212)
	at org.testng.TestNG.runSuitesLocally(TestNG.java:1134)
	at org.testng.TestNG.runSuites(TestNG.java:1063)
	at org.testng.TestNG.run(TestNG.java:1031)
	at org.testng.remote.AbstractRemoteTestNG.run(AbstractRemoteTestNG.java:115)
	at org.testng.remote.RemoteTestNG.initAndRun(RemoteTestNG.java:251)
	at org.testng.remote.RemoteTestNG.main(RemoteTestNG.java:77)
</pre></div></td>
<td>58</td>
<td>com.hrmsreports.testcases.ReportsStandardProfileSalaryEmployeeMovementTest@bcef303</td></tr>
<tr>
<td title='com.hrmsreports.testcases.ReportsStandardProfileSalaryCoeWithCompensationTest.verifyReportProfileSalarycoeWithCompensationCheck()'><b>verifyReportProfileSalarycoeWithCompensationCheck</b><br>Test class: com.hrmsreports.testcases.ReportsStandardProfileSalaryCoeWithCompensationTest</td>
<td><div><pre>java.lang.AssertionError: expected [true] but found [false]
	at com.hrmsreports.testcases.ReportsStandardProfileSalaryCoeWithCompensationTest.verifyReportProfileSalarycoeWithCompensationCheck(ReportsStandardProfileSalaryCoeWithCompensationTest.java:95)
	at java.base/java.util.ArrayList.forEach(ArrayList.java:1541)
... Removed 31 stack frames</pre></div><a href='#' onClick='toggleBox("stack-trace2028800821", this, "Click to show all stack frames", "Click to hide stack frames")'>Click to show all stack frames</a>
<div class='stack-trace' id='stack-trace2028800821'><pre>java.lang.AssertionError: expected [true] but found [false]
	at org.testng.Assert.fail(Assert.java:99)
	at org.testng.Assert.failNotEquals(Assert.java:1037)
	at org.testng.Assert.assertTrue(Assert.java:45)
	at org.testng.Assert.assertTrue(Assert.java:55)
	at com.hrmsreports.testcases.ReportsStandardProfileSalaryCoeWithCompensationTest.verifyReportProfileSalarycoeWithCompensationCheck(ReportsStandardProfileSalaryCoeWithCompensationTest.java:95)
	at java.base/jdk.internal.reflect.NativeMethodAccessorImpl.invoke0(Native Method)
	at java.base/jdk.internal.reflect.NativeMethodAccessorImpl.invoke(NativeMethodAccessorImpl.java:62)
	at java.base/jdk.internal.reflect.DelegatingMethodAccessorImpl.invoke(DelegatingMethodAccessorImpl.java:43)
	at java.base/java.lang.reflect.Method.invoke(Method.java:566)
	at org.testng.internal.MethodInvocationHelper.invokeMethod(MethodInvocationHelper.java:133)
	at org.testng.internal.TestInvoker.invokeMethod(TestInvoker.java:598)
	at org.testng.internal.TestInvoker.invokeTestMethod(TestInvoker.java:173)
	at org.testng.internal.MethodRunner.runInSequence(MethodRunner.java:46)
	at org.testng.internal.TestInvoker$MethodInvocationAgent.invoke(TestInvoker.java:824)
	at org.testng.internal.TestInvoker.invokeTestMethods(TestInvoker.java:146)
	at org.testng.internal.TestMethodWorker.invokeTestMethods(TestMethodWorker.java:146)
	at org.testng.internal.TestMethodWorker.run(TestMethodWorker.java:128)
	at java.base/java.util.ArrayList.forEach(ArrayList.java:1541)
	at org.testng.TestRunner.privateRun(TestRunner.java:794)
	at org.testng.TestRunner.run(TestRunner.java:596)
	at org.testng.SuiteRunner.runTest(SuiteRunner.java:377)
	at org.testng.SuiteRunner.runSequentially(SuiteRunner.java:371)
	at org.testng.SuiteRunner.privateRun(SuiteRunner.java:332)
	at org.testng.SuiteRunner.run(SuiteRunner.java:276)
	at org.testng.SuiteRunnerWorker.runSuite(SuiteRunnerWorker.java:53)
	at org.testng.SuiteRunnerWorker.run(SuiteRunnerWorker.java:96)
	at org.testng.TestNG.runSuitesSequentially(TestNG.java:1212)
	at org.testng.TestNG.runSuitesLocally(TestNG.java:1134)
	at org.testng.TestNG.runSuites(TestNG.java:1063)
	at org.testng.TestNG.run(TestNG.java:1031)
	at org.testng.remote.AbstractRemoteTestNG.run(AbstractRemoteTestNG.java:115)
	at org.testng.remote.RemoteTestNG.initAndRun(RemoteTestNG.java:251)
	at org.testng.remote.RemoteTestNG.main(RemoteTestNG.java:77)
</pre></div></td>
<td>58</td>
<td>com.hrmsreports.testcases.ReportsStandardProfileSalaryCoeWithCompensationTest@41709512</td></tr>
<tr>
<td title='com.hrmsreports.testcases.ReportStandardProfileSalaryYearsOfServiceTest.verifyReportProfileSalaryyearofServiceCheckDownloadPDF()'><b>verifyReportProfileSalaryyearofServiceCheckDownloadPDF</b><br>Test class: com.hrmsreports.testcases.ReportStandardProfileSalaryYearsOfServiceTest</td>
<td><div><pre>java.lang.AssertionError: expected [true] but found [false]
	at com.hrmsreports.testcases.ReportStandardProfileSalaryYearsOfServiceTest.verifyReportProfileSalaryyearofServiceCheckDownloadPDF(ReportStandardProfileSalaryYearsOfServiceTest.java:104)
	at java.base/java.util.ArrayList.forEach(ArrayList.java:1541)
... Removed 31 stack frames</pre></div><a href='#' onClick='toggleBox("stack-trace546516617", this, "Click to show all stack frames", "Click to hide stack frames")'>Click to show all stack frames</a>
<div class='stack-trace' id='stack-trace546516617'><pre>java.lang.AssertionError: expected [true] but found [false]
	at org.testng.Assert.fail(Assert.java:99)
	at org.testng.Assert.failNotEquals(Assert.java:1037)
	at org.testng.Assert.assertTrue(Assert.java:45)
	at org.testng.Assert.assertTrue(Assert.java:55)
	at com.hrmsreports.testcases.ReportStandardProfileSalaryYearsOfServiceTest.verifyReportProfileSalaryyearofServiceCheckDownloadPDF(ReportStandardProfileSalaryYearsOfServiceTest.java:104)
	at java.base/jdk.internal.reflect.NativeMethodAccessorImpl.invoke0(Native Method)
	at java.base/jdk.internal.reflect.NativeMethodAccessorImpl.invoke(NativeMethodAccessorImpl.java:62)
	at java.base/jdk.internal.reflect.DelegatingMethodAccessorImpl.invoke(DelegatingMethodAccessorImpl.java:43)
	at java.base/java.lang.reflect.Method.invoke(Method.java:566)
	at org.testng.internal.MethodInvocationHelper.invokeMethod(MethodInvocationHelper.java:133)
	at org.testng.internal.TestInvoker.invokeMethod(TestInvoker.java:598)
	at org.testng.internal.TestInvoker.invokeTestMethod(TestInvoker.java:173)
	at org.testng.internal.MethodRunner.runInSequence(MethodRunner.java:46)
	at org.testng.internal.TestInvoker$MethodInvocationAgent.invoke(TestInvoker.java:824)
	at org.testng.internal.TestInvoker.invokeTestMethods(TestInvoker.java:146)
	at org.testng.internal.TestMethodWorker.invokeTestMethods(TestMethodWorker.java:146)
	at org.testng.internal.TestMethodWorker.run(TestMethodWorker.java:128)
	at java.base/java.util.ArrayList.forEach(ArrayList.java:1541)
	at org.testng.TestRunner.privateRun(TestRunner.java:794)
	at org.testng.TestRunner.run(TestRunner.java:596)
	at org.testng.SuiteRunner.runTest(SuiteRunner.java:377)
	at org.testng.SuiteRunner.runSequentially(SuiteRunner.java:371)
	at org.testng.SuiteRunner.privateRun(SuiteRunner.java:332)
	at org.testng.SuiteRunner.run(SuiteRunner.java:276)
	at org.testng.SuiteRunnerWorker.runSuite(SuiteRunnerWorker.java:53)
	at org.testng.SuiteRunnerWorker.run(SuiteRunnerWorker.java:96)
	at org.testng.TestNG.runSuitesSequentially(TestNG.java:1212)
	at org.testng.TestNG.runSuitesLocally(TestNG.java:1134)
	at org.testng.TestNG.runSuites(TestNG.java:1063)
	at org.testng.TestNG.run(TestNG.java:1031)
	at org.testng.remote.AbstractRemoteTestNG.run(AbstractRemoteTestNG.java:115)
	at org.testng.remote.RemoteTestNG.initAndRun(RemoteTestNG.java:251)
	at org.testng.remote.RemoteTestNG.main(RemoteTestNG.java:77)
</pre></div></td>
<td>58</td>
<td>com.hrmsreports.testcases.ReportStandardProfileSalaryYearsOfServiceTest@19835e64</td></tr>
<tr>
<td title='com.hrmsreports.testcases.ReportStandardProfileSalaryTerminatedEmployeesTest.verifyReportProfileSalaryTerminateEmployeesCheck()'><b>verifyReportProfileSalaryTerminateEmployeesCheck</b><br>Test class: com.hrmsreports.testcases.ReportStandardProfileSalaryTerminatedEmployeesTest</td>
<td><div><pre>java.lang.AssertionError: expected [true] but found [false]
	at com.hrmsreports.testcases.ReportStandardProfileSalaryTerminatedEmployeesTest.verifyReportProfileSalaryTerminateEmployeesCheck(ReportStandardProfileSalaryTerminatedEmployeesTest.java:79)
	at java.base/java.util.ArrayList.forEach(ArrayList.java:1541)
... Removed 31 stack frames</pre></div><a href='#' onClick='toggleBox("stack-trace776371962", this, "Click to show all stack frames", "Click to hide stack frames")'>Click to show all stack frames</a>
<div class='stack-trace' id='stack-trace776371962'><pre>java.lang.AssertionError: expected [true] but found [false]
	at org.testng.Assert.fail(Assert.java:99)
	at org.testng.Assert.failNotEquals(Assert.java:1037)
	at org.testng.Assert.assertTrue(Assert.java:45)
	at org.testng.Assert.assertTrue(Assert.java:55)
	at com.hrmsreports.testcases.ReportStandardProfileSalaryTerminatedEmployeesTest.verifyReportProfileSalaryTerminateEmployeesCheck(ReportStandardProfileSalaryTerminatedEmployeesTest.java:79)
	at java.base/jdk.internal.reflect.NativeMethodAccessorImpl.invoke0(Native Method)
	at java.base/jdk.internal.reflect.NativeMethodAccessorImpl.invoke(NativeMethodAccessorImpl.java:62)
	at java.base/jdk.internal.reflect.DelegatingMethodAccessorImpl.invoke(DelegatingMethodAccessorImpl.java:43)
	at java.base/java.lang.reflect.Method.invoke(Method.java:566)
	at org.testng.internal.MethodInvocationHelper.invokeMethod(MethodInvocationHelper.java:133)
	at org.testng.internal.TestInvoker.invokeMethod(TestInvoker.java:598)
	at org.testng.internal.TestInvoker.invokeTestMethod(TestInvoker.java:173)
	at org.testng.internal.MethodRunner.runInSequence(MethodRunner.java:46)
	at org.testng.internal.TestInvoker$MethodInvocationAgent.invoke(TestInvoker.java:824)
	at org.testng.internal.TestInvoker.invokeTestMethods(TestInvoker.java:146)
	at org.testng.internal.TestMethodWorker.invokeTestMethods(TestMethodWorker.java:146)
	at org.testng.internal.TestMethodWorker.run(TestMethodWorker.java:128)
	at java.base/java.util.ArrayList.forEach(ArrayList.java:1541)
	at org.testng.TestRunner.privateRun(TestRunner.java:794)
	at org.testng.TestRunner.run(TestRunner.java:596)
	at org.testng.SuiteRunner.runTest(SuiteRunner.java:377)
	at org.testng.SuiteRunner.runSequentially(SuiteRunner.java:371)
	at org.testng.SuiteRunner.privateRun(SuiteRunner.java:332)
	at org.testng.SuiteRunner.run(SuiteRunner.java:276)
	at org.testng.SuiteRunnerWorker.runSuite(SuiteRunnerWorker.java:53)
	at org.testng.SuiteRunnerWorker.run(SuiteRunnerWorker.java:96)
	at org.testng.TestNG.runSuitesSequentially(TestNG.java:1212)
	at org.testng.TestNG.runSuitesLocally(TestNG.java:1134)
	at org.testng.TestNG.runSuites(TestNG.java:1063)
	at org.testng.TestNG.run(TestNG.java:1031)
	at org.testng.remote.AbstractRemoteTestNG.run(AbstractRemoteTestNG.java:115)
	at org.testng.remote.RemoteTestNG.initAndRun(RemoteTestNG.java:251)
	at org.testng.remote.RemoteTestNG.main(RemoteTestNG.java:77)
</pre></div></td>
<td>58</td>
<td>com.hrmsreports.testcases.ReportStandardProfileSalaryTerminatedEmployeesTest@6ed3f258</td></tr>
<tr>
<td title='com.hrmsreports.testcases.ReportStandardProfileSalaryTerminatedEmployeesTest.verifyReportProfileSalaryTerminateEmployeesCheckDownloadPDF()'><b>verifyReportProfileSalaryTerminateEmployeesCheckDownloadPDF</b><br>Test class: com.hrmsreports.testcases.ReportStandardProfileSalaryTerminatedEmployeesTest</td>
<td><div><pre>java.lang.AssertionError: expected [true] but found [false]
	at com.hrmsreports.testcases.ReportStandardProfileSalaryTerminatedEmployeesTest.verifyReportProfileSalaryTerminateEmployeesCheckDownloadPDF(ReportStandardProfileSalaryTerminatedEmployeesTest.java:96)
	at java.base/java.util.ArrayList.forEach(ArrayList.java:1541)
... Removed 31 stack frames</pre></div><a href='#' onClick='toggleBox("stack-trace1845692031", this, "Click to show all stack frames", "Click to hide stack frames")'>Click to show all stack frames</a>
<div class='stack-trace' id='stack-trace1845692031'><pre>java.lang.AssertionError: expected [true] but found [false]
	at org.testng.Assert.fail(Assert.java:99)
	at org.testng.Assert.failNotEquals(Assert.java:1037)
	at org.testng.Assert.assertTrue(Assert.java:45)
	at org.testng.Assert.assertTrue(Assert.java:55)
	at com.hrmsreports.testcases.ReportStandardProfileSalaryTerminatedEmployeesTest.verifyReportProfileSalaryTerminateEmployeesCheckDownloadPDF(ReportStandardProfileSalaryTerminatedEmployeesTest.java:96)
	at java.base/jdk.internal.reflect.NativeMethodAccessorImpl.invoke0(Native Method)
	at java.base/jdk.internal.reflect.NativeMethodAccessorImpl.invoke(NativeMethodAccessorImpl.java:62)
	at java.base/jdk.internal.reflect.DelegatingMethodAccessorImpl.invoke(DelegatingMethodAccessorImpl.java:43)
	at java.base/java.lang.reflect.Method.invoke(Method.java:566)
	at org.testng.internal.MethodInvocationHelper.invokeMethod(MethodInvocationHelper.java:133)
	at org.testng.internal.TestInvoker.invokeMethod(TestInvoker.java:598)
	at org.testng.internal.TestInvoker.invokeTestMethod(TestInvoker.java:173)
	at org.testng.internal.MethodRunner.runInSequence(MethodRunner.java:46)
	at org.testng.internal.TestInvoker$MethodInvocationAgent.invoke(TestInvoker.java:824)
	at org.testng.internal.TestInvoker.invokeTestMethods(TestInvoker.java:146)
	at org.testng.internal.TestMethodWorker.invokeTestMethods(TestMethodWorker.java:146)
	at org.testng.internal.TestMethodWorker.run(TestMethodWorker.java:128)
	at java.base/java.util.ArrayList.forEach(ArrayList.java:1541)
	at org.testng.TestRunner.privateRun(TestRunner.java:794)
	at org.testng.TestRunner.run(TestRunner.java:596)
	at org.testng.SuiteRunner.runTest(SuiteRunner.java:377)
	at org.testng.SuiteRunner.runSequentially(SuiteRunner.java:371)
	at org.testng.SuiteRunner.privateRun(SuiteRunner.java:332)
	at org.testng.SuiteRunner.run(SuiteRunner.java:276)
	at org.testng.SuiteRunnerWorker.runSuite(SuiteRunnerWorker.java:53)
	at org.testng.SuiteRunnerWorker.run(SuiteRunnerWorker.java:96)
	at org.testng.TestNG.runSuitesSequentially(TestNG.java:1212)
	at org.testng.TestNG.runSuitesLocally(TestNG.java:1134)
	at org.testng.TestNG.runSuites(TestNG.java:1063)
	at org.testng.TestNG.run(TestNG.java:1031)
	at org.testng.remote.AbstractRemoteTestNG.run(AbstractRemoteTestNG.java:115)
	at org.testng.remote.RemoteTestNG.initAndRun(RemoteTestNG.java:251)
	at org.testng.remote.RemoteTestNG.main(RemoteTestNG.java:77)
</pre></div></td>
<td>58</td>
<td>com.hrmsreports.testcases.ReportStandardProfileSalaryTerminatedEmployeesTest@6ed3f258</td></tr>
<tr>
<td title='com.hrmsreports.testcases.ReportsStandardProfileSalaryResignedEmployeesTest.verifyReportProfileSalaryresignedempEmployeesCheckDownloadPDF()'><b>verifyReportProfileSalaryresignedempEmployeesCheckDownloadPDF</b><br>Test class: com.hrmsreports.testcases.ReportsStandardProfileSalaryResignedEmployeesTest</td>
<td><div><pre>java.lang.AssertionError: expected [true] but found [false]
	at com.hrmsreports.testcases.ReportsStandardProfileSalaryResignedEmployeesTest.verifyReportProfileSalaryresignedempEmployeesCheckDownloadPDF(ReportsStandardProfileSalaryResignedEmployeesTest.java:98)
	at java.base/java.util.ArrayList.forEach(ArrayList.java:1541)
... Removed 31 stack frames</pre></div><a href='#' onClick='toggleBox("stack-trace762509484", this, "Click to show all stack frames", "Click to hide stack frames")'>Click to show all stack frames</a>
<div class='stack-trace' id='stack-trace762509484'><pre>java.lang.AssertionError: expected [true] but found [false]
	at org.testng.Assert.fail(Assert.java:99)
	at org.testng.Assert.failNotEquals(Assert.java:1037)
	at org.testng.Assert.assertTrue(Assert.java:45)
	at org.testng.Assert.assertTrue(Assert.java:55)
	at com.hrmsreports.testcases.ReportsStandardProfileSalaryResignedEmployeesTest.verifyReportProfileSalaryresignedempEmployeesCheckDownloadPDF(ReportsStandardProfileSalaryResignedEmployeesTest.java:98)
	at java.base/jdk.internal.reflect.NativeMethodAccessorImpl.invoke0(Native Method)
	at java.base/jdk.internal.reflect.NativeMethodAccessorImpl.invoke(NativeMethodAccessorImpl.java:62)
	at java.base/jdk.internal.reflect.DelegatingMethodAccessorImpl.invoke(DelegatingMethodAccessorImpl.java:43)
	at java.base/java.lang.reflect.Method.invoke(Method.java:566)
	at org.testng.internal.MethodInvocationHelper.invokeMethod(MethodInvocationHelper.java:133)
	at org.testng.internal.TestInvoker.invokeMethod(TestInvoker.java:598)
	at org.testng.internal.TestInvoker.invokeTestMethod(TestInvoker.java:173)
	at org.testng.internal.MethodRunner.runInSequence(MethodRunner.java:46)
	at org.testng.internal.TestInvoker$MethodInvocationAgent.invoke(TestInvoker.java:824)
	at org.testng.internal.TestInvoker.invokeTestMethods(TestInvoker.java:146)
	at org.testng.internal.TestMethodWorker.invokeTestMethods(TestMethodWorker.java:146)
	at org.testng.internal.TestMethodWorker.run(TestMethodWorker.java:128)
	at java.base/java.util.ArrayList.forEach(ArrayList.java:1541)
	at org.testng.TestRunner.privateRun(TestRunner.java:794)
	at org.testng.TestRunner.run(TestRunner.java:596)
	at org.testng.SuiteRunner.runTest(SuiteRunner.java:377)
	at org.testng.SuiteRunner.runSequentially(SuiteRunner.java:371)
	at org.testng.SuiteRunner.privateRun(SuiteRunner.java:332)
	at org.testng.SuiteRunner.run(SuiteRunner.java:276)
	at org.testng.SuiteRunnerWorker.runSuite(SuiteRunnerWorker.java:53)
	at org.testng.SuiteRunnerWorker.run(SuiteRunnerWorker.java:96)
	at org.testng.TestNG.runSuitesSequentially(TestNG.java:1212)
	at org.testng.TestNG.runSuitesLocally(TestNG.java:1134)
	at org.testng.TestNG.runSuites(TestNG.java:1063)
	at org.testng.TestNG.run(TestNG.java:1031)
	at org.testng.remote.AbstractRemoteTestNG.run(AbstractRemoteTestNG.java:115)
	at org.testng.remote.RemoteTestNG.initAndRun(RemoteTestNG.java:251)
	at org.testng.remote.RemoteTestNG.main(RemoteTestNG.java:77)
</pre></div></td>
<td>58</td>
<td>com.hrmsreports.testcases.ReportsStandardProfileSalaryResignedEmployeesTest@8ad6665</td></tr>
</table><p>
<table width='100%' border='1' class='invocation-passed'>
<tr><td colspan='4' align='center'><b>PASSED TESTS</b></td></tr>
<tr><td><b>Test method</b></td>
<td width="30%"><b>Exception</b></td>
<td width="10%"><b>Time (seconds)</b></td>
<td><b>Instance</b></td>
</tr>
<tr>
<td title='com.hrmsreports.testcases.ReportsStandardIncrementPromotionSalaryIncrementTest.verifyReportStandardsIncrementPromotionsalaryIncrementMailCheck()'><b>verifyReportStandardsIncrementPromotionsalaryIncrementMailCheck</b><br>Test class: com.hrmsreports.testcases.ReportsStandardIncrementPromotionSalaryIncrementTest</td>
<td></td>
<td>11</td>
<td>com.hrmsreports.testcases.ReportsStandardIncrementPromotionSalaryIncrementTest@7ca20101</td></tr>
<tr>
<td title='com.hrmsreports.testcases.ReportsStandardStructureLeadTimeToHierTest.verifyReportStandardsStructureLeadTimeHierSubDepartmentMandatoryFieldCheck()'><b>verifyReportStandardsStructureLeadTimeHierSubDepartmentMandatoryFieldCheck</b><br>Test class: com.hrmsreports.testcases.ReportsStandardStructureLeadTimeToHierTest</td>
<td></td>
<td>14</td>
<td>com.hrmsreports.testcases.ReportsStandardStructureLeadTimeToHierTest@51acdf2e</td></tr>
<tr>
<td title='com.hrmsreports.testcases.ReportsStandardPayRollErrorRepportTest.verifyReportStandardsPayRollErrorRepportPayrollGroupingAllcheckBoxSubmitCheck()'><b>verifyReportStandardsPayRollErrorRepportPayrollGroupingAllcheckBoxSubmitCheck</b><br>Test class: com.hrmsreports.testcases.ReportsStandardPayRollErrorRepportTest</td>
<td></td>
<td>6</td>
<td>com.hrmsreports.testcases.ReportsStandardPayRollErrorRepportTest@24111ef1</td></tr>
<tr>
<td title='com.hrmsreports.testcases.ReportsStandardStructureSourcingTest.verifyReportStandardsStructureSourcingSubDepartmentMandatoryFieldCheck()'><b>verifyReportStandardsStructureSourcingSubDepartmentMandatoryFieldCheck</b><br>Test class: com.hrmsreports.testcases.ReportsStandardStructureSourcingTest</td>
<td></td>
<td>14</td>
<td>com.hrmsreports.testcases.ReportsStandardStructureSourcingTest@79179359</td></tr>
<tr>
<td title='com.hrmsreports.testcases.ReportsStandardArrearArrearPfReportTest.verifyReportStandardsArrearPfReportMonthMandatoryFieldCheck()'><b>verifyReportStandardsArrearPfReportMonthMandatoryFieldCheck</b><br>Test class: com.hrmsreports.testcases.ReportsStandardArrearArrearPfReportTest</td>
<td></td>
<td>5</td>
<td>com.hrmsreports.testcases.ReportsStandardArrearArrearPfReportTest@2ea6e30c</td></tr>
<tr>
<td title='com.hrmsreports.testcases.ReportsStandardLeaveLeaveBalanceTest.verifyReportStandardsleaveBalanceCheck()'><b>verifyReportStandardsleaveBalanceCheck</b><br>Test class: com.hrmsreports.testcases.ReportsStandardLeaveLeaveBalanceTest</td>
<td></td>
<td>5</td>
<td>com.hrmsreports.testcases.ReportsStandardLeaveLeaveBalanceTest@63787180</td></tr>
<tr>
<td title='com.hrmsreports.testcases.ReportsStandardStatutoryFormCTest.verifyReportStandardsStatutoryFormCDownloadCheck()'><b>verifyReportStandardsStatutoryFormCDownloadCheck</b><br>Test class: com.hrmsreports.testcases.ReportsStandardStatutoryFormCTest</td>
<td></td>
<td>10</td>
<td>com.hrmsreports.testcases.ReportsStandardStatutoryFormCTest@74f5ce22</td></tr>
<tr>
<td title='com.hrmsreports.testcases.ReportsStandardPayRollPaySlipTest.verifyReportStandardsPayRollPaySlipEmployeeDownloadCheck()'><b>verifyReportStandardsPayRollPaySlipEmployeeDownloadCheck</b><br>Test class: com.hrmsreports.testcases.ReportsStandardPayRollPaySlipTest</td>
<td></td>
<td>11</td>
<td>com.hrmsreports.testcases.ReportsStandardPayRollPaySlipTest@6e4566f1</td></tr>
<tr>
<td title='com.hrmsreports.testcases.ReportsStandardArrearArrearExcelReportTest.verifyReportStandardsArreararrearsExcelReportPayrollDownloadCheck()'><b>verifyReportStandardsArreararrearsExcelReportPayrollDownloadCheck</b><br>Test class: com.hrmsreports.testcases.ReportsStandardArrearArrearExcelReportTest</td>
<td></td>
<td>60</td>
<td>com.hrmsreports.testcases.ReportsStandardArrearArrearExcelReportTest@3a5ecce3</td></tr>
<tr>
<td title='com.hrmsreports.testcases.ReportsStandardProfileSalaryHRLettersTest.verifyReportProfileSalaryHrLettersCheck()'><b>verifyReportProfileSalaryHrLettersCheck</b><br>Test class: com.hrmsreports.testcases.ReportsStandardProfileSalaryHRLettersTest</td>
<td></td>
<td>68</td>
<td>com.hrmsreports.testcases.ReportsStandardProfileSalaryHRLettersTest@5443d039</td></tr>
<tr>
<td title='com.hrmsreports.testcases.ReportsStandardPayRollLoanRegisterTest.verifyReportStandardsPayRollloanRegisterSubmitCheck()'><b>verifyReportStandardsPayRollloanRegisterSubmitCheck</b><br>Test class: com.hrmsreports.testcases.ReportsStandardPayRollLoanRegisterTest</td>
<td></td>
<td>6</td>
<td>com.hrmsreports.testcases.ReportsStandardPayRollLoanRegisterTest@16ce702d</td></tr>
<tr>
<td title='com.hrmsreports.testcases.ReportsStandardStructurePositionSummaryTest.verifyReportStandardsStructureRoleStatusPdfDownloadCheck()'><b>verifyReportStandardsStructureRoleStatusPdfDownloadCheck</b><br>Test class: com.hrmsreports.testcases.ReportsStandardStructurePositionSummaryTest</td>
<td></td>
<td>5</td>
<td>com.hrmsreports.testcases.ReportsStandardStructurePositionSummaryTest@1afdd473</td></tr>
<tr>
<td title='com.hrmsreports.testcases.ReportsStandardStatutoryForm21Test.verifyReportStandardsStatutoryForm21DownloadCheck()'><b>verifyReportStandardsStatutoryForm21DownloadCheck</b><br>Test class: com.hrmsreports.testcases.ReportsStandardStatutoryForm21Test</td>
<td></td>
<td>18</td>
<td>com.hrmsreports.testcases.ReportsStandardStatutoryForm21Test@25aca718</td></tr>
<tr>
<td title='com.hrmsreports.testcases.ReportsStandardPayRollLWFReportTest.verifyReportStandardsPayRollLWFReportMonthMandatoryFieldCheck()'><b>verifyReportStandardsPayRollLWFReportMonthMandatoryFieldCheck</b><br>Test class: com.hrmsreports.testcases.ReportsStandardPayRollLWFReportTest</td>
<td></td>
<td>6</td>
<td>com.hrmsreports.testcases.ReportsStandardPayRollLWFReportTest@53de625d</td></tr>
<tr>
<td title='com.hrmsreports.testcases.ReportStandardProfileSalaryCurrentCTCTest.verifyReportProfileSalaryCurrentCTCPayRollMandatoryFieldCheck()'><b>verifyReportProfileSalaryCurrentCTCPayRollMandatoryFieldCheck</b><br>Test class: com.hrmsreports.testcases.ReportStandardProfileSalaryCurrentCTCTest</td>
<td></td>
<td>6</td>
<td>com.hrmsreports.testcases.ReportStandardProfileSalaryCurrentCTCTest@2631f68c</td></tr>
<tr>
<td title='com.hrmsreports.testcases.ReportsStandardStatutoryMusterRollTest.verifyReportStandardsStatutoryMusterRollMonthMandatoryFieldCheck()'><b>verifyReportStandardsStatutoryMusterRollMonthMandatoryFieldCheck</b><br>Test class: com.hrmsreports.testcases.ReportsStandardStatutoryMusterRollTest</td>
<td></td>
<td>6</td>
<td>com.hrmsreports.testcases.ReportsStandardStatutoryMusterRollTest@42bc14c1</td></tr>
<tr>
<td title='com.hrmsreports.testcases.ReportsStandardProfileSalaryExitInterviewTest.verifyReportProfileSalaryExitInterviewFromDateMandatoryFieldCheck()'><b>verifyReportProfileSalaryExitInterviewFromDateMandatoryFieldCheck</b><br>Test class: com.hrmsreports.testcases.ReportsStandardProfileSalaryExitInterviewTest</td>
<td></td>
<td>6</td>
<td>com.hrmsreports.testcases.ReportsStandardProfileSalaryExitInterviewTest@4f9a2c08</td></tr>
<tr>
<td title='com.hrmsreports.testcases.ReportsStandardPayRollPayrollReportTest.verifyReportStandardsPayRollPayrollReportReportNameCreateCheck()'><b>verifyReportStandardsPayRollPayrollReportReportNameCreateCheck</b><br>Test class: com.hrmsreports.testcases.ReportsStandardPayRollPayrollReportTest</td>
<td></td>
<td>16</td>
<td>com.hrmsreports.testcases.ReportsStandardPayRollPayrollReportTest@535779e4</td></tr>
<tr>
<td title='com.hrmsreports.testcases.ReportsStandardIncrementPromotionSalaryIncrementTest.verifyReportStandardsIncrementPromotionsalaryIncrementExcelCheck()'><b>verifyReportStandardsIncrementPromotionsalaryIncrementExcelCheck</b><br>Test class: com.hrmsreports.testcases.ReportsStandardIncrementPromotionSalaryIncrementTest</td>
<td></td>
<td>11</td>
<td>com.hrmsreports.testcases.ReportsStandardIncrementPromotionSalaryIncrementTest@7ca20101</td></tr>
<tr>
<td title='com.hrmsreports.testcases.ReportsStandardStatutoryForm12Test.verifyReportStandardsStatutoryform12PayrolLMandatoryFieldCheck()'><b>verifyReportStandardsStatutoryform12PayrolLMandatoryFieldCheck</b><br>Test class: com.hrmsreports.testcases.ReportsStandardStatutoryForm12Test</td>
<td></td>
<td>5</td>
<td>com.hrmsreports.testcases.ReportsStandardStatutoryForm12Test@531f4093</td></tr>
<tr>
<td title='com.hrmsreports.testcases.ReportsStandardPayRollPayRegisterTest.verifyReportStandardsPayRollPayRegisterSubmitCheck()'><b>verifyReportStandardsPayRollPayRegisterSubmitCheck</b><br>Test class: com.hrmsreports.testcases.ReportsStandardPayRollPayRegisterTest</td>
<td></td>
<td>13</td>
<td>com.hrmsreports.testcases.ReportsStandardPayRollPayRegisterTest@7dda48d9</td></tr>
<tr>
<td title='com.hrmsreports.testcases.ReportsStandardPayRollSalaryRegisterTest.verifyReportStandardsPayRollSalaryRegisterAllCheckBoxSubmitCheck()'><b>verifyReportStandardsPayRollSalaryRegisterAllCheckBoxSubmitCheck</b><br>Test class: com.hrmsreports.testcases.ReportsStandardPayRollSalaryRegisterTest</td>
<td></td>
<td>8</td>
<td>com.hrmsreports.testcases.ReportsStandardPayRollSalaryRegisterTest@4b6e2263</td></tr>
<tr>
<td title='com.hrmsreports.testcases.ReportsStandardProfileSalaryApplyResignationTest.verifyReportProfileSalaryApplyResignationFromDateMandatoryFieldCheck()'><b>verifyReportProfileSalaryApplyResignationFromDateMandatoryFieldCheck</b><br>Test class: com.hrmsreports.testcases.ReportsStandardProfileSalaryApplyResignationTest</td>
<td></td>
<td>6</td>
<td>com.hrmsreports.testcases.ReportsStandardProfileSalaryApplyResignationTest@33308786</td></tr>
<tr>
<td title='com.hrmsreports.testcases.ReportsStandardAttendancePunchGEOTaggingTest.verifyReportStandardsAttandancePunchGEOTaggingDepartmentCheck()'><b>verifyReportStandardsAttandancePunchGEOTaggingDepartmentCheck</b><br>Test class: com.hrmsreports.testcases.ReportsStandardAttendancePunchGEOTaggingTest</td>
<td></td>
<td>12</td>
<td>com.hrmsreports.testcases.ReportsStandardAttendancePunchGEOTaggingTest@3d1848cc</td></tr>
<tr>
<td title='com.hrmsreports.testcases.ReportsStandardPayRollPayRollSummaryTest.verifyReportStandardsPayRollpayrollSummaryPayrollGroupingMandatoryFieldCheck()'><b>verifyReportStandardsPayRollpayrollSummaryPayrollGroupingMandatoryFieldCheck</b><br>Test class: com.hrmsreports.testcases.ReportsStandardPayRollPayRollSummaryTest</td>
<td></td>
<td>61</td>
<td>com.hrmsreports.testcases.ReportsStandardPayRollPayRollSummaryTest@344f4dea</td></tr>
<tr>
<td title='com.hrmsreports.testcases.ReportsStandardPayrollGrossCTCTest.verifyReportStandardSGrossCTCPayRollGroupingMandatoryFieldCheck()'><b>verifyReportStandardSGrossCTCPayRollGroupingMandatoryFieldCheck</b><br>Test class: com.hrmsreports.testcases.ReportsStandardPayrollGrossCTCTest</td>
<td></td>
<td>5</td>
<td>com.hrmsreports.testcases.ReportsStandardPayrollGrossCTCTest@1fde5d22</td></tr>
<tr>
<td title='com.hrmsreports.testcases.ReportsStandardLeaveForcedLeaveEncashTest.verifyReportStandardsForcedLeaveEncashLeaveTypeMandatoryFieldCheck()'><b>verifyReportStandardsForcedLeaveEncashLeaveTypeMandatoryFieldCheck</b><br>Test class: com.hrmsreports.testcases.ReportsStandardLeaveForcedLeaveEncashTest</td>
<td></td>
<td>114</td>
<td>com.hrmsreports.testcases.ReportsStandardLeaveForcedLeaveEncashTest@22356acd</td></tr>
<tr>
<td title='com.hrmsreports.testcases.ReportsStandardStructureLeadTimeToHierTest.verifyReportStandardsStructureLeadTimeHierDepartmentMandatoryFieldCheck()'><b>verifyReportStandardsStructureLeadTimeHierDepartmentMandatoryFieldCheck</b><br>Test class: com.hrmsreports.testcases.ReportsStandardStructureLeadTimeToHierTest</td>
<td></td>
<td>15</td>
<td>com.hrmsreports.testcases.ReportsStandardStructureLeadTimeToHierTest@51acdf2e</td></tr>
<tr>
<td title='com.hrmsreports.testcases.ReportsStandardPayRollPayRegisterUploadTest.verifyReportStandardsPayRollregisterDownloadCheck()'><b>verifyReportStandardsPayRollregisterDownloadCheck</b><br>Test class: com.hrmsreports.testcases.ReportsStandardPayRollPayRegisterUploadTest</td>
<td></td>
<td>59</td>
<td>com.hrmsreports.testcases.ReportsStandardPayRollPayRegisterUploadTest@1f3f02ee</td></tr>
<tr>
<td title='com.hrmsreports.testcases.ReportsStandardAttendanceRawLogsTest.verifyReportStandardsAttandanceRawLogsCheck()'><b>verifyReportStandardsAttandanceRawLogsCheck</b><br>Test class: com.hrmsreports.testcases.ReportsStandardAttendanceRawLogsTest</td>
<td></td>
<td>10</td>
<td>com.hrmsreports.testcases.ReportsStandardAttendanceRawLogsTest@34f22f9d</td></tr>
<tr>
<td title='com.hrmsreports.testcases.ReportsStandardPayRollPayrollReportTest.verifyReportStandardsPayrollReportNameMandatoryFieldCheck()'><b>verifyReportStandardsPayrollReportNameMandatoryFieldCheck</b><br>Test class: com.hrmsreports.testcases.ReportsStandardPayRollPayrollReportTest</td>
<td></td>
<td>7</td>
<td>com.hrmsreports.testcases.ReportsStandardPayRollPayrollReportTest@535779e4</td></tr>
<tr>
<td title='com.hrmsreports.testcases.ReportsStandardPayRollLoanRegisterTest.verifyReportStandardsPayRollJLOANLoanRegisterMonthMandatoryFieldCheck()'><b>verifyReportStandardsPayRollJLOANLoanRegisterMonthMandatoryFieldCheck</b><br>Test class: com.hrmsreports.testcases.ReportsStandardPayRollLoanRegisterTest</td>
<td></td>
<td>5</td>
<td>com.hrmsreports.testcases.ReportsStandardPayRollLoanRegisterTest@16ce702d</td></tr>
<tr>
<td title='com.hrmsreports.testcases.ReportsStandardPayRollPayrollReportTest.verifyReportStandardsPayRollPayrollReportReportNameCUpdateCheck()'><b>verifyReportStandardsPayRollPayrollReportReportNameCUpdateCheck</b><br>Test class: com.hrmsreports.testcases.ReportsStandardPayRollPayrollReportTest</td>
<td></td>
<td>7</td>
<td>com.hrmsreports.testcases.ReportsStandardPayRollPayrollReportTest@535779e4</td></tr>
<tr>
<td title='com.hrmsreports.testcases.ReportStandardProfileSalaryCurrentCTCTest.verifyReportProfileSalaryCurrentCTAllCheckBoxPayRoll()'><b>verifyReportProfileSalaryCurrentCTAllCheckBoxPayRoll</b><br>Test class: com.hrmsreports.testcases.ReportStandardProfileSalaryCurrentCTCTest</td>
<td></td>
<td>3</td>
<td>com.hrmsreports.testcases.ReportStandardProfileSalaryCurrentCTCTest@2631f68c</td></tr>
<tr>
<td title='com.hrmsreports.testcases.ReportsStandardPayRollESIReportTest.verifyReportStandardsPayRollEsiReportMonthMandatoryFieldCheck()'><b>verifyReportStandardsPayRollEsiReportMonthMandatoryFieldCheck</b><br>Test class: com.hrmsreports.testcases.ReportsStandardPayRollESIReportTest</td>
<td></td>
<td>7</td>
<td>com.hrmsreports.testcases.ReportsStandardPayRollESIReportTest@648c94da</td></tr>
<tr>
<td title='com.hrmsreports.testcases.ReportsStandardStructureOfferStatusTest.verifyReportStandardsStructureOfferStatusDownloadPDFCheck()'><b>verifyReportStandardsStructureOfferStatusDownloadPDFCheck</b><br>Test class: com.hrmsreports.testcases.ReportsStandardStructureOfferStatusTest</td>
<td></td>
<td>5</td>
<td>com.hrmsreports.testcases.ReportsStandardStructureOfferStatusTest@6a55299e</td></tr>
<tr>
<td title='com.hrmsreports.testcases.ReportsStandardPayRollPayRegisterUploadTest.verifyReportStandardsPayregisterUploadsYearMandatoryFieldCheck()'><b>verifyReportStandardsPayregisterUploadsYearMandatoryFieldCheck</b><br>Test class: com.hrmsreports.testcases.ReportsStandardPayRollPayRegisterUploadTest</td>
<td></td>
<td>60</td>
<td>com.hrmsreports.testcases.ReportsStandardPayRollPayRegisterUploadTest@1f3f02ee</td></tr>
<tr>
<td title='com.hrmsreports.testcases.ReportsStandardStructureRoleStatusTest.VerifyEnterTheSearchSTRUCTUREpagination()'><b>VerifyEnterTheSearchSTRUCTUREpagination</b><br>Test class: com.hrmsreports.testcases.ReportsStandardStructureRoleStatusTest</td>
<td></td>
<td>5</td>
<td>com.hrmsreports.testcases.ReportsStandardStructureRoleStatusTest@16fdec90</td></tr>
<tr>
<td title='com.hrmsreports.testcases.ReportsStandardIncrementPromoSalaryIncrementEntryExcelTest.verifyReportStandardsIncrementPromotionsalaryIncrementEntryPayrollGroupingMandatoryFieldCheck()'><b>verifyReportStandardsIncrementPromotionsalaryIncrementEntryPayrollGroupingMandatoryFieldCheck</b><br>Test class: com.hrmsreports.testcases.ReportsStandardIncrementPromoSalaryIncrementEntryExcelTest</td>
<td></td>
<td>5</td>
<td>com.hrmsreports.testcases.ReportsStandardIncrementPromoSalaryIncrementEntryExcelTest@47f9738</td></tr>
<tr>
<td title='com.hrmsreports.testcases.ReportsStandardStatutoryFormBTest.verifyReportStandardsStatutoryFormBPayrolLMandatoryFieldCheck()'><b>verifyReportStandardsStatutoryFormBPayrolLMandatoryFieldCheck</b><br>Test class: com.hrmsreports.testcases.ReportsStandardStatutoryFormBTest</td>
<td></td>
<td>6</td>
<td>com.hrmsreports.testcases.ReportsStandardStatutoryFormBTest@6f3c660a</td></tr>
<tr>
<td title='com.hrmsreports.testcases.ReportsStandardStructureSourcingTest.verifyReportStandardsStructureSourcingSubmitCheck()'><b>verifyReportStandardsStructureSourcingSubmitCheck</b><br>Test class: com.hrmsreports.testcases.ReportsStandardStructureSourcingTest</td>
<td></td>
<td>15</td>
<td>com.hrmsreports.testcases.ReportsStandardStructureSourcingTest@79179359</td></tr>
<tr>
<td title='com.hrmsreports.testcases.ReportsStandardStructureLeadTimeToHierTest.VerifyEnterTheSearchSTRUCTURELeadTimeHierpagination()'><b>VerifyEnterTheSearchSTRUCTURELeadTimeHierpagination</b><br>Test class: com.hrmsreports.testcases.ReportsStandardStructureLeadTimeToHierTest</td>
<td></td>
<td>12</td>
<td>com.hrmsreports.testcases.ReportsStandardStructureLeadTimeToHierTest@51acdf2e</td></tr>
<tr>
<td title='com.hrmsreports.testcases.ReportsStandardStatutoryMWFormVTest.verifyReportStandardsMWFormVDepartmentMandatoryFieldCheck()'><b>verifyReportStandardsMWFormVDepartmentMandatoryFieldCheck</b><br>Test class: com.hrmsreports.testcases.ReportsStandardStatutoryMWFormVTest</td>
<td></td>
<td>7</td>
<td>com.hrmsreports.testcases.ReportsStandardStatutoryMWFormVTest@388526fb</td></tr>
<tr>
<td title='com.hrmsreports.testcases.ReportsStandardStatutoryFormBTest.verifyReportStandardsStatutoryFormBDownloadCheck()'><b>verifyReportStandardsStatutoryFormBDownloadCheck</b><br>Test class: com.hrmsreports.testcases.ReportsStandardStatutoryFormBTest</td>
<td></td>
<td>7</td>
<td>com.hrmsreports.testcases.ReportsStandardStatutoryFormBTest@6f3c660a</td></tr>
<tr>
<td title='com.hrmsreports.testcases.ReportsStandardArrearArrearExcelReportTest.verifyReportStandardsArrearsExcelReportEmployeeDownloadCheck()'><b>verifyReportStandardsArrearsExcelReportEmployeeDownloadCheck</b><br>Test class: com.hrmsreports.testcases.ReportsStandardArrearArrearExcelReportTest</td>
<td></td>
<td>59</td>
<td>com.hrmsreports.testcases.ReportsStandardArrearArrearExcelReportTest@3a5ecce3</td></tr>
<tr>
<td title='com.hrmsreports.testcases.ReportsStandardStatutoryForm12Test.verifyReportStandardsStatutoryform12PayrollgroupingAllCheckBoxDownloadCheck()'><b>verifyReportStandardsStatutoryform12PayrollgroupingAllCheckBoxDownloadCheck</b><br>Test class: com.hrmsreports.testcases.ReportsStandardStatutoryForm12Test</td>
<td></td>
<td>6</td>
<td>com.hrmsreports.testcases.ReportsStandardStatutoryForm12Test@531f4093</td></tr>
<tr>
<td title='com.hrmsreports.testcases.ReportStandProfileSalaryFamilyInsuranceReportTest.verifyReportProfileSalaryFamilyInsuranceReportPayRollAllcheckBoxINActive()'><b>verifyReportProfileSalaryFamilyInsuranceReportPayRollAllcheckBoxINActive</b><br>Test class: com.hrmsreports.testcases.ReportStandProfileSalaryFamilyInsuranceReportTest</td>
<td></td>
<td>11</td>
<td>com.hrmsreports.testcases.ReportStandProfileSalaryFamilyInsuranceReportTest@6bca7e0d</td></tr>
<tr>
<td title='com.hrmsreports.testcases.ReportsStandardPayRollVarianceAnalysisTest.verifyReportStandardsPayRollVarianceAnalysisDownloadCheck()'><b>verifyReportStandardsPayRollVarianceAnalysisDownloadCheck</b><br>Test class: com.hrmsreports.testcases.ReportsStandardPayRollVarianceAnalysisTest</td>
<td></td>
<td>7</td>
<td>com.hrmsreports.testcases.ReportsStandardPayRollVarianceAnalysisTest@4ce1d6d0</td></tr>
<tr>
<td title='com.hrmsreports.testcases.ReportsStandardPayRollPayRollSummaryTest.verifyReportStandardsPayRollpayrollSummarydepartmentAllCheckBox()'><b>verifyReportStandardsPayRollpayrollSummarydepartmentAllCheckBox</b><br>Test class: com.hrmsreports.testcases.ReportsStandardPayRollPayRollSummaryTest</td>
<td></td>
<td>64</td>
<td>com.hrmsreports.testcases.ReportsStandardPayRollPayRollSummaryTest@344f4dea</td></tr>
<tr>
<td title='com.hrmsreports.testcases.ReportsStandardPayRollPFReportTest.verifyReportStandardsPayRollPFReportPayRollGroupingAllCheckBox()'><b>verifyReportStandardsPayRollPFReportPayRollGroupingAllCheckBox</b><br>Test class: com.hrmsreports.testcases.ReportsStandardPayRollPFReportTest</td>
<td></td>
<td>63</td>
<td>com.hrmsreports.testcases.ReportsStandardPayRollPFReportTest@1b7c473a</td></tr>
<tr>
<td title='com.hrmsreports.testcases.ReportsStandardAttandanceFiledFromTest.verifyReportStandardsAttandanceFiledFormCheck()'><b>verifyReportStandardsAttandanceFiledFormCheck</b><br>Test class: com.hrmsreports.testcases.ReportsStandardAttandanceFiledFromTest</td>
<td></td>
<td>14</td>
<td>com.hrmsreports.testcases.ReportsStandardAttandanceFiledFromTest@386f0da3</td></tr>
<tr>
<td title='com.hrmsreports.testcases.ReportsStandardPayrollGrossCTCTest.verifyReportStandardsPayregisterGrossCTCMonthMandatoryFieldCheck()'><b>verifyReportStandardsPayregisterGrossCTCMonthMandatoryFieldCheck</b><br>Test class: com.hrmsreports.testcases.ReportsStandardPayrollGrossCTCTest</td>
<td></td>
<td>5</td>
<td>com.hrmsreports.testcases.ReportsStandardPayrollGrossCTCTest@1fde5d22</td></tr>
<tr>
<td title='com.hrmsreports.testcases.ReportsStandardProfileSalaryExitInterviewTest.verifyReportProfileSalaryExitInterviewCheckDownloadPDF()'><b>verifyReportProfileSalaryExitInterviewCheckDownloadPDF</b><br>Test class: com.hrmsreports.testcases.ReportsStandardProfileSalaryExitInterviewTest</td>
<td></td>
<td>8</td>
<td>com.hrmsreports.testcases.ReportsStandardProfileSalaryExitInterviewTest@4f9a2c08</td></tr>
<tr>
<td title='com.hrmsreports.testcases.ReportsStandardStructureLeadTimeToHierTest.verifyReportStandardsStructureLeadTimeHierExcelDownloadCheck()'><b>verifyReportStandardsStructureLeadTimeHierExcelDownloadCheck</b><br>Test class: com.hrmsreports.testcases.ReportsStandardStructureLeadTimeToHierTest</td>
<td></td>
<td>16</td>
<td>com.hrmsreports.testcases.ReportsStandardStructureLeadTimeToHierTest@51acdf2e</td></tr>
<tr>
<td title='com.hrmsreports.testcases.ReportsStandardPayRollPayrollReportTest.verifyReportStandardsPayrollReportGroupMonthMandatoryFieldCheck()'><b>verifyReportStandardsPayrollReportGroupMonthMandatoryFieldCheck</b><br>Test class: com.hrmsreports.testcases.ReportsStandardPayRollPayrollReportTest</td>
<td></td>
<td>7</td>
<td>com.hrmsreports.testcases.ReportsStandardPayRollPayrollReportTest@535779e4</td></tr>
<tr>
<td title='com.hrmsreports.testcases.ReportsStandardStructurePositionSummaryTest.verifyReportStandardsStructurepositionSummaryExcelDownloadCheck()'><b>verifyReportStandardsStructurepositionSummaryExcelDownloadCheck</b><br>Test class: com.hrmsreports.testcases.ReportsStandardStructurePositionSummaryTest</td>
<td></td>
<td>5</td>
<td>com.hrmsreports.testcases.ReportsStandardStructurePositionSummaryTest@1afdd473</td></tr>
<tr>
<td title='com.hrmsreports.testcases.ReportsStandardLeaveIndividualLeaveSummaryTest.verifyReportStandardsIndividualLeaveSummaryempcodeMandatoryFieldCheck()'><b>verifyReportStandardsIndividualLeaveSummaryempcodeMandatoryFieldCheck</b><br>Test class: com.hrmsreports.testcases.ReportsStandardLeaveIndividualLeaveSummaryTest</td>
<td></td>
<td>4</td>
<td>com.hrmsreports.testcases.ReportsStandardLeaveIndividualLeaveSummaryTest@48e92c5c</td></tr>
<tr>
<td title='com.hrmsreports.testcases.ReportsStandardPayRollESIReportTest.verifyReportStandardsPayRollEsiReportPayRollGroupingMandatoryFieldCheck()'><b>verifyReportStandardsPayRollEsiReportPayRollGroupingMandatoryFieldCheck</b><br>Test class: com.hrmsreports.testcases.ReportsStandardPayRollESIReportTest</td>
<td></td>
<td>7</td>
<td>com.hrmsreports.testcases.ReportsStandardPayRollESIReportTest@648c94da</td></tr>
<tr>
<td title='com.hrmsreports.testcases.ReportsStandardPayrollAnnualBenefitReportTest.verifyReportStandardsPayRollAnnualBenefitDownloadCheck()'><b>verifyReportStandardsPayRollAnnualBenefitDownloadCheck</b><br>Test class: com.hrmsreports.testcases.ReportsStandardPayrollAnnualBenefitReportTest</td>
<td></td>
<td>6</td>
<td>com.hrmsreports.testcases.ReportsStandardPayrollAnnualBenefitReportTest@6c0d9d86</td></tr>
<tr>
<td title='com.hrmsreports.testcases.ReportsStandardStruturePreEmployeementCheckTest.verifyReportStandardsStructurePreEmployeeCheckExcelDownloadCheck()'><b>verifyReportStandardsStructurePreEmployeeCheckExcelDownloadCheck</b><br>Test class: com.hrmsreports.testcases.ReportsStandardStruturePreEmployeementCheckTest</td>
<td></td>
<td>8</td>
<td>com.hrmsreports.testcases.ReportsStandardStruturePreEmployeementCheckTest@4eb386df</td></tr>
<tr>
<td title='com.hrmsreports.testcases.ReportsStandardPayRollESIRemittanceTest.verifyReportStandardsPayRollEsiRemittanceMonthMandatoryFieldCheck()'><b>verifyReportStandardsPayRollEsiRemittanceMonthMandatoryFieldCheck</b><br>Test class: com.hrmsreports.testcases.ReportsStandardPayRollESIRemittanceTest</td>
<td></td>
<td>7</td>
<td>com.hrmsreports.testcases.ReportsStandardPayRollESIRemittanceTest@2a62b5bc</td></tr>
<tr>
<td title='com.hrmsreports.testcases.ReportsStandardStatutoryFormCTest.verifyReportStandardsStatutoryFormCPayrollgroupingAllCheckBoxDownloadCheck()'><b>verifyReportStandardsStatutoryFormCPayrollgroupingAllCheckBoxDownloadCheck</b><br>Test class: com.hrmsreports.testcases.ReportsStandardStatutoryFormCTest</td>
<td></td>
<td>10</td>
<td>com.hrmsreports.testcases.ReportsStandardStatutoryFormCTest@74f5ce22</td></tr>
<tr>
<td title='com.hrmsreports.testcases.ReportsStandardPayRollPFReportTest.verifyReportStandardsPayRollPFReportMonthMandatoryFieldCheck()'><b>verifyReportStandardsPayRollPFReportMonthMandatoryFieldCheck</b><br>Test class: com.hrmsreports.testcases.ReportsStandardPayRollPFReportTest</td>
<td></td>
<td>7</td>
<td>com.hrmsreports.testcases.ReportsStandardPayRollPFReportTest@1b7c473a</td></tr>
<tr>
<td title='com.hrmsreports.testcases.ReportsStandardStatutoryFormVITest.verifyReportStandardsStatutoryFormvIYearMandatoryFieldCheck()'><b>verifyReportStandardsStatutoryFormvIYearMandatoryFieldCheck</b><br>Test class: com.hrmsreports.testcases.ReportsStandardStatutoryFormVITest</td>
<td></td>
<td>6</td>
<td>com.hrmsreports.testcases.ReportsStandardStatutoryFormVITest@460ebd80</td></tr>
<tr>
<td title='com.hrmsreports.testcases.ReportsStandardPayrollJournalEntryTest.verifyReportStandardsPayRollJournalEntryBatchNoMandatoryFieldCheck()'><b>verifyReportStandardsPayRollJournalEntryBatchNoMandatoryFieldCheck</b><br>Test class: com.hrmsreports.testcases.ReportsStandardPayrollJournalEntryTest</td>
<td></td>
<td>6</td>
<td>com.hrmsreports.testcases.ReportsStandardPayrollJournalEntryTest@71812481</td></tr>
<tr>
<td title='com.hrmsreports.testcases.ReportsStandardPayRollVarianceAnalysisTest.verifyReportStandardsPayRollVarianceAnalysisPayCycleMandatoryFieldCheck()'><b>verifyReportStandardsPayRollVarianceAnalysisPayCycleMandatoryFieldCheck</b><br>Test class: com.hrmsreports.testcases.ReportsStandardPayRollVarianceAnalysisTest</td>
<td></td>
<td>6</td>
<td>com.hrmsreports.testcases.ReportsStandardPayRollVarianceAnalysisTest@4ce1d6d0</td></tr>
<tr>
<td title='com.hrmsreports.testcases.ReportsStandardStatutoryFormBTest.verifyReportStandardsStatutoryFormBPayrollgroupingAllCheckBoxDownloadCheck()'><b>verifyReportStandardsStatutoryFormBPayrollgroupingAllCheckBoxDownloadCheck</b><br>Test class: com.hrmsreports.testcases.ReportsStandardStatutoryFormBTest</td>
<td></td>
<td>7</td>
<td>com.hrmsreports.testcases.ReportsStandardStatutoryFormBTest@6f3c660a</td></tr>
<tr>
<td title='com.hrmsreports.testcases.ReportsStandardStatutoryForm21Test.verifyReportStandardsStatutoryForm21YearMandatoryFieldCheck()'><b>verifyReportStandardsStatutoryForm21YearMandatoryFieldCheck</b><br>Test class: com.hrmsreports.testcases.ReportsStandardStatutoryForm21Test</td>
<td></td>
<td>17</td>
<td>com.hrmsreports.testcases.ReportsStandardStatutoryForm21Test@25aca718</td></tr>
<tr>
<td title='com.hrmsreports.testcases.ReportsStandardPayrollJournalEntryTest.verifyReportStandardsPayRollJournalEntryPayMonthMandatoryFieldCheck()'><b>verifyReportStandardsPayRollJournalEntryPayMonthMandatoryFieldCheck</b><br>Test class: com.hrmsreports.testcases.ReportsStandardPayrollJournalEntryTest</td>
<td></td>
<td>6</td>
<td>com.hrmsreports.testcases.ReportsStandardPayrollJournalEntryTest@71812481</td></tr>
<tr>
<td title='com.hrmsreports.testcases.ReportsStandardProfileSalaryCOEResignationTest.verifyReportProfileSalaryCOEResignationRefreshCheck()'><b>verifyReportProfileSalaryCOEResignationRefreshCheck</b><br>Test class: com.hrmsreports.testcases.ReportsStandardProfileSalaryCOEResignationTest</td>
<td></td>
<td>4</td>
<td>com.hrmsreports.testcases.ReportsStandardProfileSalaryCOEResignationTest@42039326</td></tr>
<tr>
<td title='com.hrmsreports.testcases.ReportsStandardPayrollGrossCTCTest.verifyReportStandardsPayRollGrossCTCDownloadCheck()'><b>verifyReportStandardsPayRollGrossCTCDownloadCheck</b><br>Test class: com.hrmsreports.testcases.ReportsStandardPayrollGrossCTCTest</td>
<td></td>
<td>8</td>
<td>com.hrmsreports.testcases.ReportsStandardPayrollGrossCTCTest@1fde5d22</td></tr>
<tr>
<td title='com.hrmsreports.testcases.ReportsStandardPayRollESIReportTest.verifyReportStandardsPayRollEsiReportDownloadWithArrearAllCheckBOX()'><b>verifyReportStandardsPayRollEsiReportDownloadWithArrearAllCheckBOX</b><br>Test class: com.hrmsreports.testcases.ReportsStandardPayRollESIReportTest</td>
<td></td>
<td>6</td>
<td>com.hrmsreports.testcases.ReportsStandardPayRollESIReportTest@648c94da</td></tr>
<tr>
<td title='com.hrmsreports.testcases.ReportsStandardPayRollLoanRegisterTest.verifyReportStandardsPayRollLOANLoanRegisterNOdataCheck()'><b>verifyReportStandardsPayRollLOANLoanRegisterNOdataCheck</b><br>Test class: com.hrmsreports.testcases.ReportsStandardPayRollLoanRegisterTest</td>
<td></td>
<td>5</td>
<td>com.hrmsreports.testcases.ReportsStandardPayRollLoanRegisterTest@16ce702d</td></tr>
<tr>
<td title='com.hrmsreports.testcases.ReportStandProfileSalaryFamilyInsuranceReportTest.verifyReportProfileSalaryFamilyInsuranceReportPayRollAllcheckBoxActive()'><b>verifyReportProfileSalaryFamilyInsuranceReportPayRollAllcheckBoxActive</b><br>Test class: com.hrmsreports.testcases.ReportStandProfileSalaryFamilyInsuranceReportTest</td>
<td></td>
<td>10</td>
<td>com.hrmsreports.testcases.ReportStandProfileSalaryFamilyInsuranceReportTest@6bca7e0d</td></tr>
<tr>
<td title='com.hrmsreports.testcases.ReportsStandardLeaveLeaveStatusReportTest.verifyReportStandardsLeaveStatusReportYearMandatoryFieldCheck()'><b>verifyReportStandardsLeaveStatusReportYearMandatoryFieldCheck</b><br>Test class: com.hrmsreports.testcases.ReportsStandardLeaveLeaveStatusReportTest</td>
<td></td>
<td>5</td>
<td>com.hrmsreports.testcases.ReportsStandardLeaveLeaveStatusReportTest@2e1ef60</td></tr>
<tr>
<td title='com.hrmsreports.testcases.ReportsStandardLeaveLeaveSummaryTest.verifyReportStandardsleaveSummaryleaveTypeMandatoryFieldCheck()'><b>verifyReportStandardsleaveSummaryleaveTypeMandatoryFieldCheck</b><br>Test class: com.hrmsreports.testcases.ReportsStandardLeaveLeaveSummaryTest</td>
<td></td>
<td>6</td>
<td>com.hrmsreports.testcases.ReportsStandardLeaveLeaveSummaryTest@7d1cfb8b</td></tr>
<tr>
<td title='com.hrmsreports.testcases.ReportsStandardPayRollESIRemittanceTest.verifyReportStandardsPayRollEsiRemittancePayRollGroupingMandatoryFieldCheck()'><b>verifyReportStandardsPayRollEsiRemittancePayRollGroupingMandatoryFieldCheck</b><br>Test class: com.hrmsreports.testcases.ReportsStandardPayRollESIRemittanceTest</td>
<td></td>
<td>7</td>
<td>com.hrmsreports.testcases.ReportsStandardPayRollESIRemittanceTest@2a62b5bc</td></tr>
<tr>
<td title='com.hrmsreports.testcases.ReportsStandProfileSalaryEmployeeProfileReportTest.verifyReportProfileEmployeeProfileReportWithoutCheckBox()'><b>verifyReportProfileEmployeeProfileReportWithoutCheckBox</b><br>Test class: com.hrmsreports.testcases.ReportsStandProfileSalaryEmployeeProfileReportTest</td>
<td></td>
<td>5</td>
<td>com.hrmsreports.testcases.ReportsStandProfileSalaryEmployeeProfileReportTest@7f132176</td></tr>
<tr>
<td title='com.hrmsreports.testcases.ReportsStandardPayRollPayrollReportTest.verifyReportStandardsPayrollReportGroupNameMandatoryFieldCheck()'><b>verifyReportStandardsPayrollReportGroupNameMandatoryFieldCheck</b><br>Test class: com.hrmsreports.testcases.ReportsStandardPayRollPayrollReportTest</td>
<td></td>
<td>7</td>
<td>com.hrmsreports.testcases.ReportsStandardPayRollPayrollReportTest@535779e4</td></tr>
<tr>
<td title='com.hrmsreports.testcases.ReportStandProfileSalaryFamilyInsuranceReportTest.verifyReportProfileSalaryFamilyInsuranceReportActivestatus()'><b>verifyReportProfileSalaryFamilyInsuranceReportActivestatus</b><br>Test class: com.hrmsreports.testcases.ReportStandProfileSalaryFamilyInsuranceReportTest</td>
<td></td>
<td>3</td>
<td>com.hrmsreports.testcases.ReportStandProfileSalaryFamilyInsuranceReportTest@6bca7e0d</td></tr>
<tr>
<td title='com.hrmsreports.testcases.ReportsStandardStatutoryFormBTest.verifyReportStandardsStatutoryFormBYearMandatoryFieldCheck()'><b>verifyReportStandardsStatutoryFormBYearMandatoryFieldCheck</b><br>Test class: com.hrmsreports.testcases.ReportsStandardStatutoryFormBTest</td>
<td></td>
<td>6</td>
<td>com.hrmsreports.testcases.ReportsStandardStatutoryFormBTest@6f3c660a</td></tr>
<tr>
<td title='com.hrmsreports.testcases.ReportsStandardStructureInterViewCandiateStatusTest.verifyReportStandardsStructureInterviewCandiateDownloadExcelCheck()'><b>verifyReportStandardsStructureInterviewCandiateDownloadExcelCheck</b><br>Test class: com.hrmsreports.testcases.ReportsStandardStructureInterViewCandiateStatusTest</td>
<td></td>
<td>7</td>
<td>com.hrmsreports.testcases.ReportsStandardStructureInterViewCandiateStatusTest@dbd8e44</td></tr>
<tr>
<td title='com.hrmsreports.testcases.ReportsStandardStatutoryForm21Test.verifyReportStandardsStatutoryForm21MaleFemaleMandatoryFieldCheck()'><b>verifyReportStandardsStatutoryForm21MaleFemaleMandatoryFieldCheck</b><br>Test class: com.hrmsreports.testcases.ReportsStandardStatutoryForm21Test</td>
<td></td>
<td>16</td>
<td>com.hrmsreports.testcases.ReportsStandardStatutoryForm21Test@25aca718</td></tr>
<tr>
<td title='com.hrmsreports.testcases.ReportsStandardStructureRoleStatusTest.verifyReportStandardsStructureRoleStatusExcelDownloadCheck()'><b>verifyReportStandardsStructureRoleStatusExcelDownloadCheck</b><br>Test class: com.hrmsreports.testcases.ReportsStandardStructureRoleStatusTest</td>
<td></td>
<td>5</td>
<td>com.hrmsreports.testcases.ReportsStandardStructureRoleStatusTest@16fdec90</td></tr>
<tr>
<td title='com.hrmsreports.testcases.ReportsStandardLeaveLeaveSummaryTest.verifyReportStandardsleaveSummaryLeaveYearMandatoryFieldCheck()'><b>verifyReportStandardsleaveSummaryLeaveYearMandatoryFieldCheck</b><br>Test class: com.hrmsreports.testcases.ReportsStandardLeaveLeaveSummaryTest</td>
<td></td>
<td>5</td>
<td>com.hrmsreports.testcases.ReportsStandardLeaveLeaveSummaryTest@7d1cfb8b</td></tr>
<tr>
<td title='com.hrmsreports.testcases.ReportsStandardStructureRecruitmentPositionWiseConversionRateTest.verifyReportStandardsStructurepositionwiseConversionRatePDFDownloadCheck()'><b>verifyReportStandardsStructurepositionwiseConversionRatePDFDownloadCheck</b><br>Test class: com.hrmsreports.testcases.ReportsStandardStructureRecruitmentPositionWiseConversionRateTest</td>
<td></td>
<td>64</td>
<td>com.hrmsreports.testcases.ReportsStandardStructureRecruitmentPositionWiseConversionRateTest@2f1de2d6</td></tr>
<tr>
<td title='com.hrmsreports.testcases.ReportsStandardArrearArrearExcelReportTest.verifyReportStandardsArrearsExcelReportForEmployeecodeMandatoryFieldCheck()'><b>verifyReportStandardsArrearsExcelReportForEmployeecodeMandatoryFieldCheck</b><br>Test class: com.hrmsreports.testcases.ReportsStandardArrearArrearExcelReportTest</td>
<td></td>
<td>59</td>
<td>com.hrmsreports.testcases.ReportsStandardArrearArrearExcelReportTest@3a5ecce3</td></tr>
<tr>
<td title='com.hrmsreports.testcases.ReportsStandardPayrollMonthlyBenefitReportTest.verifyReportStandardsPayRollMonthlyBenefitMonthMandatoryFieldCheck()'><b>verifyReportStandardsPayRollMonthlyBenefitMonthMandatoryFieldCheck</b><br>Test class: com.hrmsreports.testcases.ReportsStandardPayrollMonthlyBenefitReportTest</td>
<td></td>
<td>5</td>
<td>com.hrmsreports.testcases.ReportsStandardPayrollMonthlyBenefitReportTest@53fd0d10</td></tr>
<tr>
<td title='com.hrmsreports.testcases.ReportsStandardStructureMRFDetailsTest.verifyReportStandardsStructureMrfDetailsStatusMandatoryFieldCheck()'><b>verifyReportStandardsStructureMrfDetailsStatusMandatoryFieldCheck</b><br>Test class: com.hrmsreports.testcases.ReportsStandardStructureMRFDetailsTest</td>
<td></td>
<td>15</td>
<td>com.hrmsreports.testcases.ReportsStandardStructureMRFDetailsTest@7776ab</td></tr>
<tr>
<td title='com.hrmsreports.testcases.ReportsStandardStructureSourcingTest.verifyReportStandardsStructureSourcingSubmitAllCheck()'><b>verifyReportStandardsStructureSourcingSubmitAllCheck</b><br>Test class: com.hrmsreports.testcases.ReportsStandardStructureSourcingTest</td>
<td></td>
<td>15</td>
<td>com.hrmsreports.testcases.ReportsStandardStructureSourcingTest@79179359</td></tr>
<tr>
<td title='com.hrmsreports.testcases.ReportsStandardPayRollPayRegisterTest.verifyReportStandardsPayRollPayRegisterArrearCheck()'><b>verifyReportStandardsPayRollPayRegisterArrearCheck</b><br>Test class: com.hrmsreports.testcases.ReportsStandardPayRollPayRegisterTest</td>
<td></td>
<td>13</td>
<td>com.hrmsreports.testcases.ReportsStandardPayRollPayRegisterTest@7dda48d9</td></tr>
<tr>
<td title='com.hrmsreports.testcases.ReportsStandardLeaveForcedLeaveEncashTest.verifyReportStandardsForcedLeaveEncashCheck()'><b>verifyReportStandardsForcedLeaveEncashCheck</b><br>Test class: com.hrmsreports.testcases.ReportsStandardLeaveForcedLeaveEncashTest</td>
<td></td>
<td>114</td>
<td>com.hrmsreports.testcases.ReportsStandardLeaveForcedLeaveEncashTest@22356acd</td></tr>
<tr>
<td title='com.hrmsreports.testcases.ReportsStandardPayRollErrorRepportTest.verifyReportStandardsPayRollErrorRepportSubmitCheck()'><b>verifyReportStandardsPayRollErrorRepportSubmitCheck</b><br>Test class: com.hrmsreports.testcases.ReportsStandardPayRollErrorRepportTest</td>
<td></td>
<td>6</td>
<td>com.hrmsreports.testcases.ReportsStandardPayRollErrorRepportTest@24111ef1</td></tr>
<tr>
<td title='com.hrmsreports.testcases.ReportsStandardProfileSalaryExitInterviewTest.verifyReportProfileSalaryExitInterviewCheck()'><b>verifyReportProfileSalaryExitInterviewCheck</b><br>Test class: com.hrmsreports.testcases.ReportsStandardProfileSalaryExitInterviewTest</td>
<td></td>
<td>7</td>
<td>com.hrmsreports.testcases.ReportsStandardProfileSalaryExitInterviewTest@4f9a2c08</td></tr>
<tr>
<td title='com.hrmsreports.testcases.ReportsStandardStructureInterViewCandiateStatusTest.verifyReportStandardsStructureInterviewCandiateSubmitCheck()'><b>verifyReportStandardsStructureInterviewCandiateSubmitCheck</b><br>Test class: com.hrmsreports.testcases.ReportsStandardStructureInterViewCandiateStatusTest</td>
<td></td>
<td>7</td>
<td>com.hrmsreports.testcases.ReportsStandardStructureInterViewCandiateStatusTest@dbd8e44</td></tr>
<tr>
<td title='com.hrmsreports.testcases.ReportsStandardAttendanceRawLogsTest.verifyReportStandardsAttandanceRawLogsToDateMandatoryFieldCheck()'><b>verifyReportStandardsAttandanceRawLogsToDateMandatoryFieldCheck</b><br>Test class: com.hrmsreports.testcases.ReportsStandardAttendanceRawLogsTest</td>
<td></td>
<td>8</td>
<td>com.hrmsreports.testcases.ReportsStandardAttendanceRawLogsTest@34f22f9d</td></tr>
<tr>
<td title='com.hrmsreports.testcases.ReportsStandardIncrementPromotionSalaryIncrementTest.verifyReportStandardsIncrementPromotionsalaryIncrementSubmitCheck()'><b>verifyReportStandardsIncrementPromotionsalaryIncrementSubmitCheck</b><br>Test class: com.hrmsreports.testcases.ReportsStandardIncrementPromotionSalaryIncrementTest</td>
<td></td>
<td>11</td>
<td>com.hrmsreports.testcases.ReportsStandardIncrementPromotionSalaryIncrementTest@7ca20101</td></tr>
<tr>
<td title='com.hrmsreports.testcases.ReportsStandardStructureSourcingTest.verifyReportStandardsStructureSourcingDepartmentMandatoryFieldCheck()'><b>verifyReportStandardsStructureSourcingDepartmentMandatoryFieldCheck</b><br>Test class: com.hrmsreports.testcases.ReportsStandardStructureSourcingTest</td>
<td></td>
<td>15</td>
<td>com.hrmsreports.testcases.ReportsStandardStructureSourcingTest@79179359</td></tr>
<tr>
<td title='com.hrmsreports.testcases.ReportsStandardPayrollLoanRegister2Test.verifyReportStandardsPayRollJLOANLoanRegisterMonthMandatoryFieldCheck()'><b>verifyReportStandardsPayRollJLOANLoanRegisterMonthMandatoryFieldCheck</b><br>Test class: com.hrmsreports.testcases.ReportsStandardPayrollLoanRegister2Test</td>
<td></td>
<td>5</td>
<td>com.hrmsreports.testcases.ReportsStandardPayrollLoanRegister2Test@7b94089b</td></tr>
<tr>
<td title='com.hrmsreports.testcases.ReportStandProfileSalaryFamilyInsuranceReportTest.verifyReportProfileSalaryFamilyInsuranceReportInActiveStatus()'><b>verifyReportProfileSalaryFamilyInsuranceReportInActiveStatus</b><br>Test class: com.hrmsreports.testcases.ReportStandProfileSalaryFamilyInsuranceReportTest</td>
<td></td>
<td>6</td>
<td>com.hrmsreports.testcases.ReportStandProfileSalaryFamilyInsuranceReportTest@6bca7e0d</td></tr>
<tr>
<td title='com.hrmsreports.testcases.ReportsStandardStruturePreEmployeementCheckTest.verifyReportStandardsStructurePreEmployeeCheckSubmitAllCheck()'><b>verifyReportStandardsStructurePreEmployeeCheckSubmitAllCheck</b><br>Test class: com.hrmsreports.testcases.ReportsStandardStruturePreEmployeementCheckTest</td>
<td></td>
<td>7</td>
<td>com.hrmsreports.testcases.ReportsStandardStruturePreEmployeementCheckTest@4eb386df</td></tr>
<tr>
<td title='com.hrmsreports.testcases.ReportsStandardProfileSalaryAuthorizationSignatoryTest.verifyReportProfileSalaryAuthorizationSignatoryClearCheck()'><b>verifyReportProfileSalaryAuthorizationSignatoryClearCheck</b><br>Test class: com.hrmsreports.testcases.ReportsStandardProfileSalaryAuthorizationSignatoryTest</td>
<td></td>
<td>4</td>
<td>com.hrmsreports.testcases.ReportsStandardProfileSalaryAuthorizationSignatoryTest@a87f8ec</td></tr>
<tr>
<td title='com.hrmsreports.testcases.ReportsStandardLeaveIndividualLeaveSummaryTest.verifyReportStandardsIndividualLeaveSummaryBalanceCheck()'><b>verifyReportStandardsIndividualLeaveSummaryBalanceCheck</b><br>Test class: com.hrmsreports.testcases.ReportsStandardLeaveIndividualLeaveSummaryTest</td>
<td></td>
<td>7</td>
<td>com.hrmsreports.testcases.ReportsStandardLeaveIndividualLeaveSummaryTest@48e92c5c</td></tr>
<tr>
<td title='com.hrmsreports.testcases.ReportsStandardAttendancePunchGEOTaggingTest.verifyReportStandardsAttandancePunchGEOTaggingToDateMandatoryFieldCheck()'><b>verifyReportStandardsAttandancePunchGEOTaggingToDateMandatoryFieldCheck</b><br>Test class: com.hrmsreports.testcases.ReportsStandardAttendancePunchGEOTaggingTest</td>
<td></td>
<td>9</td>
<td>com.hrmsreports.testcases.ReportsStandardAttendancePunchGEOTaggingTest@3d1848cc</td></tr>
<tr>
<td title='com.hrmsreports.testcases.ReportsStandardPayRollPayRollSummaryTest.verifyReportStandardspayrollSummarySubmitCheck()'><b>verifyReportStandardspayrollSummarySubmitCheck</b><br>Test class: com.hrmsreports.testcases.ReportsStandardPayRollPayRollSummaryTest</td>
<td></td>
<td>64</td>
<td>com.hrmsreports.testcases.ReportsStandardPayRollPayRollSummaryTest@344f4dea</td></tr>
<tr>
<td title='com.hrmsreports.testcases.ReportsStandardStatutoryForm21Test.verifyReportStandardsStatutoryForm21TotalWorkmenMandatoryFieldCheck()'><b>verifyReportStandardsStatutoryForm21TotalWorkmenMandatoryFieldCheck</b><br>Test class: com.hrmsreports.testcases.ReportsStandardStatutoryForm21Test</td>
<td></td>
<td>17</td>
<td>com.hrmsreports.testcases.ReportsStandardStatutoryForm21Test@25aca718</td></tr>
<tr>
<td title='com.hrmsreports.testcases.ReportsStandardPayRollPayrollReportTest.verifyReportStandardsPayRollPayrollReportReportNameCreateDuplicateCheck()'><b>verifyReportStandardsPayRollPayrollReportReportNameCreateDuplicateCheck</b><br>Test class: com.hrmsreports.testcases.ReportsStandardPayRollPayrollReportTest</td>
<td></td>
<td>17</td>
<td>com.hrmsreports.testcases.ReportsStandardPayRollPayrollReportTest@535779e4</td></tr>
<tr>
<td title='com.hrmsreports.testcases.ReportsStandardAttendancePunchGEOTaggingTest.verifyReportStandardsAttandancePunchGEOTaggingFromDateMandatoryFieldCheck()'><b>verifyReportStandardsAttandancePunchGEOTaggingFromDateMandatoryFieldCheck</b><br>Test class: com.hrmsreports.testcases.ReportsStandardAttendancePunchGEOTaggingTest</td>
<td></td>
<td>64</td>
<td>com.hrmsreports.testcases.ReportsStandardAttendancePunchGEOTaggingTest@3d1848cc</td></tr>
<tr>
<td title='com.hrmsreports.testcases.ReportsStandardStructureLeadTimeToHierTest.verifyReportStandardsStructureLeadTimeHierSubmitAllCheck()'><b>verifyReportStandardsStructureLeadTimeHierSubmitAllCheck</b><br>Test class: com.hrmsreports.testcases.ReportsStandardStructureLeadTimeToHierTest</td>
<td></td>
<td>15</td>
<td>com.hrmsreports.testcases.ReportsStandardStructureLeadTimeToHierTest@51acdf2e</td></tr>
<tr>
<td title='com.hrmsreports.testcases.ReportsStandardPayRollPaySlipTest.verifyReportStandardsPayRollPaySlipAllEmployeeMailCheck()'><b>verifyReportStandardsPayRollPaySlipAllEmployeeMailCheck</b><br>Test class: com.hrmsreports.testcases.ReportsStandardPayRollPaySlipTest</td>
<td></td>
<td>66</td>
<td>com.hrmsreports.testcases.ReportsStandardPayRollPaySlipTest@6e4566f1</td></tr>
<tr>
<td title='com.hrmsreports.testcases.ReportsStandardPayRollPFReportTest.verifyReportStandardsPayRollPFReportPayrollGroupingMandatoryFieldCheck()'><b>verifyReportStandardsPayRollPFReportPayrollGroupingMandatoryFieldCheck</b><br>Test class: com.hrmsreports.testcases.ReportsStandardPayRollPFReportTest</td>
<td></td>
<td>7</td>
<td>com.hrmsreports.testcases.ReportsStandardPayRollPFReportTest@1b7c473a</td></tr>
<tr>
<td title='com.hrmsreports.testcases.ReportsStandardStatutoryMWFormVTest.verifyReportStandardsMWFormMonthMandatoryFieldCheck()'><b>verifyReportStandardsMWFormMonthMandatoryFieldCheck</b><br>Test class: com.hrmsreports.testcases.ReportsStandardStatutoryMWFormVTest</td>
<td></td>
<td>6</td>
<td>com.hrmsreports.testcases.ReportsStandardStatutoryMWFormVTest@388526fb</td></tr>
<tr>
<td title='com.hrmsreports.testcases.ReportsStandardPayRollPayRegisterTest.verifyReportStandardsPayRollPayRegisterFFButtonCheck()'><b>verifyReportStandardsPayRollPayRegisterFFButtonCheck</b><br>Test class: com.hrmsreports.testcases.ReportsStandardPayRollPayRegisterTest</td>
<td></td>
<td>67</td>
<td>com.hrmsreports.testcases.ReportsStandardPayRollPayRegisterTest@7dda48d9</td></tr>
<tr>
<td title='com.hrmsreports.testcases.ReportsStandardIncrementPromotionSalaryIncrementTest.verifyReportStandardsIncrementPromotionsalaryIncrementPayrollMonthMandatoryFieldCheck()'><b>verifyReportStandardsIncrementPromotionsalaryIncrementPayrollMonthMandatoryFieldCheck</b><br>Test class: com.hrmsreports.testcases.ReportsStandardIncrementPromotionSalaryIncrementTest</td>
<td></td>
<td>10</td>
<td>com.hrmsreports.testcases.ReportsStandardIncrementPromotionSalaryIncrementTest@7ca20101</td></tr>
<tr>
<td title='com.hrmsreports.testcases.ReportsStandardStructureRecruitmentPositionWiseConversionRateTest.verifyReportStandardsStructurepositionwiseConversionRateSubmitAllCheck()'><b>verifyReportStandardsStructurepositionwiseConversionRateSubmitAllCheck</b><br>Test class: com.hrmsreports.testcases.ReportsStandardStructureRecruitmentPositionWiseConversionRateTest</td>
<td></td>
<td>7</td>
<td>com.hrmsreports.testcases.ReportsStandardStructureRecruitmentPositionWiseConversionRateTest@2f1de2d6</td></tr>
<tr>
<td title='com.hrmsreports.testcases.ReportsStandardStructureOfferStatusTest.verifyReportStandardsStructureOfferStatusDownloadExcelCheck()'><b>verifyReportStandardsStructureOfferStatusDownloadExcelCheck</b><br>Test class: com.hrmsreports.testcases.ReportsStandardStructureOfferStatusTest</td>
<td></td>
<td>5</td>
<td>com.hrmsreports.testcases.ReportsStandardStructureOfferStatusTest@6a55299e</td></tr>
<tr>
<td title='com.hrmsreports.testcases.ReportsStandardStructureRecruitmentPositionWiseConversionRateTest.VerifyEnterTheSearchSTRUCTUREpositionwiseConversionRatepagination()'><b>VerifyEnterTheSearchSTRUCTUREpositionwiseConversionRatepagination</b><br>Test class: com.hrmsreports.testcases.ReportsStandardStructureRecruitmentPositionWiseConversionRateTest</td>
<td></td>
<td>9</td>
<td>com.hrmsreports.testcases.ReportsStandardStructureRecruitmentPositionWiseConversionRateTest@2f1de2d6</td></tr>
<tr>
<td title='com.hrmsreports.testcases.ReportsStandardPayRollESIRemittanceTest.verifyReportStandardsPayRollESIRemittanceSubmitCheck()'><b>verifyReportStandardsPayRollESIRemittanceSubmitCheck</b><br>Test class: com.hrmsreports.testcases.ReportsStandardPayRollESIRemittanceTest</td>
<td></td>
<td>8</td>
<td>com.hrmsreports.testcases.ReportsStandardPayRollESIRemittanceTest@2a62b5bc</td></tr>
<tr>
<td title='com.hrmsreports.testcases.ReportsStandardStatutoryForm15Test.verifyReportStandardsStatutoryform15LeaveCodeMandatoryFieldCheck()'><b>verifyReportStandardsStatutoryform15LeaveCodeMandatoryFieldCheck</b><br>Test class: com.hrmsreports.testcases.ReportsStandardStatutoryForm15Test</td>
<td></td>
<td>8</td>
<td>com.hrmsreports.testcases.ReportsStandardStatutoryForm15Test@62ef27a8</td></tr>
<tr>
<td title='com.hrmsreports.testcases.ReportsStandardPayRollPayrollReportTest.verifyReportStandardsPayRollPayrollReportDownloadCheck()'><b>verifyReportStandardsPayRollPayrollReportDownloadCheck</b><br>Test class: com.hrmsreports.testcases.ReportsStandardPayRollPayrollReportTest</td>
<td></td>
<td>8</td>
<td>com.hrmsreports.testcases.ReportsStandardPayRollPayrollReportTest@535779e4</td></tr>
<tr>
<td title='com.hrmsreports.testcases.ReportsStandardPayRollPayRegisterUploadTest.verifyReportStandardsPayregisterUploadsExcelFileMandatoryFieldCheck()'><b>verifyReportStandardsPayregisterUploadsExcelFileMandatoryFieldCheck</b><br>Test class: com.hrmsreports.testcases.ReportsStandardPayRollPayRegisterUploadTest</td>
<td></td>
<td>61</td>
<td>com.hrmsreports.testcases.ReportsStandardPayRollPayRegisterUploadTest@1f3f02ee</td></tr>
<tr>
<td title='com.hrmsreports.testcases.ReportsStandardIncrementPromoSalaryIncrementEntryExcelTest.verifyReportStandardsIncrementPromotionsalaryIncrementEntrySubmitCheck()'><b>verifyReportStandardsIncrementPromotionsalaryIncrementEntrySubmitCheck</b><br>Test class: com.hrmsreports.testcases.ReportsStandardIncrementPromoSalaryIncrementEntryExcelTest</td>
<td></td>
<td>6</td>
<td>com.hrmsreports.testcases.ReportsStandardIncrementPromoSalaryIncrementEntryExcelTest@47f9738</td></tr>
<tr>
<td title='com.hrmsreports.testcases.ReportsStandardPayRollYearlyReportTest.verifyReportStandardsPayRollYearlyReportDownloadCheck()'><b>verifyReportStandardsPayRollYearlyReportDownloadCheck</b><br>Test class: com.hrmsreports.testcases.ReportsStandardPayRollYearlyReportTest</td>
<td></td>
<td>6</td>
<td>com.hrmsreports.testcases.ReportsStandardPayRollYearlyReportTest@5dcb4f5f</td></tr>
<tr>
<td title='com.hrmsreports.testcases.ReportsStandardIncrementPromotionSalaryIncrementTest.verifyReportStandardsIncrementPromotionsalaryIncrementDownloadCheck()'><b>verifyReportStandardsIncrementPromotionsalaryIncrementDownloadCheck</b><br>Test class: com.hrmsreports.testcases.ReportsStandardIncrementPromotionSalaryIncrementTest</td>
<td></td>
<td>11</td>
<td>com.hrmsreports.testcases.ReportsStandardIncrementPromotionSalaryIncrementTest@7ca20101</td></tr>
<tr>
<td title='com.hrmsreports.testcases.ReportsStandardPayRollSalaryRegisterTest.verifyReportStandardsPayRollSalaryRegisterPayrollGroupingMandatoryFieldCheck()'><b>verifyReportStandardsPayRollSalaryRegisterPayrollGroupingMandatoryFieldCheck</b><br>Test class: com.hrmsreports.testcases.ReportsStandardPayRollSalaryRegisterTest</td>
<td></td>
<td>7</td>
<td>com.hrmsreports.testcases.ReportsStandardPayRollSalaryRegisterTest@4b6e2263</td></tr>
<tr>
<td title='com.hrmsreports.testcases.ReportsStandardPayrollAnnualBenefitReportTest.verifyReportStandardsPayRollAnnualBenefitFinancialYearMandatoryFieldCheck()'><b>verifyReportStandardsPayRollAnnualBenefitFinancialYearMandatoryFieldCheck</b><br>Test class: com.hrmsreports.testcases.ReportsStandardPayrollAnnualBenefitReportTest</td>
<td></td>
<td>5</td>
<td>com.hrmsreports.testcases.ReportsStandardPayrollAnnualBenefitReportTest@6c0d9d86</td></tr>
<tr>
<td title='com.hrmsreports.testcases.ReportsStandardProfileSalaryEmployeeMovementTest.verifyReportProfileSalaryEmpMovementCheckDownloadPDF()'><b>verifyReportProfileSalaryEmpMovementCheckDownloadPDF</b><br>Test class: com.hrmsreports.testcases.ReportsStandardProfileSalaryEmployeeMovementTest</td>
<td></td>
<td>58</td>
<td>com.hrmsreports.testcases.ReportsStandardProfileSalaryEmployeeMovementTest@bcef303</td></tr>
<tr>
<td title='com.hrmsreports.testcases.ReportsStandardPayRollESIReportTest.verifyReportStandardsPayRollEsiReportSubmitCheck()'><b>verifyReportStandardsPayRollEsiReportSubmitCheck</b><br>Test class: com.hrmsreports.testcases.ReportsStandardPayRollESIReportTest</td>
<td></td>
<td>7</td>
<td>com.hrmsreports.testcases.ReportsStandardPayRollESIReportTest@648c94da</td></tr>
<tr>
<td title='com.hrmsreports.testcases.ReportsStandardStructureDetailedPositionSummaryTest.verifyReportStandardsStructuredetailedPositionPdfDownloadCheck()'><b>verifyReportStandardsStructuredetailedPositionPdfDownloadCheck</b><br>Test class: com.hrmsreports.testcases.ReportsStandardStructureDetailedPositionSummaryTest</td>
<td></td>
<td>10</td>
<td>com.hrmsreports.testcases.ReportsStandardStructureDetailedPositionSummaryTest@40238dd0</td></tr>
<tr>
<td title='com.hrmsreports.testcases.ReportsStandardPayRollPFReportTest.verifyReportStandardsPFReportSubmitCheck()'><b>verifyReportStandardsPFReportSubmitCheck</b><br>Test class: com.hrmsreports.testcases.ReportsStandardPayRollPFReportTest</td>
<td></td>
<td>8</td>
<td>com.hrmsreports.testcases.ReportsStandardPayRollPFReportTest@1b7c473a</td></tr>
<tr>
<td title='com.hrmsreports.testcases.ReportsStandardPayRollSalaryRegisterTest.verifyReportStandardsPayRollSalaryRegisterSubmitCheck()'><b>verifyReportStandardsPayRollSalaryRegisterSubmitCheck</b><br>Test class: com.hrmsreports.testcases.ReportsStandardPayRollSalaryRegisterTest</td>
<td></td>
<td>9</td>
<td>com.hrmsreports.testcases.ReportsStandardPayRollSalaryRegisterTest@4b6e2263</td></tr>
<tr>
<td title='com.hrmsreports.testcases.ReportsStandardProfileSalaryApplyResignationTest.verifyReportProfileSalaryApplyResignationCheckDownloadExcel()'><b>verifyReportProfileSalaryApplyResignationCheckDownloadExcel</b><br>Test class: com.hrmsreports.testcases.ReportsStandardProfileSalaryApplyResignationTest</td>
<td></td>
<td>10</td>
<td>com.hrmsreports.testcases.ReportsStandardProfileSalaryApplyResignationTest@33308786</td></tr>
<tr>
<td title='com.hrmsreports.testcases.ReportsStandardStructureOfferStatusTest.verifyReportStandardsStructureOfferStatusSubmitCheck()'><b>verifyReportStandardsStructureOfferStatusSubmitCheck</b><br>Test class: com.hrmsreports.testcases.ReportsStandardStructureOfferStatusTest</td>
<td></td>
<td>5</td>
<td>com.hrmsreports.testcases.ReportsStandardStructureOfferStatusTest@6a55299e</td></tr>
<tr>
<td title='com.hrmsreports.testcases.ReportsStandardProfileSalaryApplyResignationTest.verifyReportProfileSalaryApplyResignationCheckDownloadPDF()'><b>verifyReportProfileSalaryApplyResignationCheckDownloadPDF</b><br>Test class: com.hrmsreports.testcases.ReportsStandardProfileSalaryApplyResignationTest</td>
<td></td>
<td>9</td>
<td>com.hrmsreports.testcases.ReportsStandardProfileSalaryApplyResignationTest@33308786</td></tr>
<tr>
<td title='com.hrmsreports.testcases.ReportsStandardLeaveIndividualLeaveSummaryTest.verifyReportStandardsIndividualLeaveSummaryDownloadCheck()'><b>verifyReportStandardsIndividualLeaveSummaryDownloadCheck</b><br>Test class: com.hrmsreports.testcases.ReportsStandardLeaveIndividualLeaveSummaryTest</td>
<td></td>
<td>10</td>
<td>com.hrmsreports.testcases.ReportsStandardLeaveIndividualLeaveSummaryTest@48e92c5c</td></tr>
<tr>
<td title='com.hrmsreports.testcases.ReportsStandardProfileSalaryEmployeeMovementTest.verifyReportProfileSalaryEmpMovementCheckDownloadExcel()'><b>verifyReportProfileSalaryEmpMovementCheckDownloadExcel</b><br>Test class: com.hrmsreports.testcases.ReportsStandardProfileSalaryEmployeeMovementTest</td>
<td></td>
<td>58</td>
<td>com.hrmsreports.testcases.ReportsStandardProfileSalaryEmployeeMovementTest@bcef303</td></tr>
<tr>
<td title='com.hrmsreports.testcases.ReportsStandardPayRollESIReportTest.verifyReportStandardsPayRollEsiReportDownloadWithArrearCheck()'><b>verifyReportStandardsPayRollEsiReportDownloadWithArrearCheck</b><br>Test class: com.hrmsreports.testcases.ReportsStandardPayRollESIReportTest</td>
<td></td>
<td>7</td>
<td>com.hrmsreports.testcases.ReportsStandardPayRollESIReportTest@648c94da</td></tr>
<tr>
<td title='com.hrmsreports.testcases.ReportsStandardIncrementPromotionSalaryIncrementTest.verifyReportStandardsIncrementPromotionsalaryIncrementPayrollGroupingMandatoryFieldCheck()'><b>verifyReportStandardsIncrementPromotionsalaryIncrementPayrollGroupingMandatoryFieldCheck</b><br>Test class: com.hrmsreports.testcases.ReportsStandardIncrementPromotionSalaryIncrementTest</td>
<td></td>
<td>10</td>
<td>com.hrmsreports.testcases.ReportsStandardIncrementPromotionSalaryIncrementTest@7ca20101</td></tr>
<tr>
<td title='com.hrmsreports.testcases.ReportsStandardAttendancePunchGEOTaggingTest.verifyReportStandardsAttandancePunchGEOTaggingEmployeeCodeCheck()'><b>verifyReportStandardsAttandancePunchGEOTaggingEmployeeCodeCheck</b><br>Test class: com.hrmsreports.testcases.ReportsStandardAttendancePunchGEOTaggingTest</td>
<td></td>
<td>11</td>
<td>com.hrmsreports.testcases.ReportsStandardAttendancePunchGEOTaggingTest@3d1848cc</td></tr>
<tr>
<td title='com.hrmsreports.testcases.ReportsStandardStatutoryFormCTest.verifyReportStandardsStatutoryFormCYearMandatoryFieldCheck()'><b>verifyReportStandardsStatutoryFormCYearMandatoryFieldCheck</b><br>Test class: com.hrmsreports.testcases.ReportsStandardStatutoryFormCTest</td>
<td></td>
<td>9</td>
<td>com.hrmsreports.testcases.ReportsStandardStatutoryFormCTest@74f5ce22</td></tr>
<tr>
<td title='com.hrmsreports.testcases.ReportsStandardStructureMRFDetailsTest.verifyReportStandardsStructureMrfDetailsPDFDownloadCheck()'><b>verifyReportStandardsStructureMrfDetailsPDFDownloadCheck</b><br>Test class: com.hrmsreports.testcases.ReportsStandardStructureMRFDetailsTest</td>
<td></td>
<td>16</td>
<td>com.hrmsreports.testcases.ReportsStandardStructureMRFDetailsTest@7776ab</td></tr>
<tr>
<td title='com.hrmsreports.testcases.ReportsStandardStructureMRFDetailsTest.verifyReportStandardsStructureMrfDetailsDepartmentMandatoryFieldCheck()'><b>verifyReportStandardsStructureMrfDetailsDepartmentMandatoryFieldCheck</b><br>Test class: com.hrmsreports.testcases.ReportsStandardStructureMRFDetailsTest</td>
<td></td>
<td>15</td>
<td>com.hrmsreports.testcases.ReportsStandardStructureMRFDetailsTest@7776ab</td></tr>
<tr>
<td title='com.hrmsreports.testcases.ReportsStandardStatutoryFormVITest.verifyReportStandardsStatutoryFormvIPayrolLMandatoryFieldCheck()'><b>verifyReportStandardsStatutoryFormvIPayrolLMandatoryFieldCheck</b><br>Test class: com.hrmsreports.testcases.ReportsStandardStatutoryFormVITest</td>
<td></td>
<td>6</td>
<td>com.hrmsreports.testcases.ReportsStandardStatutoryFormVITest@460ebd80</td></tr>
<tr>
<td title='com.hrmsreports.testcases.ReportsStandardPayRollPTReportTest.verifyReportStandardsPTReportFromDateMonthMandatoryFieldCheck()'><b>verifyReportStandardsPTReportFromDateMonthMandatoryFieldCheck</b><br>Test class: com.hrmsreports.testcases.ReportsStandardPayRollPTReportTest</td>
<td></td>
<td>10</td>
<td>com.hrmsreports.testcases.ReportsStandardPayRollPTReportTest@5e4bd84a</td></tr>
<tr>
<td title='com.hrmsreports.testcases.ReportsStandardProfileSalaryAuthorizationSignatoryTest.verifyReportProfileSalaryAuthorizationSignatoryCheck()'><b>verifyReportProfileSalaryAuthorizationSignatoryCheck</b><br>Test class: com.hrmsreports.testcases.ReportsStandardProfileSalaryAuthorizationSignatoryTest</td>
<td></td>
<td>4</td>
<td>com.hrmsreports.testcases.ReportsStandardProfileSalaryAuthorizationSignatoryTest@a87f8ec</td></tr>
<tr>
<td title='com.hrmsreports.testcases.ReportsStandardStructureMRFDetailsTest.verifyReportStandardsStructureMrfDetailsSubmitAllCheck()'><b>verifyReportStandardsStructureMrfDetailsSubmitAllCheck</b><br>Test class: com.hrmsreports.testcases.ReportsStandardStructureMRFDetailsTest</td>
<td></td>
<td>16</td>
<td>com.hrmsreports.testcases.ReportsStandardStructureMRFDetailsTest@7776ab</td></tr>
<tr>
<td title='com.hrmsreports.testcases.ReportsStandardProfileSalaryCOEResignationTest.verifyReportProfileSalaryCOEResignationCheck()'><b>verifyReportProfileSalaryCOEResignationCheck</b><br>Test class: com.hrmsreports.testcases.ReportsStandardProfileSalaryCOEResignationTest</td>
<td></td>
<td>4</td>
<td>com.hrmsreports.testcases.ReportsStandardProfileSalaryCOEResignationTest@42039326</td></tr>
<tr>
<td title='com.hrmsreports.testcases.ReportsStandardPayRollPayrollReportTest.verifyReportStandardsPayrollReportDownloadAllPayRollGroupingCheckbox()'><b>verifyReportStandardsPayrollReportDownloadAllPayRollGroupingCheckbox</b><br>Test class: com.hrmsreports.testcases.ReportsStandardPayRollPayrollReportTest</td>
<td></td>
<td>7</td>
<td>com.hrmsreports.testcases.ReportsStandardPayRollPayrollReportTest@535779e4</td></tr>
<tr>
<td title='com.hrmsreports.testcases.ReportsStandardStructureDetailedPositionSummaryTest.verifyReportStandardsStructuredetailedPositionDepartmentMandatoryFieldCheck()'><b>verifyReportStandardsStructuredetailedPositionDepartmentMandatoryFieldCheck</b><br>Test class: com.hrmsreports.testcases.ReportsStandardStructureDetailedPositionSummaryTest</td>
<td></td>
<td>11</td>
<td>com.hrmsreports.testcases.ReportsStandardStructureDetailedPositionSummaryTest@40238dd0</td></tr>
<tr>
<td title='com.hrmsreports.testcases.ReportsStandardStructureOfferStatusTest.VerifyEnterTheSearchSTRUCTUREOfferStatuspagination()'><b>VerifyEnterTheSearchSTRUCTUREOfferStatuspagination</b><br>Test class: com.hrmsreports.testcases.ReportsStandardStructureOfferStatusTest</td>
<td></td>
<td>6</td>
<td>com.hrmsreports.testcases.ReportsStandardStructureOfferStatusTest@6a55299e</td></tr>
<tr>
<td title='com.hrmsreports.testcases.ReportsStandardProfileSalaryCOEResignationTest.verifyReportProfileSalaryCOEResignationEmployeeMandatoryFieldCheck()'><b>verifyReportProfileSalaryCOEResignationEmployeeMandatoryFieldCheck</b><br>Test class: com.hrmsreports.testcases.ReportsStandardProfileSalaryCOEResignationTest</td>
<td></td>
<td>4</td>
<td>com.hrmsreports.testcases.ReportsStandardProfileSalaryCOEResignationTest@42039326</td></tr>
<tr>
<td title='com.hrmsreports.testcases.ReportsStandardStatutoryFormVITest.verifyReportStandardsStatutoryFormvIDownloadCheck()'><b>verifyReportStandardsStatutoryFormvIDownloadCheck</b><br>Test class: com.hrmsreports.testcases.ReportsStandardStatutoryFormVITest</td>
<td></td>
<td>7</td>
<td>com.hrmsreports.testcases.ReportsStandardStatutoryFormVITest@460ebd80</td></tr>
<tr>
<td title='com.hrmsreports.testcases.ReportsStandardPayRollESIReportTest.verifyReportStandardsPayRollEsiReportAllCheckBoxSubmitCheck()'><b>verifyReportStandardsPayRollEsiReportAllCheckBoxSubmitCheck</b><br>Test class: com.hrmsreports.testcases.ReportsStandardPayRollESIReportTest</td>
<td></td>
<td>6</td>
<td>com.hrmsreports.testcases.ReportsStandardPayRollESIReportTest@648c94da</td></tr>
<tr>
<td title='com.hrmsreports.testcases.ReportsStandardStatutoryWagesRegisterNewTest.verifyReportStandardsStatutoryWagesRegisterNewMonthMandatoryFieldCheck()'><b>verifyReportStandardsStatutoryWagesRegisterNewMonthMandatoryFieldCheck</b><br>Test class: com.hrmsreports.testcases.ReportsStandardStatutoryWagesRegisterNewTest</td>
<td></td>
<td>6</td>
<td>com.hrmsreports.testcases.ReportsStandardStatutoryWagesRegisterNewTest@7803bfd</td></tr>
<tr>
<td title='com.hrmsreports.testcases.ReportsStandardPayRollPayRegisterUploadTest.verifyReportStandardsPayregisterUploadCheck()'><b>verifyReportStandardsPayregisterUploadCheck</b><br>Test class: com.hrmsreports.testcases.ReportsStandardPayRollPayRegisterUploadTest</td>
<td></td>
<td>59</td>
<td>com.hrmsreports.testcases.ReportsStandardPayRollPayRegisterUploadTest@1f3f02ee</td></tr>
<tr>
<td title='com.hrmsreports.testcases.ReportsStandardStatutoryFormCTest.verifyReportStandardsStatutoryFormCPayrolLMandatoryFieldCheck()'><b>verifyReportStandardsStatutoryFormCPayrolLMandatoryFieldCheck</b><br>Test class: com.hrmsreports.testcases.ReportsStandardStatutoryFormCTest</td>
<td></td>
<td>9</td>
<td>com.hrmsreports.testcases.ReportsStandardStatutoryFormCTest@74f5ce22</td></tr>
<tr>
<td title='com.hrmsreports.testcases.ReportsStandardLeaveIndividualLeaveSummaryTest.verifyReportStandardsIndividualLeaveSummaryCheck()'><b>verifyReportStandardsIndividualLeaveSummaryCheck</b><br>Test class: com.hrmsreports.testcases.ReportsStandardLeaveIndividualLeaveSummaryTest</td>
<td></td>
<td>6</td>
<td>com.hrmsreports.testcases.ReportsStandardLeaveIndividualLeaveSummaryTest@48e92c5c</td></tr>
<tr>
<td title='com.hrmsreports.testcases.ReportsStandardStatutoryWagesRegisterNewTest.verifyReportStandardsStatutoryWagesRegisterPayRollGroupingMandatoryFieldCheck()'><b>verifyReportStandardsStatutoryWagesRegisterPayRollGroupingMandatoryFieldCheck</b><br>Test class: com.hrmsreports.testcases.ReportsStandardStatutoryWagesRegisterNewTest</td>
<td></td>
<td>6</td>
<td>com.hrmsreports.testcases.ReportsStandardStatutoryWagesRegisterNewTest@7803bfd</td></tr>
<tr>
<td title='com.hrmsreports.testcases.ReportsStandardStructureDetailedPositionSummaryTest.verifyReportStandardsStructuredetailedPositionSummaryExcelDownloadCheck()'><b>verifyReportStandardsStructuredetailedPositionSummaryExcelDownloadCheck</b><br>Test class: com.hrmsreports.testcases.ReportsStandardStructureDetailedPositionSummaryTest</td>
<td></td>
<td>10</td>
<td>com.hrmsreports.testcases.ReportsStandardStructureDetailedPositionSummaryTest@40238dd0</td></tr>
<tr>
<td title='com.hrmsreports.testcases.ReportsStandardStructureMRFDetailsTest.verifyReportStandardsStructureMrfDetailsSubDepartmentMandatoryFieldCheck()'><b>verifyReportStandardsStructureMrfDetailsSubDepartmentMandatoryFieldCheck</b><br>Test class: com.hrmsreports.testcases.ReportsStandardStructureMRFDetailsTest</td>
<td></td>
<td>15</td>
<td>com.hrmsreports.testcases.ReportsStandardStructureMRFDetailsTest@7776ab</td></tr>
<tr>
<td title='com.hrmsreports.testcases.ReportsStandardPayRollPayRollSummaryTest.verifyReportStandardsPayRollpayrollSummaryMonthMandatoryFieldCheck()'><b>verifyReportStandardsPayRollpayrollSummaryMonthMandatoryFieldCheck</b><br>Test class: com.hrmsreports.testcases.ReportsStandardPayRollPayRollSummaryTest</td>
<td></td>
<td>61</td>
<td>com.hrmsreports.testcases.ReportsStandardPayRollPayRollSummaryTest@344f4dea</td></tr>
<tr>
<td title='com.hrmsreports.testcases.ReportsStandardStructureLeadTimeToHierTest.verifyReportStandardsStructureLeadTimeHierSubmitCheck()'><b>verifyReportStandardsStructureLeadTimeHierSubmitCheck</b><br>Test class: com.hrmsreports.testcases.ReportsStandardStructureLeadTimeToHierTest</td>
<td></td>
<td>15</td>
<td>com.hrmsreports.testcases.ReportsStandardStructureLeadTimeToHierTest@51acdf2e</td></tr>
<tr>
<td title='com.hrmsreports.testcases.ReportsStandardStatutoryMusterRollTest.verifyReportStandardsStatutoryMusterRollDownloadCheck()'><b>verifyReportStandardsStatutoryMusterRollDownloadCheck</b><br>Test class: com.hrmsreports.testcases.ReportsStandardStatutoryMusterRollTest</td>
<td></td>
<td>7</td>
<td>com.hrmsreports.testcases.ReportsStandardStatutoryMusterRollTest@42bc14c1</td></tr>
<tr>
<td title='com.hrmsreports.testcases.ReportsStandardPayRollPTReportTest.verifyReportStandardsPTReportToDateMonthMandatoryFieldCheck()'><b>verifyReportStandardsPTReportToDateMonthMandatoryFieldCheck</b><br>Test class: com.hrmsreports.testcases.ReportsStandardPayRollPTReportTest</td>
<td></td>
<td>12</td>
<td>com.hrmsreports.testcases.ReportsStandardPayRollPTReportTest@5e4bd84a</td></tr>
<tr>
<td title='com.hrmsreports.testcases.ReportsStandardPayRollSalaryRegisterTest.verifyReportStandardsPayRollSalaryRegisterMonthMandatoryFieldCheck()'><b>verifyReportStandardsPayRollSalaryRegisterMonthMandatoryFieldCheck</b><br>Test class: com.hrmsreports.testcases.ReportsStandardPayRollSalaryRegisterTest</td>
<td></td>
<td>8</td>
<td>com.hrmsreports.testcases.ReportsStandardPayRollSalaryRegisterTest@4b6e2263</td></tr>
<tr>
<td title='com.hrmsreports.testcases.ReportsStandardStructureDetailedPositionSummaryTest.verifyReportStandardsStructuredetailedPositionSummaryDownloadCheck()'><b>verifyReportStandardsStructuredetailedPositionSummaryDownloadCheck</b><br>Test class: com.hrmsreports.testcases.ReportsStandardStructureDetailedPositionSummaryTest</td>
<td></td>
<td>11</td>
<td>com.hrmsreports.testcases.ReportsStandardStructureDetailedPositionSummaryTest@40238dd0</td></tr>
<tr>
<td title='com.hrmsreports.testcases.ReportsStandardStructureMRFDetailsTest.verifyReportStandardsStructureMrfDetailsSubmitCheck()'><b>verifyReportStandardsStructureMrfDetailsSubmitCheck</b><br>Test class: com.hrmsreports.testcases.ReportsStandardStructureMRFDetailsTest</td>
<td></td>
<td>16</td>
<td>com.hrmsreports.testcases.ReportsStandardStructureMRFDetailsTest@7776ab</td></tr>
<tr>
<td title='com.hrmsreports.testcases.ReportsStandardPayRollPayRegisterTest.verifyReportStandardsPayRollPayRegisterAllCheckBoxSubmitCheck()'><b>verifyReportStandardsPayRollPayRegisterAllCheckBoxSubmitCheck</b><br>Test class: com.hrmsreports.testcases.ReportsStandardPayRollPayRegisterTest</td>
<td></td>
<td>13</td>
<td>com.hrmsreports.testcases.ReportsStandardPayRollPayRegisterTest@7dda48d9</td></tr>
<tr>
<td title='com.hrmsreports.testcases.ReportsStandardArrearLateHoldExcelReportTest.verifyReportStandardsArrearLateHoldExcelReportMonthMandatoryFieldCheck()'><b>verifyReportStandardsArrearLateHoldExcelReportMonthMandatoryFieldCheck</b><br>Test class: com.hrmsreports.testcases.ReportsStandardArrearLateHoldExcelReportTest</td>
<td></td>
<td>6</td>
<td>com.hrmsreports.testcases.ReportsStandardArrearLateHoldExcelReportTest@561868a0</td></tr>
<tr>
<td title='com.hrmsreports.testcases.ReportsStandardLeaveForcedLeaveEncashTest.verifyReportStandardsForcedLeaveEncashYearMandatoryFieldCheck()'><b>verifyReportStandardsForcedLeaveEncashYearMandatoryFieldCheck</b><br>Test class: com.hrmsreports.testcases.ReportsStandardLeaveForcedLeaveEncashTest</td>
<td></td>
<td>115</td>
<td>com.hrmsreports.testcases.ReportsStandardLeaveForcedLeaveEncashTest@22356acd</td></tr>
<tr>
<td title='com.hrmsreports.testcases.ReportsStandardArrearArrearPfReportTest.verifyReportStandardsArrearPfReportMonthSubmitCheck()'><b>verifyReportStandardsArrearPfReportMonthSubmitCheck</b><br>Test class: com.hrmsreports.testcases.ReportsStandardArrearArrearPfReportTest</td>
<td></td>
<td>9</td>
<td>com.hrmsreports.testcases.ReportsStandardArrearArrearPfReportTest@2ea6e30c</td></tr>
<tr>
<td title='com.hrmsreports.testcases.ReportsStandardTDSTaxReportTest.verifyReportStandardsTaxReportTaxReportSubmitCheck()'><b>verifyReportStandardsTaxReportTaxReportSubmitCheck</b><br>Test class: com.hrmsreports.testcases.ReportsStandardTDSTaxReportTest</td>
<td></td>
<td>5</td>
<td>com.hrmsreports.testcases.ReportsStandardTDSTaxReportTest@6138e79a</td></tr>
<tr>
<td title='com.hrmsreports.testcases.ReportsStandardProfileSalaryApplyResignationTest.verifyReportProfileSalaryApplyResignationCheck()'><b>verifyReportProfileSalaryApplyResignationCheck</b><br>Test class: com.hrmsreports.testcases.ReportsStandardProfileSalaryApplyResignationTest</td>
<td></td>
<td>7</td>
<td>com.hrmsreports.testcases.ReportsStandardProfileSalaryApplyResignationTest@33308786</td></tr>
<tr>
<td title='com.hrmsreports.testcases.ReportsStandardStatutoryForm12Test.verifyReportStandardsStatutoryform12DownloadCheck()'><b>verifyReportStandardsStatutoryform12DownloadCheck</b><br>Test class: com.hrmsreports.testcases.ReportsStandardStatutoryForm12Test</td>
<td></td>
<td>6</td>
<td>com.hrmsreports.testcases.ReportsStandardStatutoryForm12Test@531f4093</td></tr>
<tr>
<td title='com.hrmsreports.testcases.ReporsStandardIncrementPromoPromotionReportTest.verifyReportStandardsIncrementPromotionPromotionReportTodateMandatoryFieldCheck()'><b>verifyReportStandardsIncrementPromotionPromotionReportTodateMandatoryFieldCheck</b><br>Test class: com.hrmsreports.testcases.ReporsStandardIncrementPromoPromotionReportTest</td>
<td></td>
<td>8</td>
<td>com.hrmsreports.testcases.ReporsStandardIncrementPromoPromotionReportTest@6155d082</td></tr>
<tr>
<td title='com.hrmsreports.testcases.ReportsStandardStatutoryWagesRegisterReportTest.verifyReportStandardsStatutoryWagesRegisterDepartmentMandatoryFieldCheck()'><b>verifyReportStandardsStatutoryWagesRegisterDepartmentMandatoryFieldCheck</b><br>Test class: com.hrmsreports.testcases.ReportsStandardStatutoryWagesRegisterReportTest</td>
<td></td>
<td>7</td>
<td>com.hrmsreports.testcases.ReportsStandardStatutoryWagesRegisterReportTest@21a21c64</td></tr>
<tr>
<td title='com.hrmsreports.testcases.ReportsStandardStructureInterViewCandiateStatusTest.verifyReportStandardsStructureInterviewCandiateDownloadPDFCheck()'><b>verifyReportStandardsStructureInterviewCandiateDownloadPDFCheck</b><br>Test class: com.hrmsreports.testcases.ReportsStandardStructureInterViewCandiateStatusTest</td>
<td></td>
<td>7</td>
<td>com.hrmsreports.testcases.ReportsStandardStructureInterViewCandiateStatusTest@dbd8e44</td></tr>
<tr>
<td title='com.hrmsreports.testcases.ReportsStandardPayRollYearlyReportTest.verifyReportStandardsPayregisterGrossCTCMonthMandatoryFieldCheck()'><b>verifyReportStandardsPayregisterGrossCTCMonthMandatoryFieldCheck</b><br>Test class: com.hrmsreports.testcases.ReportsStandardPayRollYearlyReportTest</td>
<td></td>
<td>4</td>
<td>com.hrmsreports.testcases.ReportsStandardPayRollYearlyReportTest@5dcb4f5f</td></tr>
<tr>
<td title='com.hrmsreports.testcases.ReportsStandardArrearArrearPfReportTest.verifyPageTitleTest()'><b>verifyPageTitleTest</b><br>Test class: com.hrmsreports.testcases.ReportsStandardArrearArrearPfReportTest</td>
<td></td>
<td>0</td>
<td>com.hrmsreports.testcases.ReportsStandardArrearArrearPfReportTest@2ea6e30c</td></tr>
<tr>
<td title='com.hrmsreports.testcases.ReportsStandardStatutoryWagesRegisterNewTest.verifyReportStandardsStatutoryWagesRegisterNewDownloadCheck()'><b>verifyReportStandardsStatutoryWagesRegisterNewDownloadCheck</b><br>Test class: com.hrmsreports.testcases.ReportsStandardStatutoryWagesRegisterNewTest</td>
<td></td>
<td>7</td>
<td>com.hrmsreports.testcases.ReportsStandardStatutoryWagesRegisterNewTest@7803bfd</td></tr>
<tr>
<td title='com.hrmsreports.testcases.ReportsStandardStatutoryForm1Test.verifyReportStandardsStatutoryform1PayrolLMandatoryFieldCheck()'><b>verifyReportStandardsStatutoryform1PayrolLMandatoryFieldCheck</b><br>Test class: com.hrmsreports.testcases.ReportsStandardStatutoryForm1Test</td>
<td></td>
<td>5</td>
<td>com.hrmsreports.testcases.ReportsStandardStatutoryForm1Test@6436a7db</td></tr>
<tr>
<td title='com.hrmsreports.testcases.ReportsStandardLeaveLeaveSummaryTest.verifyReportStandardsleaveSummaryAllMandatoryFieldCheck()'><b>verifyReportStandardsleaveSummaryAllMandatoryFieldCheck</b><br>Test class: com.hrmsreports.testcases.ReportsStandardLeaveLeaveSummaryTest</td>
<td></td>
<td>5</td>
<td>com.hrmsreports.testcases.ReportsStandardLeaveLeaveSummaryTest@7d1cfb8b</td></tr>
<tr>
<td title='com.hrmsreports.testcases.ReportsStandardAttandanceFiledFromTest.verifyReportStandardsAttandanceFiledFormAllEmpoyeeFormTypeCheckBox()'><b>verifyReportStandardsAttandanceFiledFormAllEmpoyeeFormTypeCheckBox</b><br>Test class: com.hrmsreports.testcases.ReportsStandardAttandanceFiledFromTest</td>
<td></td>
<td>13</td>
<td>com.hrmsreports.testcases.ReportsStandardAttandanceFiledFromTest@386f0da3</td></tr>
<tr>
<td title='com.hrmsreports.testcases.ReportsStandardStructureMRFDetailsTest.verifyReportStandardsStructureMrfDetailsExcelDownloadCheck()'><b>verifyReportStandardsStructureMrfDetailsExcelDownloadCheck</b><br>Test class: com.hrmsreports.testcases.ReportsStandardStructureMRFDetailsTest</td>
<td></td>
<td>16</td>
<td>com.hrmsreports.testcases.ReportsStandardStructureMRFDetailsTest@7776ab</td></tr>
<tr>
<td title='com.hrmsreports.testcases.ReportsStandardArrearLateHoldExcelReportTest.verifyReportStandardsArrearLateHoldExcelReportPayrollGroupingMandatoryFieldCheck()'><b>verifyReportStandardsArrearLateHoldExcelReportPayrollGroupingMandatoryFieldCheck</b><br>Test class: com.hrmsreports.testcases.ReportsStandardArrearLateHoldExcelReportTest</td>
<td></td>
<td>59</td>
<td>com.hrmsreports.testcases.ReportsStandardArrearLateHoldExcelReportTest@561868a0</td></tr>
<tr>
<td title='com.hrmsreports.testcases.ReportsStandardPayRollPayRegisterTest.verifyReportStandardsPayRollPayRegisterSalaryTypeMandatoryFieldCheck()'><b>verifyReportStandardsPayRollPayRegisterSalaryTypeMandatoryFieldCheck</b><br>Test class: com.hrmsreports.testcases.ReportsStandardPayRollPayRegisterTest</td>
<td></td>
<td>12</td>
<td>com.hrmsreports.testcases.ReportsStandardPayRollPayRegisterTest@7dda48d9</td></tr>
<tr>
<td title='com.hrmsreports.testcases.ReportsStandardStatutoryWagesRegisterReportTest.verifyReportStandardsStatutoryWagesRegisterPayRollGroupingMandatoryFieldCheck()'><b>verifyReportStandardsStatutoryWagesRegisterPayRollGroupingMandatoryFieldCheck</b><br>Test class: com.hrmsreports.testcases.ReportsStandardStatutoryWagesRegisterReportTest</td>
<td></td>
<td>6</td>
<td>com.hrmsreports.testcases.ReportsStandardStatutoryWagesRegisterReportTest@21a21c64</td></tr>
<tr>
<td title='com.hrmsreports.testcases.ReportsStandardProfileSalaryEmployeeMovementTest.verifyReportProfileSalaryEmpMovementCheck()'><b>verifyReportProfileSalaryEmpMovementCheck</b><br>Test class: com.hrmsreports.testcases.ReportsStandardProfileSalaryEmployeeMovementTest</td>
<td></td>
<td>58</td>
<td>com.hrmsreports.testcases.ReportsStandardProfileSalaryEmployeeMovementTest@bcef303</td></tr>
<tr>
<td title='com.hrmsreports.testcases.ReportsStandardLeaveLeaveStatusReportTest.verifyReportStandardsLeaveStatusReportCheck()'><b>verifyReportStandardsLeaveStatusReportCheck</b><br>Test class: com.hrmsreports.testcases.ReportsStandardLeaveLeaveStatusReportTest</td>
<td></td>
<td>6</td>
<td>com.hrmsreports.testcases.ReportsStandardLeaveLeaveStatusReportTest@2e1ef60</td></tr>
<tr>
<td title='com.hrmsreports.testcases.ReportsStandardPayrollLoanRegister2Test.verifyReportStandardsPayRollloanRegister2SubmitCheck()'><b>verifyReportStandardsPayRollloanRegister2SubmitCheck</b><br>Test class: com.hrmsreports.testcases.ReportsStandardPayrollLoanRegister2Test</td>
<td></td>
<td>6</td>
<td>com.hrmsreports.testcases.ReportsStandardPayrollLoanRegister2Test@7b94089b</td></tr>
<tr>
<td title='com.hrmsreports.testcases.ReportsStandardStructureRoleStatusTest.verifyReportStandardsStructureRoleStatusPdfDownloadCheck()'><b>verifyReportStandardsStructureRoleStatusPdfDownloadCheck</b><br>Test class: com.hrmsreports.testcases.ReportsStandardStructureRoleStatusTest</td>
<td></td>
<td>6</td>
<td>com.hrmsreports.testcases.ReportsStandardStructureRoleStatusTest@16fdec90</td></tr>
<tr>
<td title='com.hrmsreports.testcases.ReportsStandardAttendancePunchGEOTaggingTest.verifyReportStandardsAttandancePunchGEOTaggingCheck()'><b>verifyReportStandardsAttandancePunchGEOTaggingCheck</b><br>Test class: com.hrmsreports.testcases.ReportsStandardAttendancePunchGEOTaggingTest</td>
<td></td>
<td>12</td>
<td>com.hrmsreports.testcases.ReportsStandardAttendancePunchGEOTaggingTest@3d1848cc</td></tr>
<tr>
<td title='com.hrmsreports.testcases.ReportsStandardIncrementPromotionSalaryIncrementTest.verifyReportStandardsIncrementPromotionsalaryIncrementPayrollLetterTemplateMandatoryFieldCheck()'><b>verifyReportStandardsIncrementPromotionsalaryIncrementPayrollLetterTemplateMandatoryFieldCheck</b><br>Test class: com.hrmsreports.testcases.ReportsStandardIncrementPromotionSalaryIncrementTest</td>
<td></td>
<td>11</td>
<td>com.hrmsreports.testcases.ReportsStandardIncrementPromotionSalaryIncrementTest@7ca20101</td></tr>
<tr>
<td title='com.hrmsreports.testcases.ReportsStandardStatutoryRegisterOfWorkmenTest.verifyReportStandardsStatutoryregisterofworkmenDownloadCheck()'><b>verifyReportStandardsStatutoryregisterofworkmenDownloadCheck</b><br>Test class: com.hrmsreports.testcases.ReportsStandardStatutoryRegisterOfWorkmenTest</td>
<td></td>
<td>7</td>
<td>com.hrmsreports.testcases.ReportsStandardStatutoryRegisterOfWorkmenTest@2dcd168a</td></tr>
<tr>
<td title='com.hrmsreports.testcases.ReportsStandardAttandanceFiledFromTest.verifyReportStandardsAttandanceFiledFormAllEmpoyeeCheckBox()'><b>verifyReportStandardsAttandanceFiledFormAllEmpoyeeCheckBox</b><br>Test class: com.hrmsreports.testcases.ReportsStandardAttandanceFiledFromTest</td>
<td></td>
<td>13</td>
<td>com.hrmsreports.testcases.ReportsStandardAttandanceFiledFromTest@386f0da3</td></tr>
<tr>
<td title='com.hrmsreports.testcases.ReportsStandardArrearArrearExcelReportTest.verifyReportStandardsArrearsExcelReportForPayrollGroupingMandatoryFieldCheck()'><b>verifyReportStandardsArrearsExcelReportForPayrollGroupingMandatoryFieldCheck</b><br>Test class: com.hrmsreports.testcases.ReportsStandardArrearArrearExcelReportTest</td>
<td></td>
<td>59</td>
<td>com.hrmsreports.testcases.ReportsStandardArrearArrearExcelReportTest@3a5ecce3</td></tr>
<tr>
<td title='com.hrmsreports.testcases.ReportsStandardPayRollLWFReportTest.verifyReportStandardsPayRollLWFReportSubmitCheck()'><b>verifyReportStandardsPayRollLWFReportSubmitCheck</b><br>Test class: com.hrmsreports.testcases.ReportsStandardPayRollLWFReportTest</td>
<td></td>
<td>7</td>
<td>com.hrmsreports.testcases.ReportsStandardPayRollLWFReportTest@53de625d</td></tr>
<tr>
<td title='com.hrmsreports.testcases.ReportsStandardProfileSalaryExitInterviewTest.verifyReportProfileSalaryExitInterviewCheckDownloadExcel()'><b>verifyReportProfileSalaryExitInterviewCheckDownloadExcel</b><br>Test class: com.hrmsreports.testcases.ReportsStandardProfileSalaryExitInterviewTest</td>
<td></td>
<td>8</td>
<td>com.hrmsreports.testcases.ReportsStandardProfileSalaryExitInterviewTest@4f9a2c08</td></tr>
<tr>
<td title='com.hrmsreports.testcases.ReportsStandardProfileSalaryExitInterviewTest.verifyReportProfileSalaryExitInterviewFromAndToDateMandatoryFieldCheck()'><b>verifyReportProfileSalaryExitInterviewFromAndToDateMandatoryFieldCheck</b><br>Test class: com.hrmsreports.testcases.ReportsStandardProfileSalaryExitInterviewTest</td>
<td></td>
<td>4</td>
<td>com.hrmsreports.testcases.ReportsStandardProfileSalaryExitInterviewTest@4f9a2c08</td></tr>
<tr>
<td title='com.hrmsreports.testcases.ReportsStandardStatutoryForm15Test.verifyReportStandardsStatutoryform15EmployeeMandatoryFieldCheck()'><b>verifyReportStandardsStatutoryform15EmployeeMandatoryFieldCheck</b><br>Test class: com.hrmsreports.testcases.ReportsStandardStatutoryForm15Test</td>
<td></td>
<td>7</td>
<td>com.hrmsreports.testcases.ReportsStandardStatutoryForm15Test@62ef27a8</td></tr>
<tr>
<td title='com.hrmsreports.testcases.ReportsStandardIncrementPromoSalaryIncrementEntryExcelTest.verifyReportStandardsIncrementPromotionsalaryIncrementEntryDownloadCheck()'><b>verifyReportStandardsIncrementPromotionsalaryIncrementEntryDownloadCheck</b><br>Test class: com.hrmsreports.testcases.ReportsStandardIncrementPromoSalaryIncrementEntryExcelTest</td>
<td></td>
<td>8</td>
<td>com.hrmsreports.testcases.ReportsStandardIncrementPromoSalaryIncrementEntryExcelTest@47f9738</td></tr>
<tr>
<td title='com.hrmsreports.testcases.ReportsStandardAttandanceFiledFromTest.verifyReportStandardsAttandanceFiledFormAllEmpoyeeFormStatusCheckBox()'><b>verifyReportStandardsAttandanceFiledFormAllEmpoyeeFormStatusCheckBox</b><br>Test class: com.hrmsreports.testcases.ReportsStandardAttandanceFiledFromTest</td>
<td></td>
<td>14</td>
<td>com.hrmsreports.testcases.ReportsStandardAttandanceFiledFromTest@386f0da3</td></tr>
<tr>
<td title='com.hrmsreports.testcases.ReportsStandardArrearArrearExcelReportTest.verifyReportStandardsArrearsExcelReportForEmployeeSubmitCheck()'><b>verifyReportStandardsArrearsExcelReportForEmployeeSubmitCheck</b><br>Test class: com.hrmsreports.testcases.ReportsStandardArrearArrearExcelReportTest</td>
<td></td>
<td>60</td>
<td>com.hrmsreports.testcases.ReportsStandardArrearArrearExcelReportTest@3a5ecce3</td></tr>
<tr>
<td title='com.hrmsreports.testcases.ReportsStandardStatutoryFormVITest.verifyReportStandardsStatutoryFormvIPayrollgroupingAllCheckBoxDownloadCheck()'><b>verifyReportStandardsStatutoryFormvIPayrollgroupingAllCheckBoxDownloadCheck</b><br>Test class: com.hrmsreports.testcases.ReportsStandardStatutoryFormVITest</td>
<td></td>
<td>7</td>
<td>com.hrmsreports.testcases.ReportsStandardStatutoryFormVITest@460ebd80</td></tr>
<tr>
<td title='com.hrmsreports.testcases.ReportsStandardPayRollPaySlipTest.verifyReportStandardsPayRollPaySlipEmployeeDownloadZipCheck()'><b>verifyReportStandardsPayRollPaySlipEmployeeDownloadZipCheck</b><br>Test class: com.hrmsreports.testcases.ReportsStandardPayRollPaySlipTest</td>
<td></td>
<td>11</td>
<td>com.hrmsreports.testcases.ReportsStandardPayRollPaySlipTest@6e4566f1</td></tr>
<tr>
<td title='com.hrmsreports.testcases.ReportsStandardStatutoryMWFormVTest.verifyReportStandardsStatutoryMWFormVDownloadCheck()'><b>verifyReportStandardsStatutoryMWFormVDownloadCheck</b><br>Test class: com.hrmsreports.testcases.ReportsStandardStatutoryMWFormVTest</td>
<td></td>
<td>8</td>
<td>com.hrmsreports.testcases.ReportsStandardStatutoryMWFormVTest@388526fb</td></tr>
<tr>
<td title='com.hrmsreports.testcases.ReportsStandardAttendanceRawLogsTest.verifyReportStandardsAttandanceRawLogsFromDateMandatoryFieldCheck()'><b>verifyReportStandardsAttandanceRawLogsFromDateMandatoryFieldCheck</b><br>Test class: com.hrmsreports.testcases.ReportsStandardAttendanceRawLogsTest</td>
<td></td>
<td>9</td>
<td>com.hrmsreports.testcases.ReportsStandardAttendanceRawLogsTest@34f22f9d</td></tr>
<tr>
<td title='com.hrmsreports.testcases.ReportsStandardPayRollPTReportTest.verifyReportStandardsPTReportMonthSubmitCheck()'><b>verifyReportStandardsPTReportMonthSubmitCheck</b><br>Test class: com.hrmsreports.testcases.ReportsStandardPayRollPTReportTest</td>
<td></td>
<td>15</td>
<td>com.hrmsreports.testcases.ReportsStandardPayRollPTReportTest@5e4bd84a</td></tr>
<tr>
<td title='com.hrmsreports.testcases.ReporsStandardIncrementPromoPromotionReportTest.verifyReportStandardsIncrementPromotionPromotionReportFromDateMandatoryFieldCheck()'><b>verifyReportStandardsIncrementPromotionPromotionReportFromDateMandatoryFieldCheck</b><br>Test class: com.hrmsreports.testcases.ReporsStandardIncrementPromoPromotionReportTest</td>
<td></td>
<td>8</td>
<td>com.hrmsreports.testcases.ReporsStandardIncrementPromoPromotionReportTest@6155d082</td></tr>
<tr>
<td title='com.hrmsreports.testcases.ReportsStandardPayrollJournalEntryTest.verifyReportStandardsPayRollJournalEntryDownloadCheck()'><b>verifyReportStandardsPayRollJournalEntryDownloadCheck</b><br>Test class: com.hrmsreports.testcases.ReportsStandardPayrollJournalEntryTest</td>
<td></td>
<td>7</td>
<td>com.hrmsreports.testcases.ReportsStandardPayrollJournalEntryTest@71812481</td></tr>
<tr>
<td title='com.hrmsreports.testcases.ReportsStandardStatutoryForm1Test.verifyReportStandardsStatutoryform1DownloadCheck()'><b>verifyReportStandardsStatutoryform1DownloadCheck</b><br>Test class: com.hrmsreports.testcases.ReportsStandardStatutoryForm1Test</td>
<td></td>
<td>6</td>
<td>com.hrmsreports.testcases.ReportsStandardStatutoryForm1Test@6436a7db</td></tr>
<tr>
<td title='com.hrmsreports.testcases.ReportsStandardAttendanceAttendanceSummaryReportTest.verifyReportStandardsAttandanceSummaryReportPayRollGroupCheck()'><b>verifyReportStandardsAttandanceSummaryReportPayRollGroupCheck</b><br>Test class: com.hrmsreports.testcases.ReportsStandardAttendanceAttendanceSummaryReportTest</td>
<td></td>
<td>6</td>
<td>com.hrmsreports.testcases.ReportsStandardAttendanceAttendanceSummaryReportTest@39655d3e</td></tr>
<tr>
<td title='com.hrmsreports.testcases.ReportsStandardStruturePreEmployeementCheckTest.verifyReportStandardsStructurePreEmployeeCheckPDFDownloadCheck()'><b>verifyReportStandardsStructurePreEmployeeCheckPDFDownloadCheck</b><br>Test class: com.hrmsreports.testcases.ReportsStandardStruturePreEmployeementCheckTest</td>
<td></td>
<td>9</td>
<td>com.hrmsreports.testcases.ReportsStandardStruturePreEmployeementCheckTest@4eb386df</td></tr>
<tr>
<td title='com.hrmsreports.testcases.ReportsStandardAttandanceFiledFromTest.verifyPageTitleTest()'><b>verifyPageTitleTest</b><br>Test class: com.hrmsreports.testcases.ReportsStandardAttandanceFiledFromTest</td>
<td></td>
<td>0</td>
<td>com.hrmsreports.testcases.ReportsStandardAttandanceFiledFromTest@386f0da3</td></tr>
<tr>
<td title='com.hrmsreports.testcases.ReportsStandardPayRollPayRegisterUploadTest.verifyReportStandardsPayregisterUploadsMonthMandatoryFieldCheck()'><b>verifyReportStandardsPayregisterUploadsMonthMandatoryFieldCheck</b><br>Test class: com.hrmsreports.testcases.ReportsStandardPayRollPayRegisterUploadTest</td>
<td></td>
<td>59</td>
<td>com.hrmsreports.testcases.ReportsStandardPayRollPayRegisterUploadTest@1f3f02ee</td></tr>
<tr>
<td title='com.hrmsreports.testcases.ReportsStandardStatutoryWagesRegisterReportTest.verifyReportStandardsStatutoryWagesRegisterMonthMandatoryFieldCheck()'><b>verifyReportStandardsStatutoryWagesRegisterMonthMandatoryFieldCheck</b><br>Test class: com.hrmsreports.testcases.ReportsStandardStatutoryWagesRegisterReportTest</td>
<td></td>
<td>6</td>
<td>com.hrmsreports.testcases.ReportsStandardStatutoryWagesRegisterReportTest@21a21c64</td></tr>
<tr>
<td title='com.hrmsreports.testcases.ReportsStandardPayrollMonthlyBenefitReportTest.verifyReportStandardsPayRollMonthlyBenefitDownloadCheck()'><b>verifyReportStandardsPayRollMonthlyBenefitDownloadCheck</b><br>Test class: com.hrmsreports.testcases.ReportsStandardPayrollMonthlyBenefitReportTest</td>
<td></td>
<td>6</td>
<td>com.hrmsreports.testcases.ReportsStandardPayrollMonthlyBenefitReportTest@53fd0d10</td></tr>
<tr>
<td title='com.hrmsreports.testcases.ReportsStandardStatutoryWagesRegisterReportTest.verifyReportStandardsStatutoryWagesRegisterDownloadCheck()'><b>verifyReportStandardsStatutoryWagesRegisterDownloadCheck</b><br>Test class: com.hrmsreports.testcases.ReportsStandardStatutoryWagesRegisterReportTest</td>
<td></td>
<td>8</td>
<td>com.hrmsreports.testcases.ReportsStandardStatutoryWagesRegisterReportTest@21a21c64</td></tr>
<tr>
<td title='com.hrmsreports.testcases.ReportsStandardPayRollPayrollReportTest.verifyReportStandardsPayrollReportPayrollGroupingMandatoryFieldCheck()'><b>verifyReportStandardsPayrollReportPayrollGroupingMandatoryFieldCheck</b><br>Test class: com.hrmsreports.testcases.ReportsStandardPayRollPayrollReportTest</td>
<td></td>
<td>8</td>
<td>com.hrmsreports.testcases.ReportsStandardPayRollPayrollReportTest@535779e4</td></tr>
<tr>
<td title='com.hrmsreports.testcases.ReportsStandardAttendanceAttendanceSummaryReportTest.verifyReportStandardsAttandanceSummaryReportAllEmployeeCodeCheck()'><b>verifyReportStandardsAttandanceSummaryReportAllEmployeeCodeCheck</b><br>Test class: com.hrmsreports.testcases.ReportsStandardAttendanceAttendanceSummaryReportTest</td>
<td></td>
<td>6</td>
<td>com.hrmsreports.testcases.ReportsStandardAttendanceAttendanceSummaryReportTest@39655d3e</td></tr>
<tr>
<td title='com.hrmsreports.testcases.ReportsStandardAttendanceAttendanceSummaryReportTest.verifyReportStandardsAttandanceSummaryReportEmployeeCodeCheck()'><b>verifyReportStandardsAttandanceSummaryReportEmployeeCodeCheck</b><br>Test class: com.hrmsreports.testcases.ReportsStandardAttendanceAttendanceSummaryReportTest</td>
<td></td>
<td>5</td>
<td>com.hrmsreports.testcases.ReportsStandardAttendanceAttendanceSummaryReportTest@39655d3e</td></tr>
<tr>
<td title='com.hrmsreports.testcases.ReportsStandardPayRollPaySlipTest.verifyReportStandardsPayRollPaySlipAllEmployeeDownloadCheck()'><b>verifyReportStandardsPayRollPaySlipAllEmployeeDownloadCheck</b><br>Test class: com.hrmsreports.testcases.ReportsStandardPayRollPaySlipTest</td>
<td></td>
<td>11</td>
<td>com.hrmsreports.testcases.ReportsStandardPayRollPaySlipTest@6e4566f1</td></tr>
<tr>
<td title='com.hrmsreports.testcases.ReportsStandardStatutoryForm1Test.verifyReportStandardsStatutoryform1PayrollgroupingAllCheckBoxDownloadCheck()'><b>verifyReportStandardsStatutoryform1PayrollgroupingAllCheckBoxDownloadCheck</b><br>Test class: com.hrmsreports.testcases.ReportsStandardStatutoryForm1Test</td>
<td></td>
<td>6</td>
<td>com.hrmsreports.testcases.ReportsStandardStatutoryForm1Test@6436a7db</td></tr>
<tr>
<td title='com.hrmsreports.testcases.ReportsStandardStatutoryForm15Test.verifyReportStandardsStatutoryForm15DownloadCheck()'><b>verifyReportStandardsStatutoryForm15DownloadCheck</b><br>Test class: com.hrmsreports.testcases.ReportsStandardStatutoryForm15Test</td>
<td></td>
<td>9</td>
<td>com.hrmsreports.testcases.ReportsStandardStatutoryForm15Test@62ef27a8</td></tr>
<tr>
<td title='com.hrmsreports.testcases.ReportsStandardStatutoryRegisterOfWorkmenTest.verifyReportStandardsStatutoryregisterofworkmenPayRollGroupingDownloadCheck()'><b>verifyReportStandardsStatutoryregisterofworkmenPayRollGroupingDownloadCheck</b><br>Test class: com.hrmsreports.testcases.ReportsStandardStatutoryRegisterOfWorkmenTest</td>
<td></td>
<td>6</td>
<td>com.hrmsreports.testcases.ReportsStandardStatutoryRegisterOfWorkmenTest@2dcd168a</td></tr>
<tr>
<td title='com.hrmsreports.testcases.ReportsStandardStatutoryMWFormVTest.verifyReportStandardsMWFormVPayRollGroupingMandatoryFieldCheck()'><b>verifyReportStandardsMWFormVPayRollGroupingMandatoryFieldCheck</b><br>Test class: com.hrmsreports.testcases.ReportsStandardStatutoryMWFormVTest</td>
<td></td>
<td>6</td>
<td>com.hrmsreports.testcases.ReportsStandardStatutoryMWFormVTest@388526fb</td></tr>
<tr>
<td title='com.hrmsreports.testcases.ReportsStandardPayRollESIRemittanceTest.verifyReportStandardsPayRollEsiRemittanceAllCheckBoxSubmitCheck()'><b>verifyReportStandardsPayRollEsiRemittanceAllCheckBoxSubmitCheck</b><br>Test class: com.hrmsreports.testcases.ReportsStandardPayRollESIRemittanceTest</td>
<td></td>
<td>7</td>
<td>com.hrmsreports.testcases.ReportsStandardPayRollESIRemittanceTest@2a62b5bc</td></tr>
<tr>
<td title='com.hrmsreports.testcases.ReportsStandardStructureRecruitmentPositionWiseConversionRateTest.verifyReportStandardsStructurepositionwiseConversionRateExcelDownloadCheck()'><b>verifyReportStandardsStructurepositionwiseConversionRateExcelDownloadCheck</b><br>Test class: com.hrmsreports.testcases.ReportsStandardStructureRecruitmentPositionWiseConversionRateTest</td>
<td></td>
<td>64</td>
<td>com.hrmsreports.testcases.ReportsStandardStructureRecruitmentPositionWiseConversionRateTest@2f1de2d6</td></tr>
<tr>
<td title='com.hrmsreports.testcases.ReportsStandardProfileSalaryApplyResignationTest.verifyReportProfileSalaryApplyResignationFromAndToDateMandatoryFieldCheck()'><b>verifyReportProfileSalaryApplyResignationFromAndToDateMandatoryFieldCheck</b><br>Test class: com.hrmsreports.testcases.ReportsStandardProfileSalaryApplyResignationTest</td>
<td></td>
<td>4</td>
<td>com.hrmsreports.testcases.ReportsStandardProfileSalaryApplyResignationTest@33308786</td></tr>
<tr>
<td title='com.hrmsreports.testcases.ReportsStandardPayRollPayRegisterUploadTest.verifyReportStandardsPayregisterUploadsFileMandatoryFieldCheck()'><b>verifyReportStandardsPayregisterUploadsFileMandatoryFieldCheck</b><br>Test class: com.hrmsreports.testcases.ReportsStandardPayRollPayRegisterUploadTest</td>
<td></td>
<td>61</td>
<td>com.hrmsreports.testcases.ReportsStandardPayRollPayRegisterUploadTest@1f3f02ee</td></tr>
<tr>
<td title='com.hrmsreports.testcases.ReportsStandardArrearArrearExcelReportTest.verifyReportStandardsArrearsExcelReportForPayRollGroupingWiseCheck()'><b>verifyReportStandardsArrearsExcelReportForPayRollGroupingWiseCheck</b><br>Test class: com.hrmsreports.testcases.ReportsStandardArrearArrearExcelReportTest</td>
<td></td>
<td>60</td>
<td>com.hrmsreports.testcases.ReportsStandardArrearArrearExcelReportTest@3a5ecce3</td></tr>
<tr>
<td title='com.hrmsreports.testcases.ReportsStandardStatutoryMusterRollTest.verifyReportStandardsStatutoryMusterRollPayRollGroupingMandatoryFieldCheck()'><b>verifyReportStandardsStatutoryMusterRollPayRollGroupingMandatoryFieldCheck</b><br>Test class: com.hrmsreports.testcases.ReportsStandardStatutoryMusterRollTest</td>
<td></td>
<td>6</td>
<td>com.hrmsreports.testcases.ReportsStandardStatutoryMusterRollTest@42bc14c1</td></tr>
<tr>
<td title='com.hrmsreports.testcases.ReportsStandardPayRollSalaryRegisterTest.verifyReportStandardsPayRollSalaryRegisterDepartmentMandatoryFieldCheck()'><b>verifyReportStandardsPayRollSalaryRegisterDepartmentMandatoryFieldCheck</b><br>Test class: com.hrmsreports.testcases.ReportsStandardPayRollSalaryRegisterTest</td>
<td></td>
<td>8</td>
<td>com.hrmsreports.testcases.ReportsStandardPayRollSalaryRegisterTest@4b6e2263</td></tr>
<tr>
<td title='com.hrmsreports.testcases.ReportsStandardProfileSalaryHRLettersTest.verifyReportProfileSalaryHrLettersAttachmentLetterMandatoryFieldCheck()'><b>verifyReportProfileSalaryHrLettersAttachmentLetterMandatoryFieldCheck</b><br>Test class: com.hrmsreports.testcases.ReportsStandardProfileSalaryHRLettersTest</td>
<td></td>
<td>67</td>
<td>com.hrmsreports.testcases.ReportsStandardProfileSalaryHRLettersTest@5443d039</td></tr>
<tr>
<td title='com.hrmsreports.testcases.ReportsStandardLeaveLeaveSummaryTest.verifyReportStandardsleaveSummaryCheck()'><b>verifyReportStandardsleaveSummaryCheck</b><br>Test class: com.hrmsreports.testcases.ReportsStandardLeaveLeaveSummaryTest</td>
<td></td>
<td>6</td>
<td>com.hrmsreports.testcases.ReportsStandardLeaveLeaveSummaryTest@7d1cfb8b</td></tr>
<tr>
<td title='com.hrmsreports.testcases.ReportsStandardPayRollVarianceAnalysisTest.verifyReportStandardsPayRollVarianceAnalysisDurationMandatoryFieldCheck()'><b>verifyReportStandardsPayRollVarianceAnalysisDurationMandatoryFieldCheck</b><br>Test class: com.hrmsreports.testcases.ReportsStandardPayRollVarianceAnalysisTest</td>
<td></td>
<td>7</td>
<td>com.hrmsreports.testcases.ReportsStandardPayRollVarianceAnalysisTest@4ce1d6d0</td></tr>
<tr>
<td title='com.hrmsreports.testcases.ReportStandardProfileSalaryCurrentCTCTest.verifyReportProfileSalaryCurrentCTCSpecificPayRoll()'><b>verifyReportProfileSalaryCurrentCTCSpecificPayRoll</b><br>Test class: com.hrmsreports.testcases.ReportStandardProfileSalaryCurrentCTCTest</td>
<td></td>
<td>3</td>
<td>com.hrmsreports.testcases.ReportStandardProfileSalaryCurrentCTCTest@2631f68c</td></tr>
<tr>
<td title='com.hrmsreports.testcases.ReportsStandardStructureLeadTimeToHierTest.verifyReportStandardsStructureLeadTimeHierPDFDownloadCheck()'><b>verifyReportStandardsStructureLeadTimeHierPDFDownloadCheck</b><br>Test class: com.hrmsreports.testcases.ReportsStandardStructureLeadTimeToHierTest</td>
<td></td>
<td>16</td>
<td>com.hrmsreports.testcases.ReportsStandardStructureLeadTimeToHierTest@51acdf2e</td></tr>
<tr>
<td title='com.hrmsreports.testcases.ReportsStandardProfileSalaryProfileOverAllTest.verifyReportsProfileSalarySelectAllCheckBoxes()'><b>verifyReportsProfileSalarySelectAllCheckBoxes</b><br>Test class: com.hrmsreports.testcases.ReportsStandardProfileSalaryProfileOverAllTest</td>
<td></td>
<td>4</td>
<td>com.hrmsreports.testcases.ReportsStandardProfileSalaryProfileOverAllTest@177bea38</td></tr>
<tr>
<td title='com.hrmsreports.testcases.ReporsStandardIncrementPromoPromotionReportTest.verifyReportStandardsIncrementPromotionPromotionReportSubmitCheck()'><b>verifyReportStandardsIncrementPromotionPromotionReportSubmitCheck</b><br>Test class: com.hrmsreports.testcases.ReporsStandardIncrementPromoPromotionReportTest</td>
<td></td>
<td>11</td>
<td>com.hrmsreports.testcases.ReporsStandardIncrementPromoPromotionReportTest@6155d082</td></tr>
</table><p>
</body>
</html>