<?xml version="1.0" encoding="UTF-8"?>
<!-- Generated by org.testng.reporters.JUnitXMLReporter -->
<testsuite ignored="28" hostname="angapparaja" failures="8" tests="116" name="HRMSAutomationCoreHrmsSelfcare" time="5434.232" errors="0" timestamp="2023-02-02T12:12:25 IST">
  <testcase classname="com.hrmscorehrmsselfcare.testcases.OverTimeObjectsTest" name="OTEmptyAdd" time="19.807"/>
  <testcase classname="com.hrmscorehrmsselfcare.testcases.OverTimeObjectsTest" name="Search" time="16.246"/>
  <testcase classname="com.hrmscorehrmsselfcare.testcases.OverTimeObjectsTest" name="Cancel" time="24.707"/>
  <testcase classname="com.hrmscorehrmsselfcare.testcases.OverTimeObjectsTest" name="ApprovalScreen" time="115.189"/>
  <testcase classname="com.hrmscorehrmsselfcare.testcases.OverTimeObjectsTest" name="DataValidation" time="16.147"/>
  <testcase classname="com.hrmscorehrmsselfcare.testcases.RestDayTest" name="EmptyAdd" time="26.895"/>
  <testcase classname="com.hrmscorehrmsselfcare.testcases.RestDayTest" name="SearchAdd" time="0.436"/>
  <testcase classname="com.hrmscorehrmsselfcare.testcases.RestDayTest" name="CancelAdd" time="18.788"/>
  <testcase classname="com.hrmscorehrmsselfcare.testcases.RestDayTest" name="EmptyAddChange" time="30.926"/>
  <testcase classname="com.hrmscorehrmsselfcare.testcases.RestDayTest" name="SearchChange" time="0.421"/>
  <testcase classname="com.hrmscorehrmsselfcare.testcases.RestDayTest" name="CancelChange" time="17.747"/>
  <testcase classname="com.hrmscorehrmsselfcare.testcases.RestDayTest" name="EmptyAddRemove" time="25.836"/>
  <testcase classname="com.hrmscorehrmsselfcare.testcases.RestDayTest" name="SearchRemove" time="0.397"/>
  <testcase classname="com.hrmscorehrmsselfcare.testcases.RestDayTest" name="CancelRemove" time="18.715"/>
  <testcase classname="com.hrmscorehrmsselfcare.testcases.RestDayTest" name="DataValidation" time="16.934"/>
  <testcase classname="com.hrmscorehrmsselfcare.testcases.FailuretimeinoutObjectsTest" name="emptyAdd" time="33.971"/>
  <testcase classname="com.hrmscorehrmsselfcare.testcases.FailuretimeinoutObjectsTest" name="Search" time="17.207"/>
  <testcase classname="com.hrmscorehrmsselfcare.testcases.FailuretimeinoutObjectsTest" name="Cancel" time="25.764"/>
  <testcase classname="com.hrmscorehrmsselfcare.testcases.FailuretimeinoutObjectsTest" name="Approval" time="114.595"/>
  <testcase classname="com.hrmscorehrmsselfcare.testcases.FailuretimeinoutObjectsTest" name="TableValidation" time="23.047"/>
  <testcase classname="com.hrmscorehrmsselfcare.testcases.OfficialBTObjectsTest" name="EmptyAdd" time="35.735"/>
  <testcase classname="com.hrmscorehrmsselfcare.testcases.OfficialBTObjectsTest" name="Search" time="16.474"/>
  <testcase classname="com.hrmscorehrmsselfcare.testcases.OfficialBTObjectsTest" name="Cancel" time="17.463"/>
  <testcase classname="com.hrmscorehrmsselfcare.testcases.OfficialBTObjectsTest" name="Approval" time="4.175"/>
  <testcase classname="com.hrmscorehrmsselfcare.testcases.OfficialBTObjectsTest" name="DataValidation" time="20.064"/>
  <testcase classname="com.hrmscorehrmsselfcare.testcases.ShiftCodeObjectsTest" name="EmptyAdd" time="29.483"/>
  <testcase classname="com.hrmscorehrmsselfcare.testcases.ShiftCodeObjectsTest" name="SingleSearch" time="17.049"/>
  <testcase classname="com.hrmscorehrmsselfcare.testcases.ShiftCodeObjectsTest" name="SingleCancel" time="22.208"/>
  <testcase classname="com.hrmscorehrmsselfcare.testcases.ShiftCodeObjectsTest" name="SingleApproval" time="3.893"/>
  <testcase classname="com.hrmscorehrmsselfcare.testcases.ShiftCodeObjectsTest" name="SingleDataValidation" time="38.239"/>
  <testcase classname="com.hrmscorehrmsselfcare.testcases.ShiftCodeObjectsTest" name="CmpdEmpAdd" time="22.285"/>
  <testcase classname="com.hrmscorehrmsselfcare.testcases.ShiftCodeObjectsTest" name="CmpdSearch" time="17.643"/>
  <testcase classname="com.hrmscorehrmsselfcare.testcases.ShiftCodeObjectsTest" name="CmpdCancel" time="25.424"/>
  <testcase classname="com.hrmscorehrmsselfcare.testcases.ShiftCodeObjectsTest" name="CmpdAprval" time="3.932"/>
  <testcase classname="com.hrmscorehrmsselfcare.testcases.ShiftCodeObjectsTest" name="CmpdTableValidation" time="38.045"/>
  <testcase classname="com.hrmscorehrmsselfcare.testcases.PermsnAplyObjectsTest" name="EmptyAdd" time="37.338"/>
  <testcase classname="com.hrmscorehrmsselfcare.testcases.PermsnAplyObjectsTest" name="Search" time="16.361"/>
  <testcase classname="com.hrmscorehrmsselfcare.testcases.PermsnAplyObjectsTest" name="Cancel" time="19.107"/>
  <testcase classname="com.hrmscorehrmsselfcare.testcases.PermsnAplyObjectsTest" name="TableValidation" time="18.069"/>
  <testcase classname="com.hrmscorehrmsselfcare.testcases.HolidayObjectsTest" name="EmptyAdd" time="27.239"/>
  <testcase classname="com.hrmscorehrmsselfcare.testcases.HolidayObjectsTest" name="Search" time="16.155"/>
  <testcase classname="com.hrmscorehrmsselfcare.testcases.HolidayObjectsTest" name="Delete" time="25.045"/>
  <testcase classname="com.hrmscorehrmsselfcare.testcases.ClaimObjectsTest" name="Empty" time="14.201"/>
  <testcase classname="com.hrmscorehrmsselfcare.testcases.ClaimObjectsTest" name="Apply" time="12.014"/>
  <testcase classname="com.hrmscorehrmsselfcare.testcases.ClaimObjectsTest" name="ClaimoffSearch" time="12.014"/>
  <testcase classname="com.hrmscorehrmsselfcare.testcases.TakecompObjectsTest" name="TakeoffEmpty" time="67.891"/>
  <testcase classname="com.hrmscorehrmsselfcare.testcases.TakecompObjectsTest" name="TakeoffSearch" time="11.776"/>
  <testcase classname="com.hrmscorehrmsselfcare.testcases.SlfRstDayObjectsTest" name="AddEmptyAdd" time="12.249"/>
  <testcase classname="com.hrmscorehrmsselfcare.testcases.SlfRstDayObjectsTest" name="ChgEmptyAdd" time="10.653"/>
  <testcase classname="com.hrmscorehrmsselfcare.testcases.SlfRstDayObjectsTest" name="rvmeEmptyAdd" time="9.849"/>
  <testcase classname="com.hrmscorehrmsselfcare.testcases.SlfRstDayObjectsTest" name="AddrstdayEdit" time="6.3"/>
  <testcase classname="com.hrmscorehrmsselfcare.testcases.SlfRstDayObjectsTest" name="ChgerstdayEdit" time="10.779"/>
  <testcase classname="com.hrmscorehrmsselfcare.testcases.SlfRstDayObjectsTest" name="rmverstdayEdit" time="6.166"/>
  <testcase classname="com.hrmscorehrmsselfcare.testcases.SlfRstDayObjectsTest" name="RestdayValidation" time="7.85"/>
  <testcase classname="com.hrmscorehrmsselfcare.testcases.SlfRstDayObjectsTest" name="ViewPage" time="4.106"/>
  <testcase classname="com.hrmscorehrmsselfcare.testcases.SlfRstDayObjectsTest" name="Search" time="2.242"/>
  <testcase classname="com.hrmscorehrmsselfcare.testcases.SlfRstDayObjectsTest" name="AplyAprveScreen" time="68.694"/>
  <testcase classname="com.hrmscorehrmsselfcare.testcases.SlfFailObjectsTest" name="EmptyAdd" time="19.56"/>
  <testcase classname="com.hrmscorehrmsselfcare.testcases.SlfFailObjectsTest" name="Edit" time="123.204"/>
  <testcase classname="com.hrmscorehrmsselfcare.testcases.SlfFailObjectsTest" name="Search" time="1.942"/>
  <testcase classname="com.hrmscorehrmsselfcare.testcases.SlfFailObjectsTest" name="view" time="2.231"/>
  <testcase classname="com.hrmscorehrmsselfcare.testcases.SlfFailObjectsTest" name="Tablevalidation" time="6.29"/>
  <testcase classname="com.hrmscorehrmsselfcare.testcases.SlfFailObjectsTest" name="ApplyApprove" time="80.525"/>
  <testcase classname="com.hrmscorehrmsselfcare.testcases.SlfObtObjectsTest" name="EmptyAdd" time="20.764"/>
  <testcase classname="com.hrmscorehrmsselfcare.testcases.SlfObtObjectsTest" name="Edit" time="12.975"/>
  <testcase classname="com.hrmscorehrmsselfcare.testcases.SlfObtObjectsTest" name="View" time="3.781"/>
  <testcase classname="com.hrmscorehrmsselfcare.testcases.SlfObtObjectsTest" name="Search" time="1.814"/>
  <testcase classname="com.hrmscorehrmsselfcare.testcases.SlfObtObjectsTest" name="TableValidation" time="5.312"/>
  <testcase classname="com.hrmscorehrmsselfcare.testcases.SlfObtObjectsTest" name="ApplyApproval" time="76.007"/>
  <testcase classname="com.hrmscorehrmsselfcare.testcases.SlfShftCodeObjectsTest" name="sgleemptyAdd" time="19.386"/>
  <testcase classname="com.hrmscorehrmsselfcare.testcases.SlfShftCodeObjectsTest" name="sgleEdit" time="118.544"/>
  <testcase classname="com.hrmscorehrmsselfcare.testcases.SlfShftCodeObjectsTest" name="sgleView" time="3.799"/>
  <testcase classname="com.hrmscorehrmsselfcare.testcases.SlfShftCodeObjectsTest" name="sgleSearch" time="2.094"/>
  <testcase classname="com.hrmscorehrmsselfcare.testcases.SlfShftCodeObjectsTest" name="sglevalisdation" time="7.191"/>
  <testcase classname="com.hrmscorehrmsselfcare.testcases.SlfShftCodeObjectsTest" name="cmpEmpty" time="14.192"/>
  <testcase classname="com.hrmscorehrmsselfcare.testcases.SlfShftCodeObjectsTest" name="cmpAdd" time="5.376"/>
  <testcase classname="com.hrmscorehrmsselfcare.testcases.SlfShftCodeObjectsTest" name="cmpEdit" time="120.432"/>
  <testcase classname="com.hrmscorehrmsselfcare.testcases.SlfShftCodeObjectsTest" name="cmpView" time="4.319"/>
  <testcase classname="com.hrmscorehrmsselfcare.testcases.SlfShftCodeObjectsTest" name="cmpSearch" time="56.711"/>
  <testcase classname="com.hrmscorehrmsselfcare.testcases.SlfShftCodeObjectsTest" name="cmpvalidation" time="6.788"/>
  <testcase classname="com.hrmscorehrmsselfcare.testcases.SlfPermissionObjectsTest" name="EmptyAdd" time="19.237"/>
  <testcase classname="com.hrmscorehrmsselfcare.testcases.SlfPermissionObjectsTest" name="Edit" time="14.772"/>
  <testcase classname="com.hrmscorehrmsselfcare.testcases.SlfPermissionObjectsTest" name="ViewIcon" time="3.758"/>
  <testcase classname="com.hrmscorehrmsselfcare.testcases.SlfPermissionObjectsTest" name="Search" time="1.769"/>
  <testcase classname="com.hrmscorehrmsselfcare.testcases.SlfPermissionObjectsTest" name="TableValidation" time="3.577"/>
  <testcase classname="com.hrmscorehrmsselfcare.testcases.SlfPermissionObjectsTest" name="AplyAprvl" time="134.588"/>
  <testcase classname="com.hrmscorehrmsselfcare.testcases.SlfClaimObjectsTest" name="Emptyclaim" time="10.497"/>
  <testcase classname="com.hrmscorehrmsselfcare.testcases.SlfClaimObjectsTest" name="ClaimSearch" time="6.254"/>
  <testcase classname="com.hrmscorehrmsselfcare.testcases.SlfClaimObjectsTest" name="ClaimView" time="3.751"/>
  <testcase classname="com.hrmscorehrmsselfcare.testcases.SlfClaimObjectsTest" name="ClaimCancel" time="56.785"/>
  <testcase classname="com.hrmscorehrmsselfcare.testcases.SlfClaimObjectsTest" name="Claimdatatable" time="12.239"/>
  <testcase classname="com.hrmscorehrmsselfcare.testcases.SlfTakecompObjectsTest" name="EmptyTake" time="66.765"/>
  <testcase classname="com.hrmscorehrmsselfcare.testcases.SlfTakecompObjectsTest" name="Takesearch" time="6.254"/>
  <testcase classname="com.hrmscorehrmsselfcare.testcases.SlfTakecompObjectsTest" name="TakeView" time="7.727"/>
  <testcase classname="com.hrmscorehrmsselfcare.testcases.SlfTakecompObjectsTest" name="Takecancel" time="6.75"/>
  <testcase classname="com.hrmscorehrmsselfcare.testcases.SlfTakecompObjectsTest" name="Datatablevalidation" time="12.192"/>
  <testcase classname="com.hrmscorehrmsselfcare.testcases.AttendanceTest" name="Attendancemdle" time="8.493"/>
  <testcase classname="com.hrmscorehrmsselfcare.testcases.RawlogObjectsTest" name="rawlogs" time="8.518"/>
  <testcase classname="com.hrmscorehrmsselfcare.testcases.MissedPunchObjectsTest" name="missedPunch" time="13.553"/>
  <testcase classname="com.hrmscorehrmsselfcare.testcases.SlfTeamotObjectsTest" name="SlfTeamotEmpty" time="60.131">
    <failure type="org.openqa.selenium.ElementNotInteractableException" message="element not interactable
  (Session info: chrome=109.0.5414.120)
Build info: version: &amp;apos;4.1.0&amp;apos;, revision: &amp;apos;87802e897b&amp;apos;
System info: host: &amp;apos;ANGAPPARAJA&amp;apos;, ip: &amp;apos;192.168.100.41&amp;apos;, os.name: &amp;apos;Windows 10&amp;apos;, os.arch: &amp;apos;amd64&amp;apos;, os.version: &amp;apos;10.0&amp;apos;, java.version: &amp;apos;11.0.9&amp;apos;
Driver info: org.openqa.selenium.chrome.ChromeDriver
Command: [41283273ecbd9a4a1137f6d3a827ad92, clickElement {id=3f14922a-968f-4064-b326-771b2ed14b40}]
Capabilities {acceptInsecureCerts: false, browserName: chrome, browserVersion: 109.0.5414.120, chrome: {chromedriverVersion: 109.0.5414.74 (e7c5703604da..., userDataDir: C:\Users\angap\AppData\Loca...}, goog:chromeOptions: {debuggerAddress: localhost:59920}, javascriptEnabled: true, networkConnectionEnabled: false, pageLoadStrategy: normal, platform: WINDOWS, platformName: WINDOWS, proxy: Proxy(), se:cdp: ws://localhost:59920/devtoo..., se:cdpVersion: 109.0.5414.120, setWindowRect: true, strictFileInteractability: false, timeouts: {implicit: 0, pageLoad: 300000, script: 30000}, unhandledPromptBehavior: dismiss and notify, webauthn:extension:credBlob: true, webauthn:extension:largeBlob: true, webauthn:virtualAuthenticators: true}
Element: [[ChromeDriver: chrome on WINDOWS (41283273ecbd9a4a1137f6d3a827ad92)] -&amp;gt; xpath: //button[text()=&amp;apos;TEAM&amp;apos;]]
Session ID: 41283273ecbd9a4a1137f6d3a827ad92">
      <![CDATA[org.openqa.selenium.ElementNotInteractableException: element not interactable
  (Session info: chrome=109.0.5414.120)
Build info: version: '4.1.0', revision: '87802e897b'
System info: host: 'ANGAPPARAJA', ip: '192.168.100.41', os.name: 'Windows 10', os.arch: 'amd64', os.version: '10.0', java.version: '11.0.9'
Driver info: org.openqa.selenium.chrome.ChromeDriver
Command: [41283273ecbd9a4a1137f6d3a827ad92, clickElement {id=3f14922a-968f-4064-b326-771b2ed14b40}]
Capabilities {acceptInsecureCerts: false, browserName: chrome, browserVersion: 109.0.5414.120, chrome: {chromedriverVersion: 109.0.5414.74 (e7c5703604da..., userDataDir: C:\Users\angap\AppData\Loca...}, goog:chromeOptions: {debuggerAddress: localhost:59920}, javascriptEnabled: true, networkConnectionEnabled: false, pageLoadStrategy: normal, platform: WINDOWS, platformName: WINDOWS, proxy: Proxy(), se:cdp: ws://localhost:59920/devtoo..., se:cdpVersion: 109.0.5414.120, setWindowRect: true, strictFileInteractability: false, timeouts: {implicit: 0, pageLoad: 300000, script: 30000}, unhandledPromptBehavior: dismiss and notify, webauthn:extension:credBlob: true, webauthn:extension:largeBlob: true, webauthn:virtualAuthenticators: true}
Element: [[ChromeDriver: chrome on WINDOWS (41283273ecbd9a4a1137f6d3a827ad92)] -> xpath: //button[text()='TEAM']]
Session ID: 41283273ecbd9a4a1137f6d3a827ad92
at org.openqa.selenium.remote.codec.w3c.W3CHttpResponseCodec.createException(W3CHttpResponseCodec.java:200)
at org.openqa.selenium.remote.codec.w3c.W3CHttpResponseCodec.decode(W3CHttpResponseCodec.java:133)
at org.openqa.selenium.remote.codec.w3c.W3CHttpResponseCodec.decode(W3CHttpResponseCodec.java:53)
at org.openqa.selenium.remote.HttpCommandExecutor.execute(HttpCommandExecutor.java:184)
at org.openqa.selenium.remote.service.DriverCommandExecutor.invokeExecute(DriverCommandExecutor.java:164)
at org.openqa.selenium.remote.service.DriverCommandExecutor.execute(DriverCommandExecutor.java:139)
at org.openqa.selenium.remote.RemoteWebDriver.execute(RemoteWebDriver.java:559)
at org.openqa.selenium.remote.RemoteWebElement.execute(RemoteWebElement.java:251)
at org.openqa.selenium.remote.RemoteWebElement.click(RemoteWebElement.java:77)
at org.openqa.selenium.support.events.EventFiringWebDriver$EventFiringWebElement.lambda$new$0(EventFiringWebDriver.java:414)
at com.sun.proxy.$Proxy24.click(Unknown Source)
at org.openqa.selenium.support.events.EventFiringWebDriver$EventFiringWebElement.click(EventFiringWebDriver.java:427)
at org.openqa.selenium.support.pagefactory.internal.LocatingElementHandler.invoke(LocatingElementHandler.java:52)
at com.sun.proxy.$Proxy22.click(Unknown Source)
at com.hrms.corehrms.selfcare.SlfTeamotObjects.emptyAddteamot(SlfTeamotObjects.java:164)
at com.hrmscorehrmsselfcare.testcases.SlfTeamotObjectsTest.SlfTeamotEmpty(SlfTeamotObjectsTest.java:90)
at java.base/java.util.ArrayList.forEach(ArrayList.java:1541)
... Removed 37 stack frames]]>
    </failure>
  </testcase> <!-- SlfTeamotEmpty -->
  <testcase classname="com.hrmscorehrmsselfcare.testcases.SlfTeamotObjectsTest" name="SlfTeamotAprvhstry" time="60.088"/>
  <testcase classname="com.hrmscorehrmsselfcare.testcases.SlfTeamRstdayObjectsTest" name="rdTeamAddEmpAdd" time="61.142">
    <failure type="org.openqa.selenium.ElementNotInteractableException" message="element not interactable
  (Session info: chrome=109.0.5414.120)
Build info: version: &amp;apos;4.1.0&amp;apos;, revision: &amp;apos;87802e897b&amp;apos;
System info: host: &amp;apos;ANGAPPARAJA&amp;apos;, ip: &amp;apos;192.168.100.41&amp;apos;, os.name: &amp;apos;Windows 10&amp;apos;, os.arch: &amp;apos;amd64&amp;apos;, os.version: &amp;apos;10.0&amp;apos;, java.version: &amp;apos;11.0.9&amp;apos;
Driver info: org.openqa.selenium.chrome.ChromeDriver
Command: [7c1051079d311b7d5ccf180d57b5bdb2, clickElement {id=148389a4-1d48-4930-a4a0-0165594a2a6a}]
Capabilities {acceptInsecureCerts: false, browserName: chrome, browserVersion: 109.0.5414.120, chrome: {chromedriverVersion: 109.0.5414.74 (e7c5703604da..., userDataDir: C:\Users\angap\AppData\Loca...}, goog:chromeOptions: {debuggerAddress: localhost:60016}, javascriptEnabled: true, networkConnectionEnabled: false, pageLoadStrategy: normal, platform: WINDOWS, platformName: WINDOWS, proxy: Proxy(), se:cdp: ws://localhost:60016/devtoo..., se:cdpVersion: 109.0.5414.120, setWindowRect: true, strictFileInteractability: false, timeouts: {implicit: 0, pageLoad: 300000, script: 30000}, unhandledPromptBehavior: dismiss and notify, webauthn:extension:credBlob: true, webauthn:extension:largeBlob: true, webauthn:virtualAuthenticators: true}
Element: [[ChromeDriver: chrome on WINDOWS (7c1051079d311b7d5ccf180d57b5bdb2)] -&amp;gt; xpath: //button[text()=&amp;apos;TEAM&amp;apos;]]
Session ID: 7c1051079d311b7d5ccf180d57b5bdb2">
      <![CDATA[org.openqa.selenium.ElementNotInteractableException: element not interactable
  (Session info: chrome=109.0.5414.120)
Build info: version: '4.1.0', revision: '87802e897b'
System info: host: 'ANGAPPARAJA', ip: '192.168.100.41', os.name: 'Windows 10', os.arch: 'amd64', os.version: '10.0', java.version: '11.0.9'
Driver info: org.openqa.selenium.chrome.ChromeDriver
Command: [7c1051079d311b7d5ccf180d57b5bdb2, clickElement {id=148389a4-1d48-4930-a4a0-0165594a2a6a}]
Capabilities {acceptInsecureCerts: false, browserName: chrome, browserVersion: 109.0.5414.120, chrome: {chromedriverVersion: 109.0.5414.74 (e7c5703604da..., userDataDir: C:\Users\angap\AppData\Loca...}, goog:chromeOptions: {debuggerAddress: localhost:60016}, javascriptEnabled: true, networkConnectionEnabled: false, pageLoadStrategy: normal, platform: WINDOWS, platformName: WINDOWS, proxy: Proxy(), se:cdp: ws://localhost:60016/devtoo..., se:cdpVersion: 109.0.5414.120, setWindowRect: true, strictFileInteractability: false, timeouts: {implicit: 0, pageLoad: 300000, script: 30000}, unhandledPromptBehavior: dismiss and notify, webauthn:extension:credBlob: true, webauthn:extension:largeBlob: true, webauthn:virtualAuthenticators: true}
Element: [[ChromeDriver: chrome on WINDOWS (7c1051079d311b7d5ccf180d57b5bdb2)] -> xpath: //button[text()='TEAM']]
Session ID: 7c1051079d311b7d5ccf180d57b5bdb2
at org.openqa.selenium.remote.codec.w3c.W3CHttpResponseCodec.createException(W3CHttpResponseCodec.java:200)
at org.openqa.selenium.remote.codec.w3c.W3CHttpResponseCodec.decode(W3CHttpResponseCodec.java:133)
at org.openqa.selenium.remote.codec.w3c.W3CHttpResponseCodec.decode(W3CHttpResponseCodec.java:53)
at org.openqa.selenium.remote.HttpCommandExecutor.execute(HttpCommandExecutor.java:184)
at org.openqa.selenium.remote.service.DriverCommandExecutor.invokeExecute(DriverCommandExecutor.java:164)
at org.openqa.selenium.remote.service.DriverCommandExecutor.execute(DriverCommandExecutor.java:139)
at org.openqa.selenium.remote.RemoteWebDriver.execute(RemoteWebDriver.java:559)
at org.openqa.selenium.remote.RemoteWebElement.execute(RemoteWebElement.java:251)
at org.openqa.selenium.remote.RemoteWebElement.click(RemoteWebElement.java:77)
at org.openqa.selenium.support.events.EventFiringWebDriver$EventFiringWebElement.lambda$new$0(EventFiringWebDriver.java:414)
at com.sun.proxy.$Proxy24.click(Unknown Source)
at org.openqa.selenium.support.events.EventFiringWebDriver$EventFiringWebElement.click(EventFiringWebDriver.java:427)
at org.openqa.selenium.support.pagefactory.internal.LocatingElementHandler.invoke(LocatingElementHandler.java:52)
at com.sun.proxy.$Proxy22.click(Unknown Source)
at com.hrms.corehrms.selfcare.SlfTeamRstdayObjects.emptyAddrdTeam(SlfTeamRstdayObjects.java:114)
at com.hrmscorehrmsselfcare.testcases.SlfTeamRstdayObjectsTest.rdTeamAddEmpAdd(SlfTeamRstdayObjectsTest.java:96)
at java.base/java.util.ArrayList.forEach(ArrayList.java:1541)
... Removed 37 stack frames]]>
    </failure>
  </testcase> <!-- rdTeamAddEmpAdd -->
  <testcase classname="com.hrmscorehrmsselfcare.testcases.SlfTeamRstdayObjectsTest" name="rdTeamChgeEmp" time="61.104">
    <failure type="org.openqa.selenium.ElementNotInteractableException" message="element not interactable
  (Session info: chrome=109.0.5414.120)
Build info: version: &amp;apos;4.1.0&amp;apos;, revision: &amp;apos;87802e897b&amp;apos;
System info: host: &amp;apos;ANGAPPARAJA&amp;apos;, ip: &amp;apos;192.168.100.41&amp;apos;, os.name: &amp;apos;Windows 10&amp;apos;, os.arch: &amp;apos;amd64&amp;apos;, os.version: &amp;apos;10.0&amp;apos;, java.version: &amp;apos;11.0.9&amp;apos;
Driver info: org.openqa.selenium.chrome.ChromeDriver
Command: [6af49eaf2faca93c29a0a2aae33a0ebe, clickElement {id=43e1feb6-66b4-47c8-9424-662f67c2ea31}]
Capabilities {acceptInsecureCerts: false, browserName: chrome, browserVersion: 109.0.5414.120, chrome: {chromedriverVersion: 109.0.5414.74 (e7c5703604da..., userDataDir: C:\Users\angap\AppData\Loca...}, goog:chromeOptions: {debuggerAddress: localhost:60067}, javascriptEnabled: true, networkConnectionEnabled: false, pageLoadStrategy: normal, platform: WINDOWS, platformName: WINDOWS, proxy: Proxy(), se:cdp: ws://localhost:60067/devtoo..., se:cdpVersion: 109.0.5414.120, setWindowRect: true, strictFileInteractability: false, timeouts: {implicit: 0, pageLoad: 300000, script: 30000}, unhandledPromptBehavior: dismiss and notify, webauthn:extension:credBlob: true, webauthn:extension:largeBlob: true, webauthn:virtualAuthenticators: true}
Element: [[ChromeDriver: chrome on WINDOWS (6af49eaf2faca93c29a0a2aae33a0ebe)] -&amp;gt; xpath: //button[text()=&amp;apos;TEAM&amp;apos;]]
Session ID: 6af49eaf2faca93c29a0a2aae33a0ebe">
      <![CDATA[org.openqa.selenium.ElementNotInteractableException: element not interactable
  (Session info: chrome=109.0.5414.120)
Build info: version: '4.1.0', revision: '87802e897b'
System info: host: 'ANGAPPARAJA', ip: '192.168.100.41', os.name: 'Windows 10', os.arch: 'amd64', os.version: '10.0', java.version: '11.0.9'
Driver info: org.openqa.selenium.chrome.ChromeDriver
Command: [6af49eaf2faca93c29a0a2aae33a0ebe, clickElement {id=43e1feb6-66b4-47c8-9424-662f67c2ea31}]
Capabilities {acceptInsecureCerts: false, browserName: chrome, browserVersion: 109.0.5414.120, chrome: {chromedriverVersion: 109.0.5414.74 (e7c5703604da..., userDataDir: C:\Users\angap\AppData\Loca...}, goog:chromeOptions: {debuggerAddress: localhost:60067}, javascriptEnabled: true, networkConnectionEnabled: false, pageLoadStrategy: normal, platform: WINDOWS, platformName: WINDOWS, proxy: Proxy(), se:cdp: ws://localhost:60067/devtoo..., se:cdpVersion: 109.0.5414.120, setWindowRect: true, strictFileInteractability: false, timeouts: {implicit: 0, pageLoad: 300000, script: 30000}, unhandledPromptBehavior: dismiss and notify, webauthn:extension:credBlob: true, webauthn:extension:largeBlob: true, webauthn:virtualAuthenticators: true}
Element: [[ChromeDriver: chrome on WINDOWS (6af49eaf2faca93c29a0a2aae33a0ebe)] -> xpath: //button[text()='TEAM']]
Session ID: 6af49eaf2faca93c29a0a2aae33a0ebe
at org.openqa.selenium.remote.codec.w3c.W3CHttpResponseCodec.createException(W3CHttpResponseCodec.java:200)
at org.openqa.selenium.remote.codec.w3c.W3CHttpResponseCodec.decode(W3CHttpResponseCodec.java:133)
at org.openqa.selenium.remote.codec.w3c.W3CHttpResponseCodec.decode(W3CHttpResponseCodec.java:53)
at org.openqa.selenium.remote.HttpCommandExecutor.execute(HttpCommandExecutor.java:184)
at org.openqa.selenium.remote.service.DriverCommandExecutor.invokeExecute(DriverCommandExecutor.java:164)
at org.openqa.selenium.remote.service.DriverCommandExecutor.execute(DriverCommandExecutor.java:139)
at org.openqa.selenium.remote.RemoteWebDriver.execute(RemoteWebDriver.java:559)
at org.openqa.selenium.remote.RemoteWebElement.execute(RemoteWebElement.java:251)
at org.openqa.selenium.remote.RemoteWebElement.click(RemoteWebElement.java:77)
at org.openqa.selenium.support.events.EventFiringWebDriver$EventFiringWebElement.lambda$new$0(EventFiringWebDriver.java:414)
at com.sun.proxy.$Proxy24.click(Unknown Source)
at org.openqa.selenium.support.events.EventFiringWebDriver$EventFiringWebElement.click(EventFiringWebDriver.java:427)
at org.openqa.selenium.support.pagefactory.internal.LocatingElementHandler.invoke(LocatingElementHandler.java:52)
at com.sun.proxy.$Proxy22.click(Unknown Source)
at com.hrms.corehrms.selfcare.SlfTeamRstdayObjects.rdemptyAddchge(SlfTeamRstdayObjects.java:184)
at com.hrmscorehrmsselfcare.testcases.SlfTeamRstdayObjectsTest.rdTeamChgeEmp(SlfTeamRstdayObjectsTest.java:106)
at java.base/java.util.ArrayList.forEach(ArrayList.java:1541)
... Removed 37 stack frames]]>
    </failure>
  </testcase> <!-- rdTeamChgeEmp -->
  <testcase classname="com.hrmscorehrmsselfcare.testcases.SlfTeamRstdayObjectsTest" name="rdTeamrmvEmp" time="61.108">
    <failure type="org.openqa.selenium.ElementNotInteractableException" message="element not interactable
  (Session info: chrome=109.0.5414.120)
Build info: version: &amp;apos;4.1.0&amp;apos;, revision: &amp;apos;87802e897b&amp;apos;
System info: host: &amp;apos;ANGAPPARAJA&amp;apos;, ip: &amp;apos;192.168.100.41&amp;apos;, os.name: &amp;apos;Windows 10&amp;apos;, os.arch: &amp;apos;amd64&amp;apos;, os.version: &amp;apos;10.0&amp;apos;, java.version: &amp;apos;11.0.9&amp;apos;
Driver info: org.openqa.selenium.chrome.ChromeDriver
Command: [843d771fab390df6396f3b8c15c15a44, clickElement {id=bbdf77e1-4e0b-4e2b-825c-999b333fffef}]
Capabilities {acceptInsecureCerts: false, browserName: chrome, browserVersion: 109.0.5414.120, chrome: {chromedriverVersion: 109.0.5414.74 (e7c5703604da..., userDataDir: C:\Users\angap\AppData\Loca...}, goog:chromeOptions: {debuggerAddress: localhost:60116}, javascriptEnabled: true, networkConnectionEnabled: false, pageLoadStrategy: normal, platform: WINDOWS, platformName: WINDOWS, proxy: Proxy(), se:cdp: ws://localhost:60116/devtoo..., se:cdpVersion: 109.0.5414.120, setWindowRect: true, strictFileInteractability: false, timeouts: {implicit: 0, pageLoad: 300000, script: 30000}, unhandledPromptBehavior: dismiss and notify, webauthn:extension:credBlob: true, webauthn:extension:largeBlob: true, webauthn:virtualAuthenticators: true}
Element: [[ChromeDriver: chrome on WINDOWS (843d771fab390df6396f3b8c15c15a44)] -&amp;gt; xpath: //button[text()=&amp;apos;TEAM&amp;apos;]]
Session ID: 843d771fab390df6396f3b8c15c15a44">
      <![CDATA[org.openqa.selenium.ElementNotInteractableException: element not interactable
  (Session info: chrome=109.0.5414.120)
Build info: version: '4.1.0', revision: '87802e897b'
System info: host: 'ANGAPPARAJA', ip: '192.168.100.41', os.name: 'Windows 10', os.arch: 'amd64', os.version: '10.0', java.version: '11.0.9'
Driver info: org.openqa.selenium.chrome.ChromeDriver
Command: [843d771fab390df6396f3b8c15c15a44, clickElement {id=bbdf77e1-4e0b-4e2b-825c-999b333fffef}]
Capabilities {acceptInsecureCerts: false, browserName: chrome, browserVersion: 109.0.5414.120, chrome: {chromedriverVersion: 109.0.5414.74 (e7c5703604da..., userDataDir: C:\Users\angap\AppData\Loca...}, goog:chromeOptions: {debuggerAddress: localhost:60116}, javascriptEnabled: true, networkConnectionEnabled: false, pageLoadStrategy: normal, platform: WINDOWS, platformName: WINDOWS, proxy: Proxy(), se:cdp: ws://localhost:60116/devtoo..., se:cdpVersion: 109.0.5414.120, setWindowRect: true, strictFileInteractability: false, timeouts: {implicit: 0, pageLoad: 300000, script: 30000}, unhandledPromptBehavior: dismiss and notify, webauthn:extension:credBlob: true, webauthn:extension:largeBlob: true, webauthn:virtualAuthenticators: true}
Element: [[ChromeDriver: chrome on WINDOWS (843d771fab390df6396f3b8c15c15a44)] -> xpath: //button[text()='TEAM']]
Session ID: 843d771fab390df6396f3b8c15c15a44
at org.openqa.selenium.remote.codec.w3c.W3CHttpResponseCodec.createException(W3CHttpResponseCodec.java:200)
at org.openqa.selenium.remote.codec.w3c.W3CHttpResponseCodec.decode(W3CHttpResponseCodec.java:133)
at org.openqa.selenium.remote.codec.w3c.W3CHttpResponseCodec.decode(W3CHttpResponseCodec.java:53)
at org.openqa.selenium.remote.HttpCommandExecutor.execute(HttpCommandExecutor.java:184)
at org.openqa.selenium.remote.service.DriverCommandExecutor.invokeExecute(DriverCommandExecutor.java:164)
at org.openqa.selenium.remote.service.DriverCommandExecutor.execute(DriverCommandExecutor.java:139)
at org.openqa.selenium.remote.RemoteWebDriver.execute(RemoteWebDriver.java:559)
at org.openqa.selenium.remote.RemoteWebElement.execute(RemoteWebElement.java:251)
at org.openqa.selenium.remote.RemoteWebElement.click(RemoteWebElement.java:77)
at org.openqa.selenium.support.events.EventFiringWebDriver$EventFiringWebElement.lambda$new$0(EventFiringWebDriver.java:414)
at com.sun.proxy.$Proxy24.click(Unknown Source)
at org.openqa.selenium.support.events.EventFiringWebDriver$EventFiringWebElement.click(EventFiringWebDriver.java:427)
at org.openqa.selenium.support.pagefactory.internal.LocatingElementHandler.invoke(LocatingElementHandler.java:52)
at com.sun.proxy.$Proxy22.click(Unknown Source)
at com.hrms.corehrms.selfcare.SlfTeamRstdayObjects.rdemptyAddchge(SlfTeamRstdayObjects.java:184)
at com.hrmscorehrmsselfcare.testcases.SlfTeamRstdayObjectsTest.rdTeamrmvEmp(SlfTeamRstdayObjectsTest.java:116)
at java.base/java.util.ArrayList.forEach(ArrayList.java:1541)
... Removed 37 stack frames]]>
    </failure>
  </testcase> <!-- rdTeamrmvEmp -->
  <testcase classname="com.hrmscorehrmsselfcare.testcases.SlfTeamRstdayObjectsTest" name="rdTeamAprvHstry" time="60.093"/>
  <testcase classname="com.hrmscorehrmsselfcare.testcases.SlfTeamFailObjectsTest" name="TeamFailTimeIOEmpty" time="61.107">
    <failure type="org.openqa.selenium.ElementNotInteractableException" message="element not interactable
  (Session info: chrome=109.0.5414.120)
Build info: version: &amp;apos;4.1.0&amp;apos;, revision: &amp;apos;87802e897b&amp;apos;
System info: host: &amp;apos;ANGAPPARAJA&amp;apos;, ip: &amp;apos;192.168.100.41&amp;apos;, os.name: &amp;apos;Windows 10&amp;apos;, os.arch: &amp;apos;amd64&amp;apos;, os.version: &amp;apos;10.0&amp;apos;, java.version: &amp;apos;11.0.9&amp;apos;
Driver info: org.openqa.selenium.chrome.ChromeDriver
Command: [147f2be43e20698ac83909e616850d68, clickElement {id=97c38792-84c2-4078-9206-d68cba56f4f4}]
Capabilities {acceptInsecureCerts: false, browserName: chrome, browserVersion: 109.0.5414.120, chrome: {chromedriverVersion: 109.0.5414.74 (e7c5703604da..., userDataDir: C:\Users\angap\AppData\Loca...}, goog:chromeOptions: {debuggerAddress: localhost:60224}, javascriptEnabled: true, networkConnectionEnabled: false, pageLoadStrategy: normal, platform: WINDOWS, platformName: WINDOWS, proxy: Proxy(), se:cdp: ws://localhost:60224/devtoo..., se:cdpVersion: 109.0.5414.120, setWindowRect: true, strictFileInteractability: false, timeouts: {implicit: 0, pageLoad: 300000, script: 30000}, unhandledPromptBehavior: dismiss and notify, webauthn:extension:credBlob: true, webauthn:extension:largeBlob: true, webauthn:virtualAuthenticators: true}
Element: [[ChromeDriver: chrome on WINDOWS (147f2be43e20698ac83909e616850d68)] -&amp;gt; xpath: //button[text()=&amp;apos;TEAM&amp;apos;]]
Session ID: 147f2be43e20698ac83909e616850d68">
      <![CDATA[org.openqa.selenium.ElementNotInteractableException: element not interactable
  (Session info: chrome=109.0.5414.120)
Build info: version: '4.1.0', revision: '87802e897b'
System info: host: 'ANGAPPARAJA', ip: '192.168.100.41', os.name: 'Windows 10', os.arch: 'amd64', os.version: '10.0', java.version: '11.0.9'
Driver info: org.openqa.selenium.chrome.ChromeDriver
Command: [147f2be43e20698ac83909e616850d68, clickElement {id=97c38792-84c2-4078-9206-d68cba56f4f4}]
Capabilities {acceptInsecureCerts: false, browserName: chrome, browserVersion: 109.0.5414.120, chrome: {chromedriverVersion: 109.0.5414.74 (e7c5703604da..., userDataDir: C:\Users\angap\AppData\Loca...}, goog:chromeOptions: {debuggerAddress: localhost:60224}, javascriptEnabled: true, networkConnectionEnabled: false, pageLoadStrategy: normal, platform: WINDOWS, platformName: WINDOWS, proxy: Proxy(), se:cdp: ws://localhost:60224/devtoo..., se:cdpVersion: 109.0.5414.120, setWindowRect: true, strictFileInteractability: false, timeouts: {implicit: 0, pageLoad: 300000, script: 30000}, unhandledPromptBehavior: dismiss and notify, webauthn:extension:credBlob: true, webauthn:extension:largeBlob: true, webauthn:virtualAuthenticators: true}
Element: [[ChromeDriver: chrome on WINDOWS (147f2be43e20698ac83909e616850d68)] -> xpath: //button[text()='TEAM']]
Session ID: 147f2be43e20698ac83909e616850d68
at org.openqa.selenium.remote.codec.w3c.W3CHttpResponseCodec.createException(W3CHttpResponseCodec.java:200)
at org.openqa.selenium.remote.codec.w3c.W3CHttpResponseCodec.decode(W3CHttpResponseCodec.java:133)
at org.openqa.selenium.remote.codec.w3c.W3CHttpResponseCodec.decode(W3CHttpResponseCodec.java:53)
at org.openqa.selenium.remote.HttpCommandExecutor.execute(HttpCommandExecutor.java:184)
at org.openqa.selenium.remote.service.DriverCommandExecutor.invokeExecute(DriverCommandExecutor.java:164)
at org.openqa.selenium.remote.service.DriverCommandExecutor.execute(DriverCommandExecutor.java:139)
at org.openqa.selenium.remote.RemoteWebDriver.execute(RemoteWebDriver.java:559)
at org.openqa.selenium.remote.RemoteWebElement.execute(RemoteWebElement.java:251)
at org.openqa.selenium.remote.RemoteWebElement.click(RemoteWebElement.java:77)
at org.openqa.selenium.support.events.EventFiringWebDriver$EventFiringWebElement.lambda$new$0(EventFiringWebDriver.java:414)
at com.sun.proxy.$Proxy24.click(Unknown Source)
at org.openqa.selenium.support.events.EventFiringWebDriver$EventFiringWebElement.click(EventFiringWebDriver.java:427)
at org.openqa.selenium.support.pagefactory.internal.LocatingElementHandler.invoke(LocatingElementHandler.java:52)
at com.sun.proxy.$Proxy22.click(Unknown Source)
at com.hrms.corehrms.selfcare.SlfTeamFailObjects.emptyAddTeamFailIO(SlfTeamFailObjects.java:147)
at com.hrmscorehrmsselfcare.testcases.SlfTeamFailObjectsTest.TeamFailTimeIOEmpty(SlfTeamFailObjectsTest.java:96)
at java.base/java.util.ArrayList.forEach(ArrayList.java:1541)
... Removed 37 stack frames]]>
    </failure>
  </testcase> <!-- TeamFailTimeIOEmpty -->
  <testcase classname="com.hrmscorehrmsselfcare.testcases.SlfTeamFailObjectsTest" name="FailioTeamAprvHstry" time="60.114"/>
  <testcase classname="com.hrmscorehrmsselfcare.testcases.SlfTeamOBTObjectsTest" name="TeamOBTEmp" time="61.089">
    <failure type="org.openqa.selenium.ElementNotInteractableException" message="element not interactable
  (Session info: chrome=109.0.5414.120)
Build info: version: &amp;apos;4.1.0&amp;apos;, revision: &amp;apos;87802e897b&amp;apos;
System info: host: &amp;apos;ANGAPPARAJA&amp;apos;, ip: &amp;apos;192.168.100.41&amp;apos;, os.name: &amp;apos;Windows 10&amp;apos;, os.arch: &amp;apos;amd64&amp;apos;, os.version: &amp;apos;10.0&amp;apos;, java.version: &amp;apos;11.0.9&amp;apos;
Driver info: org.openqa.selenium.chrome.ChromeDriver
Command: [3a671037b480db56bcf686ccae30a39c, clickElement {id=ebe43096-2217-427e-a568-c52dd6b36b64}]
Capabilities {acceptInsecureCerts: false, browserName: chrome, browserVersion: 109.0.5414.120, chrome: {chromedriverVersion: 109.0.5414.74 (e7c5703604da..., userDataDir: C:\Users\angap\AppData\Loca...}, goog:chromeOptions: {debuggerAddress: localhost:60327}, javascriptEnabled: true, networkConnectionEnabled: false, pageLoadStrategy: normal, platform: WINDOWS, platformName: WINDOWS, proxy: Proxy(), se:cdp: ws://localhost:60327/devtoo..., se:cdpVersion: 109.0.5414.120, setWindowRect: true, strictFileInteractability: false, timeouts: {implicit: 0, pageLoad: 300000, script: 30000}, unhandledPromptBehavior: dismiss and notify, webauthn:extension:credBlob: true, webauthn:extension:largeBlob: true, webauthn:virtualAuthenticators: true}
Element: [[ChromeDriver: chrome on WINDOWS (3a671037b480db56bcf686ccae30a39c)] -&amp;gt; xpath: //button[text()=&amp;apos;TEAM&amp;apos;]]
Session ID: 3a671037b480db56bcf686ccae30a39c">
      <![CDATA[org.openqa.selenium.ElementNotInteractableException: element not interactable
  (Session info: chrome=109.0.5414.120)
Build info: version: '4.1.0', revision: '87802e897b'
System info: host: 'ANGAPPARAJA', ip: '192.168.100.41', os.name: 'Windows 10', os.arch: 'amd64', os.version: '10.0', java.version: '11.0.9'
Driver info: org.openqa.selenium.chrome.ChromeDriver
Command: [3a671037b480db56bcf686ccae30a39c, clickElement {id=ebe43096-2217-427e-a568-c52dd6b36b64}]
Capabilities {acceptInsecureCerts: false, browserName: chrome, browserVersion: 109.0.5414.120, chrome: {chromedriverVersion: 109.0.5414.74 (e7c5703604da..., userDataDir: C:\Users\angap\AppData\Loca...}, goog:chromeOptions: {debuggerAddress: localhost:60327}, javascriptEnabled: true, networkConnectionEnabled: false, pageLoadStrategy: normal, platform: WINDOWS, platformName: WINDOWS, proxy: Proxy(), se:cdp: ws://localhost:60327/devtoo..., se:cdpVersion: 109.0.5414.120, setWindowRect: true, strictFileInteractability: false, timeouts: {implicit: 0, pageLoad: 300000, script: 30000}, unhandledPromptBehavior: dismiss and notify, webauthn:extension:credBlob: true, webauthn:extension:largeBlob: true, webauthn:virtualAuthenticators: true}
Element: [[ChromeDriver: chrome on WINDOWS (3a671037b480db56bcf686ccae30a39c)] -> xpath: //button[text()='TEAM']]
Session ID: 3a671037b480db56bcf686ccae30a39c
at org.openqa.selenium.remote.codec.w3c.W3CHttpResponseCodec.createException(W3CHttpResponseCodec.java:200)
at org.openqa.selenium.remote.codec.w3c.W3CHttpResponseCodec.decode(W3CHttpResponseCodec.java:133)
at org.openqa.selenium.remote.codec.w3c.W3CHttpResponseCodec.decode(W3CHttpResponseCodec.java:53)
at org.openqa.selenium.remote.HttpCommandExecutor.execute(HttpCommandExecutor.java:184)
at org.openqa.selenium.remote.service.DriverCommandExecutor.invokeExecute(DriverCommandExecutor.java:164)
at org.openqa.selenium.remote.service.DriverCommandExecutor.execute(DriverCommandExecutor.java:139)
at org.openqa.selenium.remote.RemoteWebDriver.execute(RemoteWebDriver.java:559)
at org.openqa.selenium.remote.RemoteWebElement.execute(RemoteWebElement.java:251)
at org.openqa.selenium.remote.RemoteWebElement.click(RemoteWebElement.java:77)
at org.openqa.selenium.support.events.EventFiringWebDriver$EventFiringWebElement.lambda$new$0(EventFiringWebDriver.java:414)
at com.sun.proxy.$Proxy24.click(Unknown Source)
at org.openqa.selenium.support.events.EventFiringWebDriver$EventFiringWebElement.click(EventFiringWebDriver.java:427)
at org.openqa.selenium.support.pagefactory.internal.LocatingElementHandler.invoke(LocatingElementHandler.java:52)
at com.sun.proxy.$Proxy22.click(Unknown Source)
at com.hrms.corehrms.selfcare.SlfTeamOBTObjects.emptyAddTeamOBT(SlfTeamOBTObjects.java:146)
at com.hrmscorehrmsselfcare.testcases.SlfTeamOBTObjectsTest.TeamOBTEmp(SlfTeamOBTObjectsTest.java:99)
at java.base/java.util.ArrayList.forEach(ArrayList.java:1541)
... Removed 37 stack frames]]>
    </failure>
  </testcase> <!-- TeamOBTEmp -->
  <testcase classname="com.hrmscorehrmsselfcare.testcases.SlfTeamOBTObjectsTest" name="OBTteamAprvhstry" time="60.119"/>
  <testcase classname="com.hrmscorehrmsselfcare.testcases.SlfTeamSCObjectsTest" name="SingleEmptyAdd" time="9.189"/>
  <testcase classname="com.hrmscorehrmsselfcare.testcases.SlfTeamSCObjectsTest" name="sgleAprvlHstry" time="60.077"/>
  <testcase classname="com.hrmscorehrmsselfcare.testcases.SlfTeamSCObjectsTest" name="CmpdEmptyAdd" time="9.177"/>
  <testcase classname="com.hrmscorehrmsselfcare.testcases.SlfTeamSCObjectsTest" name="CmpdshiftAdd" time="9.297"/>
  <testcase classname="com.hrmscorehrmsselfcare.testcases.SlfTeamPermObjectsTest" name="EmptyAdd" time="9.171">
    <failure type="org.openqa.selenium.ElementClickInterceptedException" message="element click intercepted: Element &amp;lt;li onclick=&amp;quot;horizontalmenu(&amp;apos;permissionApprove&amp;apos;)&amp;quot; id=&amp;quot;permissionApprove&amp;quot; class=&amp;quot;menu_default team&amp;quot;&amp;gt;...&amp;lt;/li&amp;gt; is not clickable at point (876, 180). Other element would receive the click: &amp;lt;div class=&amp;quot;popup&amp;quot; style=&amp;quot;width: 550px;&amp;quot;&amp;gt;...&amp;lt;/div&amp;gt;
  (Session info: chrome=109.0.5414.120)
Build info: version: &amp;apos;4.1.0&amp;apos;, revision: &amp;apos;87802e897b&amp;apos;
System info: host: &amp;apos;ANGAPPARAJA&amp;apos;, ip: &amp;apos;192.168.100.41&amp;apos;, os.name: &amp;apos;Windows 10&amp;apos;, os.arch: &amp;apos;amd64&amp;apos;, os.version: &amp;apos;10.0&amp;apos;, java.version: &amp;apos;11.0.9&amp;apos;
Driver info: org.openqa.selenium.chrome.ChromeDriver
Command: [3be7a1628c5c399ddbcd2fda2e70239b, clickElement {id=01f87eb4-b12d-49e0-be22-7b6771751b7b}]
Capabilities {acceptInsecureCerts: false, browserName: chrome, browserVersion: 109.0.5414.120, chrome: {chromedriverVersion: 109.0.5414.74 (e7c5703604da..., userDataDir: C:\Users\angap\AppData\Loca...}, goog:chromeOptions: {debuggerAddress: localhost:60634}, javascriptEnabled: true, networkConnectionEnabled: false, pageLoadStrategy: normal, platform: WINDOWS, platformName: WINDOWS, proxy: Proxy(), se:cdp: ws://localhost:60634/devtoo..., se:cdpVersion: 109.0.5414.120, setWindowRect: true, strictFileInteractability: false, timeouts: {implicit: 0, pageLoad: 300000, script: 30000}, unhandledPromptBehavior: dismiss and notify, webauthn:extension:credBlob: true, webauthn:extension:largeBlob: true, webauthn:virtualAuthenticators: true}
Element: [[ChromeDriver: chrome on WINDOWS (3be7a1628c5c399ddbcd2fda2e70239b)] -&amp;gt; xpath: (//ul)[2]//li[contains(@class,&amp;apos;team&amp;apos;)]]
Session ID: 3be7a1628c5c399ddbcd2fda2e70239b">
      <![CDATA[org.openqa.selenium.ElementClickInterceptedException: element click intercepted: Element <li onclick="horizontalmenu('permissionApprove')" id="permissionApprove" class="menu_default team">...</li> is not clickable at point (876, 180). Other element would receive the click: <div class="popup" style="width: 550px;">...</div>
  (Session info: chrome=109.0.5414.120)
Build info: version: '4.1.0', revision: '87802e897b'
System info: host: 'ANGAPPARAJA', ip: '192.168.100.41', os.name: 'Windows 10', os.arch: 'amd64', os.version: '10.0', java.version: '11.0.9'
Driver info: org.openqa.selenium.chrome.ChromeDriver
Command: [3be7a1628c5c399ddbcd2fda2e70239b, clickElement {id=01f87eb4-b12d-49e0-be22-7b6771751b7b}]
Capabilities {acceptInsecureCerts: false, browserName: chrome, browserVersion: 109.0.5414.120, chrome: {chromedriverVersion: 109.0.5414.74 (e7c5703604da..., userDataDir: C:\Users\angap\AppData\Loca...}, goog:chromeOptions: {debuggerAddress: localhost:60634}, javascriptEnabled: true, networkConnectionEnabled: false, pageLoadStrategy: normal, platform: WINDOWS, platformName: WINDOWS, proxy: Proxy(), se:cdp: ws://localhost:60634/devtoo..., se:cdpVersion: 109.0.5414.120, setWindowRect: true, strictFileInteractability: false, timeouts: {implicit: 0, pageLoad: 300000, script: 30000}, unhandledPromptBehavior: dismiss and notify, webauthn:extension:credBlob: true, webauthn:extension:largeBlob: true, webauthn:virtualAuthenticators: true}
Element: [[ChromeDriver: chrome on WINDOWS (3be7a1628c5c399ddbcd2fda2e70239b)] -> xpath: (//ul)[2]//li[contains(@class,'team')]]
Session ID: 3be7a1628c5c399ddbcd2fda2e70239b
at org.openqa.selenium.remote.codec.w3c.W3CHttpResponseCodec.createException(W3CHttpResponseCodec.java:200)
at org.openqa.selenium.remote.codec.w3c.W3CHttpResponseCodec.decode(W3CHttpResponseCodec.java:133)
at org.openqa.selenium.remote.codec.w3c.W3CHttpResponseCodec.decode(W3CHttpResponseCodec.java:53)
at org.openqa.selenium.remote.HttpCommandExecutor.execute(HttpCommandExecutor.java:184)
at org.openqa.selenium.remote.service.DriverCommandExecutor.invokeExecute(DriverCommandExecutor.java:164)
at org.openqa.selenium.remote.service.DriverCommandExecutor.execute(DriverCommandExecutor.java:139)
at org.openqa.selenium.remote.RemoteWebDriver.execute(RemoteWebDriver.java:559)
at org.openqa.selenium.remote.RemoteWebElement.execute(RemoteWebElement.java:251)
at org.openqa.selenium.remote.RemoteWebElement.click(RemoteWebElement.java:77)
at org.openqa.selenium.support.events.EventFiringWebDriver$EventFiringWebElement.lambda$new$0(EventFiringWebDriver.java:414)
at com.sun.proxy.$Proxy24.click(Unknown Source)
at org.openqa.selenium.support.events.EventFiringWebDriver$EventFiringWebElement.click(EventFiringWebDriver.java:427)
at com.hrms.corehrms.selfcare.SlfTeamPermObjects.EmptyAddTeamPerm(SlfTeamPermObjects.java:108)
at com.hrmscorehrmsselfcare.testcases.SlfTeamPermObjectsTest.EmptyAdd(SlfTeamPermObjectsTest.java:102)
at java.base/java.util.ArrayList.forEach(ArrayList.java:1541)
... Removed 34 stack frames]]>
    </failure>
  </testcase> <!-- EmptyAdd -->
  <testcase classname="com.hrmscorehrmsselfcare.testcases.SlfTeamPermObjectsTest" name="Aprvlhstry" time="60.096">
    <failure type="org.openqa.selenium.ElementNotInteractableException" message="element not interactable
  (Session info: chrome=109.0.5414.120)
Build info: version: &amp;apos;4.1.0&amp;apos;, revision: &amp;apos;87802e897b&amp;apos;
System info: host: &amp;apos;ANGAPPARAJA&amp;apos;, ip: &amp;apos;192.168.100.41&amp;apos;, os.name: &amp;apos;Windows 10&amp;apos;, os.arch: &amp;apos;amd64&amp;apos;, os.version: &amp;apos;10.0&amp;apos;, java.version: &amp;apos;11.0.9&amp;apos;
Driver info: org.openqa.selenium.chrome.ChromeDriver
Command: [3c3941f1e949ab345bceff282f49cac3, clickElement {id=08fa2052-3aa7-46ab-9ede-eeb769327883}]
Capabilities {acceptInsecureCerts: false, browserName: chrome, browserVersion: 109.0.5414.120, chrome: {chromedriverVersion: 109.0.5414.74 (e7c5703604da..., userDataDir: C:\Users\angap\AppData\Loca...}, goog:chromeOptions: {debuggerAddress: localhost:60701}, javascriptEnabled: true, networkConnectionEnabled: false, pageLoadStrategy: normal, platform: WINDOWS, platformName: WINDOWS, proxy: Proxy(), se:cdp: ws://localhost:60701/devtoo..., se:cdpVersion: 109.0.5414.120, setWindowRect: true, strictFileInteractability: false, timeouts: {implicit: 0, pageLoad: 300000, script: 30000}, unhandledPromptBehavior: dismiss and notify, webauthn:extension:credBlob: true, webauthn:extension:largeBlob: true, webauthn:virtualAuthenticators: true}
Element: [[ChromeDriver: chrome on WINDOWS (3c3941f1e949ab345bceff282f49cac3)] -&amp;gt; xpath: //button[text()=&amp;apos;TEAM&amp;apos;]]
Session ID: 3c3941f1e949ab345bceff282f49cac3">
      <![CDATA[org.openqa.selenium.ElementNotInteractableException: element not interactable
  (Session info: chrome=109.0.5414.120)
Build info: version: '4.1.0', revision: '87802e897b'
System info: host: 'ANGAPPARAJA', ip: '192.168.100.41', os.name: 'Windows 10', os.arch: 'amd64', os.version: '10.0', java.version: '11.0.9'
Driver info: org.openqa.selenium.chrome.ChromeDriver
Command: [3c3941f1e949ab345bceff282f49cac3, clickElement {id=08fa2052-3aa7-46ab-9ede-eeb769327883}]
Capabilities {acceptInsecureCerts: false, browserName: chrome, browserVersion: 109.0.5414.120, chrome: {chromedriverVersion: 109.0.5414.74 (e7c5703604da..., userDataDir: C:\Users\angap\AppData\Loca...}, goog:chromeOptions: {debuggerAddress: localhost:60701}, javascriptEnabled: true, networkConnectionEnabled: false, pageLoadStrategy: normal, platform: WINDOWS, platformName: WINDOWS, proxy: Proxy(), se:cdp: ws://localhost:60701/devtoo..., se:cdpVersion: 109.0.5414.120, setWindowRect: true, strictFileInteractability: false, timeouts: {implicit: 0, pageLoad: 300000, script: 30000}, unhandledPromptBehavior: dismiss and notify, webauthn:extension:credBlob: true, webauthn:extension:largeBlob: true, webauthn:virtualAuthenticators: true}
Element: [[ChromeDriver: chrome on WINDOWS (3c3941f1e949ab345bceff282f49cac3)] -> xpath: //button[text()='TEAM']]
Session ID: 3c3941f1e949ab345bceff282f49cac3
at org.openqa.selenium.remote.codec.w3c.W3CHttpResponseCodec.createException(W3CHttpResponseCodec.java:200)
at org.openqa.selenium.remote.codec.w3c.W3CHttpResponseCodec.decode(W3CHttpResponseCodec.java:133)
at org.openqa.selenium.remote.codec.w3c.W3CHttpResponseCodec.decode(W3CHttpResponseCodec.java:53)
at org.openqa.selenium.remote.HttpCommandExecutor.execute(HttpCommandExecutor.java:184)
at org.openqa.selenium.remote.service.DriverCommandExecutor.invokeExecute(DriverCommandExecutor.java:164)
at org.openqa.selenium.remote.service.DriverCommandExecutor.execute(DriverCommandExecutor.java:139)
at org.openqa.selenium.remote.RemoteWebDriver.execute(RemoteWebDriver.java:559)
at org.openqa.selenium.remote.RemoteWebElement.execute(RemoteWebElement.java:251)
at org.openqa.selenium.remote.RemoteWebElement.click(RemoteWebElement.java:77)
at org.openqa.selenium.support.events.EventFiringWebDriver$EventFiringWebElement.lambda$new$0(EventFiringWebDriver.java:414)
at com.sun.proxy.$Proxy24.click(Unknown Source)
at org.openqa.selenium.support.events.EventFiringWebDriver$EventFiringWebElement.click(EventFiringWebDriver.java:427)
at org.openqa.selenium.support.pagefactory.internal.LocatingElementHandler.invoke(LocatingElementHandler.java:52)
at com.sun.proxy.$Proxy22.click(Unknown Source)
at com.hrms.corehrms.selfcare.SlfTeamPermObjects.Aprvlhstry(SlfTeamPermObjects.java:209)
at com.hrmscorehrmsselfcare.testcases.SlfTeamPermObjectsTest.Aprvlhstry(SlfTeamPermObjectsTest.java:112)
at java.base/java.util.ArrayList.forEach(ArrayList.java:1541)
... Removed 37 stack frames]]>
    </failure>
  </testcase> <!-- Aprvlhstry -->
  <testcase classname="com.hrmscorehrmsselfcare.testcases.TeamtakeCompobjectsTest" name="Flow" time="30.06"/>
  <testcase classname="com.hrmscorehrmsselfcare.testcases.SlfFailObjectsTest" name="Add" time="0.0">
    <ignored/>
  </testcase> <!-- Add -->
  <testcase classname="com.hrmscorehrmsselfcare.testcases.SlfTakecompObjectsTest" name="TakeAdd" time="0.0">
    <ignored/>
  </testcase> <!-- TakeAdd -->
  <testcase classname="com.hrmscorehrmsselfcare.testcases.RestDayTest" name="ChangeAdd" time="0.0">
    <ignored/>
  </testcase> <!-- ChangeAdd -->
  <testcase classname="com.hrmscorehrmsselfcare.testcases.SlfTeamotObjectsTest" name="SlfTeamotAdd" time="0.0">
    <ignored/>
  </testcase> <!-- SlfTeamotAdd -->
  <testcase classname="com.hrmscorehrmsselfcare.testcases.SlfTeamFailObjectsTest" name="TeamFailTimeIOAdd" time="0.0">
    <ignored/>
  </testcase> <!-- TeamFailTimeIOAdd -->
  <testcase classname="com.hrmscorehrmsselfcare.testcases.ShiftCodeObjectsTest" name="Add" time="0.0">
    <ignored/>
  </testcase> <!-- Add -->
  <testcase classname="com.hrmscorehrmsselfcare.testcases.SlfRstDayObjectsTest" name="ChgerstAdd" time="0.0">
    <ignored/>
  </testcase> <!-- ChgerstAdd -->
  <testcase classname="com.hrmscorehrmsselfcare.testcases.SlfTeamRstdayObjectsTest" name="rdTeamAdd" time="0.0">
    <ignored/>
  </testcase> <!-- rdTeamAdd -->
  <testcase classname="com.hrmscorehrmsselfcare.testcases.FailuretimeinoutObjectsTest" name="Add" time="0.0">
    <ignored/>
  </testcase> <!-- Add -->
  <testcase classname="com.hrmscorehrmsselfcare.testcases.HolidayObjectsTest" name="Add" time="0.0">
    <ignored/>
  </testcase> <!-- Add -->
  <testcase classname="com.hrmscorehrmsselfcare.testcases.SlfShftCodeObjectsTest" name="sgleAdd" time="0.0">
    <ignored/>
  </testcase> <!-- sgleAdd -->
  <testcase classname="com.hrmscorehrmsselfcare.testcases.PermsnAplyObjectsTest" name="Add" time="0.0">
    <ignored/>
  </testcase> <!-- Add -->
  <testcase classname="com.hrmscorehrmsselfcare.testcases.SlfPermissionObjectsTest" name="Add" time="0.0">
    <ignored/>
  </testcase> <!-- Add -->
  <testcase classname="com.hrmscorehrmsselfcare.testcases.SlfTeamRstdayObjectsTest" name="rdTeamrmvAdd" time="0.0">
    <ignored/>
  </testcase> <!-- rdTeamrmvAdd -->
  <testcase classname="com.hrmscorehrmsselfcare.testcases.RestDayTest" name="Add" time="0.0">
    <ignored/>
  </testcase> <!-- Add -->
  <testcase classname="com.hrmscorehrmsselfcare.testcases.ShiftCodeObjectsTest" name="CmpdAdd" time="0.0">
    <ignored/>
  </testcase> <!-- CmpdAdd -->
  <testcase classname="com.hrmscorehrmsselfcare.testcases.SlfRstDayObjectsTest" name="rmveAdd" time="0.0">
    <ignored/>
  </testcase> <!-- rmveAdd -->
  <testcase classname="com.hrmscorehrmsselfcare.testcases.SlfTeamPermObjectsTest" name="Add" time="0.0">
    <ignored/>
  </testcase> <!-- Add -->
  <testcase classname="com.hrmscorehrmsselfcare.testcases.OfficialBTObjectsTest" name="Add" time="0.0">
    <ignored/>
  </testcase> <!-- Add -->
  <testcase classname="com.hrmscorehrmsselfcare.testcases.SlfObtObjectsTest" name="Add" time="0.0">
    <ignored/>
  </testcase> <!-- Add -->
  <testcase classname="com.hrmscorehrmsselfcare.testcases.RestDayTest" name="RemoveAdd" time="0.0">
    <ignored/>
  </testcase> <!-- RemoveAdd -->
  <testcase classname="com.hrmscorehrmsselfcare.testcases.OverTimeObjectsTest" name="Add" time="0.0">
    <ignored/>
  </testcase> <!-- Add -->
  <testcase classname="com.hrmscorehrmsselfcare.testcases.SlfTeamOBTObjectsTest" name="TeamOBTAdd" time="0.0">
    <ignored/>
  </testcase> <!-- TeamOBTAdd -->
  <testcase classname="com.hrmscorehrmsselfcare.testcases.TakecompObjectsTest" name="TakeoffAdd" time="0.0">
    <ignored/>
  </testcase> <!-- TakeoffAdd -->
  <testcase classname="com.hrmscorehrmsselfcare.testcases.SlfTeamRstdayObjectsTest" name="rdTeamChgeAdd" time="0.0">
    <ignored/>
  </testcase> <!-- rdTeamChgeAdd -->
  <testcase classname="com.hrmscorehrmsselfcare.testcases.SlfTeamSCObjectsTest" name="SingleAdd" time="0.0">
    <ignored/>
  </testcase> <!-- SingleAdd -->
  <testcase classname="com.hrmscorehrmsselfcare.testcases.SlfRstDayObjectsTest" name="Add" time="0.0">
    <ignored/>
  </testcase> <!-- Add -->
  <testcase classname="com.hrmscorehrmsselfcare.testcases.SlfClaimObjectsTest" name="ClaimAdd" time="0.0">
    <ignored/>
  </testcase> <!-- ClaimAdd -->
</testsuite> <!-- HRMSAutomationCoreHrmsSelfcare -->
