<?xml version="1.0" encoding="UTF-8"?>
<!-- Generated by org.testng.reporters.JUnitXMLReporter -->
<testsuite ignored="0" hostname="angapparaja" failures="23" tests="263" name="HRMSAutomationReports" time="10249.207" errors="0" timestamp="2023-02-02T19:24:58 IST">
  <testcase classname="com.hrmsreports.testcases.ReportsStandardProfileSalaryProfileOverAllTest" name="verifyReportsProfileSalarySelectAllCheckBoxes" time="4.826"/>
  <testcase classname="com.hrmsreports.testcases.ReportsStandProfileSalaryEmployeeProfileReportTest" name="verifyReportProfileEmployeeProfileReportWithoutCheckBox" time="5.379"/>
  <testcase classname="com.hrmsreports.testcases.ReportStandProfileSalaryFamilyInsuranceReportTest" name="verifyReportProfileSalaryFamilyInsuranceReportActivestatus" time="3.123"/>
  <testcase classname="com.hrmsreports.testcases.ReportStandProfileSalaryFamilyInsuranceReportTest" name="verifyReportProfileSalaryFamilyInsuranceReportInActiveStatus" time="6.755"/>
  <testcase classname="com.hrmsreports.testcases.ReportStandProfileSalaryFamilyInsuranceReportTest" name="verifyReportProfileSalaryFamilyInsuranceReportPayRollAllcheckBoxActive" time="10.498"/>
  <testcase classname="com.hrmsreports.testcases.ReportStandProfileSalaryFamilyInsuranceReportTest" name="verifyReportProfileSalaryFamilyInsuranceReportPayRollAllcheckBoxINActive" time="11.379"/>
  <testcase classname="com.hrmsreports.testcases.ReportStandardProfileSalaryCurrentCTCTest" name="verifyReportProfileSalaryCurrentCTCSpecificPayRoll" time="3.975"/>
  <testcase classname="com.hrmsreports.testcases.ReportStandardProfileSalaryCurrentCTCTest" name="verifyReportProfileSalaryCurrentCTAllCheckBoxPayRoll" time="3.86"/>
  <testcase classname="com.hrmsreports.testcases.ReportStandardProfileSalaryCurrentCTCTest" name="verifyReportProfileSalaryCurrentCTCPayRollMandatoryFieldCheck" time="6.991"/>
  <testcase classname="com.hrmsreports.testcases.ReportStandardProfileSalaryTerminatedEmployeesTest" name="verifyReportProfileSalaryTerminateEmployeesCheck" time="58.764">
    <failure type="java.lang.AssertionError" message="expected [true] but found [false]">
      <![CDATA[java.lang.AssertionError: expected [true] but found [false]
at com.hrmsreports.testcases.ReportStandardProfileSalaryTerminatedEmployeesTest.verifyReportProfileSalaryTerminateEmployeesCheck(ReportStandardProfileSalaryTerminatedEmployeesTest.java:79)
at java.base/java.util.ArrayList.forEach(ArrayList.java:1541)
... Removed 31 stack frames]]>
    </failure>
  </testcase> <!-- verifyReportProfileSalaryTerminateEmployeesCheck -->
  <testcase classname="com.hrmsreports.testcases.ReportStandardProfileSalaryTerminatedEmployeesTest" name="verifyReportProfileSalaryTerminateEmployeesCheckDownloadExcel" time="58.792">
    <failure type="java.lang.AssertionError" message="expected [true] but found [false]">
      <![CDATA[java.lang.AssertionError: expected [true] but found [false]
at com.hrmsreports.testcases.ReportStandardProfileSalaryTerminatedEmployeesTest.verifyReportProfileSalaryTerminateEmployeesCheckDownloadExcel(ReportStandardProfileSalaryTerminatedEmployeesTest.java:87)
at java.base/java.util.ArrayList.forEach(ArrayList.java:1541)
... Removed 31 stack frames]]>
    </failure>
  </testcase> <!-- verifyReportProfileSalaryTerminateEmployeesCheckDownloadExcel -->
  <testcase classname="com.hrmsreports.testcases.ReportStandardProfileSalaryTerminatedEmployeesTest" name="verifyReportProfileSalaryTerminateEmployeesCheckDownloadPDF" time="58.867">
    <failure type="java.lang.AssertionError" message="expected [true] but found [false]">
      <![CDATA[java.lang.AssertionError: expected [true] but found [false]
at com.hrmsreports.testcases.ReportStandardProfileSalaryTerminatedEmployeesTest.verifyReportProfileSalaryTerminateEmployeesCheckDownloadPDF(ReportStandardProfileSalaryTerminatedEmployeesTest.java:96)
at java.base/java.util.ArrayList.forEach(ArrayList.java:1541)
... Removed 31 stack frames]]>
    </failure>
  </testcase> <!-- verifyReportProfileSalaryTerminateEmployeesCheckDownloadPDF -->
  <testcase classname="com.hrmsreports.testcases.ReportStandardProfileSalaryTerminatedEmployeesTest" name="verifyReportProfileSalaryTerminateEmployeesFromDateMandatoryFieldCheck" time="59.309">
    <failure type="java.lang.AssertionError" message="expected [null] but found [Please select from date]">
      <![CDATA[java.lang.AssertionError: expected [null] but found [Please select from date]
at com.hrmsreports.testcases.ReportStandardProfileSalaryTerminatedEmployeesTest.verifyReportProfileSalaryTerminateEmployeesFromDateMandatoryFieldCheck(ReportStandardProfileSalaryTerminatedEmployeesTest.java:106)
at java.base/java.util.ArrayList.forEach(ArrayList.java:1541)
... Removed 33 stack frames]]>
    </failure>
  </testcase> <!-- verifyReportProfileSalaryTerminateEmployeesFromDateMandatoryFieldCheck -->
  <testcase classname="com.hrmsreports.testcases.ReportsStandardProfileSalaryResignedEmployeesTest" name="verifyReportProfileSalaryResignedEmployeesCheck" time="58.777">
    <failure type="java.lang.AssertionError" message="expected [true] but found [false]">
      <![CDATA[java.lang.AssertionError: expected [true] but found [false]
at com.hrmsreports.testcases.ReportsStandardProfileSalaryResignedEmployeesTest.verifyReportProfileSalaryResignedEmployeesCheck(ReportsStandardProfileSalaryResignedEmployeesTest.java:81)
at java.base/java.util.ArrayList.forEach(ArrayList.java:1541)
... Removed 31 stack frames]]>
    </failure>
  </testcase> <!-- verifyReportProfileSalaryResignedEmployeesCheck -->
  <testcase classname="com.hrmsreports.testcases.ReportsStandardProfileSalaryResignedEmployeesTest" name="verifyReportProfileSalaryresignedempEmployeesCheckDownloadExcel" time="58.877">
    <failure type="java.lang.AssertionError" message="expected [true] but found [false]">
      <![CDATA[java.lang.AssertionError: expected [true] but found [false]
at com.hrmsreports.testcases.ReportsStandardProfileSalaryResignedEmployeesTest.verifyReportProfileSalaryresignedempEmployeesCheckDownloadExcel(ReportsStandardProfileSalaryResignedEmployeesTest.java:89)
at java.base/java.util.ArrayList.forEach(ArrayList.java:1541)
... Removed 31 stack frames]]>
    </failure>
  </testcase> <!-- verifyReportProfileSalaryresignedempEmployeesCheckDownloadExcel -->
  <testcase classname="com.hrmsreports.testcases.ReportsStandardProfileSalaryResignedEmployeesTest" name="verifyReportProfileSalaryresignedempEmployeesCheckDownloadPDF" time="58.764">
    <failure type="java.lang.AssertionError" message="expected [true] but found [false]">
      <![CDATA[java.lang.AssertionError: expected [true] but found [false]
at com.hrmsreports.testcases.ReportsStandardProfileSalaryResignedEmployeesTest.verifyReportProfileSalaryresignedempEmployeesCheckDownloadPDF(ReportsStandardProfileSalaryResignedEmployeesTest.java:98)
at java.base/java.util.ArrayList.forEach(ArrayList.java:1541)
... Removed 31 stack frames]]>
    </failure>
  </testcase> <!-- verifyReportProfileSalaryresignedempEmployeesCheckDownloadPDF -->
  <testcase classname="com.hrmsreports.testcases.ReportsStandardProfileSalaryResignedEmployeesTest" name="verifyReportProfileSalaryresignedempEmployeesFromDateMandatoryFieldCheck" time="58.846">
    <failure type="java.lang.AssertionError" message="expected [null] but found [Please select from date]">
      <![CDATA[java.lang.AssertionError: expected [null] but found [Please select from date]
at com.hrmsreports.testcases.ReportsStandardProfileSalaryResignedEmployeesTest.verifyReportProfileSalaryresignedempEmployeesFromDateMandatoryFieldCheck(ReportsStandardProfileSalaryResignedEmployeesTest.java:108)
at java.base/java.util.ArrayList.forEach(ArrayList.java:1541)
... Removed 33 stack frames]]>
    </failure>
  </testcase> <!-- verifyReportProfileSalaryresignedempEmployeesFromDateMandatoryFieldCheck -->
  <testcase classname="com.hrmsreports.testcases.ReportsStandardProfileSalaryEndOfConTractTest" name="verifyReportProfileSalaryEndOfConTractCheck" time="58.823">
    <failure type="java.lang.AssertionError" message="expected [true] but found [false]">
      <![CDATA[java.lang.AssertionError: expected [true] but found [false]
at com.hrmsreports.testcases.ReportsStandardProfileSalaryEndOfConTractTest.verifyReportProfileSalaryEndOfConTractCheck(ReportsStandardProfileSalaryEndOfConTractTest.java:84)
at java.base/java.util.ArrayList.forEach(ArrayList.java:1541)
... Removed 31 stack frames]]>
    </failure>
  </testcase> <!-- verifyReportProfileSalaryEndOfConTractCheck -->
  <testcase classname="com.hrmsreports.testcases.ReportsStandardProfileSalaryEndOfConTractTest" name="verifyReportProfileSalaryEndOfConTractCheckDownloadExcel" time="58.847">
    <failure type="java.lang.AssertionError" message="expected [true] but found [false]">
      <![CDATA[java.lang.AssertionError: expected [true] but found [false]
at com.hrmsreports.testcases.ReportsStandardProfileSalaryEndOfConTractTest.verifyReportProfileSalaryEndOfConTractCheckDownloadExcel(ReportsStandardProfileSalaryEndOfConTractTest.java:92)
at java.base/java.util.ArrayList.forEach(ArrayList.java:1541)
... Removed 31 stack frames]]>
    </failure>
  </testcase> <!-- verifyReportProfileSalaryEndOfConTractCheckDownloadExcel -->
  <testcase classname="com.hrmsreports.testcases.ReportsStandardProfileSalaryEndOfConTractTest" name="verifyReportProfileSalaryEndOfConTractCheckDownloadPDF" time="58.794">
    <failure type="java.lang.AssertionError" message="expected [true] but found [false]">
      <![CDATA[java.lang.AssertionError: expected [true] but found [false]
at com.hrmsreports.testcases.ReportsStandardProfileSalaryEndOfConTractTest.verifyReportProfileSalaryEndOfConTractCheckDownloadPDF(ReportsStandardProfileSalaryEndOfConTractTest.java:101)
at java.base/java.util.ArrayList.forEach(ArrayList.java:1541)
... Removed 31 stack frames]]>
    </failure>
  </testcase> <!-- verifyReportProfileSalaryEndOfConTractCheckDownloadPDF -->
  <testcase classname="com.hrmsreports.testcases.ReportsStandardProfileSalaryEndOfConTractTest" name="verifyReportProfileSalaryEndOfConTractFromDateMandatoryFieldCheck" time="58.834">
    <failure type="java.lang.AssertionError" message="expected [null] but found [Please select from date]">
      <![CDATA[java.lang.AssertionError: expected [null] but found [Please select from date]
at com.hrmsreports.testcases.ReportsStandardProfileSalaryEndOfConTractTest.verifyReportProfileSalaryEndOfConTractFromDateMandatoryFieldCheck(ReportsStandardProfileSalaryEndOfConTractTest.java:111)
at java.base/java.util.ArrayList.forEach(ArrayList.java:1541)
... Removed 33 stack frames]]>
    </failure>
  </testcase> <!-- verifyReportProfileSalaryEndOfConTractFromDateMandatoryFieldCheck -->
  <testcase classname="com.hrmsreports.testcases.ReportStandardProfileSalaryYearsOfServiceTest" name="verifyReportProfileSalaryYearofServiceCheckDownloadExcel" time="58.798">
    <failure type="java.lang.AssertionError" message="expected [true] but found [false]">
      <![CDATA[java.lang.AssertionError: expected [true] but found [false]
at com.hrmsreports.testcases.ReportStandardProfileSalaryYearsOfServiceTest.verifyReportProfileSalaryYearofServiceCheckDownloadExcel(ReportStandardProfileSalaryYearsOfServiceTest.java:96)
at java.base/java.util.ArrayList.forEach(ArrayList.java:1541)
... Removed 31 stack frames]]>
    </failure>
  </testcase> <!-- verifyReportProfileSalaryYearofServiceCheckDownloadExcel -->
  <testcase classname="com.hrmsreports.testcases.ReportStandardProfileSalaryYearsOfServiceTest" name="verifyReportProfileSalaryyearofServiceCheckDownloadPDF" time="58.816">
    <failure type="java.lang.AssertionError" message="expected [true] but found [false]">
      <![CDATA[java.lang.AssertionError: expected [true] but found [false]
at com.hrmsreports.testcases.ReportStandardProfileSalaryYearsOfServiceTest.verifyReportProfileSalaryyearofServiceCheckDownloadPDF(ReportStandardProfileSalaryYearsOfServiceTest.java:104)
at java.base/java.util.ArrayList.forEach(ArrayList.java:1541)
... Removed 31 stack frames]]>
    </failure>
  </testcase> <!-- verifyReportProfileSalaryyearofServiceCheckDownloadPDF -->
  <testcase classname="com.hrmsreports.testcases.ReportsStandardProfileSalaryRetirableTest" name="verifyReportProfileSalaryRetirableCheck" time="58.924">
    <failure type="java.lang.AssertionError" message="expected [true] but found [false]">
      <![CDATA[java.lang.AssertionError: expected [true] but found [false]
at com.hrmsreports.testcases.ReportsStandardProfileSalaryRetirableTest.verifyReportProfileSalaryRetirableCheck(ReportsStandardProfileSalaryRetirableTest.java:88)
at java.base/java.util.ArrayList.forEach(ArrayList.java:1541)
... Removed 31 stack frames]]>
    </failure>
  </testcase> <!-- verifyReportProfileSalaryRetirableCheck -->
  <testcase classname="com.hrmsreports.testcases.ReportsStandardProfileSalaryRetirableTest" name="verifyReportProfileSalaryRetirableCheckDownloadExcel" time="58.862">
    <failure type="java.lang.AssertionError" message="expected [true] but found [false]">
      <![CDATA[java.lang.AssertionError: expected [true] but found [false]
at com.hrmsreports.testcases.ReportsStandardProfileSalaryRetirableTest.verifyReportProfileSalaryRetirableCheckDownloadExcel(ReportsStandardProfileSalaryRetirableTest.java:96)
at java.base/java.util.ArrayList.forEach(ArrayList.java:1541)
... Removed 31 stack frames]]>
    </failure>
  </testcase> <!-- verifyReportProfileSalaryRetirableCheckDownloadExcel -->
  <testcase classname="com.hrmsreports.testcases.ReportsStandardProfileSalaryRetirableTest" name="verifyReportProfileSalaryRetirableCheckDownloadPDF" time="58.869">
    <failure type="java.lang.AssertionError" message="expected [true] but found [false]">
      <![CDATA[java.lang.AssertionError: expected [true] but found [false]
at com.hrmsreports.testcases.ReportsStandardProfileSalaryRetirableTest.verifyReportProfileSalaryRetirableCheckDownloadPDF(ReportsStandardProfileSalaryRetirableTest.java:105)
at java.base/java.util.ArrayList.forEach(ArrayList.java:1541)
... Removed 31 stack frames]]>
    </failure>
  </testcase> <!-- verifyReportProfileSalaryRetirableCheckDownloadPDF -->
  <testcase classname="com.hrmsreports.testcases.ReportsStandardProfileSalaryRetirableTest" name="verifyReportProfileSalaryRetirableFromDateMandatoryFieldCheck" time="59.086">
    <failure type="java.lang.AssertionError" message="expected [null] but found [Please select to date]">
      <![CDATA[java.lang.AssertionError: expected [null] but found [Please select to date]
at com.hrmsreports.testcases.ReportsStandardProfileSalaryRetirableTest.verifyReportProfileSalaryRetirableFromDateMandatoryFieldCheck(ReportsStandardProfileSalaryRetirableTest.java:115)
at java.base/java.util.ArrayList.forEach(ArrayList.java:1541)
... Removed 33 stack frames]]>
    </failure>
  </testcase> <!-- verifyReportProfileSalaryRetirableFromDateMandatoryFieldCheck -->
  <testcase classname="com.hrmsreports.testcases.ReportsStandardProfileSalaryEmployeeMovementTest" name="verifyReportProfileSalaryEmpMovementFromDateMandatoryFieldCheck" time="58.783">
    <failure type="java.lang.AssertionError" message="expected [null] but found [Please select from date]">
      <![CDATA[java.lang.AssertionError: expected [null] but found [Please select from date]
at com.hrmsreports.testcases.ReportsStandardProfileSalaryEmployeeMovementTest.verifyReportProfileSalaryEmpMovementFromDateMandatoryFieldCheck(ReportsStandardProfileSalaryEmployeeMovementTest.java:93)
at java.base/java.util.ArrayList.forEach(ArrayList.java:1541)
... Removed 33 stack frames]]>
    </failure>
  </testcase> <!-- verifyReportProfileSalaryEmpMovementFromDateMandatoryFieldCheck -->
  <testcase classname="com.hrmsreports.testcases.ReportsStandardProfileSalaryEmployeeMovementTest" name="verifyReportProfileSalaryEmpMovementTypeOfChangeMandatoryFieldCheck" time="58.824">
    <failure type="java.lang.AssertionError" message="expected [null] but found [Please select Type Of Change]">
      <![CDATA[java.lang.AssertionError: expected [null] but found [Please select Type Of Change]
at com.hrmsreports.testcases.ReportsStandardProfileSalaryEmployeeMovementTest.verifyReportProfileSalaryEmpMovementTypeOfChangeMandatoryFieldCheck(ReportsStandardProfileSalaryEmployeeMovementTest.java:103)
at java.base/java.util.ArrayList.forEach(ArrayList.java:1541)
... Removed 33 stack frames]]>
    </failure>
  </testcase> <!-- verifyReportProfileSalaryEmpMovementTypeOfChangeMandatoryFieldCheck -->
  <testcase classname="com.hrmsreports.testcases.ReportsStandardProfileSalaryEmployeeMovementTest" name="verifyReportProfileSalaryEmpMovementCheck" time="58.813"/>
  <testcase classname="com.hrmsreports.testcases.ReportsStandardProfileSalaryEmployeeMovementTest" name="verifyReportProfileSalaryEmpMovementCheckDownloadExcel" time="58.816"/>
  <testcase classname="com.hrmsreports.testcases.ReportsStandardProfileSalaryEmployeeMovementTest" name="verifyReportProfileSalaryEmpMovementCheckDownloadPDF" time="58.858"/>
  <testcase classname="com.hrmsreports.testcases.ReportsStandardProfileSalaryCoeWithCompensationTest" name="verifyReportProfileSalarycoeWithCompensationCheck" time="58.294">
    <failure type="java.lang.AssertionError" message="expected [true] but found [false]">
      <![CDATA[java.lang.AssertionError: expected [true] but found [false]
at com.hrmsreports.testcases.ReportsStandardProfileSalaryCoeWithCompensationTest.verifyReportProfileSalarycoeWithCompensationCheck(ReportsStandardProfileSalaryCoeWithCompensationTest.java:95)
at java.base/java.util.ArrayList.forEach(ArrayList.java:1541)
... Removed 31 stack frames]]>
    </failure>
  </testcase> <!-- verifyReportProfileSalarycoeWithCompensationCheck -->
  <testcase classname="com.hrmsreports.testcases.ReportsStandardProfileSalaryCoeWithCompensationTest" name="verifyReportProfileSalarycoeWithCompensationRefreshCheck" time="58.349">
    <failure type="java.lang.AssertionError" message="expected [true] but found [false]">
      <![CDATA[java.lang.AssertionError: expected [true] but found [false]
at com.hrmsreports.testcases.ReportsStandardProfileSalaryCoeWithCompensationTest.verifyReportProfileSalarycoeWithCompensationRefreshCheck(ReportsStandardProfileSalaryCoeWithCompensationTest.java:102)
at java.base/java.util.ArrayList.forEach(ArrayList.java:1541)
... Removed 31 stack frames]]>
    </failure>
  </testcase> <!-- verifyReportProfileSalarycoeWithCompensationRefreshCheck -->
  <testcase classname="com.hrmsreports.testcases.ReportsStandardProfileSalaryCoeWithCompensationTest" name="verifyReportProfileSalarycoeWithCompensationEmployeeMandatoryFieldCheck" time="58.863">
    <failure type="java.lang.AssertionError" message="expected [null] but found [Please Select a Employee]">
      <![CDATA[java.lang.AssertionError: expected [null] but found [Please Select a Employee]
at com.hrmsreports.testcases.ReportsStandardProfileSalaryCoeWithCompensationTest.verifyReportProfileSalarycoeWithCompensationEmployeeMandatoryFieldCheck(ReportsStandardProfileSalaryCoeWithCompensationTest.java:111)
at java.base/java.util.ArrayList.forEach(ArrayList.java:1541)
... Removed 33 stack frames]]>
    </failure>
  </testcase> <!-- verifyReportProfileSalarycoeWithCompensationEmployeeMandatoryFieldCheck -->
  <testcase classname="com.hrmsreports.testcases.ReportsStandardProfileSalaryCOEResignationTest" name="verifyReportProfileSalaryCOEResignationCheck" time="4.155"/>
  <testcase classname="com.hrmsreports.testcases.ReportsStandardProfileSalaryCOEResignationTest" name="verifyReportProfileSalaryCOEResignationRefreshCheck" time="4.464"/>
  <testcase classname="com.hrmsreports.testcases.ReportsStandardProfileSalaryCOEResignationTest" name="verifyReportProfileSalaryCOEResignationEmployeeMandatoryFieldCheck" time="4.409"/>
  <testcase classname="com.hrmsreports.testcases.ReportsStandardProfileSalaryApplyResignationTest" name="verifyReportProfileSalaryApplyResignationCheck" time="7.804"/>
  <testcase classname="com.hrmsreports.testcases.ReportsStandardProfileSalaryApplyResignationTest" name="verifyReportProfileSalaryApplyResignationCheckDownloadExcel" time="10.176"/>
  <testcase classname="com.hrmsreports.testcases.ReportsStandardProfileSalaryApplyResignationTest" name="verifyReportProfileSalaryApplyResignationCheckDownloadPDF" time="9.565"/>
  <testcase classname="com.hrmsreports.testcases.ReportsStandardProfileSalaryApplyResignationTest" name="verifyReportProfileSalaryApplyResignationFromDateMandatoryFieldCheck" time="6.652"/>
  <testcase classname="com.hrmsreports.testcases.ReportsStandardProfileSalaryApplyResignationTest" name="verifyReportProfileSalaryApplyResignationFromAndToDateMandatoryFieldCheck" time="4.575"/>
  <testcase classname="com.hrmsreports.testcases.ReportsStandardProfileSalaryExitInterviewTest" name="verifyReportProfileSalaryExitInterviewCheck" time="7.316"/>
  <testcase classname="com.hrmsreports.testcases.ReportsStandardProfileSalaryExitInterviewTest" name="verifyReportProfileSalaryExitInterviewCheckDownloadExcel" time="8.677"/>
  <testcase classname="com.hrmsreports.testcases.ReportsStandardProfileSalaryExitInterviewTest" name="verifyReportProfileSalaryExitInterviewCheckDownloadPDF" time="8.085"/>
  <testcase classname="com.hrmsreports.testcases.ReportsStandardProfileSalaryExitInterviewTest" name="verifyReportProfileSalaryExitInterviewFromDateMandatoryFieldCheck" time="6.721"/>
  <testcase classname="com.hrmsreports.testcases.ReportsStandardProfileSalaryExitInterviewTest" name="verifyReportProfileSalaryExitInterviewFromAndToDateMandatoryFieldCheck" time="4.38"/>
  <testcase classname="com.hrmsreports.testcases.ReportsStandardProfileSalaryAuthorizationSignatoryTest" name="verifyReportProfileSalaryAuthorizationSignatoryCheck" time="4.449"/>
  <testcase classname="com.hrmsreports.testcases.ReportsStandardProfileSalaryAuthorizationSignatoryTest" name="verifyReportProfileSalaryAuthorizationSignatoryClearCheck" time="4.55"/>
  <testcase classname="com.hrmsreports.testcases.ReportsStandardProfileSalaryHRLettersTest" name="verifyReportProfileSalaryHrLettersCheck" time="68.603"/>
  <testcase classname="com.hrmsreports.testcases.ReportsStandardProfileSalaryHRLettersTest" name="verifyReportProfileSalaryHrLettersAttachmentLetterMandatoryFieldCheck" time="67.625"/>
  <testcase classname="com.hrmsreports.testcases.ReportsStandardLeaveLeaveBalanceTest" name="verifyReportStandardsleaveBalanceCheck" time="5.328"/>
  <testcase classname="com.hrmsreports.testcases.ReportsStandardLeaveLeaveSummaryTest" name="verifyReportStandardsleaveSummaryCheck" time="6.443"/>
  <testcase classname="com.hrmsreports.testcases.ReportsStandardLeaveLeaveSummaryTest" name="verifyReportStandardsleaveSummaryLeaveYearMandatoryFieldCheck" time="5.45"/>
  <testcase classname="com.hrmsreports.testcases.ReportsStandardLeaveLeaveSummaryTest" name="verifyReportStandardsleaveSummaryleaveTypeMandatoryFieldCheck" time="6.456"/>
  <testcase classname="com.hrmsreports.testcases.ReportsStandardLeaveLeaveSummaryTest" name="verifyReportStandardsleaveSummaryAllMandatoryFieldCheck" time="5.423"/>
  <testcase classname="com.hrmsreports.testcases.ReportsStandardLeaveIndividualLeaveSummaryTest" name="verifyReportStandardsIndividualLeaveSummaryCheck" time="6.439"/>
  <testcase classname="com.hrmsreports.testcases.ReportsStandardLeaveIndividualLeaveSummaryTest" name="verifyReportStandardsIndividualLeaveSummaryBalanceCheck" time="7.442"/>
  <testcase classname="com.hrmsreports.testcases.ReportsStandardLeaveIndividualLeaveSummaryTest" name="verifyReportStandardsIndividualLeaveSummaryDownloadCheck" time="10.33"/>
  <testcase classname="com.hrmsreports.testcases.ReportsStandardLeaveIndividualLeaveSummaryTest" name="verifyReportStandardsIndividualLeaveSummaryempcodeMandatoryFieldCheck" time="4.347"/>
  <testcase classname="com.hrmsreports.testcases.ReportsStandardLeaveLeaveStatusReportTest" name="verifyReportStandardsLeaveStatusReportCheck" time="6.42"/>
  <testcase classname="com.hrmsreports.testcases.ReportsStandardLeaveLeaveStatusReportTest" name="verifyReportStandardsLeaveStatusReportYearMandatoryFieldCheck" time="5.399"/>
  <testcase classname="com.hrmsreports.testcases.ReportsStandardLeaveForcedLeaveEncashTest" name="verifyReportStandardsForcedLeaveEncashCheck" time="114.425"/>
  <testcase classname="com.hrmsreports.testcases.ReportsStandardLeaveForcedLeaveEncashTest" name="verifyReportStandardsForcedLeaveEncashYearMandatoryFieldCheck" time="115.444"/>
  <testcase classname="com.hrmsreports.testcases.ReportsStandardLeaveForcedLeaveEncashTest" name="verifyReportStandardsForcedLeaveEncashLeaveTypeMandatoryFieldCheck" time="114.501"/>
  <testcase classname="com.hrmsreports.testcases.ReportsStandardAttandanceFiledFromTest" name="verifyPageTitleTest" time="0.016"/>
  <testcase classname="com.hrmsreports.testcases.ReportsStandardAttandanceFiledFromTest" name="verifyReportStandardsAttandanceFiledFormCheck" time="14.066"/>
  <testcase classname="com.hrmsreports.testcases.ReportsStandardAttandanceFiledFromTest" name="verifyReportStandardsAttandanceFiledFormAllEmpoyeeCheckBox" time="13.978"/>
  <testcase classname="com.hrmsreports.testcases.ReportsStandardAttandanceFiledFromTest" name="verifyReportStandardsAttandanceFiledFormAllEmpoyeeFormTypeCheckBox" time="13.039"/>
  <testcase classname="com.hrmsreports.testcases.ReportsStandardAttandanceFiledFromTest" name="verifyReportStandardsAttandanceFiledFormAllEmpoyeeFormStatusCheckBox" time="14.096"/>
  <testcase classname="com.hrmsreports.testcases.ReportsStandardAttendanceAttendanceSummaryReportTest" name="verifyReportStandardsAttandanceSummaryReportPayRollGroupCheck" time="6.526"/>
  <testcase classname="com.hrmsreports.testcases.ReportsStandardAttendanceAttendanceSummaryReportTest" name="verifyReportStandardsAttandanceSummaryReportEmployeeCodeCheck" time="5.451"/>
  <testcase classname="com.hrmsreports.testcases.ReportsStandardAttendanceAttendanceSummaryReportTest" name="verifyReportStandardsAttandanceSummaryReportAllEmployeeCodeCheck" time="6.551"/>
  <testcase classname="com.hrmsreports.testcases.ReportsStandardAttendanceRawLogsTest" name="verifyReportStandardsAttandanceRawLogsCheck" time="10.815"/>
  <testcase classname="com.hrmsreports.testcases.ReportsStandardAttendanceRawLogsTest" name="verifyReportStandardsAttandanceRawLogsFromDateMandatoryFieldCheck" time="9.617"/>
  <testcase classname="com.hrmsreports.testcases.ReportsStandardAttendanceRawLogsTest" name="verifyReportStandardsAttandanceRawLogsToDateMandatoryFieldCheck" time="8.654"/>
  <testcase classname="com.hrmsreports.testcases.ReportsStandardAttendancePunchGEOTaggingTest" name="verifyReportStandardsAttandancePunchGEOTaggingCheck" time="12.966"/>
  <testcase classname="com.hrmsreports.testcases.ReportsStandardAttendancePunchGEOTaggingTest" name="verifyReportStandardsAttandancePunchGEOTaggingEmployeeCodeCheck" time="11.938"/>
  <testcase classname="com.hrmsreports.testcases.ReportsStandardAttendancePunchGEOTaggingTest" name="verifyReportStandardsAttandancePunchGEOTaggingDepartmentCheck" time="12.128"/>
  <testcase classname="com.hrmsreports.testcases.ReportsStandardAttendancePunchGEOTaggingTest" name="verifyReportStandardsAttandancePunchGEOTaggingFromDateMandatoryFieldCheck" time="64.801"/>
  <testcase classname="com.hrmsreports.testcases.ReportsStandardAttendancePunchGEOTaggingTest" name="verifyReportStandardsAttandancePunchGEOTaggingToDateMandatoryFieldCheck" time="9.759"/>
  <testcase classname="com.hrmsreports.testcases.ReportsStandardPayRollPayRegisterTest" name="verifyReportStandardsPayRollPayRegisterSubmitCheck" time="13.522"/>
  <testcase classname="com.hrmsreports.testcases.ReportsStandardPayRollPayRegisterTest" name="verifyReportStandardsPayRollPayRegisterAllCheckBoxSubmitCheck" time="13.408"/>
  <testcase classname="com.hrmsreports.testcases.ReportsStandardPayRollPayRegisterTest" name="verifyReportStandardsPayRollPayRegisterArrearCheck" time="13.513"/>
  <testcase classname="com.hrmsreports.testcases.ReportsStandardPayRollPayRegisterTest" name="verifyReportStandardsPayRollPayRegisterFFButtonCheck" time="67.281"/>
  <testcase classname="com.hrmsreports.testcases.ReportsStandardPayRollPayRegisterTest" name="verifyReportStandardsPayRollPayRegisterSalaryTypeMandatoryFieldCheck" time="12.161"/>
  <testcase classname="com.hrmsreports.testcases.ReportsStandardPayRollPaySlipTest" name="verifyReportStandardsPayRollPaySlipEmployeeDownloadCheck" time="11.685"/>
  <testcase classname="com.hrmsreports.testcases.ReportsStandardPayRollPaySlipTest" name="verifyReportStandardsPayRollPaySlipEmployeeDownloadZipCheck" time="11.769"/>
  <testcase classname="com.hrmsreports.testcases.ReportsStandardPayRollPaySlipTest" name="verifyReportStandardsPayRollPaySlipAllEmployeeDownloadCheck" time="11.645"/>
  <testcase classname="com.hrmsreports.testcases.ReportsStandardPayRollPaySlipTest" name="verifyReportStandardsPayRollPaySlipAllEmployeeMailCheck" time="66.773"/>
  <testcase classname="com.hrmsreports.testcases.ReportsStandardPayRollSalaryRegisterTest" name="verifyReportStandardsPayRollSalaryRegisterSubmitCheck" time="9.772"/>
  <testcase classname="com.hrmsreports.testcases.ReportsStandardPayRollSalaryRegisterTest" name="verifyReportStandardsPayRollSalaryRegisterAllCheckBoxSubmitCheck" time="8.694"/>
  <testcase classname="com.hrmsreports.testcases.ReportsStandardPayRollSalaryRegisterTest" name="verifyReportStandardsPayRollSalaryRegisterMonthMandatoryFieldCheck" time="8.559"/>
  <testcase classname="com.hrmsreports.testcases.ReportsStandardPayRollSalaryRegisterTest" name="verifyReportStandardsPayRollSalaryRegisterPayrollGroupingMandatoryFieldCheck" time="7.512"/>
  <testcase classname="com.hrmsreports.testcases.ReportsStandardPayRollSalaryRegisterTest" name="verifyReportStandardsPayRollSalaryRegisterDepartmentMandatoryFieldCheck" time="8.534"/>
  <testcase classname="com.hrmsreports.testcases.ReportsStandardPayRollPayRollSummaryTest" name="verifyReportStandardsPayRollpayrollSummarydepartmentAllCheckBox" time="64.845"/>
  <testcase classname="com.hrmsreports.testcases.ReportsStandardPayRollPayRollSummaryTest" name="verifyReportStandardspayrollSummarySubmitCheck" time="64.752"/>
  <testcase classname="com.hrmsreports.testcases.ReportsStandardPayRollPayRollSummaryTest" name="verifyReportStandardsPayRollpayrollSummaryMonthMandatoryFieldCheck" time="61.428"/>
  <testcase classname="com.hrmsreports.testcases.ReportsStandardPayRollPayRollSummaryTest" name="verifyReportStandardsPayRollpayrollSummaryPayrollGroupingMandatoryFieldCheck" time="61.413"/>
  <testcase classname="com.hrmsreports.testcases.ReportsStandardPayRollPFReportTest" name="verifyReportStandardsPayRollPFReportPayRollGroupingAllCheckBox" time="63.645"/>
  <testcase classname="com.hrmsreports.testcases.ReportsStandardPayRollPFReportTest" name="verifyReportStandardsPFReportSubmitCheck" time="8.718"/>
  <testcase classname="com.hrmsreports.testcases.ReportsStandardPayRollPFReportTest" name="verifyReportStandardsPayRollPFReportMonthMandatoryFieldCheck" time="7.42"/>
  <testcase classname="com.hrmsreports.testcases.ReportsStandardPayRollPFReportTest" name="verifyReportStandardsPayRollPFReportPayrollGroupingMandatoryFieldCheck" time="7.434"/>
  <testcase classname="com.hrmsreports.testcases.ReportsStandardPayRollPTReportTest" name="verifyReportStandardsPTReportMonthSubmitCheck" time="15.461"/>
  <testcase classname="com.hrmsreports.testcases.ReportsStandardPayRollPTReportTest" name="verifyReportStandardsPTReportFromDateMonthMandatoryFieldCheck" time="10.162"/>
  <testcase classname="com.hrmsreports.testcases.ReportsStandardPayRollPTReportTest" name="verifyReportStandardsPTReportToDateMonthMandatoryFieldCheck" time="12.886"/>
  <testcase classname="com.hrmsreports.testcases.ReportsStandardPayRollESIReportTest" name="verifyReportStandardsPayRollEsiReportSubmitCheck" time="7.458"/>
  <testcase classname="com.hrmsreports.testcases.ReportsStandardPayRollESIReportTest" name="verifyReportStandardsPayRollEsiReportAllCheckBoxSubmitCheck" time="6.439"/>
  <testcase classname="com.hrmsreports.testcases.ReportsStandardPayRollESIReportTest" name="verifyReportStandardsPayRollEsiReportDownloadWithArrearCheck" time="7.486"/>
  <testcase classname="com.hrmsreports.testcases.ReportsStandardPayRollESIReportTest" name="verifyReportStandardsPayRollEsiReportDownloadWithArrearAllCheckBOX" time="6.483"/>
  <testcase classname="com.hrmsreports.testcases.ReportsStandardPayRollESIReportTest" name="verifyReportStandardsPayRollEsiReportMonthMandatoryFieldCheck" time="7.389"/>
  <testcase classname="com.hrmsreports.testcases.ReportsStandardPayRollESIReportTest" name="verifyReportStandardsPayRollEsiReportPayRollGroupingMandatoryFieldCheck" time="7.395"/>
  <testcase classname="com.hrmsreports.testcases.ReportsStandardPayRollESIRemittanceTest" name="verifyReportStandardsPayRollESIRemittanceSubmitCheck" time="8.6"/>
  <testcase classname="com.hrmsreports.testcases.ReportsStandardPayRollESIRemittanceTest" name="verifyReportStandardsPayRollEsiRemittanceAllCheckBoxSubmitCheck" time="7.647"/>
  <testcase classname="com.hrmsreports.testcases.ReportsStandardPayRollESIRemittanceTest" name="verifyReportStandardsPayRollEsiRemittanceMonthMandatoryFieldCheck" time="7.523"/>
  <testcase classname="com.hrmsreports.testcases.ReportsStandardPayRollESIRemittanceTest" name="verifyReportStandardsPayRollEsiRemittancePayRollGroupingMandatoryFieldCheck" time="7.456"/>
  <testcase classname="com.hrmsreports.testcases.ReportsStandardPayRollLWFReportTest" name="verifyReportStandardsPayRollLWFReportSubmitCheck" time="7.681"/>
  <testcase classname="com.hrmsreports.testcases.ReportsStandardPayRollLWFReportTest" name="verifyReportStandardsPayRollLWFReportMonthMandatoryFieldCheck" time="6.354"/>
  <testcase classname="com.hrmsreports.testcases.ReportsStandardPayRollPayrollReportTest" name="verifyReportStandardsPayRollPayrollReportReportNameCreateCheck" time="16.022"/>
  <testcase classname="com.hrmsreports.testcases.ReportsStandardPayRollPayrollReportTest" name="verifyReportStandardsPayRollPayrollReportReportNameCreateDuplicateCheck" time="17.025"/>
  <testcase classname="com.hrmsreports.testcases.ReportsStandardPayRollPayrollReportTest" name="verifyReportStandardsPayRollPayrollReportReportNameCUpdateCheck" time="7.508"/>
  <testcase classname="com.hrmsreports.testcases.ReportsStandardPayRollPayrollReportTest" name="verifyReportStandardsPayRollPayrollReportDownloadCheck" time="8.642"/>
  <testcase classname="com.hrmsreports.testcases.ReportsStandardPayRollPayrollReportTest" name="verifyReportStandardsPayrollReportDownloadAllPayRollGroupingCheckbox" time="7.427"/>
  <testcase classname="com.hrmsreports.testcases.ReportsStandardPayRollPayrollReportTest" name="verifyReportStandardsPayrollReportNameMandatoryFieldCheck" time="7.465"/>
  <testcase classname="com.hrmsreports.testcases.ReportsStandardPayRollPayrollReportTest" name="verifyReportStandardsPayrollReportGroupNameMandatoryFieldCheck" time="7.479"/>
  <testcase classname="com.hrmsreports.testcases.ReportsStandardPayRollPayrollReportTest" name="verifyReportStandardsPayrollReportGroupMonthMandatoryFieldCheck" time="7.504"/>
  <testcase classname="com.hrmsreports.testcases.ReportsStandardPayRollPayrollReportTest" name="verifyReportStandardsPayrollReportPayrollGroupingMandatoryFieldCheck" time="8.541"/>
  <testcase classname="com.hrmsreports.testcases.ReportsStandardPayrollMonthlyBenefitReportTest" name="verifyReportStandardsPayRollMonthlyBenefitDownloadCheck" time="6.407"/>
  <testcase classname="com.hrmsreports.testcases.ReportsStandardPayrollMonthlyBenefitReportTest" name="verifyReportStandardsPayRollMonthlyBenefitMonthMandatoryFieldCheck" time="5.365"/>
  <testcase classname="com.hrmsreports.testcases.ReportsStandardPayrollAnnualBenefitReportTest" name="verifyReportStandardsPayRollAnnualBenefitDownloadCheck" time="6.394"/>
  <testcase classname="com.hrmsreports.testcases.ReportsStandardPayrollAnnualBenefitReportTest" name="verifyReportStandardsPayRollAnnualBenefitFinancialYearMandatoryFieldCheck" time="5.37"/>
  <testcase classname="com.hrmsreports.testcases.ReportsStandardPayRollVarianceAnalysisTest" name="verifyReportStandardsPayRollVarianceAnalysisDownloadCheck" time="7.646"/>
  <testcase classname="com.hrmsreports.testcases.ReportsStandardPayRollVarianceAnalysisTest" name="verifyReportStandardsPayRollVarianceAnalysisPayCycleMandatoryFieldCheck" time="6.437"/>
  <testcase classname="com.hrmsreports.testcases.ReportsStandardPayRollVarianceAnalysisTest" name="verifyReportStandardsPayRollVarianceAnalysisDurationMandatoryFieldCheck" time="7.483"/>
  <testcase classname="com.hrmsreports.testcases.ReportsStandardPayRollErrorRepportTest" name="verifyReportStandardsPayRollErrorRepportSubmitCheck" time="6.419"/>
  <testcase classname="com.hrmsreports.testcases.ReportsStandardPayRollErrorRepportTest" name="verifyReportStandardsPayRollErrorRepportPayrollGroupingAllcheckBoxSubmitCheck" time="6.426"/>
  <testcase classname="com.hrmsreports.testcases.ReportsStandardPayRollPayRegisterUploadTest" name="verifyReportStandardsPayRollregisterDownloadCheck" time="59.405"/>
  <testcase classname="com.hrmsreports.testcases.ReportsStandardPayRollPayRegisterUploadTest" name="verifyReportStandardsPayregisterUploadCheck" time="59.403"/>
  <testcase classname="com.hrmsreports.testcases.ReportsStandardPayRollPayRegisterUploadTest" name="verifyReportStandardsPayregisterUploadsYearMandatoryFieldCheck" time="60.417"/>
  <testcase classname="com.hrmsreports.testcases.ReportsStandardPayRollPayRegisterUploadTest" name="verifyReportStandardsPayregisterUploadsMonthMandatoryFieldCheck" time="59.366"/>
  <testcase classname="com.hrmsreports.testcases.ReportsStandardPayRollPayRegisterUploadTest" name="verifyReportStandardsPayregisterUploadsFileMandatoryFieldCheck" time="61.495"/>
  <testcase classname="com.hrmsreports.testcases.ReportsStandardPayRollPayRegisterUploadTest" name="verifyReportStandardsPayregisterUploadsExcelFileMandatoryFieldCheck" time="61.514"/>
  <testcase classname="com.hrmsreports.testcases.ReportsStandardPayrollGrossCTCTest" name="verifyReportStandardsPayRollGrossCTCDownloadCheck" time="8.538"/>
  <testcase classname="com.hrmsreports.testcases.ReportsStandardPayrollGrossCTCTest" name="verifyReportStandardsPayregisterGrossCTCMonthMandatoryFieldCheck" time="5.442"/>
  <testcase classname="com.hrmsreports.testcases.ReportsStandardPayrollGrossCTCTest" name="verifyReportStandardSGrossCTCPayRollGroupingMandatoryFieldCheck" time="5.417"/>
  <testcase classname="com.hrmsreports.testcases.ReportsStandardPayRollYearlyReportTest" name="verifyReportStandardsPayRollYearlyReportDownloadCheck" time="6.442"/>
  <testcase classname="com.hrmsreports.testcases.ReportsStandardPayRollYearlyReportTest" name="verifyReportStandardsPayregisterGrossCTCMonthMandatoryFieldCheck" time="4.374"/>
  <testcase classname="com.hrmsreports.testcases.ReportsStandardPayrollJournalEntryTest" name="verifyReportStandardsPayRollJournalEntryDownloadCheck" time="7.459"/>
  <testcase classname="com.hrmsreports.testcases.ReportsStandardPayrollJournalEntryTest" name="verifyReportStandardsPayRollJournalEntryBatchNoMandatoryFieldCheck" time="6.573"/>
  <testcase classname="com.hrmsreports.testcases.ReportsStandardPayrollJournalEntryTest" name="verifyReportStandardsPayRollJournalEntryPayMonthMandatoryFieldCheck" time="6.483"/>
  <testcase classname="com.hrmsreports.testcases.ReportsStandardPayRollLoanRegisterTest" name="verifyReportStandardsPayRollloanRegisterSubmitCheck" time="6.439"/>
  <testcase classname="com.hrmsreports.testcases.ReportsStandardPayRollLoanRegisterTest" name="verifyReportStandardsPayRollJLOANLoanRegisterMonthMandatoryFieldCheck" time="5.411"/>
  <testcase classname="com.hrmsreports.testcases.ReportsStandardPayRollLoanRegisterTest" name="verifyReportStandardsPayRollLOANLoanRegisterNOdataCheck" time="5.477"/>
  <testcase classname="com.hrmsreports.testcases.ReportsStandardPayrollLoanRegister2Test" name="verifyReportStandardsPayRollloanRegister2SubmitCheck" time="6.43"/>
  <testcase classname="com.hrmsreports.testcases.ReportsStandardPayrollLoanRegister2Test" name="verifyReportStandardsPayRollJLOANLoanRegisterMonthMandatoryFieldCheck" time="5.406"/>
  <testcase classname="com.hrmsreports.testcases.ReportsStandardIncrementPromotionSalaryIncrementTest" name="verifyReportStandardsIncrementPromotionsalaryIncrementSubmitCheck" time="11.739"/>
  <testcase classname="com.hrmsreports.testcases.ReportsStandardIncrementPromotionSalaryIncrementTest" name="verifyReportStandardsIncrementPromotionsalaryIncrementDownloadCheck" time="11.73"/>
  <testcase classname="com.hrmsreports.testcases.ReportsStandardIncrementPromotionSalaryIncrementTest" name="verifyReportStandardsIncrementPromotionsalaryIncrementExcelCheck" time="11.669"/>
  <testcase classname="com.hrmsreports.testcases.ReportsStandardIncrementPromotionSalaryIncrementTest" name="verifyReportStandardsIncrementPromotionsalaryIncrementMailCheck" time="11.756"/>
  <testcase classname="com.hrmsreports.testcases.ReportsStandardIncrementPromotionSalaryIncrementTest" name="verifyReportStandardsIncrementPromotionsalaryIncrementPayrollGroupingMandatoryFieldCheck" time="10.719"/>
  <testcase classname="com.hrmsreports.testcases.ReportsStandardIncrementPromotionSalaryIncrementTest" name="verifyReportStandardsIncrementPromotionsalaryIncrementPayrollMonthMandatoryFieldCheck" time="10.677"/>
  <testcase classname="com.hrmsreports.testcases.ReportsStandardIncrementPromotionSalaryIncrementTest" name="verifyReportStandardsIncrementPromotionsalaryIncrementPayrollLetterTemplateMandatoryFieldCheck" time="11.796"/>
  <testcase classname="com.hrmsreports.testcases.ReportsStandardIncrementPromoSalaryIncrementEntryExcelTest" name="verifyReportStandardsIncrementPromotionsalaryIncrementEntrySubmitCheck" time="6.636"/>
  <testcase classname="com.hrmsreports.testcases.ReportsStandardIncrementPromoSalaryIncrementEntryExcelTest" name="verifyReportStandardsIncrementPromotionsalaryIncrementEntryDownloadCheck" time="8.981"/>
  <testcase classname="com.hrmsreports.testcases.ReportsStandardIncrementPromoSalaryIncrementEntryExcelTest" name="verifyReportStandardsIncrementPromotionsalaryIncrementEntryPayrollGroupingMandatoryFieldCheck" time="5.414"/>
  <testcase classname="com.hrmsreports.testcases.ReporsStandardIncrementPromoPromotionReportTest" name="verifyReportStandardsIncrementPromotionPromotionReportSubmitCheck" time="11.777"/>
  <testcase classname="com.hrmsreports.testcases.ReporsStandardIncrementPromoPromotionReportTest" name="verifyReportStandardsIncrementPromotionPromotionReportFromDateMandatoryFieldCheck" time="8.621"/>
  <testcase classname="com.hrmsreports.testcases.ReporsStandardIncrementPromoPromotionReportTest" name="verifyReportStandardsIncrementPromotionPromotionReportTodateMandatoryFieldCheck" time="8.677"/>
  <testcase classname="com.hrmsreports.testcases.ReportsStandardArrearArrearExcelReportTest" name="verifyReportStandardsArrearsExcelReportForEmployeeSubmitCheck" time="60.469"/>
  <testcase classname="com.hrmsreports.testcases.ReportsStandardArrearArrearExcelReportTest" name="verifyReportStandardsArrearsExcelReportEmployeeDownloadCheck" time="59.427"/>
  <testcase classname="com.hrmsreports.testcases.ReportsStandardArrearArrearExcelReportTest" name="verifyReportStandardsArrearsExcelReportForEmployeecodeMandatoryFieldCheck" time="59.339"/>
  <testcase classname="com.hrmsreports.testcases.ReportsStandardArrearArrearExcelReportTest" name="verifyReportStandardsArrearsExcelReportForPayRollGroupingWiseCheck" time="60.401"/>
  <testcase classname="com.hrmsreports.testcases.ReportsStandardArrearArrearExcelReportTest" name="verifyReportStandardsArreararrearsExcelReportPayrollDownloadCheck" time="60.406"/>
  <testcase classname="com.hrmsreports.testcases.ReportsStandardArrearArrearExcelReportTest" name="verifyReportStandardsArrearsExcelReportForPayrollGroupingMandatoryFieldCheck" time="59.395"/>
  <testcase classname="com.hrmsreports.testcases.ReportsStandardArrearLateHoldExcelReportTest" name="verifyReportStandardsArrearLateHoldExcelReportPayrollGroupingMandatoryFieldCheck" time="59.396"/>
  <testcase classname="com.hrmsreports.testcases.ReportsStandardArrearLateHoldExcelReportTest" name="verifyReportStandardsArrearLateHoldExcelReportMonthMandatoryFieldCheck" time="6.461"/>
  <testcase classname="com.hrmsreports.testcases.ReportsStandardArrearArrearPfReportTest" name="verifyPageTitleTest" time="0.007"/>
  <testcase classname="com.hrmsreports.testcases.ReportsStandardArrearArrearPfReportTest" name="verifyReportStandardsArrearPfReportMonthSubmitCheck" time="9.676"/>
  <testcase classname="com.hrmsreports.testcases.ReportsStandardArrearArrearPfReportTest" name="verifyReportStandardsArrearPfReportMonthMandatoryFieldCheck" time="5.427"/>
  <testcase classname="com.hrmsreports.testcases.ReportsStandardTDSTaxReportTest" name="verifyReportStandardsTaxReportTaxReportSubmitCheck" time="5.412"/>
  <testcase classname="com.hrmsreports.testcases.ReportsStandardStatutoryRegisterOfWorkmenTest" name="verifyReportStandardsStatutoryregisterofworkmenDownloadCheck" time="7.489"/>
  <testcase classname="com.hrmsreports.testcases.ReportsStandardStatutoryRegisterOfWorkmenTest" name="verifyReportStandardsStatutoryregisterofworkmenPayRollGroupingDownloadCheck" time="6.372"/>
  <testcase classname="com.hrmsreports.testcases.ReportsStandardStatutoryMWFormVTest" name="verifyReportStandardsStatutoryMWFormVDownloadCheck" time="8.572"/>
  <testcase classname="com.hrmsreports.testcases.ReportsStandardStatutoryMWFormVTest" name="verifyReportStandardsMWFormMonthMandatoryFieldCheck" time="6.496"/>
  <testcase classname="com.hrmsreports.testcases.ReportsStandardStatutoryMWFormVTest" name="verifyReportStandardsMWFormVPayRollGroupingMandatoryFieldCheck" time="6.431"/>
  <testcase classname="com.hrmsreports.testcases.ReportsStandardStatutoryMWFormVTest" name="verifyReportStandardsMWFormVDepartmentMandatoryFieldCheck" time="7.604"/>
  <testcase classname="com.hrmsreports.testcases.ReportsStandardStatutoryWagesRegisterReportTest" name="verifyReportStandardsStatutoryWagesRegisterDownloadCheck" time="8.592"/>
  <testcase classname="com.hrmsreports.testcases.ReportsStandardStatutoryWagesRegisterReportTest" name="verifyReportStandardsStatutoryWagesRegisterMonthMandatoryFieldCheck" time="6.461"/>
  <testcase classname="com.hrmsreports.testcases.ReportsStandardStatutoryWagesRegisterReportTest" name="verifyReportStandardsStatutoryWagesRegisterPayRollGroupingMandatoryFieldCheck" time="6.632"/>
  <testcase classname="com.hrmsreports.testcases.ReportsStandardStatutoryWagesRegisterReportTest" name="verifyReportStandardsStatutoryWagesRegisterDepartmentMandatoryFieldCheck" time="7.558"/>
  <testcase classname="com.hrmsreports.testcases.ReportsStandardStatutoryWagesRegisterNewTest" name="verifyReportStandardsStatutoryWagesRegisterNewDownloadCheck" time="7.536"/>
  <testcase classname="com.hrmsreports.testcases.ReportsStandardStatutoryWagesRegisterNewTest" name="verifyReportStandardsStatutoryWagesRegisterNewMonthMandatoryFieldCheck" time="6.438"/>
  <testcase classname="com.hrmsreports.testcases.ReportsStandardStatutoryWagesRegisterNewTest" name="verifyReportStandardsStatutoryWagesRegisterPayRollGroupingMandatoryFieldCheck" time="6.387"/>
  <testcase classname="com.hrmsreports.testcases.ReportsStandardStatutoryMusterRollTest" name="verifyReportStandardsStatutoryMusterRollDownloadCheck" time="7.47"/>
  <testcase classname="com.hrmsreports.testcases.ReportsStandardStatutoryMusterRollTest" name="verifyReportStandardsStatutoryMusterRollMonthMandatoryFieldCheck" time="6.452"/>
  <testcase classname="com.hrmsreports.testcases.ReportsStandardStatutoryMusterRollTest" name="verifyReportStandardsStatutoryMusterRollPayRollGroupingMandatoryFieldCheck" time="6.504"/>
  <testcase classname="com.hrmsreports.testcases.ReportsStandardStatutoryForm12Test" name="verifyReportStandardsStatutoryform12DownloadCheck" time="6.439"/>
  <testcase classname="com.hrmsreports.testcases.ReportsStandardStatutoryForm12Test" name="verifyReportStandardsStatutoryform12PayrollgroupingAllCheckBoxDownloadCheck" time="6.386"/>
  <testcase classname="com.hrmsreports.testcases.ReportsStandardStatutoryForm12Test" name="verifyReportStandardsStatutoryform12PayrolLMandatoryFieldCheck" time="5.489"/>
  <testcase classname="com.hrmsreports.testcases.ReportsStandardStatutoryForm15Test" name="verifyReportStandardsStatutoryForm15DownloadCheck" time="9.63"/>
  <testcase classname="com.hrmsreports.testcases.ReportsStandardStatutoryForm15Test" name="verifyReportStandardsStatutoryform15EmployeeMandatoryFieldCheck" time="7.491"/>
  <testcase classname="com.hrmsreports.testcases.ReportsStandardStatutoryForm15Test" name="verifyReportStandardsStatutoryform15LeaveCodeMandatoryFieldCheck" time="8.653"/>
  <testcase classname="com.hrmsreports.testcases.ReportsStandardStatutoryForm1Test" name="verifyReportStandardsStatutoryform1DownloadCheck" time="6.411"/>
  <testcase classname="com.hrmsreports.testcases.ReportsStandardStatutoryForm1Test" name="verifyReportStandardsStatutoryform1PayrollgroupingAllCheckBoxDownloadCheck" time="6.352"/>
  <testcase classname="com.hrmsreports.testcases.ReportsStandardStatutoryForm1Test" name="verifyReportStandardsStatutoryform1PayrolLMandatoryFieldCheck" time="5.323"/>
  <testcase classname="com.hrmsreports.testcases.ReportsStandardStatutoryFormVITest" name="verifyReportStandardsStatutoryFormvIDownloadCheck" time="7.476"/>
  <testcase classname="com.hrmsreports.testcases.ReportsStandardStatutoryFormVITest" name="verifyReportStandardsStatutoryFormvIPayrollgroupingAllCheckBoxDownloadCheck" time="7.436"/>
  <testcase classname="com.hrmsreports.testcases.ReportsStandardStatutoryFormVITest" name="verifyReportStandardsStatutoryFormvIYearMandatoryFieldCheck" time="6.381"/>
  <testcase classname="com.hrmsreports.testcases.ReportsStandardStatutoryFormVITest" name="verifyReportStandardsStatutoryFormvIPayrolLMandatoryFieldCheck" time="6.412"/>
  <testcase classname="com.hrmsreports.testcases.ReportsStandardStatutoryFormBTest" name="verifyReportStandardsStatutoryFormBDownloadCheck" time="7.553"/>
  <testcase classname="com.hrmsreports.testcases.ReportsStandardStatutoryFormBTest" name="verifyReportStandardsStatutoryFormBPayrollgroupingAllCheckBoxDownloadCheck" time="7.466"/>
  <testcase classname="com.hrmsreports.testcases.ReportsStandardStatutoryFormBTest" name="verifyReportStandardsStatutoryFormBYearMandatoryFieldCheck" time="6.486"/>
  <testcase classname="com.hrmsreports.testcases.ReportsStandardStatutoryFormBTest" name="verifyReportStandardsStatutoryFormBPayrolLMandatoryFieldCheck" time="6.374"/>
  <testcase classname="com.hrmsreports.testcases.ReportsStandardStatutoryFormCTest" name="verifyReportStandardsStatutoryFormCDownloadCheck" time="10.957"/>
  <testcase classname="com.hrmsreports.testcases.ReportsStandardStatutoryFormCTest" name="verifyReportStandardsStatutoryFormCPayrollgroupingAllCheckBoxDownloadCheck" time="10.978"/>
  <testcase classname="com.hrmsreports.testcases.ReportsStandardStatutoryFormCTest" name="verifyReportStandardsStatutoryFormCYearMandatoryFieldCheck" time="9.466"/>
  <testcase classname="com.hrmsreports.testcases.ReportsStandardStatutoryFormCTest" name="verifyReportStandardsStatutoryFormCPayrolLMandatoryFieldCheck" time="9.497"/>
  <testcase classname="com.hrmsreports.testcases.ReportsStandardStatutoryForm21Test" name="verifyReportStandardsStatutoryForm21DownloadCheck" time="18.387"/>
  <testcase classname="com.hrmsreports.testcases.ReportsStandardStatutoryForm21Test" name="verifyReportStandardsStatutoryForm21YearMandatoryFieldCheck" time="17.251"/>
  <testcase classname="com.hrmsreports.testcases.ReportsStandardStatutoryForm21Test" name="verifyReportStandardsStatutoryForm21MaleFemaleMandatoryFieldCheck" time="16.383"/>
  <testcase classname="com.hrmsreports.testcases.ReportsStandardStatutoryForm21Test" name="verifyReportStandardsStatutoryForm21TotalWorkmenMandatoryFieldCheck" time="17.345"/>
  <testcase classname="com.hrmsreports.testcases.ReportsStandardStructureRoleStatusTest" name="verifyReportStandardsStructureRoleStatusExcelDownloadCheck" time="5.41"/>
  <testcase classname="com.hrmsreports.testcases.ReportsStandardStructureRoleStatusTest" name="verifyReportStandardsStructureRoleStatusPdfDownloadCheck" time="6.743"/>
  <testcase classname="com.hrmsreports.testcases.ReportsStandardStructureRoleStatusTest" name="VerifyEnterTheSearchSTRUCTUREpagination" time="5.308"/>
  <testcase classname="com.hrmsreports.testcases.ReportsStandardStructurePositionSummaryTest" name="verifyReportStandardsStructurepositionSummaryExcelDownloadCheck" time="5.358"/>
  <testcase classname="com.hrmsreports.testcases.ReportsStandardStructurePositionSummaryTest" name="verifyReportStandardsStructureRoleStatusPdfDownloadCheck" time="5.478"/>
  <testcase classname="com.hrmsreports.testcases.ReportsStandardStructureDetailedPositionSummaryTest" name="verifyReportStandardsStructuredetailedPositionSummaryDownloadCheck" time="11.292"/>
  <testcase classname="com.hrmsreports.testcases.ReportsStandardStructureDetailedPositionSummaryTest" name="verifyReportStandardsStructuredetailedPositionSummaryExcelDownloadCheck" time="10.384"/>
  <testcase classname="com.hrmsreports.testcases.ReportsStandardStructureDetailedPositionSummaryTest" name="verifyReportStandardsStructuredetailedPositionPdfDownloadCheck" time="10.391"/>
  <testcase classname="com.hrmsreports.testcases.ReportsStandardStructureDetailedPositionSummaryTest" name="verifyReportStandardsStructuredetailedPositionDepartmentMandatoryFieldCheck" time="11.34"/>
  <testcase classname="com.hrmsreports.testcases.ReportsStandardStructureMRFDetailsTest" name="verifyReportStandardsStructureMrfDetailsSubmitAllCheck" time="16.835"/>
  <testcase classname="com.hrmsreports.testcases.ReportsStandardStructureMRFDetailsTest" name="verifyReportStandardsStructureMrfDetailsSubmitCheck" time="16.239"/>
  <testcase classname="com.hrmsreports.testcases.ReportsStandardStructureMRFDetailsTest" name="verifyReportStandardsStructureMrfDetailsDepartmentMandatoryFieldCheck" time="15.195"/>
  <testcase classname="com.hrmsreports.testcases.ReportsStandardStructureMRFDetailsTest" name="verifyReportStandardsStructureMrfDetailsSubDepartmentMandatoryFieldCheck" time="15.104"/>
  <testcase classname="com.hrmsreports.testcases.ReportsStandardStructureMRFDetailsTest" name="verifyReportStandardsStructureMrfDetailsStatusMandatoryFieldCheck" time="15.416"/>
  <testcase classname="com.hrmsreports.testcases.ReportsStandardStructureMRFDetailsTest" name="verifyReportStandardsStructureMrfDetailsExcelDownloadCheck" time="16.711"/>
  <testcase classname="com.hrmsreports.testcases.ReportsStandardStructureMRFDetailsTest" name="verifyReportStandardsStructureMrfDetailsPDFDownloadCheck" time="16.777"/>
  <testcase classname="com.hrmsreports.testcases.ReportsStandardStructureSourcingTest" name="verifyReportStandardsStructureSourcingSubmitAllCheck" time="15.593"/>
  <testcase classname="com.hrmsreports.testcases.ReportsStandardStructureSourcingTest" name="verifyReportStandardsStructureSourcingSubmitCheck" time="15.123"/>
  <testcase classname="com.hrmsreports.testcases.ReportsStandardStructureSourcingTest" name="verifyReportStandardsStructureSourcingDepartmentMandatoryFieldCheck" time="15.782"/>
  <testcase classname="com.hrmsreports.testcases.ReportsStandardStructureSourcingTest" name="verifyReportStandardsStructureSourcingSubDepartmentMandatoryFieldCheck" time="14.038"/>
  <testcase classname="com.hrmsreports.testcases.ReportsStandardStructureInterViewCandiateStatusTest" name="verifyReportStandardsStructureInterviewCandiateSubmitCheck" time="7.364"/>
  <testcase classname="com.hrmsreports.testcases.ReportsStandardStructureInterViewCandiateStatusTest" name="verifyReportStandardsStructureInterviewCandiateDownloadExcelCheck" time="7.851"/>
  <testcase classname="com.hrmsreports.testcases.ReportsStandardStructureInterViewCandiateStatusTest" name="verifyReportStandardsStructureInterviewCandiateDownloadPDFCheck" time="7.937"/>
  <testcase classname="com.hrmsreports.testcases.ReportsStandardStructureLeadTimeToHierTest" name="verifyReportStandardsStructureLeadTimeHierSubmitAllCheck" time="15.58"/>
  <testcase classname="com.hrmsreports.testcases.ReportsStandardStructureLeadTimeToHierTest" name="verifyReportStandardsStructureLeadTimeHierSubmitCheck" time="15.122"/>
  <testcase classname="com.hrmsreports.testcases.ReportsStandardStructureLeadTimeToHierTest" name="verifyReportStandardsStructureLeadTimeHierDepartmentMandatoryFieldCheck" time="15.66"/>
  <testcase classname="com.hrmsreports.testcases.ReportsStandardStructureLeadTimeToHierTest" name="verifyReportStandardsStructureLeadTimeHierSubDepartmentMandatoryFieldCheck" time="14.062"/>
  <testcase classname="com.hrmsreports.testcases.ReportsStandardStructureLeadTimeToHierTest" name="verifyReportStandardsStructureLeadTimeHierExcelDownloadCheck" time="16.926"/>
  <testcase classname="com.hrmsreports.testcases.ReportsStandardStructureLeadTimeToHierTest" name="verifyReportStandardsStructureLeadTimeHierPDFDownloadCheck" time="16.711"/>
  <testcase classname="com.hrmsreports.testcases.ReportsStandardStructureLeadTimeToHierTest" name="VerifyEnterTheSearchSTRUCTURELeadTimeHierpagination" time="12.212"/>
  <testcase classname="com.hrmsreports.testcases.ReportsStandardStructureOfferStatusTest" name="verifyReportStandardsStructureOfferStatusSubmitCheck" time="5.341"/>
  <testcase classname="com.hrmsreports.testcases.ReportsStandardStructureOfferStatusTest" name="verifyReportStandardsStructureOfferStatusDownloadExcelCheck" time="5.366"/>
  <testcase classname="com.hrmsreports.testcases.ReportsStandardStructureOfferStatusTest" name="verifyReportStandardsStructureOfferStatusDownloadPDFCheck" time="5.488"/>
  <testcase classname="com.hrmsreports.testcases.ReportsStandardStructureOfferStatusTest" name="VerifyEnterTheSearchSTRUCTUREOfferStatuspagination" time="6.583"/>
  <testcase classname="com.hrmsreports.testcases.ReportsStandardStructureRecruitmentPositionWiseConversionRateTest" name="verifyReportStandardsStructurepositionwiseConversionRateSubmitAllCheck" time="7.628"/>
  <testcase classname="com.hrmsreports.testcases.ReportsStandardStructureRecruitmentPositionWiseConversionRateTest" name="verifyReportStandardsStructurepositionwiseConversionRateExcelDownloadCheck" time="64.071"/>
  <testcase classname="com.hrmsreports.testcases.ReportsStandardStructureRecruitmentPositionWiseConversionRateTest" name="verifyReportStandardsStructurepositionwiseConversionRatePDFDownloadCheck" time="64.875"/>
  <testcase classname="com.hrmsreports.testcases.ReportsStandardStructureRecruitmentPositionWiseConversionRateTest" name="VerifyEnterTheSearchSTRUCTUREpositionwiseConversionRatepagination" time="9.968"/>
  <testcase classname="com.hrmsreports.testcases.ReportsStandardStruturePreEmployeementCheckTest" name="verifyReportStandardsStructurePreEmployeeCheckSubmitAllCheck" time="7.464"/>
  <testcase classname="com.hrmsreports.testcases.ReportsStandardStruturePreEmployeementCheckTest" name="verifyReportStandardsStructurePreEmployeeCheckExcelDownloadCheck" time="8.975"/>
  <testcase classname="com.hrmsreports.testcases.ReportsStandardStruturePreEmployeementCheckTest" name="verifyReportStandardsStructurePreEmployeeCheckPDFDownloadCheck" time="9.848"/>
</testsuite> <!-- HRMSAutomationReports -->
