<?xml version="1.0" encoding="UTF-8"?>
<!-- Generated by org.testng.reporters.JUnitReportReporter -->
<testsuite hostname="angapparaja" failures="0" tests="50" name="com.hrmssettings.testcases.SettingsGeneralSettingsMailSettingsTest" time="946.152" errors="1" timestamp="2023-02-02T19:34:26 IST" skipped="38">
  <testcase classname="com.hrmssettings.testcases.SettingsGeneralSettingsMailSettingsTest" name="setUp" time="148.286">
    <error message="Expected condition failed: waiting for presence of element located by: By.xpath: //div[text()=&#039; HRMS-SELFCARE &#039;] (tried for 10 second(s) with 500 milliseconds interval)" type="org.openqa.selenium.TimeoutException">
      <![CDATA[org.openqa.selenium.TimeoutException: Expected condition failed: waiting for presence of element located by: By.xpath: //div[text()=' HRMS-SELFCARE '] (tried for 10 second(s) with 500 milliseconds interval)
at org.openqa.selenium.support.ui.WebDriverWait.timeoutException(WebDriverWait.java:138)
at org.openqa.selenium.support.ui.FluentWait.until(FluentWait.java:231)
at com.hrms.util.ElementUtil.waitForElementPresenseClick(ElementUtil.java:201)
at com.hrms.masters.LoginPage.Login(LoginPage.java:69)
at com.hrmssettings.testcases.SettingsGeneralSettingsMailSettingsTest.setUp(SettingsGeneralSettingsMailSettingsTest.java:42)
at java.base/jdk.internal.reflect.NativeMethodAccessorImpl.invoke0(Native Method)
at java.base/jdk.internal.reflect.NativeMethodAccessorImpl.invoke(NativeMethodAccessorImpl.java:62)
at java.base/jdk.internal.reflect.DelegatingMethodAccessorImpl.invoke(DelegatingMethodAccessorImpl.java:43)
at java.base/java.lang.reflect.Method.invoke(Method.java:566)
at org.testng.internal.MethodInvocationHelper.invokeMethod(MethodInvocationHelper.java:133)
at org.testng.internal.MethodInvocationHelper.invokeMethodConsideringTimeout(MethodInvocationHelper.java:62)
at org.testng.internal.ConfigInvoker.invokeConfigurationMethod(ConfigInvoker.java:385)
at org.testng.internal.ConfigInvoker.invokeConfigurations(ConfigInvoker.java:321)
at org.testng.internal.TestInvoker.runConfigMethods(TestInvoker.java:700)
at org.testng.internal.TestInvoker.invokeMethod(TestInvoker.java:527)
at org.testng.internal.TestInvoker.invokeTestMethod(TestInvoker.java:173)
at org.testng.internal.MethodRunner.runInSequence(MethodRunner.java:46)
at org.testng.internal.TestInvoker$MethodInvocationAgent.invoke(TestInvoker.java:824)
at org.testng.internal.TestInvoker.invokeTestMethods(TestInvoker.java:146)
at org.testng.internal.TestMethodWorker.invokeTestMethods(TestMethodWorker.java:146)
at org.testng.internal.TestMethodWorker.run(TestMethodWorker.java:128)
at java.base/java.util.ArrayList.forEach(ArrayList.java:1541)
at org.testng.TestRunner.privateRun(TestRunner.java:794)
at org.testng.TestRunner.run(TestRunner.java:596)
at org.testng.SuiteRunner.runTest(SuiteRunner.java:377)
at org.testng.SuiteRunner.runSequentially(SuiteRunner.java:371)
at org.testng.SuiteRunner.privateRun(SuiteRunner.java:332)
at org.testng.SuiteRunner.run(SuiteRunner.java:276)
at org.testng.SuiteRunnerWorker.runSuite(SuiteRunnerWorker.java:53)
at org.testng.SuiteRunnerWorker.run(SuiteRunnerWorker.java:96)
at org.testng.TestNG.runSuitesSequentially(TestNG.java:1212)
at org.testng.TestNG.runSuitesLocally(TestNG.java:1134)
at org.testng.TestNG.runSuites(TestNG.java:1063)
at org.testng.TestNG.run(TestNG.java:1031)
at org.testng.remote.AbstractRemoteTestNG.run(AbstractRemoteTestNG.java:115)
at org.testng.remote.RemoteTestNG.initAndRun(RemoteTestNG.java:251)
at org.testng.remote.RemoteTestNG.main(RemoteTestNG.java:77)
Caused by: org.openqa.selenium.NoSuchElementException: no such element: Unable to locate element: {"method":"xpath","selector":"//div[text()=' HRMS-SELFCARE ']"}
  (Session info: chrome=109.0.5414.120)
For documentation on this error, please visit: https://selenium.dev/exceptions/#no_such_element
Build info: version: '4.1.0', revision: '87802e897b'
System info: host: 'ANGAPPARAJA', ip: '192.168.100.41', os.name: 'Windows 10', os.arch: 'amd64', os.version: '10.0', java.version: '11.0.9'
Driver info: org.openqa.selenium.chrome.ChromeDriver
Command: [17a5bed4e7ac2adfa8ac3e2720617280, findElement {using=xpath, value=//div[text()=' HRMS-SELFCARE ']}]
Capabilities {acceptInsecureCerts: false, browserName: chrome, browserVersion: 109.0.5414.120, chrome: {chromedriverVersion: 109.0.5414.74 (e7c5703604da..., userDataDir: C:\Users\angap\AppData\Loca...}, goog:chromeOptions: {debuggerAddress: localhost:61507}, javascriptEnabled: true, networkConnectionEnabled: false, pageLoadStrategy: normal, platform: WINDOWS, platformName: WINDOWS, proxy: Proxy(), se:cdp: ws://localhost:61507/devtoo..., se:cdpVersion: 109.0.5414.120, setWindowRect: true, strictFileInteractability: false, timeouts: {implicit: 0, pageLoad: 300000, script: 30000}, unhandledPromptBehavior: dismiss and notify, webauthn:extension:credBlob: true, webauthn:extension:largeBlob: true, webauthn:virtualAuthenticators: true}
Session ID: 17a5bed4e7ac2adfa8ac3e2720617280
at jdk.internal.reflect.GeneratedConstructorAccessor29.newInstance(Unknown Source)
at java.base/jdk.internal.reflect.DelegatingConstructorAccessorImpl.newInstance(DelegatingConstructorAccessorImpl.java:45)
at java.base/java.lang.reflect.Constructor.newInstance(Constructor.java:490)
at org.openqa.selenium.remote.codec.w3c.W3CHttpResponseCodec.createException(W3CHttpResponseCodec.java:200)
at org.openqa.selenium.remote.codec.w3c.W3CHttpResponseCodec.decode(W3CHttpResponseCodec.java:133)
at org.openqa.selenium.remote.codec.w3c.W3CHttpResponseCodec.decode(W3CHttpResponseCodec.java:53)
at org.openqa.selenium.remote.HttpCommandExecutor.execute(HttpCommandExecutor.java:184)
at org.openqa.selenium.remote.service.DriverCommandExecutor.invokeExecute(DriverCommandExecutor.java:164)
at org.openqa.selenium.remote.service.DriverCommandExecutor.execute(DriverCommandExecutor.java:139)
at org.openqa.selenium.remote.RemoteWebDriver.execute(RemoteWebDriver.java:559)
at org.openqa.selenium.remote.ElementLocation$ElementFinder$2.findElement(ElementLocation.java:162)
at org.openqa.selenium.remote.ElementLocation.findElement(ElementLocation.java:60)
at org.openqa.selenium.remote.RemoteWebDriver.findElement(RemoteWebDriver.java:383)
at org.openqa.selenium.remote.RemoteWebDriver.findElement(RemoteWebDriver.java:375)
at jdk.internal.reflect.GeneratedMethodAccessor1.invoke(Unknown Source)
at java.base/jdk.internal.reflect.DelegatingMethodAccessorImpl.invoke(DelegatingMethodAccessorImpl.java:43)
at java.base/java.lang.reflect.Method.invoke(Method.java:566)
at org.openqa.selenium.support.events.EventFiringWebDriver.lambda$new$1(EventFiringWebDriver.java:115)
at com.sun.proxy.$Proxy18.findElement(Unknown Source)
at org.openqa.selenium.support.events.EventFiringWebDriver.findElement(EventFiringWebDriver.java:204)
at org.openqa.selenium.support.ui.ExpectedConditions$6.apply(ExpectedConditions.java:174)
at org.openqa.selenium.support.ui.ExpectedConditions$6.apply(ExpectedConditions.java:171)
at org.openqa.selenium.support.ui.FluentWait.until(FluentWait.java:208)
... 35 more
]]>
    </error>
  </testcase> <!-- setUp -->
  <system-out/>
  <testcase classname="com.hrmssettings.testcases.SettingsGeneralSettingsMailSettingsTest" name="verifyMailSettingsadd" time="31.964"/>
  <system-out/>
  <testcase classname="com.hrmssettings.testcases.SettingsGeneralSettingsMailSettingsTest" name="verifyMailSettingsMailIDMandatoryFieldCheck" time="22.280"/>
  <system-out/>
  <testcase classname="com.hrmssettings.testcases.SettingsGeneralSettingsMailSettingsTest" name="verifyMailSettingsMailPasswordMandatoryFieldCheck" time="32.326"/>
  <system-out/>
  <testcase classname="com.hrmssettings.testcases.SettingsGeneralSettingsMailSettingsTest" name="verifyMailSettingsMailHostNameMandatoryFieldCheck" time="31.244"/>
  <system-out/>
  <testcase classname="com.hrmssettings.testcases.SettingsGeneralSettingsMailSettingsTest" name="verifyMailSettingsMailPortNoMandatoryFieldCheck" time="22.402"/>
  <system-out/>
  <testcase classname="com.hrmssettings.testcases.SettingsGeneralSettingsMailSettingsTest" name="verifyMailSettingLeaveApplyCheck" time="142.183"/>
  <system-out/>
  <testcase classname="com.hrmssettings.testcases.SettingsGeneralSettingsMailSettingsTest" name="verifyLeaveApplyFromMailIdFieldMandatoryCheck" time="75.031"/>
  <system-out/>
  <testcase classname="com.hrmssettings.testcases.SettingsGeneralSettingsMailSettingsTest" name="verifyMailSettingLeaveApprovalCheck" time="91.657"/>
  <system-out/>
  <testcase classname="com.hrmssettings.testcases.SettingsGeneralSettingsMailSettingsTest" name="verifyMailSettingLeaveCancelApplyCheck" time="141.514"/>
  <system-out/>
  <testcase classname="com.hrmssettings.testcases.SettingsGeneralSettingsMailSettingsTest" name="verifyMailSettingLeaveCancelApprovalCheck" time="89.618"/>
  <system-out/>
  <testcase classname="com.hrmssettings.testcases.SettingsGeneralSettingsMailSettingsTest" name="verifyMailSettingOverTimeApplyCheck" time="117.647"/>
  <system-out/>
  <testcase classname="com.hrmssettings.testcases.SettingsGeneralSettingsMailSettingsTest" name="verifyMailSettingOverTimeApprovalCheck" time="0.000">
    <skipped/>
  </testcase> <!-- verifyMailSettingOverTimeApprovalCheck -->
  <system-out/>
  <testcase classname="com.hrmssettings.testcases.SettingsGeneralSettingsMailSettingsTest" name="verifyMailSettingRestDayApplyCheck" time="0.000">
    <skipped/>
  </testcase> <!-- verifyMailSettingRestDayApplyCheck -->
  <system-out/>
  <testcase classname="com.hrmssettings.testcases.SettingsGeneralSettingsMailSettingsTest" name="verifyMailSettingRestDayApprovalCheck" time="0.000">
    <skipped/>
  </testcase> <!-- verifyMailSettingRestDayApprovalCheck -->
  <system-out/>
  <testcase classname="com.hrmssettings.testcases.SettingsGeneralSettingsMailSettingsTest" name="verifyMailSettingFAILURETOTIMEINTIMEOUTAPPLYCheck" time="0.000">
    <skipped/>
  </testcase> <!-- verifyMailSettingFAILURETOTIMEINTIMEOUTAPPLYCheck -->
  <system-out/>
  <testcase classname="com.hrmssettings.testcases.SettingsGeneralSettingsMailSettingsTest" name="verifyMailSettingFAILURETOTIMEINTIMEOUTAPPROVALCheck" time="0.000">
    <skipped/>
  </testcase> <!-- verifyMailSettingFAILURETOTIMEINTIMEOUTAPPROVALCheck -->
  <system-out/>
  <testcase classname="com.hrmssettings.testcases.SettingsGeneralSettingsMailSettingsTest" name="verifyMailSettingOFFICIALBUSINESSTRIPAPPLYCheck" time="0.000">
    <skipped/>
  </testcase> <!-- verifyMailSettingOFFICIALBUSINESSTRIPAPPLYCheck -->
  <system-out/>
  <testcase classname="com.hrmssettings.testcases.SettingsGeneralSettingsMailSettingsTest" name="verifyMailSettingOFFICIALBUSINESSTRIPAPPROVALCheck" time="0.000">
    <skipped/>
  </testcase> <!-- verifyMailSettingOFFICIALBUSINESSTRIPAPPROVALCheck -->
  <system-out/>
  <testcase classname="com.hrmssettings.testcases.SettingsGeneralSettingsMailSettingsTest" name="verifyMailSettingSHIFTSINGLEAPPLYCheck" time="0.000">
    <skipped/>
  </testcase> <!-- verifyMailSettingSHIFTSINGLEAPPLYCheck -->
  <system-out/>
  <testcase classname="com.hrmssettings.testcases.SettingsGeneralSettingsMailSettingsTest" name="verifyMailSettingSHIFTSINGLEAPPROVALCheck" time="0.000">
    <skipped/>
  </testcase> <!-- verifyMailSettingSHIFTSINGLEAPPROVALCheck -->
  <system-out/>
  <testcase classname="com.hrmssettings.testcases.SettingsGeneralSettingsMailSettingsTest" name="verifyMailSettingSHIFTCOMPOUNDAPPLYCheck" time="0.000">
    <skipped/>
  </testcase> <!-- verifyMailSettingSHIFTCOMPOUNDAPPLYCheck -->
  <system-out/>
  <testcase classname="com.hrmssettings.testcases.SettingsGeneralSettingsMailSettingsTest" name="verifyMailSettingSHIFTCOMPOUNDAPPROVALCheck" time="0.000">
    <skipped/>
  </testcase> <!-- verifyMailSettingSHIFTCOMPOUNDAPPROVALCheck -->
  <system-out/>
  <testcase classname="com.hrmssettings.testcases.SettingsGeneralSettingsMailSettingsTest" name="verifyMailSettingPermissionApplyCheck" time="0.000">
    <skipped/>
  </testcase> <!-- verifyMailSettingPermissionApplyCheck -->
  <system-out/>
  <testcase classname="com.hrmssettings.testcases.SettingsGeneralSettingsMailSettingsTest" name="verifyMailSettingPermissionApprovalCheck" time="0.000">
    <skipped/>
  </testcase> <!-- verifyMailSettingPermissionApprovalCheck -->
  <system-out/>
  <testcase classname="com.hrmssettings.testcases.SettingsGeneralSettingsMailSettingsTest" name="verifyMailSettingClaimCompOffApplyCheck" time="0.000">
    <skipped/>
  </testcase> <!-- verifyMailSettingClaimCompOffApplyCheck -->
  <system-out/>
  <testcase classname="com.hrmssettings.testcases.SettingsGeneralSettingsMailSettingsTest" name="verifyMailSettingClaimCompOffApprovalCheck" time="0.000">
    <skipped/>
  </testcase> <!-- verifyMailSettingClaimCompOffApprovalCheck -->
  <system-out/>
  <testcase classname="com.hrmssettings.testcases.SettingsGeneralSettingsMailSettingsTest" name="verifyMailSettingTakeCompOffApplyCheck" time="0.000">
    <skipped/>
  </testcase> <!-- verifyMailSettingTakeCompOffApplyCheck -->
  <system-out/>
  <testcase classname="com.hrmssettings.testcases.SettingsGeneralSettingsMailSettingsTest" name="verifyMailSettingTakeCompOffApprovalCheck" time="0.000">
    <skipped/>
  </testcase> <!-- verifyMailSettingTakeCompOffApprovalCheck -->
  <system-out/>
  <testcase classname="com.hrmssettings.testcases.SettingsGeneralSettingsMailSettingsTest" name="verifyMailSettingDailyAttendanceCheck" time="0.000">
    <skipped/>
  </testcase> <!-- verifyMailSettingDailyAttendanceCheck -->
  <system-out/>
  <testcase classname="com.hrmssettings.testcases.SettingsGeneralSettingsMailSettingsTest" name="verifyMailSettingLoadApplyCheck" time="0.000">
    <skipped/>
  </testcase> <!-- verifyMailSettingLoadApplyCheck -->
  <system-out/>
  <testcase classname="com.hrmssettings.testcases.SettingsGeneralSettingsMailSettingsTest" name="verifyMailSettingLoadApprovalCheck" time="0.000">
    <skipped/>
  </testcase> <!-- verifyMailSettingLoadApprovalCheck -->
  <system-out/>
  <testcase classname="com.hrmssettings.testcases.SettingsGeneralSettingsMailSettingsTest" name="verifyMailSettingPaySlipCheck" time="0.000">
    <skipped/>
  </testcase> <!-- verifyMailSettingPaySlipCheck -->
  <system-out/>
  <testcase classname="com.hrmssettings.testcases.SettingsGeneralSettingsMailSettingsTest" name="verifyMailSettingLineManagerChangeCheck" time="0.000">
    <skipped/>
  </testcase> <!-- verifyMailSettingLineManagerChangeCheck -->
  <system-out/>
  <testcase classname="com.hrmssettings.testcases.SettingsGeneralSettingsMailSettingsTest" name="verifyMailSettingRESIGNATIONAPPLYCheck" time="0.000">
    <skipped/>
  </testcase> <!-- verifyMailSettingRESIGNATIONAPPLYCheck -->
  <system-out/>
  <testcase classname="com.hrmssettings.testcases.SettingsGeneralSettingsMailSettingsTest" name="verifyMailSettingRESIGNATIONAPPROVALCheck" time="0.000">
    <skipped/>
  </testcase> <!-- verifyMailSettingRESIGNATIONAPPROVALCheck -->
  <system-out/>
  <testcase classname="com.hrmssettings.testcases.SettingsGeneralSettingsMailSettingsTest" name="verifyMailSettingRESIGNATIONWITHDRAWALCheck" time="0.000">
    <skipped/>
  </testcase> <!-- verifyMailSettingRESIGNATIONWITHDRAWALCheck -->
  <system-out/>
  <testcase classname="com.hrmssettings.testcases.SettingsGeneralSettingsMailSettingsTest" name="verifyMailSettingDUESMANAGEMENTCheck" time="0.000">
    <skipped/>
  </testcase> <!-- verifyMailSettingDUESMANAGEMENTCheck -->
  <system-out/>
  <testcase classname="com.hrmssettings.testcases.SettingsGeneralSettingsMailSettingsTest" name="verifyMailSettingBirthdayCheck" time="0.000">
    <skipped/>
  </testcase> <!-- verifyMailSettingBirthdayCheck -->
  <system-out/>
  <testcase classname="com.hrmssettings.testcases.SettingsGeneralSettingsMailSettingsTest" name="verifyMailSettingAnniversaryCheck" time="0.000">
    <skipped/>
  </testcase> <!-- verifyMailSettingAnniversaryCheck -->
  <system-out/>
  <testcase classname="com.hrmssettings.testcases.SettingsGeneralSettingsMailSettingsTest" name="verifyMailSettingConfirmationMailCheck" time="0.000">
    <skipped/>
  </testcase> <!-- verifyMailSettingConfirmationMailCheck -->
  <system-out/>
  <testcase classname="com.hrmssettings.testcases.SettingsGeneralSettingsMailSettingsTest" name="verifyMailSettingConfirmationExtensionCheck" time="0.000">
    <skipped/>
  </testcase> <!-- verifyMailSettingConfirmationExtensionCheck -->
  <system-out/>
  <testcase classname="com.hrmssettings.testcases.SettingsGeneralSettingsMailSettingsTest" name="verifyMailSettingPROBATIONINITIATECheck" time="0.000">
    <skipped/>
  </testcase> <!-- verifyMailSettingPROBATIONINITIATECheck -->
  <system-out/>
  <testcase classname="com.hrmssettings.testcases.SettingsGeneralSettingsMailSettingsTest" name="verifyMailSettingRECRUITMENTCOMMUNICATIONCheck" time="0.000">
    <skipped/>
  </testcase> <!-- verifyMailSettingRECRUITMENTCOMMUNICATIONCheck -->
  <system-out/>
  <testcase classname="com.hrmssettings.testcases.SettingsGeneralSettingsMailSettingsTest" name="verifyMailSettingRECRUITMENTOFFERCheck" time="0.000">
    <skipped/>
  </testcase> <!-- verifyMailSettingRECRUITMENTOFFERCheck -->
  <system-out/>
  <testcase classname="com.hrmssettings.testcases.SettingsGeneralSettingsMailSettingsTest" name="verifyMailSettingManPowerApprovalCheck" time="0.000">
    <skipped/>
  </testcase> <!-- verifyMailSettingManPowerApprovalCheck -->
  <system-out/>
  <testcase classname="com.hrmssettings.testcases.SettingsGeneralSettingsMailSettingsTest" name="verifyMailSettingCANDIDATESHORTLISTCheck" time="0.000">
    <skipped/>
  </testcase> <!-- verifyMailSettingCANDIDATESHORTLISTCheck -->
  <system-out/>
  <testcase classname="com.hrmssettings.testcases.SettingsGeneralSettingsMailSettingsTest" name="verifyMailSettingInterviewEvaluationCheck" time="0.000">
    <skipped/>
  </testcase> <!-- verifyMailSettingInterviewEvaluationCheck -->
  <system-out/>
  <testcase classname="com.hrmssettings.testcases.SettingsGeneralSettingsMailSettingsTest" name="verifyMailSettingJOBOFFERAPPROVALCheck" time="0.000">
    <skipped/>
  </testcase> <!-- verifyMailSettingJOBOFFERAPPROVALCheck -->
  <system-out/>
  <testcase classname="com.hrmssettings.testcases.SettingsGeneralSettingsMailSettingsTest" name="verifyMailSettingINCREMENTLETTERCheck" time="0.000">
    <skipped/>
  </testcase> <!-- verifyMailSettingINCREMENTLETTERCheck -->
  <system-out/>
</testsuite> <!-- com.hrmssettings.testcases.SettingsGeneralSettingsMailSettingsTest -->
